Overrides saved to artifacts/overrides.yaml
Running experiment: 005-mlp-3x (1 GPU(s))
[2026-03-25 12:05:17] INFO     Training stages: ['pre_training']
[2026-03-25 12:05:17] INFO     Device: cuda:0, distributed: False
[2026-03-25 12:05:17] INFO     Starting stage: pre_training
[2026-03-25 12:05:17] WARNING  Could not build tokenizer for 'baseline': Not found: "/workspace/parameter-golf/data/tokenizers/fineweb_1024_bpe.model": No such file or directory Error #2
[2026-03-25 12:05:17] INFO     Seed: 349169199
[2026-03-25 12:05:17] INFO     GradientAccumulation auto-computed gradient_accumulation_steps=8 (micro_batch_size=16, full_batch_size=128)
[2026-03-25 12:05:17] INFO     Loaded 80 shards from /home/kingsley/github/parameter-golf/data/datasets/fineweb10B_sp1024/fineweb_train_*.bin (8.00B tokens)
[2026-03-25 12:05:17] INFO     DecoderTransformer params=21.77M non_emb_params=21.25M
[2026-03-25 12:05:17] INFO     DecoderTransformerTrainer grad_accum=8 compile(dynamic=False, fullgraph=True)
[2026-03-25 12:05:17] INFO     LayerWiseOptimiser groups=3 params=21,769,800
[2026-03-25 12:05:17] INFO      - embedding: Adam lr=0.0500 betas=(0.9000, 0.9500) layers=1 params=524,288
[2026-03-25 12:05:17] INFO      - block_scalars: Adam lr=0.0400 betas=(0.9000, 0.9500) layers=32 params=11,848
[2026-03-25 12:05:17] INFO      - default: Muon lr=0.0400 momentum=0.9500 layers=54 params=21,233,664 features=[HyperparameterSchedule(parameter=momentum, initial=0.8500, final=0.9500, scheduler=LinearLR(start_factor=0.3333, end_factor=1.0000, total_iters=500))]
[2026-03-25 12:05:17] INFO     WallclockWarmdownScheduler decay_type=linear base_lrs=[0.0500, 0.0400, 0.0400]
[2026-03-25 12:05:17] INFO     Model trainer features: CompileDiagnostics, Autocast(dtype=bfloat16), CUDABackend(tf32=True, sdp=flash)
[2026-03-25 12:05:17] INFO     torch.compile diagnostics enabled - stats will be reported after the first training step
[2026-03-25 12:05:17] INFO     Training features: SystemDiagnostics(console, artifacts/system.json), ConfigSnapshot(artifacts/experiment.yaml), GradientAccumulation(grad_accum=8, micro_batch=16, full_batch=128), SpeedMonitor, MemoryProfiler, Checkpointer, MetricsLogger(artifacts/metrics.jsonl), ConsoleLogger
[2026-03-25 12:05:17] INFO     Host: spark-2004 cpus=20 ram=119.7GB
[2026-03-25 12:05:17] INFO     Software: python=3.12.12 pytorch=2.10.0+cu130 cuda=13.0
[2026-03-25 12:05:17] INFO      - GPU 0: NVIDIA GB10 memory=119.7GB SMs=48 compute=12.1
[2026-03-25 12:05:17] INFO     Saved resolved config to artifacts/experiment.yaml
[2026-03-25 12:05:17] INFO     Running 10 warmup steps
W0325 12:05:21.498000 759174 torch/_inductor/utils.py:1679] [0/0] Not enough SMs to use max_autotune_gemm mode
[2026-03-25 12:05:28] INFO     Compiled model active
[2026-03-25 12:05:28] INFO     torch.compile diagnostics | graphs=5 | graph breaks=0
[2026-03-25 12:05:28] INFO     No graph breaks detected
[2026-03-25 12:05:28] INFO      - warmup step 1/10 10.6s
[2026-03-25 12:05:29] INFO     torch.compile step timing | first=0.4209s (incl. compilation) | second=0.1309s (compiled)
[2026-03-25 12:05:29] INFO      - warmup step 2/10 1.0s
[2026-03-25 12:05:30] INFO      - warmup step 3/10 1.0s
[2026-03-25 12:05:31] INFO      - warmup step 4/10 0.9s
[2026-03-25 12:05:32] INFO      - warmup step 5/10 1.0s
[2026-03-25 12:05:33] INFO      - warmup step 6/10 1.0s
[2026-03-25 12:05:34] INFO      - warmup step 7/10 1.0s
[2026-03-25 12:05:35] INFO      - warmup step 8/10 1.0s
[2026-03-25 12:05:36] INFO      - warmup step 9/10 1.0s
[2026-03-25 12:05:37] INFO      - warmup step 10/10 1.0s
[2026-03-25 12:05:37] INFO     Warmup complete in 19.5s
[2026-03-25 12:05:37] INFO     Starting training total_batch_tokens=131,072 params=21.77M
[2026-03-25 12:05:37] INFO     Starting epoch 1
[2026-03-25 12:05:47] INFO     step=10 | epoch=1 | ce_loss=6.493 | gpu_peak_allocated_gb=3.820 | gpu_peak_reserved_gb=3.974 | gpu_reserved_gb=3.974 | loss=6.493 | lr=0.0500 | ms_per_step=958.7 | flops_per_sec=1.79E+13 | tokens_per_sec=136,714 | tokens_seen=1.31M | total_flops=171.20T
[2026-03-25 12:05:56] INFO     step=20 | epoch=1 | ce_loss=5.442 | gpu_peak_allocated_gb=3.820 | gpu_peak_reserved_gb=3.974 | gpu_reserved_gb=3.974 | loss=5.442 | lr=0.0392 | ms_per_step=958.4 | flops_per_sec=1.79E+13 | tokens_per_sec=136,765 | tokens_seen=2.62M | total_flops=342.41T
[2026-03-25 12:06:06] INFO     step=30 | epoch=1 | ce_loss=4.637 | gpu_peak_allocated_gb=3.820 | gpu_peak_reserved_gb=3.974 | gpu_reserved_gb=3.974 | loss=4.637 | lr=0.0338 | ms_per_step=958.1 | flops_per_sec=1.79E+13 | tokens_per_sec=136,798 | tokens_seen=3.93M | total_flops=513.61T
[2026-03-25 12:06:16] INFO     step=40 | epoch=1 | ce_loss=4.367 | gpu_peak_allocated_gb=3.820 | gpu_peak_reserved_gb=3.974 | gpu_reserved_gb=3.974 | loss=4.367 | lr=0.0309 | ms_per_step=957.8 | flops_per_sec=1.79E+13 | tokens_per_sec=136,841 | tokens_seen=5.24M | total_flops=684.82T
[2026-03-25 12:06:26] INFO     step=50 | epoch=1 | ce_loss=4.173 | gpu_peak_allocated_gb=3.820 | gpu_peak_reserved_gb=3.974 | gpu_reserved_gb=3.974 | loss=4.173 | lr=0.0290 | ms_per_step=958.0 | flops_per_sec=1.79E+13 | tokens_per_sec=136,816 | tokens_seen=6.55M | total_flops=856.02T
[2026-03-25 12:06:35] INFO     step=60 | epoch=1 | ce_loss=3.973 | gpu_peak_allocated_gb=3.820 | gpu_peak_reserved_gb=3.974 | gpu_reserved_gb=3.974 | loss=3.973 | lr=0.0276 | ms_per_step=958.0 | flops_per_sec=1.79E+13 | tokens_per_sec=136,820 | tokens_seen=7.86M | total_flops=1.03P
[2026-03-25 12:06:45] INFO     step=70 | epoch=1 | ce_loss=3.722 | gpu_peak_allocated_gb=3.820 | gpu_peak_reserved_gb=3.974 | gpu_reserved_gb=3.974 | loss=3.722 | lr=0.0265 | ms_per_step=957.8 | flops_per_sec=1.79E+13 | tokens_per_sec=136,853 | tokens_seen=9.18M | total_flops=1.20P
[2026-03-25 12:06:55] INFO     step=80 | epoch=1 | ce_loss=3.574 | gpu_peak_allocated_gb=3.820 | gpu_peak_reserved_gb=3.974 | gpu_reserved_gb=3.974 | loss=3.574 | lr=0.0255 | ms_per_step=958.1 | flops_per_sec=1.79E+13 | tokens_per_sec=136,798 | tokens_seen=10.49M | total_flops=1.37P
[2026-03-25 12:07:04] INFO     step=90 | epoch=1 | ce_loss=3.529 | gpu_peak_allocated_gb=3.820 | gpu_peak_reserved_gb=3.974 | gpu_reserved_gb=3.974 | loss=3.529 | lr=0.0247 | ms_per_step=958.1 | flops_per_sec=1.79E+13 | tokens_per_sec=136,803 | tokens_seen=11.80M | total_flops=1.54P
[2026-03-25 12:07:14] INFO     step=100 | epoch=1 | ce_loss=3.473 | gpu_peak_allocated_gb=3.820 | gpu_peak_reserved_gb=3.974 | gpu_reserved_gb=3.974 | loss=3.473 | lr=0.0240 | ms_per_step=958.3 | flops_per_sec=1.79E+13 | tokens_per_sec=136,780 | tokens_seen=13.11M | total_flops=1.71P
[2026-03-25 12:07:24] INFO     step=110 | epoch=1 | ce_loss=3.406 | gpu_peak_allocated_gb=3.820 | gpu_peak_reserved_gb=3.974 | gpu_reserved_gb=3.974 | loss=3.406 | lr=0.0233 | ms_per_step=958.4 | flops_per_sec=1.79E+13 | tokens_per_sec=136,756 | tokens_seen=14.42M | total_flops=1.88P
[2026-03-25 12:07:34] INFO     step=120 | epoch=1 | ce_loss=3.379 | gpu_peak_allocated_gb=3.820 | gpu_peak_reserved_gb=3.974 | gpu_reserved_gb=3.974 | loss=3.379 | lr=0.0226 | ms_per_step=958.7 | flops_per_sec=1.79E+13 | tokens_per_sec=136,719 | tokens_seen=15.73M | total_flops=2.05P
[2026-03-25 12:07:43] INFO     step=130 | epoch=1 | ce_loss=3.312 | gpu_peak_allocated_gb=3.820 | gpu_peak_reserved_gb=3.974 | gpu_reserved_gb=3.974 | loss=3.312 | lr=0.0220 | ms_per_step=958.6 | flops_per_sec=1.79E+13 | tokens_per_sec=136,728 | tokens_seen=17.04M | total_flops=2.23P
[2026-03-25 12:07:53] INFO     step=140 | epoch=1 | ce_loss=3.264 | gpu_peak_allocated_gb=3.820 | gpu_peak_reserved_gb=3.974 | gpu_reserved_gb=3.974 | loss=3.264 | lr=0.0215 | ms_per_step=958.6 | flops_per_sec=1.79E+13 | tokens_per_sec=136,739 | tokens_seen=18.35M | total_flops=2.40P
[2026-03-25 12:08:03] INFO     step=150 | epoch=1 | ce_loss=3.229 | gpu_peak_allocated_gb=3.820 | gpu_peak_reserved_gb=3.974 | gpu_reserved_gb=3.974 | loss=3.229 | lr=0.0209 | ms_per_step=958.5 | flops_per_sec=1.79E+13 | tokens_per_sec=136,741 | tokens_seen=19.66M | total_flops=2.57P
[2026-03-25 12:08:13] INFO     step=160 | epoch=1 | ce_loss=3.159 | gpu_peak_allocated_gb=3.820 | gpu_peak_reserved_gb=3.974 | gpu_reserved_gb=3.974 | loss=3.159 | lr=0.0204 | ms_per_step=958.6 | flops_per_sec=1.79E+13 | tokens_per_sec=136,736 | tokens_seen=20.97M | total_flops=2.74P
[2026-03-25 12:08:22] INFO     step=170 | epoch=1 | ce_loss=3.175 | gpu_peak_allocated_gb=3.820 | gpu_peak_reserved_gb=3.974 | gpu_reserved_gb=3.974 | loss=3.175 | lr=0.0199 | ms_per_step=958.5 | flops_per_sec=1.79E+13 | tokens_per_sec=136,748 | tokens_seen=22.28M | total_flops=2.91P
[2026-03-25 12:08:32] INFO     step=180 | epoch=1 | ce_loss=3.056 | gpu_peak_allocated_gb=3.820 | gpu_peak_reserved_gb=3.974 | gpu_reserved_gb=3.974 | loss=3.056 | lr=0.0194 | ms_per_step=958.5 | flops_per_sec=1.79E+13 | tokens_per_sec=136,750 | tokens_seen=23.59M | total_flops=3.08P
[2026-03-25 12:08:42] INFO     step=190 | epoch=1 | ce_loss=3.110 | gpu_peak_allocated_gb=3.820 | gpu_peak_reserved_gb=3.974 | gpu_reserved_gb=3.974 | loss=3.110 | lr=0.0189 | ms_per_step=958.3 | flops_per_sec=1.79E+13 | tokens_per_sec=136,769 | tokens_seen=24.90M | total_flops=3.25P
[2026-03-25 12:08:51] INFO     step=200 | epoch=1 | ce_loss=3.031 | gpu_peak_allocated_gb=3.820 | gpu_peak_reserved_gb=3.974 | gpu_reserved_gb=3.974 | loss=3.031 | lr=0.0184 | ms_per_step=958.3 | flops_per_sec=1.79E+13 | tokens_per_sec=136,781 | tokens_seen=26.21M | total_flops=3.42P
[2026-03-25 12:09:01] INFO     step=210 | epoch=1 | ce_loss=2.976 | gpu_peak_allocated_gb=3.820 | gpu_peak_reserved_gb=3.974 | gpu_reserved_gb=3.974 | loss=2.976 | lr=0.0179 | ms_per_step=958.5 | flops_per_sec=1.79E+13 | tokens_per_sec=136,741 | tokens_seen=27.53M | total_flops=3.60P
[2026-03-25 12:09:11] INFO     step=220 | epoch=1 | ce_loss=2.974 | gpu_peak_allocated_gb=3.820 | gpu_peak_reserved_gb=3.974 | gpu_reserved_gb=3.974 | loss=2.974 | lr=0.0174 | ms_per_step=958.5 | flops_per_sec=1.79E+13 | tokens_per_sec=136,747 | tokens_seen=28.84M | total_flops=3.77P
[2026-03-25 12:09:21] INFO     step=230 | epoch=1 | ce_loss=2.944 | gpu_peak_allocated_gb=3.820 | gpu_peak_reserved_gb=3.974 | gpu_reserved_gb=3.974 | loss=2.944 | lr=0.0169 | ms_per_step=958.5 | flops_per_sec=1.79E+13 | tokens_per_sec=136,753 | tokens_seen=30.15M | total_flops=3.94P
[2026-03-25 12:09:30] INFO     step=240 | epoch=1 | ce_loss=2.884 | gpu_peak_allocated_gb=3.820 | gpu_peak_reserved_gb=3.974 | gpu_reserved_gb=3.974 | loss=2.884 | lr=0.0165 | ms_per_step=958.4 | flops_per_sec=1.79E+13 | tokens_per_sec=136,763 | tokens_seen=31.46M | total_flops=4.11P
[2026-03-25 12:09:40] INFO     step=250 | epoch=1 | ce_loss=2.913 | gpu_peak_allocated_gb=3.820 | gpu_peak_reserved_gb=3.974 | gpu_reserved_gb=3.974 | loss=2.913 | lr=0.0160 | ms_per_step=958.3 | flops_per_sec=1.79E+13 | tokens_per_sec=136,771 | tokens_seen=32.77M | total_flops=4.28P
[2026-03-25 12:09:50] INFO     step=260 | epoch=1 | ce_loss=2.888 | gpu_peak_allocated_gb=3.820 | gpu_peak_reserved_gb=3.974 | gpu_reserved_gb=3.974 | loss=2.888 | lr=0.0155 | ms_per_step=958.3 | flops_per_sec=1.79E+13 | tokens_per_sec=136,780 | tokens_seen=34.08M | total_flops=4.45P
[2026-03-25 12:10:00] INFO     step=270 | epoch=1 | ce_loss=2.874 | gpu_peak_allocated_gb=3.820 | gpu_peak_reserved_gb=3.974 | gpu_reserved_gb=3.974 | loss=2.874 | lr=0.0151 | ms_per_step=958.2 | flops_per_sec=1.79E+13 | tokens_per_sec=136,795 | tokens_seen=35.39M | total_flops=4.62P
[2026-03-25 12:10:09] INFO     step=280 | epoch=1 | ce_loss=2.799 | gpu_peak_allocated_gb=3.820 | gpu_peak_reserved_gb=3.974 | gpu_reserved_gb=3.974 | loss=2.799 | lr=0.0146 | ms_per_step=958.2 | flops_per_sec=1.79E+13 | tokens_per_sec=136,796 | tokens_seen=36.70M | total_flops=4.79P
[2026-03-25 12:10:19] INFO     step=290 | epoch=1 | ce_loss=2.847 | gpu_peak_allocated_gb=3.820 | gpu_peak_reserved_gb=3.974 | gpu_reserved_gb=3.974 | loss=2.847 | lr=0.0142 | ms_per_step=958.1 | flops_per_sec=1.79E+13 | tokens_per_sec=136,802 | tokens_seen=38.01M | total_flops=4.96P
[2026-03-25 12:10:29] INFO     step=300 | epoch=1 | ce_loss=2.762 | gpu_peak_allocated_gb=3.820 | gpu_peak_reserved_gb=3.974 | gpu_reserved_gb=3.974 | loss=2.762 | lr=0.0137 | ms_per_step=958.2 | flops_per_sec=1.79E+13 | tokens_per_sec=136,793 | tokens_seen=39.32M | total_flops=5.14P
[2026-03-25 12:10:38] INFO     step=310 | epoch=1 | ce_loss=2.793 | gpu_peak_allocated_gb=3.820 | gpu_peak_reserved_gb=3.974 | gpu_reserved_gb=3.974 | loss=2.793 | lr=0.0133 | ms_per_step=958.2 | flops_per_sec=1.79E+13 | tokens_per_sec=136,789 | tokens_seen=40.63M | total_flops=5.31P
[2026-03-25 12:10:48] INFO     step=320 | epoch=1 | ce_loss=2.768 | gpu_peak_allocated_gb=3.820 | gpu_peak_reserved_gb=3.974 | gpu_reserved_gb=3.974 | loss=2.768 | lr=0.0129 | ms_per_step=958.2 | flops_per_sec=1.79E+13 | tokens_per_sec=136,794 | tokens_seen=41.94M | total_flops=5.48P
[2026-03-25 12:10:58] INFO     step=330 | epoch=1 | ce_loss=2.802 | gpu_peak_allocated_gb=3.820 | gpu_peak_reserved_gb=3.974 | gpu_reserved_gb=3.974 | loss=2.802 | lr=0.0124 | ms_per_step=958.1 | flops_per_sec=1.79E+13 | tokens_per_sec=136,800 | tokens_seen=43.25M | total_flops=5.65P
[2026-03-25 12:11:07] INFO     step=340 | epoch=1 | ce_loss=2.772 | gpu_peak_allocated_gb=3.820 | gpu_peak_reserved_gb=3.974 | gpu_reserved_gb=3.974 | loss=2.772 | lr=0.0120 | ms_per_step=958.1 | flops_per_sec=1.79E+13 | tokens_per_sec=136,809 | tokens_seen=44.56M | total_flops=5.82P
[2026-03-25 12:11:17] INFO     step=350 | epoch=1 | ce_loss=2.700 | gpu_peak_allocated_gb=3.820 | gpu_peak_reserved_gb=3.974 | gpu_reserved_gb=3.974 | loss=2.700 | lr=0.0115 | ms_per_step=958.1 | flops_per_sec=1.79E+13 | tokens_per_sec=136,808 | tokens_seen=45.88M | total_flops=5.99P
[2026-03-25 12:11:27] INFO     step=360 | epoch=1 | ce_loss=2.663 | gpu_peak_allocated_gb=3.820 | gpu_peak_reserved_gb=3.974 | gpu_reserved_gb=3.974 | loss=2.663 | lr=0.0111 | ms_per_step=958.0 | flops_per_sec=1.79E+13 | tokens_per_sec=136,821 | tokens_seen=47.19M | total_flops=6.16P
[2026-03-25 12:11:37] INFO     step=370 | epoch=1 | ce_loss=2.757 | gpu_peak_allocated_gb=3.820 | gpu_peak_reserved_gb=3.974 | gpu_reserved_gb=3.974 | loss=2.757 | lr=0.0107 | ms_per_step=957.9 | flops_per_sec=1.79E+13 | tokens_per_sec=136,828 | tokens_seen=48.50M | total_flops=6.33P
[2026-03-25 12:11:46] INFO     step=380 | epoch=1 | ce_loss=2.738 | gpu_peak_allocated_gb=3.820 | gpu_peak_reserved_gb=3.974 | gpu_reserved_gb=3.974 | loss=2.738 | lr=0.0102 | ms_per_step=958.0 | flops_per_sec=1.79E+13 | tokens_per_sec=136,824 | tokens_seen=49.81M | total_flops=6.51P
[2026-03-25 12:11:56] INFO     step=390 | epoch=1 | ce_loss=2.767 | gpu_peak_allocated_gb=3.820 | gpu_peak_reserved_gb=3.974 | gpu_reserved_gb=3.974 | loss=2.767 | lr=0.0098 | ms_per_step=957.9 | flops_per_sec=1.79E+13 | tokens_per_sec=136,833 | tokens_seen=51.12M | total_flops=6.68P
[2026-03-25 12:12:06] INFO     step=400 | epoch=1 | ce_loss=2.705 | gpu_peak_allocated_gb=3.820 | gpu_peak_reserved_gb=3.974 | gpu_reserved_gb=3.974 | loss=2.705 | lr=0.0093 | ms_per_step=957.9 | flops_per_sec=1.79E+13 | tokens_per_sec=136,831 | tokens_seen=52.43M | total_flops=6.85P
[2026-03-25 12:12:15] INFO     step=410 | epoch=1 | ce_loss=2.749 | gpu_peak_allocated_gb=3.820 | gpu_peak_reserved_gb=3.974 | gpu_reserved_gb=3.974 | loss=2.749 | lr=0.0089 | ms_per_step=957.9 | flops_per_sec=1.79E+13 | tokens_per_sec=136,837 | tokens_seen=53.74M | total_flops=7.02P
[2026-03-25 12:12:25] INFO     step=420 | epoch=1 | ce_loss=2.694 | gpu_peak_allocated_gb=3.820 | gpu_peak_reserved_gb=3.974 | gpu_reserved_gb=3.974 | loss=2.694 | lr=0.0085 | ms_per_step=957.8 | flops_per_sec=1.79E+13 | tokens_per_sec=136,847 | tokens_seen=55.05M | total_flops=7.19P
[2026-03-25 12:12:35] INFO     step=430 | epoch=1 | ce_loss=2.663 | gpu_peak_allocated_gb=3.820 | gpu_peak_reserved_gb=3.974 | gpu_reserved_gb=3.974 | loss=2.663 | lr=0.0081 | ms_per_step=957.7 | flops_per_sec=1.79E+13 | tokens_per_sec=136,860 | tokens_seen=56.36M | total_flops=7.36P
[2026-03-25 12:12:44] INFO     step=440 | epoch=1 | ce_loss=2.703 | gpu_peak_allocated_gb=3.820 | gpu_peak_reserved_gb=3.974 | gpu_reserved_gb=3.974 | loss=2.703 | lr=0.0076 | ms_per_step=957.6 | flops_per_sec=1.79E+13 | tokens_per_sec=136,868 | tokens_seen=57.67M | total_flops=7.53P
[2026-03-25 12:12:54] INFO     step=450 | epoch=1 | ce_loss=2.665 | gpu_peak_allocated_gb=3.820 | gpu_peak_reserved_gb=3.974 | gpu_reserved_gb=3.974 | loss=2.665 | lr=0.0072 | ms_per_step=957.7 | flops_per_sec=1.79E+13 | tokens_per_sec=136,867 | tokens_seen=58.98M | total_flops=7.70P
[2026-03-25 12:13:04] INFO     step=460 | epoch=1 | ce_loss=2.673 | gpu_peak_allocated_gb=3.820 | gpu_peak_reserved_gb=3.974 | gpu_reserved_gb=3.974 | loss=2.673 | lr=0.0068 | ms_per_step=957.7 | flops_per_sec=1.79E+13 | tokens_per_sec=136,867 | tokens_seen=60.29M | total_flops=7.88P
[2026-03-25 12:13:14] INFO     step=470 | epoch=1 | ce_loss=2.695 | gpu_peak_allocated_gb=3.820 | gpu_peak_reserved_gb=3.974 | gpu_reserved_gb=3.974 | loss=2.695 | lr=0.0063 | ms_per_step=957.7 | flops_per_sec=1.79E+13 | tokens_per_sec=136,865 | tokens_seen=61.60M | total_flops=8.05P
[2026-03-25 12:13:23] INFO     step=480 | epoch=1 | ce_loss=2.676 | gpu_peak_allocated_gb=3.820 | gpu_peak_reserved_gb=3.974 | gpu_reserved_gb=3.974 | loss=2.676 | lr=0.0059 | ms_per_step=957.7 | flops_per_sec=1.79E+13 | tokens_per_sec=136,857 | tokens_seen=62.91M | total_flops=8.22P
[2026-03-25 12:13:33] INFO     step=490 | epoch=1 | ce_loss=2.635 | gpu_peak_allocated_gb=3.820 | gpu_peak_reserved_gb=3.974 | gpu_reserved_gb=3.974 | loss=2.635 | lr=0.0055 | ms_per_step=957.7 | flops_per_sec=1.79E+13 | tokens_per_sec=136,855 | tokens_seen=64.23M | total_flops=8.39P
[2026-03-25 12:13:43] INFO     step=500 | epoch=1 | ce_loss=2.647 | gpu_peak_allocated_gb=3.820 | gpu_peak_reserved_gb=3.974 | gpu_reserved_gb=3.974 | loss=2.647 | lr=0.0050 | ms_per_step=957.7 | flops_per_sec=1.79E+13 | tokens_per_sec=136,856 | tokens_seen=65.54M | total_flops=8.56P
[2026-03-25 12:13:52] INFO     step=510 | epoch=1 | ce_loss=2.618 | gpu_peak_allocated_gb=3.820 | gpu_peak_reserved_gb=3.974 | gpu_reserved_gb=3.974 | loss=2.618 | lr=0.0046 | ms_per_step=957.7 | flops_per_sec=1.79E+13 | tokens_per_sec=136,859 | tokens_seen=66.85M | total_flops=8.73P
[2026-03-25 12:14:02] INFO     step=520 | epoch=1 | ce_loss=2.615 | gpu_peak_allocated_gb=3.820 | gpu_peak_reserved_gb=3.974 | gpu_reserved_gb=3.974 | loss=2.615 | lr=0.0042 | ms_per_step=957.8 | flops_per_sec=1.79E+13 | tokens_per_sec=136,843 | tokens_seen=68.16M | total_flops=8.90P
[2026-03-25 12:14:12] INFO     step=530 | epoch=1 | ce_loss=2.587 | gpu_peak_allocated_gb=3.820 | gpu_peak_reserved_gb=3.974 | gpu_reserved_gb=3.974 | loss=2.587 | lr=0.0038 | ms_per_step=957.9 | flops_per_sec=1.79E+13 | tokens_per_sec=136,834 | tokens_seen=69.47M | total_flops=9.07P
[2026-03-25 12:14:22] INFO     step=540 | epoch=1 | ce_loss=2.652 | gpu_peak_allocated_gb=3.820 | gpu_peak_reserved_gb=3.974 | gpu_reserved_gb=3.974 | loss=2.652 | lr=0.0033 | ms_per_step=957.9 | flops_per_sec=1.79E+13 | tokens_per_sec=136,831 | tokens_seen=70.78M | total_flops=9.25P
[2026-03-25 12:14:31] INFO     step=550 | epoch=1 | ce_loss=2.619 | gpu_peak_allocated_gb=3.820 | gpu_peak_reserved_gb=3.974 | gpu_reserved_gb=3.974 | loss=2.619 | lr=0.0029 | ms_per_step=958.0 | flops_per_sec=1.79E+13 | tokens_per_sec=136,824 | tokens_seen=72.09M | total_flops=9.42P
[2026-03-25 12:14:41] INFO     step=560 | epoch=1 | ce_loss=2.628 | gpu_peak_allocated_gb=3.820 | gpu_peak_reserved_gb=3.974 | gpu_reserved_gb=3.974 | loss=2.628 | lr=0.0025 | ms_per_step=957.9 | flops_per_sec=1.79E+13 | tokens_per_sec=136,826 | tokens_seen=73.40M | total_flops=9.59P
[2026-03-25 12:14:51] INFO     step=570 | epoch=1 | ce_loss=2.629 | gpu_peak_allocated_gb=3.820 | gpu_peak_reserved_gb=3.974 | gpu_reserved_gb=3.974 | loss=2.629 | lr=0.0021 | ms_per_step=958.0 | flops_per_sec=1.79E+13 | tokens_per_sec=136,823 | tokens_seen=74.71M | total_flops=9.76P
[2026-03-25 12:15:01] INFO     step=580 | epoch=1 | ce_loss=2.628 | gpu_peak_allocated_gb=3.820 | gpu_peak_reserved_gb=3.974 | gpu_reserved_gb=3.974 | loss=2.628 | lr=0.0016 | ms_per_step=957.9 | flops_per_sec=1.79E+13 | tokens_per_sec=136,829 | tokens_seen=76.02M | total_flops=9.93P
[2026-03-25 12:15:10] INFO     step=590 | epoch=1 | ce_loss=2.594 | gpu_peak_allocated_gb=3.820 | gpu_peak_reserved_gb=3.974 | gpu_reserved_gb=3.974 | loss=2.594 | lr=0.0012 | ms_per_step=957.9 | flops_per_sec=1.79E+13 | tokens_per_sec=136,827 | tokens_seen=77.33M | total_flops=10.10P
[2026-03-25 12:15:20] INFO     step=600 | epoch=1 | ce_loss=2.595 | gpu_peak_allocated_gb=3.820 | gpu_peak_reserved_gb=3.974 | gpu_reserved_gb=3.974 | loss=2.595 | lr=0.0008 | ms_per_step=958.0 | flops_per_sec=1.79E+13 | tokens_per_sec=136,821 | tokens_seen=78.64M | total_flops=10.27P
[2026-03-25 12:15:30] INFO     step=610 | epoch=1 | ce_loss=2.613 | gpu_peak_allocated_gb=3.820 | gpu_peak_reserved_gb=3.974 | gpu_reserved_gb=3.974 | loss=2.613 | lr=0.0004 | ms_per_step=957.9 | flops_per_sec=1.79E+13 | tokens_per_sec=136,825 | tokens_seen=79.95M | total_flops=10.44P
[2026-03-25 12:15:38] INFO     Reached training limit during epoch 1
[2026-03-25 12:15:38] INFO     Saved model checkpoint to artifacts/checkpoint/step_618_final_model
[2026-03-25 12:15:38] INFO     step=618 | epoch=1 | ce_loss=2.571 | gpu_peak_allocated_gb=3.820 | gpu_peak_reserved_gb=3.974 | gpu_reserved_gb=3.974 | loss=2.571 | lr=1.70E-05 | ms_per_step=958.0 | flops_per_sec=1.79E+13 | tokens_per_sec=136,823 | tokens_seen=81.00M | total_flops=10.58P
[2026-03-25 12:15:38] INFO     Training complete: 618 steps, 81.00M tokens in 10m0.6s
[2026-03-25 12:15:38] INFO     Stage complete: pre_training at step 618
[2026-03-25 12:15:38] INFO     Training complete
Checkpoint found - training succeeded
Running evaluation: 005-mlp-3x (1 GPU(s))
[2026-03-25 12:15:41] INFO     Eval config: checkpoints=full=artifacts/checkpoint device=cuda:0 sequence_length=1024 batch_size=64 world_size=1
[2026-03-25 12:15:41] INFO     Tokenizer: /home/kingsley/github/parameter-golf/data/tokenizers/fineweb_1024_bpe.model
[2026-03-25 12:15:41] INFO     Validation data: /home/kingsley/github/parameter-golf/data/datasets/fineweb10B_sp1024/fineweb_val_*.bin
[2026-03-25 12:15:41] INFO     Loaded tokens=62.02M sequences=60.6K vocab_size=1024
[2026-03-25 12:15:41] INFO     Loading full-precision checkpoint
[2026-03-25 12:15:41] INFO     Loading checkpoint from artifacts/checkpoint/step_618_final_model
[2026-03-25 12:15:41] INFO     Loaded model from artifacts/checkpoint/step_618_final_model (21,769,800 parameters)
[2026-03-25 12:15:41] INFO     Running full-precision evaluation
[2026-03-25 12:15:46] INFO      - batch 10/947 loss=2.567 bpb=1.544
[2026-03-25 12:15:50] INFO      - batch 20/947 loss=2.586 bpb=1.546
[2026-03-25 12:15:54] INFO      - batch 30/947 loss=2.589 bpb=1.551
[2026-03-25 12:15:59] INFO      - batch 40/947 loss=2.579 bpb=1.548
[2026-03-25 12:16:03] INFO      - batch 50/947 loss=2.581 bpb=1.550
[2026-03-25 12:16:07] INFO      - batch 60/947 loss=2.575 bpb=1.548
[2026-03-25 12:16:11] INFO      - batch 70/947 loss=2.575 bpb=1.545
[2026-03-25 12:16:15] INFO      - batch 80/947 loss=2.579 bpb=1.547
[2026-03-25 12:16:19] INFO      - batch 90/947 loss=2.583 bpb=1.549
[2026-03-25 12:16:23] INFO      - batch 100/947 loss=2.586 bpb=1.552
[2026-03-25 12:16:27] INFO      - batch 110/947 loss=2.587 bpb=1.552
[2026-03-25 12:16:32] INFO      - batch 120/947 loss=2.587 bpb=1.553
[2026-03-25 12:16:36] INFO      - batch 130/947 loss=2.586 bpb=1.553
[2026-03-25 12:16:40] INFO      - batch 140/947 loss=2.586 bpb=1.552
[2026-03-25 12:16:44] INFO      - batch 150/947 loss=2.588 bpb=1.551
[2026-03-25 12:16:48] INFO      - batch 160/947 loss=2.590 bpb=1.551
[2026-03-25 12:16:52] INFO      - batch 170/947 loss=2.591 bpb=1.549
[2026-03-25 12:16:56] INFO      - batch 180/947 loss=2.593 bpb=1.551
[2026-03-25 12:17:01] INFO      - batch 190/947 loss=2.594 bpb=1.551
[2026-03-25 12:17:05] INFO      - batch 200/947 loss=2.594 bpb=1.550
[2026-03-25 12:17:09] INFO      - batch 210/947 loss=2.593 bpb=1.548
[2026-03-25 12:17:13] INFO      - batch 220/947 loss=2.594 bpb=1.548
[2026-03-25 12:17:17] INFO      - batch 230/947 loss=2.595 bpb=1.546
[2026-03-25 12:17:21] INFO      - batch 240/947 loss=2.595 bpb=1.545
[2026-03-25 12:17:25] INFO      - batch 250/947 loss=2.595 bpb=1.545
[2026-03-25 12:17:30] INFO      - batch 260/947 loss=2.594 bpb=1.544
[2026-03-25 12:17:34] INFO      - batch 270/94Running evaluation: 005-mlp-3x (1 GPU(s))
[2026-03-25 12:15:41] INFO     Eval config: checkpoints=full=artifacts/checkpoint device=cuda:0 sequence_length=1024 batch_size=64 world_size=1
[2026-03-25 12:15:41] INFO     Tokenizer: /home/kingsley/github/parameter-golf/data/tokenizers/fineweb_1024_bpe.model
[2026-03-25 12:15:41] INFO     Validation data: /home/kingsley/github/parameter-golf/data/datasets/fineweb10B_sp1024/fineweb_val_*.bin
[2026-03-25 12:15:41] INFO     Loaded tokens=62.02M sequences=60.6K vocab_size=1024
[2026-03-25 12:15:41] INFO     Loading full-precision checkpoint
[2026-03-25 12:15:41] INFO     Loading checkpoint from artifacts/checkpoint/step_618_final_model
[2026-03-25 12:15:41] INFO     Loaded model from artifacts/checkpoint/step_618_final_model (21,769,800 parameters)
[2026-03-25 12:15:41] INFO     Running full-precision evaluation
[2026-03-25 12:15:46] INFO      - batch 10/947 loss=2.567 bpb=1.544
[2026-03-25 12:15:50] INFO      - batch 20/947 loss=2.586 bpb=1.546
[2026-03-25 12:15:54] INFO      - batch 30/947 loss=2.589 bpb=1.551
[2026-03-25 12:15:59] INFO      - batch 40/947 loss=2.579 bpb=1.548
[2026-03-25 12:16:03] INFO      - batch 50/947 loss=2.581 bpb=1.550
[2026-03-25 12:16:07] INFO      - batch 60/947 loss=2.575 bpb=1.548
[2026-03-25 12:16:11] INFO      - batch 70/947 loss=2.575 bpb=1.545
[2026-03-25 12:16:15] INFO      - batch 80/947 loss=2.579 bpb=1.547
[2026-03-25 12:16:19] INFO      - batch 90/947 loss=2.583 bpb=1.549
[2026-03-25 12:16:23] INFO      - batch 100/947 loss=2.586 bpb=1.552
[2026-03-25 12:16:27] INFO      - batch 110/947 loss=2.587 bpb=1.552
[2026-03-25 12:16:32] INFO      - batch 120/947 loss=2.587 bpb=1.553
[2026-03-25 12:16:36] INFO      - batch 130/947 loss=2.586 bpb=1.553
[2026-03-25 12:16:40] INFO      - batch 140/947 loss=2.586 bpb=1.552
[2026-03-25 12:16:44] INFO      - batch 150/947 loss=2.588 bpb=1.551
[2026-03-25 12:16:48] INFO      - batch 160/947 loss=2.590 bpb=1.551
[2026-03-25 12:16:52] INFO      - batch 170/947 loss=2.591 bpb=1.549
[2026-03-25 12:16:56] INFO      - batch 180/947 loss=2.593 bpb=1.551
[2026-03-25 12:17:01] INFO      - batch 190/947 loss=2.594 bpb=1.551
[2026-03-25 12:17:05] INFO      - batch 200/947 loss=2.594 bpb=1.550
[2026-03-25 12:17:09] INFO      - batch 210/947 loss=2.593 bpb=1.548
[2026-03-25 12:17:13] INFO      - batch 220/947 loss=2.594 bpb=1.548
[2026-03-25 12:17:17] INFO      - batch 230/947 loss=2.595 bpb=1.546
[2026-03-25 12:17:21] INFO      - batch 240/947 loss=2.595 bpb=1.545
[2026-03-25 12:17:25] INFO      - batch 250/947 loss=2.595 bpb=1.545
[2026-03-25 12:17:30] INFO      - batch 260/947 loss=2.594 bpb=1.544
[2026-03-25 12:17:34] INFO      - batch 270/947 loss=2.595 bpb=1.543
[2026-03-25 12:17:38] INFO      - batch 280/947 loss=2.595 bpb=1.542
[2026-03-25 12:17:42] INFO      - batch 290/947 loss=2.594 bpb=1.541
[2026-03-25 12:17:46] INFO      - batch 300/947 loss=2.593 bpb=1.541
[2026-03-25 12:17:50] INFO      - batch 310/947 loss=2.592 bpb=1.540
[2026-03-25 12:17:54] INFO      - batch 320/947 loss=2.591 bpb=1.539
[2026-03-25 12:17:58] INFO      - batch 330/947 loss=2.591 bpb=1.538
[2026-03-25 12:18:03] INFO      - batch 340/947 loss=2.590 bpb=1.537
[2026-03-25 12:18:07] INFO      - batch 350/947 loss=2.590 bpb=1.536
[2026-03-25 12:18:11] INFO      - batch 360/947 loss=2.589 bpb=1.536
[2026-03-25 12:18:15] INFO      - batch 370/947 loss=2.590 bpb=1.536
[2026-03-25 12:18:19] INFO      - batch 380/947 loss=2.589 bpb=1.535
[2026-03-25 12:18:23] INFO      - batch 390/947 loss=2.588 bpb=1.536
[2026-03-25 12:18:27] INFO      - batch 400/947 loss=2.588 bpb=1.535
[2026-03-25 12:18:32] INFO      - batch 410/947 loss=2.588 bpb=1.535
[2026-03-25 12:18:36] INFO      - batch 420/947 loss=2.587 bpb=1.535
[2026-03-25 12:18:40] INFO      - batch 430/947 loss=2.587 bpb=1.536
[2026-03-25 12:18:44] INFO      - batch 440/947 loss=2.587 bpb=1.536
[2026-03-25 12:18:48] INFO      - batch 450/947 loss=2.586 bpb=1.537
[2026-03-25 12:18:52] INFO      - batch 460/947 loss=2.585 bpb=1.537
[2026-03-25 12:18:56] INFO      - batch 470/947 loss=2.585 bpb=1.57 loss=2.595 bpb=1.543
[2026-03-25 12:17:38] INFO      - batch 280/947 loss=2.595 bpb=1.542
[2026-03-25 12:17:42] INFO      - batch 290/947 loss=2.594 bpb=1.541
[2026-03-25 12:17:46] INFO      - batch 300/947 loss=2.593 bpb=1.541
[2026-03-25 12:17:50] INFO      - batch 310/947 loss=2.592 bpb=1.540
[2026-03-25 12:17:54] INFO      - batch 320/947 loss=2.591 bpb=1.539
[2026-03-25 12:17:58] INFO      - batch 330/947 loss=2.591 bpb=1.538
[2026-03-25 12:18:03] INFO      - batch 340/947 loss=2.590 bpb=1.537
[2026-03-25 12:18:07] INFO      - batch 350/947 loss=2.590 bpb=1.536
[2026-03-25 12:18:11] INFO      - batch 360/947 loss=2.589 bpb=1.536
[2026-03-25 12:18:15] INFO      - batch 370/947 loss=2.590 bpb=1.536
[2026-03-25 12:18:19] INFO      - batch 380/947 loss=2.589 bpb=1.535
[2026-03-25 12:18:23] INFO      - batch 390/947 loss=2.588 bpb=1.536
[2026-03-25 12:18:27] INFO      - batch 400/947 loss=2.588 bpb=1.535
[2026-03-25 12:18:32] INFO      - batch 410/947 loss=2.588 bpb=1.535
[2026-03-25 12:18:36] INFO      - batch 420/947 loss=2.587 bpb=1.535
[2026-03-25 12:18:40] INFO      - batch 430/947 loss=2.587 bpb=1.536
[2026-03-25 12:18:44] INFO      - batch 440/947 loss=2.587 bpb=1.536
[2026-03-25 12:18:48] INFO      - batch 450/947 loss=2.586 bpb=1.537
[2026-03-25 12:18:52] INFO      - batch 460/947 loss=2.585 bpb=1.537
[2026-03-25 12:18:56] INFO      - batch 470/947 loss=2.585 bpb=1.537
[2026-03-25 12:19:00] INFO      - batch 480/947 loss=2.586 bpb=1.537
[2026-03-25 12:19:05] INFO      - batch 490/947 loss=2.587 bpb=1.538
[2026-03-25 12:19:09] INFO      - batch 500/947 loss=2.588 bpb=1.538
[2026-03-25 12:19:13] INFO      - batch 510/947 loss=2.588 bpb=1.538
[2026-03-25 12:19:17] INFO      - batch 520/947 loss=2.590 bpb=1.539
[2026-03-25 12:19:21] INFO      - batch 530/947 loss=2.590 bpb=1.539
[2026-03-25 12:19:25] INFO      - batch 540/947 loss=2.591 bpb=1.539
[2026-03-25 12:19:29] INFO      - batch 550/947 loss=2.592 bpb=1.539
[2026-03-25 12:19:34] INFO      - batch 560/947 loss=2.591 bpb=1.539
[2026-03-25 12:19:38] INFO      - batch 570/947 loss=2.590 bpb=1.538
[2026-03-25 12:19:42] INFO      - batch 580/947 loss=2.591 bpb=1.538
[2026-03-25 12:19:46] INFO      - batch 590/947 loss=2.590 bpb=1.537
[2026-03-25 12:19:50] INFO      - batch 600/947 loss=2.591 bpb=1.537
[2026-03-25 12:19:54] INFO      - batch 610/947 loss=2.591 bpb=1.537
[2026-03-25 12:19:58] INFO      - batch 620/947 loss=2.591 bpb=1.536
[2026-03-25 12:20:02] INFO      - batch 630/947 loss=2.589 bpb=1.536
[2026-03-25 12:20:07] INFO      - batch 640/947 loss=2.589 bpb=1.535
[2026-03-25 12:20:11] INFO      - batch 650/947 loss=2.589 bpb=1.534
[2026-03-25 12:20:15] INFO      - batch 660/947 loss=2.588 bpb=1.534
[2026-03-25 12:20:19] INFO      - batch 670/947 loss=2.588 bpb=1.533
[2026-03-25 12:20:23] INFO      - batch 680/947 loss=2.588 bpb=1.533
[2026-03-25 12:20:27] INFO      - batch 690/947 loss=2.588 bpb=1.534
[2026-03-25 12:20:31] INFO      - batch 700/947 loss=2.588 bpb=1.533
[2026-03-25 12:20:36] INFO      - batch 710/947 loss=2.588 bpb=1.534
[2026-03-25 12:20:40] INFO      - batch 720/947 loss=2.588 bpb=1.534
[2026-03-25 12:20:44] INFO      - batch 730/947 loss=2.588 bpb=1.534
[2026-03-25 12:20:48] INFO      - batch 740/947 loss=2.589 bpb=1.535
[2026-03-25 12:20:52] INFO      - batch 750/947 loss=2.589 bpb=1.536
[2026-03-25 12:20:56] INFO      - batch 760/947 loss=2.589 bpb=1.536
[2026-03-25 12:21:00] INFO      - batch 770/947 loss=2.589 bpb=1.536
[2026-03-25 12:21:04] INFO      - batch 780/947 loss=2.590 bpb=1.537
[2026-03-25 12:21:09] INFO      - batch 790/947 loss=2.590 bpb=1.537
[2026-03-25 12:21:13] INFO      - batch 800/947 loss=2.591 bpb=1.537
[2026-03-25 12:21:17] INFO      - batch 810/947 loss=2.591 bpb=1.537
[2026-03-25 12:21:21] INFO      - batch 820/947 loss=2.592 bpb=1.537
[2026-03-25 12:21:25] INFO      - batch 830/947 loss=2.592 bpb=1.537
[2026-03-25 12:21:29] INFO      - batch 840/947 loss=2.592 bpb=1.537
[2026-03-25 12:21:33] INFO      - batch 850/947 loss=2.593 bpb=1.537
[2026-03-25 12:21:38] INFO      - batch 860/947 loss=2.593 bpb=1.537
[237
[2026-03-25 12:19:00] INFO      - batch 480/947 loss=2.586 bpb=1.537
[2026-03-25 12:19:05] INFO      - batch 490/947 loss=2.587 bpb=1.538
[2026-03-25 12:19:09] INFO      - batch 500/947 loss=2.588 bpb=1.538
[2026-03-25 12:19:13] INFO      - batch 510/947 loss=2.588 bpb=1.538
[2026-03-25 12:19:17] INFO      - batch 520/947 loss=2.590 bpb=1.539
[2026-03-25 12:19:21] INFO      - batch 530/947 loss=2.590 bpb=1.539
[2026-03-25 12:19:25] INFO      - batch 540/947 loss=2.591 bpb=1.539
[2026-03-25 12:19:29] INFO      - batch 550/947 loss=2.592 bpb=1.539
[2026-03-25 12:19:34] INFO      - batch 560/947 loss=2.591 bpb=1.539
[2026-03-25 12:19:38] INFO      - batch 570/947 loss=2.590 bpb=1.538
[2026-03-25 12:19:42] INFO      - batch 580/947 loss=2.591 bpb=1.538
[2026-03-25 12:19:46] INFO      - batch 590/947 loss=2.590 bpb=1.537
[2026-03-25 12:19:50] INFO      - batch 600/947 loss=2.591 bpb=1.537
[2026-03-25 12:19:54] INFO      - batch 610/947 loss=2.591 bpb=1.537
[2026-03-25 12:19:58] INFO      - batch 620/947 loss=2.591 bpb=1.536
[2026-03-25 12:20:02] INFO      - batch 630/947 loss=2.589 bpb=1.536
[2026-03-25 12:20:07] INFO      - batch 640/947 loss=2.589 bpb=1.535
[2026-03-25 12:20:11] INFO      - batch 650/947 loss=2.589 bpb=1.534
[2026-03-25 12:20:15] INFO      - batch 660/947 loss=2.588 bpb=1.534
[2026-03-25 12:20:19] INFO      - batch 670/947 loss=2.588 bpb=1.533
[2026-03-25 12:20:23] INFO      - batch 680/947 loss=2.588 bpb=1.533
[2026-03-25 12:20:27] INFO      - batch 690/947 loss=2.588 bpb=1.534
[2026-03-25 12:20:31] INFO      - batch 700/947 loss=2.588 bpb=1.533
[2026-03-25 12:20:36] INFO      - batch 710/947 loss=2.588 bpb=1.534
[2026-03-25 12:20:40] INFO      - batch 720/947 loss=2.588 bpb=1.534
[2026-03-25 12:20:44] INFO      - batch 730/947 loss=2.588 bpb=1.534
[2026-03-25 12:20:48] INFO      - batch 740/947 loss=2.589 bpb=1.535
[2026-03-25 12:20:52] INFO      - batch 750/947 loss=2.589 bpb=1.536
[2026-03-25 12:20:56] INFO      - batch 760/947 loss=2.589 bpb=1.536
[2026-03-25 12:21:00] INFO      - batch 770/947 loss=2.589 bpb=1.536
[2026-03-25 12:21:04] INFO      - batch 780/947 loss=2.590 bpb=1.537
[2026-03-25 12:21:09] INFO      - batch 790/947 loss=2.590 bpb=1.537
[2026-03-25 12:21:13] INFO      - batch 800/947 loss=2.591 bpb=1.537
[2026-03-25 12:21:17] INFO      - batch 810/947 loss=2.591 bpb=1.537
[2026-03-25 12:21:21] INFO      - batch 820/947 loss=2.592 bpb=1.537
[2026-03-25 12:21:25] INFO      - batch 830/947 loss=2.592 bpb=1.537
[2026-03-25 12:21:29] INFO      - batch 840/947 loss=2.592 bpb=1.537
[2026-03-25 12:21:33] INFO      - batch 850/947 loss=2.593 bpb=1.537
[2026-03-25 12:21:38] INFO      - batch 860/947 loss=2.593 bpb=1.537
[2026-03-25 12:21:42] INFO      - batch 870/947 loss=2.593 bpb=1.537
[2026-03-25 12:21:46] INFO      - batch 880/947 loss=2.593 bpb=1.537
[2026-03-25 12:21:50] INFO      - batch 890/947 loss=2.593 bpb=1.536
[2026-03-25 12:21:54] INFO      - batch 900/947 loss=2.592 bpb=1.536
[2026-03-25 12:21:58] INFO      - batch 910/947 loss=2.592 bpb=1.536
[2026-03-25 12:22:02] INFO      - batch 920/947 loss=2.592 bpb=1.535
[2026-03-25 12:22:06] INFO      - batch 930/947 loss=2.592 bpb=1.535
[2026-03-25 12:22:11] INFO      - batch 940/947 loss=2.591 bpb=1.535
[2026-03-25 12:22:13] INFO      - batch 947/947 loss=2.591 bpb=1.535
[2026-03-25 12:22:13] INFO     Full-precision eval complete: val_loss=2.591 val_bpb=1.535 in 391.7s
[2026-03-25 12:22:13] INFO     Report saved to artifacts/eval_report.json
026-03-25 12:21:42] INFO      - batch 870/947 loss=2.593 bpb=1.537
[2026-03-25 12:21:46] INFO      - batch 880/947 loss=2.593 bpb=1.537
[2026-03-25 12:21:50] INFO      - batch 890/947 loss=2.593 bpb=1.536
[2026-03-25 12:21:54] INFO      - batch 900/947 loss=2.592 bpb=1.536
[2026-03-25 12:21:58] INFO      - batch 910/947 loss=2.592 bpb=1.536
[2026-03-25 12:22:02] INFO      - batch 920/947 loss=2.592 bpb=1.535
[2026-03-25 12:22:06] INFO      - batch 930/947 loss=2.592 bpb=1.535
[2026-03-25 12:22:11] INFO      - batch 940/947 loss=2.591 bpb=1.535
[2026-03-25 12:22:13] INFO      - batch 947/947 loss=2.591 bpb=1.535
[2026-03-25 12:22:13] INFO     Full-precision eval complete: val_loss=2.591 val_bpb=1.535 in 391.7s
[2026-03-25 12:22:13] INFO     Report saved to artifacts/eval_report.json
Hardware: 1x_gb10
Archiving artifacts to: artifacts_1x_gb10
Quantizing: 005-mlp-3x (artifacts_1x_gb10, schemes=int6, compressed)
[2026-03-25 15:22:53] INFO     Extracting compressed checkpoint: /home/kingsley/projects/golf-research/experiments/005-mlp-3x/artifacts_1x_gb10/checkpoint.tar.gz
/home/kingsley/projects/golf-research/scripts/quant.py:702: DeprecationWarning: Python 3.14 will, by default, filter extracted tar archives and reject files or modify their metadata. Use the filter argument to control this behavior.
  tar.extractall(tmp_dir)
[2026-03-25 15:22:53] INFO     Loading checkpoint: /tmp/quant_checkpoint_5ojetv6f/checkpoint/step_618_final_model
[2026-03-25 15:22:53] INFO     Loading checkpoint from /tmp/quant_checkpoint_5ojetv6f/checkpoint/step_618_final_model
[2026-03-25 15:22:53] INFO     Loaded model from /tmp/quant_checkpoint_5ojetv6f/checkpoint/step_618_final_model (21,769,800 parameters)
[2026-03-25 15:22:53] INFO     Quantizing to int6
[2026-03-25 15:23:09] INFO     int6 (zstd): compressed=11,860,632 bytes serialized=22,489,083 bytes payload=22,429,840 bytes
[2026-03-25 15:23:09] INFO     int6 roundtrip verified
[2026-03-25 15:23:09] INFO     Report saved to /home/kingsley/projects/golf-research/experiments/005-mlp-3x/artifacts_1x_gb10/quant_report.json
Running evaluation: 005-mlp-3x (artifacts_1x_gb10, 1 GPU(s))
[2026-03-25 15:23:12] INFO     Eval config: checkpoints=step_618_final_model_int6 device=cuda:0 sequence_length=1024 batch_size=64 world_size=1
[2026-03-25 15:23:12] INFO     Tokenizer: /home/kingsley/github/parameter-golf/data/tokenizers/fineweb_1024_bpe.model
[2026-03-25 15:23:12] INFO     Validation data: /home/kingsley/github/parameter-golf/data/datasets/fineweb10B_sp1024/fineweb_val_*.bin
[2026-03-25 15:23:12] INFO     Loaded tokens=62.02M sequences=60.6K vocab_size=1024
[2026-03-25 15:23:12] INFO     Loading int6 checkpoint: step_618_final_model_int6
[2026-03-25 15:23:13] INFO     Running int6 evaluation (device=cuda:0)
[2026-03-25 15:23:17] INFO      - batch 10/947 loss=2.587 bpb=1.556
[2026-03-25 15:23:21] INFO      - batch 20/947 loss=2.606 bpb=1.558
[2026-03-25 15:23:25] INFO      - batch 30/947 loss=2.610 bpb=1.563
[2026-03-25 15:23:30] INFO      - batch 40/947 loss=2.599 bpb=1.561
[2026-03-25 15:23:34] INFO      - batch 50/947 loss=2.601 bpb=1.563
[2026-03-25 15:23:38] INFO      - batch 60/947 loss=2.596 bpb=1.560
[2026-03-25 15:23:42] INFO      - batch 70/947 loss=2.596 bpb=1.558
[2026-03-25 15:23:46] INFO      - batch 80/947 loss=2.599 bpb=1.560
[2026-03-25 15:23:50] INFO      - batch 90/947 loss=2.604 bpb=1.562
[2026-03-25 15:23:54] INFO      - batch 100/947 loss=2.607 bpb=1.565
[2026-03-25 15:23:58] INFO      - batch 110/947 loss=2.608 bpb=1.565
[2026-03-25 15:24:02] INFO      - batch 120/947 loss=2.608 bpb=1.566
[2026-03-25 15:24:07] INFO      - batch 130/947 loss=2.607 bpb=1.565
[2026-03-25 15:24:11] INFO      - batch 140/947 loss=2.607 bpb=1.564
[2026-03-25 15:24:15] INFO      - batch 150/947 loss=2.609 bpb=1.564
[2026-03-25 15:24:19] INFO      - batch 160/947 loss=2.611 bpb=1.563
[2026-03-25 15:24:23] INFO      - batch 170/947 loss=2.612 bpb=1.562
[2026-03-25 15:24:27] INFO      - batch 180/947 loss=2.613 bpb=1.564
[2026-03-25 15:24:31] INFO      - batch 190/947 loss=2.614 bpb=1.563
[2026-03-25 15:24:35] INFO      - batch 200/947 loss=2.615 bpb=1.562
[2026-03-25 15:24:40] INFO      - batch 210/947 loss=2.614 bpb=1.561
[2026-03-25 15:24:44] INFO      - batch 220/947 loss=2.615 bpb=1.560
[2026-03-25 15:24:48] INFO      - batch 230/947 loss=2.615 bpb=1.559
[2026-03-25 15:24:52] INFO      - batch 240/947 loss=2.615 bpb=1.558
[2026-03-25 15:24:56] INFO      - batch 250/947 loss=2.616 bpb=1.557
[2026-03-25 15:25:00] INFO      - batch 260/947 loss=2.615 bpb=1.556
[2026-03-25 15:25:04] INFO      - batch 270/947 loss=2.616 bpb=1.556
[2026-03-25 15:25:08] INFO      - batch 280/947 loss=2.616 bpb=1.555
[2026-03-25 15:25:12] INFO      - batch 290/947 loss=2.614 bpb=1.553
[2026-03-25 15:25:17] INFO      - batch 300/947 loss=2.614 bpb=1.553
[2026-03-25 15:25:21] INFO      - batch 310/947 loss=2.613 bpb=1.552
[2026-03-25 15:25:25] INFO      - batch 320/947 loss=2.612 bpb=1.551
[2026-03-25 15:25:29] INFO      - batch 330/947 loss=2.611 bpb=1.550
[2026-03-25 15:25:33] INFO      - batch 340/947 loss=2.610 bpb=1.549
[2026-03-25 15:25:37] INFO      - batch 350/947 loss=2.610 bpb=1.548
[2026-03-25 15:25:41] INFO      - batch 360/947 loss=2.609 bpb=1.548
[2026-03-25 15:25:45] INFO      - batch 370/947 loss=2.610 bpb=1.548
[2026-03-25 15:25:50] INFO      - batch 380/947 loss=2.609 bpb=1.548
[2026-03-25 15:25:54] INFO      - batch 390/947 loss=2.609 bpb=1.548
[2026-03-25 15:25:58] INFO      - batch 400/947 loss=2.609 bpb=1.548
[2026-03-25 15:26:02] INFO      - batch 410/947 loss=2.608 bpb=1.548
[2026-03-25 15:26:06] INFO      - batch 420/947 loss=2.608 bpb=1.548
[2026-03-25 15:26:10] INFO      - batch 430/947 loss=2.608 bpb=1.548
[2026-03-25 15:26:14] INFO      - batch 440/947 loss=2.608 bpb=1.549
[2026-03-25 15:26:18] INFO      - batch 450/947 loss=2.607 bpb=1.549
[2026-03-25 15:26:22] INFO      - batch 460/947 loss=2.606 bpb=1.549
[2026-03-25 15:26:27] INFO      - batch 470/947 loss=2.606 bpb=1.549
[2026-03-25 15:26:31] INFO      - batch 480/947 loss=2.607 bpb=1.550
[2026-03-25 15:26:35] INFO      - batch 490/947 loss=2.608 bpb=1.550
[2026-03-25 15:26:39] INFO      - batch 500/947 loss=2.608 bpb=1.550
[2026-03-25 15:26:43] INFO      - batch 510/947 loss=2.609 bpb=1.551
[2026-03-25 15:26:47] INFO      - batch 520/947 loss=2.610 bpb=1.551
[2026-03-25 15:26:51] INFO      - batch 530/947 loss=2.611 bpb=1.551
[2026-03-25 15:26:55] INFO      - batch 540/947 loss=2.611 bpb=1.551
[2026-03-25 15:26:59] INFO      - batch 550/947 loss=2.612 bpb=1.551
[2026-03-25 15:27:04] INFO      - batch 560/947 loss=2.612 bpb=1.551
[2026-03-25 15:27:08] INFO      - batch 570/947 loss=2.611 bpb=1.550
[2026-03-25 15:27:12] INFO      - batch 580/947 loss=2.611 bpb=1.550
[2026-03-25 15:27:16] INFO      - batch 590/947 loss=2.611 bpb=1.549
[2026-03-25 15:27:20] INFO      - batch 600/947 loss=2.612 bpb=1.549
[2026-03-25 15:27:24] INFO      - batch 610/947 loss=2.611 bpb=1.549
[2026-03-25 15:27:28] INFO      - batch 620/947 loss=2.611 bpb=1.548
[2026-03-25 15:27:32] INFO      - batch 630/947 loss=2.610 bpb=1.548
[2026-03-25 15:27:36] INFO      - batch 640/947 loss=2.610 bpb=1.547
[2026-03-25 15:27:41] INFO      - batch 650/947 loss=2.609 bpb=1.547
[2026-03-25 15:27:45] INFO      - batch 660/947 loss=2.609 bpb=1.546
[2026-03-25 15:27:49] INFO      - batch 670/947 loss=2.608 bpb=1.545
[2026-03-25 15:27:53] INFO      - batch 680/947 loss=2.608 bpb=1.545
[2026-03-25 15:27:57] INFO      - batch 690/947 loss=2.609 bpb=1.546
[2026-03-25 15:28:01] INFO      - batch 700/947 loss=2.609 bpb=1.546
[2026-03-25 15:28:05] INFO      - batch 710/947 loss=2.609 bpb=1.546
[2026-03-25 15:28:09] INFO      - batch 720/947 loss=2.609 bpb=1.547
[2026-03-25 15:28:14] INFO      - batch 730/947 loss=2.608 bpb=1.547
[2026-03-25 15:28:18] INFO      - batch 740/947 loss=2.609 bpb=1.547
[2026-03-25 15:28:22] INFO      - batch 750/947 loss=2.609 bpb=1.548
[2026-03-25 15:28:26] INFO      - batch 760/947 loss=2.609 bpb=1.548
[2026-03-25 15:28:30] INFO      - batch 770/947 loss=2.610 bpb=1.548
[2026-03-25 15:28:34] INFO      - batch 780/947 loss=2.610 bpb=1.549
[2026-03-25 15:28:38] INFO      - batch 790/947 loss=2.611 bpb=1.549
[2026-03-25 15:28:42] INFO      - batch 800/947 loss=2.612 bpb=1.549
[2026-03-25 15:28:46] INFO      - batch 810/947 loss=2.612 bpb=1.549
[2026-03-25 15:28:51] INFO      - batch 820/947 loss=2.612 bpb=1.549
[2026-03-25 15:28:55] INFO      - batch 830/947 loss=2.612 bpb=1.549
[2026-03-25 15:28:59] INFO      - batch 840/947 loss=2.613 bpb=1.549
[2026-03-25 15:29:03] INFO      - batch 850/947 loss=2.614 bpb=1.550
[2026-03-25 15:29:07] INFO      - batch 860/947 loss=2.614 bpb=1.549
[2026-03-25 15:29:11] INFO      - batch 870/947 loss=2.613 bpb=1.549
[2026-03-25 15:29:15] INFO      - batch 880/947 loss=2.613 bpb=1.549
[2026-03-25 15:29:19] INFO      - batch 890/947 loss=2.613 bpb=1.549
[2026-03-25 15:29:24] INFO      - batch 900/947 loss=2.613 bpb=1.548
[2026-03-25 15:29:28] INFO      - batch 910/947 loss=2.613 bpb=1.548
[2026-03-25 15:29:32] INFO      - batch 920/947 loss=2.613 bpb=1.548
[2026-03-25 15:29:36] INFO      - batch 930/947 loss=2.612 bpb=1.547
[2026-03-25 15:29:40] INFO      - batch 940/947 loss=2.612 bpb=1.547
[2026-03-25 15:29:43] INFO      - batch 947/947 loss=2.612 bpb=1.547
[2026-03-25 15:29:43] INFO     int6 eval complete: val_bpb=1.547 compressed_bytes=11,860,632 in 390.0s
[2026-03-25 15:29:43] INFO     Report saved to /home/kingsley/projects/golf-research/experiments/005-mlp-3x/artifacts_1x_gb10/eval_report.json
Quantizing: 005-mlp-3x (artifacts_1x_gb10, schemes=int8, uncompressed)
[2026-03-25 15:29:48] INFO     Extracting compressed checkpoint: /home/kingsley/projects/golf-research/experiments/005-mlp-3x/artifacts_1x_gb10/checkpoint.tar.gz
/home/kingsley/projects/golf-research/scripts/quant.py:702: DeprecationWarning: Python 3.14 will, by default, filter extracted tar archives and reject files or modify their metadata. Use the filter argument to control this behavior.
  tar.extractall(tmp_dir)
[2026-03-25 15:29:49] INFO     Loading checkpoint: /tmp/quant_checkpoint_l9darz34/checkpoint/step_618_final_model
[2026-03-25 15:29:49] INFO     Loading checkpoint from /tmp/quant_checkpoint_l9darz34/checkpoint/step_618_final_model
[2026-03-25 15:29:49] INFO     Loaded model from /tmp/quant_checkpoint_l9darz34/checkpoint/step_618_final_model (21,769,800 parameters)
[2026-03-25 15:29:49] INFO     Quantizing to int8
[2026-03-25 15:29:54] INFO     int8 (zstd): compressed=17,070,080 bytes serialized=22,487,419 bytes payload=22,429,840 bytes
[2026-03-25 15:29:54] INFO     int8 roundtrip verified
[2026-03-25 15:29:54] INFO     Report saved to /home/kingsley/projects/golf-research/experiments/005-mlp-3x/artifacts_1x_gb10/quant_report.json
Running evaluation: 005-mlp-3x (artifacts_1x_gb10, 1 GPU(s))
[2026-03-25 15:29:57] INFO     Eval config: checkpoints=step_618_final_model_int8 device=cuda:0 sequence_length=1024 batch_size=64 world_size=1
[2026-03-25 15:29:57] INFO     Tokenizer: /home/kingsley/github/parameter-golf/data/tokenizers/fineweb_1024_bpe.model
[2026-03-25 15:29:57] INFO     Validation data: /home/kingsley/github/parameter-golf/data/datasets/fineweb10B_sp1024/fineweb_val_*.bin
[2026-03-25 15:29:57] INFO     Loaded tokens=62.02M sequences=60.6K vocab_size=1024
[2026-03-25 15:29:57] INFO     Loading int8 checkpoint: step_618_final_model_int8
[2026-03-25 15:29:58] INFO     Running int8 evaluation (device=cuda:0)
[2026-03-25 15:30:02] INFO      - batch 10/947 loss=2.568 bpb=1.545
[2026-03-25 15:30:06] INFO      - batch 20/947 loss=2.587 bpb=1.546
[2026-03-25 15:30:10] INFO      - batch 30/947 loss=2.591 bpb=1.552
[2026-03-25 15:30:15] INFO      - batch 40/947 loss=2.580 bpb=1.549
[2026-03-25 15:30:19] INFO      - batch 50/947 loss=2.582 bpb=1.551
[2026-03-25 15:30:23] INFO      - batch 60/947 loss=2.577 bpb=1.549
[2026-03-25 15:30:27] INFO      - batch 70/947 loss=2.577 bpb=1.546
[2026-03-25 15:30:31] INFO      - batch 80/947 loss=2.580 bpb=1.548
[2026-03-25 15:30:35] INFO      - batch 90/947 loss=2.585 bpb=1.550
[2026-03-25 15:30:39] INFO      - batch 100/947 loss=2.587 bpb=1.553
[2026-03-25 15:30:43] INFO      - batch 110/947 loss=2.588 bpb=1.553
[2026-03-25 15:30:47] INFO      - batch 120/947 loss=2.589 bpb=1.554
[2026-03-25 15:30:52] INFO      - batch 130/947 loss=2.587 bpb=1.553
[2026-03-25 15:30:56] INFO      - batch 140/947 loss=2.587 bpb=1.553
[2026-03-25 15:31:00] INFO      - batch 150/947 loss=2.589 bpb=1.552
[2026-03-25 15:31:04] INFO      - batch 160/947 loss=2.591 bpb=1.552
[2026-03-25 15:31:08] INFO      - batch 170/947 loss=2.592 bpb=1.550
[2026-03-25 15:31:12] INFO      - batch 180/947 loss=2.594 bpb=1.552
[2026-03-25 15:31:16] INFO      - batch 190/947 loss=2.595 bpb=1.551
[2026-03-25 15:31:20] INFO      - batch 200/947 loss=2.595 bpb=1.551
[2026-03-25 15:31:24] INFO      - batch 210/947 loss=2.594 bpb=1.549
[2026-03-25 15:31:29] INFO      - batch 220/947 loss=2.595 bpb=1.548
[2026-03-25 15:31:33] INFO      - batch 230/947 loss=2.596 bpb=1.547
[2026-03-25 15:31:37] INFO      - batch 240/947 loss=2.596 bpb=1.546
[2026-03-25 15:31:41] INFO      - batch 250/947 loss=2.596 bpb=1.545
[2026-03-25 15:31:45] INFO      - batch 260/947 loss=2.595 bpb=1.544
[2026-03-25 15:31:49] INFO      - batch 270/947 loss=2.596 bpb=1.544
[2026-03-25 15:31:53] INFO      - batch 280/947 loss=2.596 bpb=1.543
[2026-03-25 15:31:57] INFO      - batch 290/947 loss=2.595 bpb=1.542
[2026-03-25 15:32:01] INFO      - batch 300/947 loss=2.594 bpb=1.542
[2026-03-25 15:32:06] INFO      - batch 310/947 loss=2.594 bpb=1.541
[2026-03-25 15:32:10] INFO      - batch 320/947 loss=2.593 bpb=1.539
[2026-03-25 15:32:14] INFO      - batch 330/947 loss=2.592 bpb=1.539
[2026-03-25 15:32:18] INFO      - batch 340/947 loss=2.591 bpb=1.537
[2026-03-25 15:32:22] INFO      - batch 350/947 loss=2.591 bpb=1.537
[2026-03-25 15:32:26] INFO      - batch 360/947 loss=2.590 bpb=1.536
[2026-03-25 15:32:30] INFO      - batch 370/947 loss=2.591 bpb=1.537
[2026-03-25 15:32:34] INFO      - batch 380/947 loss=2.590 bpb=1.536
[2026-03-25 15:32:39] INFO      - batch 390/947 loss=2.590 bpb=1.536
[2026-03-25 15:32:43] INFO      - batch 400/947 loss=2.589 bpb=1.536
[2026-03-25 15:32:47] INFO      - batch 410/947 loss=2.589 bpb=1.536
[2026-03-25 15:32:51] INFO      - batch 420/947 loss=2.588 bpb=1.536
[2026-03-25 15:32:55] INFO      - batch 430/947 loss=2.588 bpb=1.537
[2026-03-25 15:32:59] INFO      - batch 440/947 loss=2.588 bpb=1.537
[2026-03-25 15:33:03] INFO      - batch 450/947 loss=2.587 bpb=1.537
[2026-03-25 15:33:07] INFO      - batch 460/947 loss=2.586 bpb=1.537
[2026-03-25 15:33:11] INFO      - batch 470/947 loss=2.587 bpb=1.538
[2026-03-25 15:33:16] INFO      - batch 480/947 loss=2.587 bpb=1.538
[2026-03-25 15:33:20] INFO      - batch 490/947 loss=2.588 bpb=1.539
[2026-03-25 15:33:24] INFO      - batch 500/947 loss=2.589 bpb=1.539
[2026-03-25 15:33:28] INFO      - batch 510/947 loss=2.590 bpb=1.539
[2026-03-25 15:33:32] INFO      - batch 520/947 loss=2.591 bpb=1.540
[2026-03-25 15:33:36] INFO      - batch 530/947 loss=2.592 bpb=1.539
[2026-03-25 15:33:40] INFO      - batch 540/947 loss=2.592 bpb=1.540
[2026-03-25 15:33:44] INFO      - batch 550/947 loss=2.593 bpb=1.540
[2026-03-25 15:33:48] INFO      - batch 560/947 loss=2.592 bpb=1.539
[2026-03-25 15:33:53] INFO      - batch 570/947 loss=2.592 bpb=1.539
[2026-03-25 15:33:57] INFO      - batch 580/947 loss=2.592 bpb=1.538
[2026-03-25 15:34:01] INFO      - batch 590/947 loss=2.591 bpb=1.538
[2026-03-25 15:34:05] INFO      - batch 600/947 loss=2.592 bpb=1.538
[2026-03-25 15:34:09] INFO      - batch 610/947 loss=2.592 bpb=1.538
[2026-03-25 15:34:13] INFO      - batch 620/947 loss=2.592 bpb=1.537
[2026-03-25 15:34:17] INFO      - batch 630/947 loss=2.591 bpb=1.536
[2026-03-25 15:34:21] INFO      - batch 640/947 loss=2.590 bpb=1.536
[2026-03-25 15:34:26] INFO      - batch 650/947 loss=2.590 bpb=1.535
[2026-03-25 15:34:30] INFO      - batch 660/947 loss=2.589 bpb=1.534
[2026-03-25 15:34:34] INFO      - batch 670/947 loss=2.589 bpb=1.534
[2026-03-25 15:34:38] INFO      - batch 680/947 loss=2.589 bpb=1.534
[2026-03-25 15:34:42] INFO      - batch 690/947 loss=2.590 bpb=1.534
[2026-03-25 15:34:46] INFO      - batch 700/947 loss=2.589 bpb=1.534
[2026-03-25 15:34:50] INFO      - batch 710/947 loss=2.590 bpb=1.535
[2026-03-25 15:34:54] INFO      - batch 720/947 loss=2.590 bpb=1.535
[2026-03-25 15:34:59] INFO      - batch 730/947 loss=2.589 bpb=1.535
[2026-03-25 15:35:03] INFO      - batch 740/947 loss=2.590 bpb=1.536
[2026-03-25 15:35:07] INFO      - batch 750/947 loss=2.590 bpb=1.536
[2026-03-25 15:35:11] INFO      - batch 760/947 loss=2.590 bpb=1.537
[2026-03-25 15:35:15] INFO      - batch 770/947 loss=2.591 bpb=1.537
[2026-03-25 15:35:19] INFO      - batch 780/947 loss=2.591 bpb=1.537
[2026-03-25 15:35:23] INFO      - batch 790/947 loss=2.592 bpb=1.538
[2026-03-25 15:35:27] INFO      - batch 800/947 loss=2.592 bpb=1.538
[2026-03-25 15:35:31] INFO      - batch 810/947 loss=2.593 bpb=1.538
[2026-03-25 15:35:36] INFO      - batch 820/947 loss=2.593 bpb=1.538
[2026-03-25 15:35:40] INFO      - batch 830/947 loss=2.593 bpb=1.538
[2026-03-25 15:35:44] INFO      - batch 840/947 loss=2.594 bpb=1.538
[2026-03-25 15:35:48] INFO      - batch 850/947 loss=2.594 bpb=1.538
[2026-03-25 15:35:52] INFO      - batch 860/947 loss=2.594 bpb=1.538
[2026-03-25 15:35:56] INFO      - batch 870/947 loss=2.594 bpb=1.538
[2026-03-25 15:36:00] INFO      - batch 880/947 loss=2.594 bpb=1.537
[2026-03-25 15:36:04] INFO      - batch 890/947 loss=2.594 bpb=1.537
[2026-03-25 15:36:09] INFO      - batch 900/947 loss=2.594 bpb=1.537
[2026-03-25 15:36:13] INFO      - batch 910/947 loss=2.594 bpb=1.536
[2026-03-25 15:36:17] INFO      - batch 920/947 loss=2.593 bpb=1.536
[2026-03-25 15:36:21] INFO      - batch 930/947 loss=2.593 bpb=1.536
[2026-03-25 15:36:25] INFO      - batch 940/947 loss=2.593 bpb=1.535
[2026-03-25 15:36:28] INFO      - batch 947/947 loss=2.593 bpb=1.535
[2026-03-25 15:36:28] INFO     int8 eval complete: val_bpb=1.535 compressed_bytes=17,070,080 in 390.0s
[2026-03-25 15:36:28] INFO     Report saved to /home/kingsley/projects/golf-research/experiments/005-mlp-3x/artifacts_1x_gb10/eval_report.json
Quantizing: 005-mlp-3x (artifacts_1x_gb10, schemes=mxfp4, uncompressed)
[2026-03-25 15:36:33] INFO     Extracting compressed checkpoint: /home/kingsley/projects/golf-research/experiments/005-mlp-3x/artifacts_1x_gb10/checkpoint.tar.gz
/home/kingsley/projects/golf-research/scripts/quant.py:702: DeprecationWarning: Python 3.14 will, by default, filter extracted tar archives and reject files or modify their metadata. Use the filter argument to control this behavior.
  tar.extractall(tmp_dir)
[2026-03-25 15:36:34] INFO     Loading checkpoint: /tmp/quant_checkpoint_kfy97sba/checkpoint/step_618_final_model
[2026-03-25 15:36:34] INFO     Loading checkpoint from /tmp/quant_checkpoint_kfy97sba/checkpoint/step_618_final_model
[2026-03-25 15:36:34] INFO     Loaded model from /tmp/quant_checkpoint_kfy97sba/checkpoint/step_618_final_model (21,769,800 parameters)
[2026-03-25 15:36:34] INFO     Quantizing to mxfp4
[2026-03-25 15:36:36] INFO     mxfp4 (zstd): compressed=10,940,015 bytes serialized=14,062,907 bytes payload=14,005,392 bytes
[2026-03-25 15:36:36] INFO     mxfp4 roundtrip verified
[2026-03-25 15:36:36] INFO     Report saved to /home/kingsley/projects/golf-research/experiments/005-mlp-3x/artifacts_1x_gb10/quant_report.json
Running evaluation: 005-mlp-3x (artifacts_1x_gb10, 1 GPU(s))
[2026-03-25 15:36:39] INFO     Eval config: checkpoints=step_618_final_model_mxfp4 device=cuda:0 sequence_length=1024 batch_size=64 world_size=1
[2026-03-25 15:36:39] INFO     Tokenizer: /home/kingsley/github/parameter-golf/data/tokenizers/fineweb_1024_bpe.model
[2026-03-25 15:36:39] INFO     Validation data: /home/kingsley/github/parameter-golf/data/datasets/fineweb10B_sp1024/fineweb_val_*.bin
[2026-03-25 15:36:39] INFO     Loaded tokens=62.02M sequences=60.6K vocab_size=1024
[2026-03-25 15:36:39] INFO     Loading mxfp4 checkpoint: step_618_final_model_mxfp4
[2026-03-25 15:36:39] INFO     Running mxfp4 evaluation (device=cuda:0)
[2026-03-25 15:36:44] INFO      - batch 10/947 loss=2.681 bpb=1.613
[2026-03-25 15:36:48] INFO      - batch 20/947 loss=2.698 bpb=1.613
[2026-03-25 15:36:52] INFO      - batch 30/947 loss=2.703 bpb=1.619
[2026-03-25 15:36:56] INFO      - batch 40/947 loss=2.692 bpb=1.616
[2026-03-25 15:37:00] INFO      - batch 50/947 loss=2.695 bpb=1.619
[2026-03-25 15:37:04] INFO      - batch 60/947 loss=2.690 bpb=1.617
[2026-03-25 15:37:08] INFO      - batch 70/947 loss=2.690 bpb=1.614
[2026-03-25 15:37:12] INFO      - batch 80/947 loss=2.693 bpb=1.616
[2026-03-25 15:37:17] INFO      - batch 90/947 loss=2.698 bpb=1.618
[2026-03-25 15:37:21] INFO      - batch 100/947 loss=2.701 bpb=1.621
[2026-03-25 15:37:25] INFO      - batch 110/947 loss=2.702 bpb=1.621
[2026-03-25 15:37:29] INFO      - batch 120/947 loss=2.702 bpb=1.622
[2026-03-25 15:37:33] INFO      - batch 130/947 loss=2.701 bpb=1.622
[2026-03-25 15:37:37] INFO      - batch 140/947 loss=2.701 bpb=1.621
[2026-03-25 15:37:41] INFO      - batch 150/947 loss=2.703 bpb=1.620
[2026-03-25 15:37:45] INFO      - batch 160/947 loss=2.704 bpb=1.619
[2026-03-25 15:37:49] INFO      - batch 170/947 loss=2.705 bpb=1.618
[2026-03-25 15:37:54] INFO      - batch 180/947 loss=2.707 bpb=1.620
[2026-03-25 15:37:58] INFO      - batch 190/947 loss=2.708 bpb=1.619
[2026-03-25 15:38:02] INFO      - batch 200/947 loss=2.708 bpb=1.618
[2026-03-25 15:38:06] INFO      - batch 210/947 loss=2.707 bpb=1.617
[2026-03-25 15:38:10] INFO      - batch 220/947 loss=2.708 bpb=1.616
[2026-03-25 15:38:14] INFO      - batch 230/947 loss=2.709 bpb=1.614
[2026-03-25 15:38:18] INFO      - batch 240/947 loss=2.709 bpb=1.613
[2026-03-25 15:38:22] INFO      - batch 250/947 loss=2.709 bpb=1.613
[2026-03-25 15:38:26] INFO      - batch 260/947 loss=2.708 bpb=1.612
[2026-03-25 15:38:31] INFO      - batch 270/947 loss=2.709 bpb=1.611
[2026-03-25 15:38:35] INFO      - batch 280/947 loss=2.709 bpb=1.610
[2026-03-25 15:38:39] INFO      - batch 290/947 loss=2.708 bpb=1.609
[2026-03-25 15:38:43] INFO      - batch 300/947 loss=2.707 bpb=1.608
[2026-03-25 15:38:47] INFO      - batch 310/947 loss=2.706 bpb=1.608
[2026-03-25 15:38:51] INFO      - batch 320/947 loss=2.705 bpb=1.606
[2026-03-25 15:38:55] INFO      - batch 330/947 loss=2.705 bpb=1.605
[2026-03-25 15:38:59] INFO      - batch 340/947 loss=2.704 bpb=1.604
[2026-03-25 15:39:04] INFO      - batch 350/947 loss=2.704 bpb=1.604
[2026-03-25 15:39:08] INFO      - batch 360/947 loss=2.703 bpb=1.603
[2026-03-25 15:39:12] INFO      - batch 370/947 loss=2.703 bpb=1.603
[2026-03-25 15:39:16] INFO      - batch 380/947 loss=2.703 bpb=1.603
[2026-03-25 15:39:20] INFO      - batch 390/947 loss=2.702 bpb=1.603
[2026-03-25 15:39:24] INFO      - batch 400/947 loss=2.702 bpb=1.603
[2026-03-25 15:39:28] INFO      - batch 410/947 loss=2.702 bpb=1.603
[2026-03-25 15:39:32] INFO      - batch 420/947 loss=2.701 bpb=1.603
[2026-03-25 15:39:37] INFO      - batch 430/947 loss=2.701 bpb=1.604
[2026-03-25 15:39:41] INFO      - batch 440/947 loss=2.701 bpb=1.604
[2026-03-25 15:39:45] INFO      - batch 450/947 loss=2.700 bpb=1.604
[2026-03-25 15:39:49] INFO      - batch 460/947 loss=2.699 bpb=1.604
[2026-03-25 15:39:53] INFO      - batch 470/947 loss=2.699 bpb=1.605
[2026-03-25 15:39:57] INFO      - batch 480/947 loss=2.700 bpb=1.605
[2026-03-25 15:40:01] INFO      - batch 490/947 loss=2.701 bpb=1.606
[2026-03-25 15:40:05] INFO      - batch 500/947 loss=2.702 bpb=1.606
[2026-03-25 15:40:09] INFO      - batch 510/947 loss=2.702 bpb=1.606
[2026-03-25 15:40:14] INFO      - batch 520/947 loss=2.704 bpb=1.606
[2026-03-25 15:40:18] INFO      - batch 530/947 loss=2.704 bpb=1.606
[2026-03-25 15:40:22] INFO      - batch 540/947 loss=2.704 bpb=1.606
[2026-03-25 15:40:26] INFO      - batch 550/947 loss=2.706 bpb=1.607
[2026-03-25 15:40:30] INFO      - batch 560/947 loss=2.705 bpb=1.606
[2026-03-25 15:40:34] INFO      - batch 570/947 loss=2.704 bpb=1.606
[2026-03-25 15:40:38] INFO      - batch 580/947 loss=2.705 bpb=1.605
[2026-03-25 15:40:42] INFO      - batch 590/947 loss=2.704 bpb=1.604
[2026-03-25 15:40:46] INFO      - batch 600/947 loss=2.705 bpb=1.604
[2026-03-25 15:40:51] INFO      - batch 610/947 loss=2.705 bpb=1.604
[2026-03-25 15:40:55] INFO      - batch 620/947 loss=2.704 bpb=1.604
[2026-03-25 15:40:59] INFO      - batch 630/947 loss=2.703 bpb=1.603
[2026-03-25 15:41:03] INFO      - batch 640/947 loss=2.703 bpb=1.602
[2026-03-25 15:41:07] INFO      - batch 650/947 loss=2.703 bpb=1.602
[2026-03-25 15:41:11] INFO      - batch 660/947 loss=2.702 bpb=1.601
[2026-03-25 15:41:15] INFO      - batch 670/947 loss=2.702 bpb=1.600
[2026-03-25 15:41:19] INFO      - batch 680/947 loss=2.701 bpb=1.600
[2026-03-25 15:41:24] INFO      - batch 690/947 loss=2.702 bpb=1.601
[2026-03-25 15:41:28] INFO      - batch 700/947 loss=2.702 bpb=1.601
[2026-03-25 15:41:32] INFO      - batch 710/947 loss=2.702 bpb=1.601
[2026-03-25 15:41:36] INFO      - batch 720/947 loss=2.702 bpb=1.602
[2026-03-25 15:41:40] INFO      - batch 730/947 loss=2.702 bpb=1.602
[2026-03-25 15:41:44] INFO      - batch 740/947 loss=2.702 bpb=1.602
[2026-03-25 15:41:48] INFO      - batch 750/947 loss=2.702 bpb=1.603
[2026-03-25 15:41:52] INFO      - batch 760/947 loss=2.703 bpb=1.603
[2026-03-25 15:41:56] INFO      - batch 770/947 loss=2.703 bpb=1.604
[2026-03-25 15:42:01] INFO      - batch 780/947 loss=2.703 bpb=1.604
[2026-03-25 15:42:05] INFO      - batch 790/947 loss=2.704 bpb=1.605
[2026-03-25 15:42:09] INFO      - batch 800/947 loss=2.705 bpb=1.605
[2026-03-25 15:42:13] INFO      - batch 810/947 loss=2.705 bpb=1.604
[2026-03-25 15:42:17] INFO      - batch 820/947 loss=2.705 bpb=1.604
[2026-03-25 15:42:21] INFO      - batch 830/947 loss=2.706 bpb=1.604
[2026-03-25 15:42:25] INFO      - batch 840/947 loss=2.706 bpb=1.605
[2026-03-25 15:42:29] INFO      - batch 850/947 loss=2.707 bpb=1.605
[2026-03-25 15:42:34] INFO      - batch 860/947 loss=2.707 bpb=1.605
[2026-03-25 15:42:38] INFO      - batch 870/947 loss=2.706 bpb=1.604
[2026-03-25 15:42:42] INFO      - batch 880/947 loss=2.706 bpb=1.604
[2026-03-25 15:42:46] INFO      - batch 890/947 loss=2.706 bpb=1.604
[2026-03-25 15:42:50] INFO      - batch 900/947 loss=2.706 bpb=1.603
[2026-03-25 15:42:54] INFO      - batch 910/947 loss=2.706 bpb=1.603
[2026-03-25 15:42:58] INFO      - batch 920/947 loss=2.706 bpb=1.603
[2026-03-25 15:43:02] INFO      - batch 930/947 loss=2.705 bpb=1.602
[2026-03-25 15:43:06] INFO      - batch 940/947 loss=2.705 bpb=1.602
[2026-03-25 15:43:09] INFO      - batch 947/947 loss=2.705 bpb=1.602
[2026-03-25 15:43:09] INFO     mxfp4 eval complete: val_bpb=1.602 compressed_bytes=10,940,015 in 390.0s
[2026-03-25 15:43:09] INFO     Report saved to /home/kingsley/projects/golf-research/experiments/005-mlp-3x/artifacts_1x_gb10/eval_report.json
Quantizing: 005-mlp-3x (artifacts_1x_gb10, schemes=nvfp4, uncompressed)
[2026-03-25 15:43:15] INFO     Extracting compressed checkpoint: /home/kingsley/projects/golf-research/experiments/005-mlp-3x/artifacts_1x_gb10/checkpoint.tar.gz
/home/kingsley/projects/golf-research/scripts/quant.py:702: DeprecationWarning: Python 3.14 will, by default, filter extracted tar archives and reject files or modify their metadata. Use the filter argument to control this behavior.
  tar.extractall(tmp_dir)
[2026-03-25 15:43:15] INFO     Loading checkpoint: /tmp/quant_checkpoint_j6l9i5yh/checkpoint/step_618_final_model
[2026-03-25 15:43:15] INFO     Loading checkpoint from /tmp/quant_checkpoint_j6l9i5yh/checkpoint/step_618_final_model
[2026-03-25 15:43:15] INFO     Loaded model from /tmp/quant_checkpoint_j6l9i5yh/checkpoint/step_618_final_model (21,769,800 parameters)
[2026-03-25 15:43:15] INFO     Quantizing to nvfp4
[2026-03-25 15:43:17] INFO     nvfp4 (zstd): compressed=11,685,051 bytes serialized=12,684,555 bytes payload=12,612,976 bytes
[2026-03-25 15:43:17] INFO     nvfp4 roundtrip verified
[2026-03-25 15:43:17] INFO     Report saved to /home/kingsley/projects/golf-research/experiments/005-mlp-3x/artifacts_1x_gb10/quant_report.json
Running evaluation: 005-mlp-3x (artifacts_1x_gb10, 1 GPU(s))
[2026-03-25 15:43:20] INFO     Eval config: checkpoints=step_618_final_model_nvfp4 device=cuda:0 sequence_length=1024 batch_size=64 world_size=1
[2026-03-25 15:43:20] INFO     Tokenizer: /home/kingsley/github/parameter-golf/data/tokenizers/fineweb_1024_bpe.model
[2026-03-25 15:43:20] INFO     Validation data: /home/kingsley/github/parameter-golf/data/datasets/fineweb10B_sp1024/fineweb_val_*.bin
[2026-03-25 15:43:20] INFO     Loaded tokens=62.02M sequences=60.6K vocab_size=1024
[2026-03-25 15:43:20] INFO     Loading nvfp4 checkpoint: step_618_final_model_nvfp4
[2026-03-25 15:43:20] INFO     Running nvfp4 evaluation (device=cuda:0)
[2026-03-25 15:43:25] INFO      - batch 10/947 loss=2.661 bpb=1.601
[2026-03-25 15:43:29] INFO      - batch 20/947 loss=2.681 bpb=1.603
[2026-03-25 15:43:33] INFO      - batch 30/947 loss=2.684 bpb=1.608
[2026-03-25 15:43:37] INFO      - batch 40/947 loss=2.674 bpb=1.606
[2026-03-25 15:43:41] INFO      - batch 50/947 loss=2.676 bpb=1.608
[2026-03-25 15:43:45] INFO      - batch 60/947 loss=2.671 bpb=1.605
[2026-03-25 15:43:49] INFO      - batch 70/947 loss=2.671 bpb=1.603
[2026-03-25 15:43:53] INFO      - batch 80/947 loss=2.674 bpb=1.605
[2026-03-25 15:43:58] INFO      - batch 90/947 loss=2.679 bpb=1.607
[2026-03-25 15:44:02] INFO      - batch 100/947 loss=2.682 bpb=1.610
[2026-03-25 15:44:06] INFO      - batch 110/947 loss=2.683 bpb=1.610
[2026-03-25 15:44:10] INFO      - batch 120/947 loss=2.683 bpb=1.611
[2026-03-25 15:44:14] INFO      - batch 130/947 loss=2.682 bpb=1.610
[2026-03-25 15:44:18] INFO      - batch 140/947 loss=2.682 bpb=1.609
[2026-03-25 15:44:22] INFO      - batch 150/947 loss=2.684 bpb=1.608
[2026-03-25 15:44:26] INFO      - batch 160/947 loss=2.686 bpb=1.608
[2026-03-25 15:44:30] INFO      - batch 170/947 loss=2.687 bpb=1.607
[2026-03-25 15:44:35] INFO      - batch 180/947 loss=2.689 bpb=1.609
[2026-03-25 15:44:39] INFO      - batch 190/947 loss=2.689 bpb=1.608
[2026-03-25 15:44:43] INFO      - batch 200/947 loss=2.690 bpb=1.607
[2026-03-25 15:44:47] INFO      - batch 210/947 loss=2.689 bpb=1.606
[2026-03-25 15:44:51] INFO      - batch 220/947 loss=2.690 bpb=1.605
[2026-03-25 15:44:55] INFO      - batch 230/947 loss=2.691 bpb=1.603
[2026-03-25 15:44:59] INFO      - batch 240/947 loss=2.691 bpb=1.602
[2026-03-25 15:45:03] INFO      - batch 250/947 loss=2.691 bpb=1.602
[2026-03-25 15:45:08] INFO      - batch 260/947 loss=2.690 bpb=1.601
[2026-03-25 15:45:12] INFO      - batch 270/947 loss=2.691 bpb=1.600
[2026-03-25 15:45:16] INFO      - batch 280/947 loss=2.691 bpb=1.599
[2026-03-25 15:45:20] INFO      - batch 290/947 loss=2.689 bpb=1.598
[2026-03-25 15:45:24] INFO      - batch 300/947 loss=2.689 bpb=1.598
[2026-03-25 15:45:28] INFO      - batch 310/947 loss=2.688 bpb=1.597
[2026-03-25 15:45:32] INFO      - batch 320/947 loss=2.687 bpb=1.595
[2026-03-25 15:45:36] INFO      - batch 330/947 loss=2.686 bpb=1.595
[2026-03-25 15:45:40] INFO      - batch 340/947 loss=2.686 bpb=1.594
[2026-03-25 15:45:45] INFO      - batch 350/947 loss=2.686 bpb=1.593
[2026-03-25 15:45:49] INFO      - batch 360/947 loss=2.685 bpb=1.592
[2026-03-25 15:45:53] INFO      - batch 370/947 loss=2.685 bpb=1.593
[2026-03-25 15:45:57] INFO      - batch 380/947 loss=2.685 bpb=1.592
[2026-03-25 15:46:01] INFO      - batch 390/947 loss=2.684 bpb=1.592
[2026-03-25 15:46:05] INFO      - batch 400/947 loss=2.684 bpb=1.592
[2026-03-25 15:46:09] INFO      - batch 410/947 loss=2.684 bpb=1.592
[2026-03-25 15:46:13] INFO      - batch 420/947 loss=2.683 bpb=1.592
[2026-03-25 15:46:18] INFO      - batch 430/947 loss=2.683 bpb=1.593
[2026-03-25 15:46:22] INFO      - batch 440/947 loss=2.683 bpb=1.593
[2026-03-25 15:46:26] INFO      - batch 450/947 loss=2.682 bpb=1.594
[2026-03-25 15:46:30] INFO      - batch 460/947 loss=2.681 bpb=1.594
[2026-03-25 15:46:34] INFO      - batch 470/947 loss=2.681 bpb=1.594
[2026-03-25 15:46:38] INFO      - batch 480/947 loss=2.682 bpb=1.594
[2026-03-25 15:46:42] INFO      - batch 490/947 loss=2.683 bpb=1.595
[2026-03-25 15:46:46] INFO      - batch 500/947 loss=2.684 bpb=1.595
[2026-03-25 15:46:50] INFO      - batch 510/947 loss=2.684 bpb=1.595
[2026-03-25 15:46:55] INFO      - batch 520/947 loss=2.686 bpb=1.596
[2026-03-25 15:46:59] INFO      - batch 530/947 loss=2.686 bpb=1.596
[2026-03-25 15:47:03] INFO      - batch 540/947 loss=2.686 bpb=1.596
[2026-03-25 15:47:07] INFO      - batch 550/947 loss=2.688 bpb=1.596
[2026-03-25 15:47:11] INFO      - batch 560/947 loss=2.687 bpb=1.596
[2026-03-25 15:47:15] INFO      - batch 570/947 loss=2.686 bpb=1.595
[2026-03-25 15:47:19] INFO      - batch 580/947 loss=2.687 bpb=1.595
[2026-03-25 15:47:23] INFO      - batch 590/947 loss=2.686 bpb=1.594
[2026-03-25 15:47:27] INFO      - batch 600/947 loss=2.687 bpb=1.594
[2026-03-25 15:47:32] INFO      - batch 610/947 loss=2.687 bpb=1.594
[2026-03-25 15:47:36] INFO      - batch 620/947 loss=2.686 bpb=1.593
[2026-03-25 15:47:40] INFO      - batch 630/947 loss=2.685 bpb=1.593
[2026-03-25 15:47:44] INFO      - batch 640/947 loss=2.685 bpb=1.592
[2026-03-25 15:47:48] INFO      - batch 650/947 loss=2.685 bpb=1.591
[2026-03-25 15:47:52] INFO      - batch 660/947 loss=2.684 bpb=1.590
[2026-03-25 15:47:56] INFO      - batch 670/947 loss=2.684 bpb=1.590
[2026-03-25 15:48:00] INFO      - batch 680/947 loss=2.684 bpb=1.590
[2026-03-25 15:48:05] INFO      - batch 690/947 loss=2.684 bpb=1.590
[2026-03-25 15:48:09] INFO      - batch 700/947 loss=2.684 bpb=1.590
[2026-03-25 15:48:13] INFO      - batch 710/947 loss=2.684 bpb=1.591
[2026-03-25 15:48:17] INFO      - batch 720/947 loss=2.684 bpb=1.591
[2026-03-25 15:48:21] INFO      - batch 730/947 loss=2.684 bpb=1.591
[2026-03-25 15:48:25] INFO      - batch 740/947 loss=2.685 bpb=1.592
[2026-03-25 15:48:29] INFO      - batch 750/947 loss=2.685 bpb=1.593
[2026-03-25 15:48:33] INFO      - batch 760/947 loss=2.685 bpb=1.593
[2026-03-25 15:48:37] INFO      - batch 770/947 loss=2.685 bpb=1.593
[2026-03-25 15:48:42] INFO      - batch 780/947 loss=2.686 bpb=1.594
[2026-03-25 15:48:46] INFO      - batch 790/947 loss=2.686 bpb=1.594
[2026-03-25 15:48:50] INFO      - batch 800/947 loss=2.687 bpb=1.594
[2026-03-25 15:48:54] INFO      - batch 810/947 loss=2.687 bpb=1.594
[2026-03-25 15:48:58] INFO      - batch 820/947 loss=2.688 bpb=1.594
[2026-03-25 15:49:02] INFO      - batch 830/947 loss=2.688 bpb=1.594
[2026-03-25 15:49:06] INFO      - batch 840/947 loss=2.688 bpb=1.594
[2026-03-25 15:49:10] INFO      - batch 850/947 loss=2.689 bpb=1.594
[2026-03-25 15:49:15] INFO      - batch 860/947 loss=2.689 bpb=1.594
[2026-03-25 15:49:19] INFO      - batch 870/947 loss=2.689 bpb=1.594
[2026-03-25 15:49:23] INFO      - batch 880/947 loss=2.689 bpb=1.593
[2026-03-25 15:49:27] INFO      - batch 890/947 loss=2.689 bpb=1.593
[2026-03-25 15:49:31] INFO      - batch 900/947 loss=2.688 bpb=1.593
[2026-03-25 15:49:35] INFO      - batch 910/947 loss=2.688 bpb=1.593
[2026-03-25 15:49:39] INFO      - batch 920/947 loss=2.688 bpb=1.592
[2026-03-25 15:49:43] INFO      - batch 930/947 loss=2.688 bpb=1.592
[2026-03-25 15:49:47] INFO      - batch 940/947 loss=2.687 bpb=1.592
[2026-03-25 15:49:50] INFO      - batch 947/947 loss=2.687 bpb=1.592
[2026-03-25 15:49:50] INFO     nvfp4 eval complete: val_bpb=1.592 compressed_bytes=11,685,051 in 390.0s
[2026-03-25 15:49:50] INFO     Report saved to /home/kingsley/projects/golf-research/experiments/005-mlp-3x/artifacts_1x_gb10/eval_report.json
