Overrides saved to artifacts/overrides.yaml
Running experiment: 002-longer-warmdown (1 GPU(s))
[2026-03-25 11:16:45] INFO     Training stages: ['pre_training']
[2026-03-25 11:16:45] INFO     Device: cuda:0, distributed: False
[2026-03-25 11:16:45] INFO     Starting stage: pre_training
[2026-03-25 11:16:45] WARNING  Could not build tokenizer for 'baseline': Not found: "/workspace/parameter-golf/data/tokenizers/fineweb_1024_bpe.model": No such file or directory Error #2
[2026-03-25 11:16:45] INFO     Seed: 1988961195
[2026-03-25 11:16:45] INFO     GradientAccumulation auto-computed gradient_accumulation_steps=8 (micro_batch_size=16, full_batch_size=128)
[2026-03-25 11:16:45] INFO     Loaded 80 shards from /home/kingsley/github/parameter-golf/data/datasets/fineweb10B_sp1024/fineweb_train_*.bin (8.00B tokens)
[2026-03-25 11:16:45] INFO     DecoderTransformer params=17.05M non_emb_params=16.53M
[2026-03-25 11:16:45] INFO     DecoderTransformerTrainer grad_accum=8 compile(dynamic=False, fullgraph=True)
[2026-03-25 11:16:45] INFO     LayerWiseOptimiser groups=3 params=17,051,208
[2026-03-25 11:16:45] INFO      - embedding: Adam lr=0.0500 betas=(0.9000, 0.9500) layers=1 params=524,288
[2026-03-25 11:16:45] INFO      - block_scalars: Adam lr=0.0400 betas=(0.9000, 0.9500) layers=32 params=11,848
[2026-03-25 11:16:45] INFO      - default: Muon lr=0.0400 momentum=0.9500 layers=54 params=16,515,072 features=[HyperparameterSchedule(parameter=momentum, initial=0.8500, final=0.9500, scheduler=LinearLR(start_factor=0.3333, end_factor=1.0000, total_iters=500))]
[2026-03-25 11:16:45] INFO     WallclockWarmdownScheduler decay_type=linear base_lrs=[0.0500, 0.0400, 0.0400]
[2026-03-25 11:16:45] INFO     Model trainer features: CompileDiagnostics, Autocast(dtype=bfloat16), CUDABackend(tf32=True, sdp=flash)
[2026-03-25 11:16:45] INFO     torch.compile diagnostics enabled - stats will be reported after the first training step
[2026-03-25 11:16:45] INFO     Training features: SystemDiagnostics(console, artifacts/system.json), ConfigSnapshot(artifacts/experiment.yaml), GradientAccumulation(grad_accum=8, micro_batch=16, full_batch=128), SpeedMonitor, MemoryProfiler, Checkpointer, MetricsLogger(artifacts/metrics.jsonl), ConsoleLogger
[2026-03-25 11:16:45] INFO     Host: spark-2004 cpus=20 ram=119.7GB
[2026-03-25 11:16:45] INFO     Software: python=3.12.12 pytorch=2.10.0+cu130 cuda=13.0
[2026-03-25 11:16:45] INFO      - GPU 0: NVIDIA GB10 memory=119.7GB SMs=48 compute=12.1
[2026-03-25 11:16:45] INFO     Saved resolved config to artifacts/experiment.yaml
[2026-03-25 11:16:45] INFO     Running 10 warmup steps
[2026-03-25 11:16:48] INFO     Compiled model active
[2026-03-25 11:16:48] INFO     torch.compile diagnostics | graphs=5 | graph breaks=0
[2026-03-25 11:16:48] INFO     No graph breaks detected
[2026-03-25 11:16:48] INFO      - warmup step 1/10 2.8s
[2026-03-25 11:16:49] INFO     torch.compile step timing | first=0.4272s (incl. compilation) | second=0.1206s (compiled)
[2026-03-25 11:16:49] INFO      - warmup step 2/10 0.9s
[2026-03-25 11:16:50] INFO      - warmup step 3/10 0.9s
[2026-03-25 11:16:51] INFO      - warmup step 4/10 0.9s
[2026-03-25 11:16:52] INFO      - warmup step 5/10 0.9s
[2026-03-25 11:16:53] INFO      - warmup step 6/10 0.9s
[2026-03-25 11:16:53] INFO      - warmup step 7/10 0.9s
[2026-03-25 11:16:54] INFO      - warmup step 8/10 0.9s
[2026-03-25 11:16:55] INFO      - warmup step 9/10 0.9s
[2026-03-25 11:16:56] INFO      - warmup step 10/10 0.9s
[2026-03-25 11:16:56] INFO     Warmup complete in 10.9s
[2026-03-25 11:16:56] INFO     Starting training total_batch_tokens=131,072 params=17.05M
[2026-03-25 11:16:56] INFO     Starting epoch 1
[2026-03-25 11:17:05] INFO     step=10 | epoch=1 | ce_loss=6.500 | gpu_peak_allocated_gb=3.420 | gpu_peak_reserved_gb=3.542 | gpu_reserved_gb=3.542 | loss=6.500 | lr=0.0248 | ms_per_step=864.0 | flops_per_sec=1.55E+13 | tokens_per_sec=151,706 | tokens_seen=1.31M | total_flops=134.10T
[2026-03-25 11:17:14] INFO     step=20 | epoch=1 | ce_loss=5.531 | gpu_peak_allocated_gb=3.420 | gpu_peak_reserved_gb=3.542 | gpu_reserved_gb=3.542 | loss=5.531 | lr=0.0174 | ms_per_step=865.0 | flops_per_sec=1.55E+13 | tokens_per_sec=151,527 | tokens_seen=2.62M | total_flops=268.19T
[2026-03-25 11:17:23] INFO     step=30 | epoch=1 | ce_loss=4.706 | gpu_peak_allocated_gb=3.420 | gpu_peak_reserved_gb=3.542 | gpu_reserved_gb=3.542 | loss=4.706 | lr=0.0150 | ms_per_step=865.1 | flops_per_sec=1.55E+13 | tokens_per_sec=151,509 | tokens_seen=3.93M | total_flops=402.29T
[2026-03-25 11:17:32] INFO     step=40 | epoch=1 | ce_loss=4.416 | gpu_peak_allocated_gb=3.420 | gpu_peak_reserved_gb=3.542 | gpu_reserved_gb=3.542 | loss=4.416 | lr=0.0137 | ms_per_step=866.2 | flops_per_sec=1.55E+13 | tokens_per_sec=151,311 | tokens_seen=5.24M | total_flops=536.38T
[2026-03-25 11:17:40] INFO     step=50 | epoch=1 | ce_loss=4.148 | gpu_peak_allocated_gb=3.420 | gpu_peak_reserved_gb=3.542 | gpu_reserved_gb=3.542 | loss=4.148 | lr=0.0128 | ms_per_step=866.6 | flops_per_sec=1.55E+13 | tokens_per_sec=151,242 | tokens_seen=6.55M | total_flops=670.48T
[2026-03-25 11:17:49] INFO     step=60 | epoch=1 | ce_loss=3.931 | gpu_peak_allocated_gb=3.420 | gpu_peak_reserved_gb=3.542 | gpu_reserved_gb=3.542 | loss=3.931 | lr=0.0122 | ms_per_step=867.3 | flops_per_sec=1.55E+13 | tokens_per_sec=151,122 | tokens_seen=7.86M | total_flops=804.58T
[2026-03-25 11:17:58] INFO     step=70 | epoch=1 | ce_loss=3.750 | gpu_peak_allocated_gb=3.420 | gpu_peak_reserved_gb=3.542 | gpu_reserved_gb=3.542 | loss=3.750 | lr=0.0118 | ms_per_step=867.5 | flops_per_sec=1.55E+13 | tokens_per_sec=151,094 | tokens_seen=9.18M | total_flops=938.67T
[2026-03-25 11:18:07] INFO     step=80 | epoch=1 | ce_loss=3.612 | gpu_peak_allocated_gb=3.420 | gpu_peak_reserved_gb=3.542 | gpu_reserved_gb=3.542 | loss=3.612 | lr=0.0114 | ms_per_step=867.8 | flops_per_sec=1.55E+13 | tokens_per_sec=151,039 | tokens_seen=10.49M | total_flops=1.07P
[2026-03-25 11:18:16] INFO     step=90 | epoch=1 | ce_loss=3.525 | gpu_peak_allocated_gb=3.420 | gpu_peak_reserved_gb=3.542 | gpu_reserved_gb=3.542 | loss=3.525 | lr=0.0110 | ms_per_step=868.3 | flops_per_sec=1.54E+13 | tokens_per_sec=150,956 | tokens_seen=11.80M | total_flops=1.21P
[2026-03-25 11:18:25] INFO     step=100 | epoch=1 | ce_loss=3.492 | gpu_peak_allocated_gb=3.420 | gpu_peak_reserved_gb=3.542 | gpu_reserved_gb=3.542 | loss=3.492 | lr=0.0107 | ms_per_step=868.5 | flops_per_sec=1.54E+13 | tokens_per_sec=150,912 | tokens_seen=13.11M | total_flops=1.34P
[2026-03-25 11:18:34] INFO     step=110 | epoch=1 | ce_loss=3.430 | gpu_peak_allocated_gb=3.420 | gpu_peak_reserved_gb=3.542 | gpu_reserved_gb=3.542 | loss=3.430 | lr=0.0104 | ms_per_step=869.0 | flops_per_sec=1.54E+13 | tokens_per_sec=150,835 | tokens_seen=14.42M | total_flops=1.48P
[2026-03-25 11:18:43] INFO     step=120 | epoch=1 | ce_loss=3.407 | gpu_peak_allocated_gb=3.420 | gpu_peak_reserved_gb=3.542 | gpu_reserved_gb=3.542 | loss=3.407 | lr=0.0102 | ms_per_step=869.3 | flops_per_sec=1.54E+13 | tokens_per_sec=150,775 | tokens_seen=15.73M | total_flops=1.61P
[2026-03-25 11:18:51] INFO     step=130 | epoch=1 | ce_loss=3.344 | gpu_peak_allocated_gb=3.420 | gpu_peak_reserved_gb=3.542 | gpu_reserved_gb=3.542 | loss=3.344 | lr=0.0099 | ms_per_step=869.5 | flops_per_sec=1.54E+13 | tokens_per_sec=150,747 | tokens_seen=17.04M | total_flops=1.74P
[2026-03-25 11:19:00] INFO     step=140 | epoch=1 | ce_loss=3.287 | gpu_peak_allocated_gb=3.420 | gpu_peak_reserved_gb=3.542 | gpu_reserved_gb=3.542 | loss=3.287 | lr=0.0097 | ms_per_step=869.7 | flops_per_sec=1.54E+13 | tokens_per_sec=150,717 | tokens_seen=18.35M | total_flops=1.88P
[2026-03-25 11:19:09] INFO     step=150 | epoch=1 | ce_loss=3.238 | gpu_peak_allocated_gb=3.420 | gpu_peak_reserved_gb=3.542 | gpu_reserved_gb=3.542 | loss=3.238 | lr=0.0094 | ms_per_step=869.8 | flops_per_sec=1.54E+13 | tokens_per_sec=150,697 | tokens_seen=19.66M | total_flops=2.01P
[2026-03-25 11:19:18] INFO     step=160 | epoch=1 | ce_loss=3.221 | gpu_peak_allocated_gb=3.420 | gpu_peak_reserved_gb=3.542 | gpu_reserved_gb=3.542 | loss=3.221 | lr=0.0092 | ms_per_step=869.9 | flops_per_sec=1.54E+13 | tokens_per_sec=150,673 | tokens_seen=20.97M | total_flops=2.15P
[2026-03-25 11:19:27] INFO     step=170 | epoch=1 | ce_loss=3.112 | gpu_peak_allocated_gb=3.420 | gpu_peak_reserved_gb=3.542 | gpu_reserved_gb=3.542 | loss=3.112 | lr=0.0090 | ms_per_step=870.0 | flops_per_sec=1.54E+13 | tokens_per_sec=150,651 | tokens_seen=22.28M | total_flops=2.28P
[2026-03-25 11:19:36] INFO     step=180 | epoch=1 | ce_loss=3.140 | gpu_peak_allocated_gb=3.420 | gpu_peak_reserved_gb=3.542 | gpu_reserved_gb=3.542 | loss=3.140 | lr=0.0088 | ms_per_step=870.1 | flops_per_sec=1.54E+13 | tokens_per_sec=150,646 | tokens_seen=23.59M | total_flops=2.41P
[2026-03-25 11:19:45] INFO     step=190 | epoch=1 | ce_loss=3.107 | gpu_peak_allocated_gb=3.420 | gpu_peak_reserved_gb=3.542 | gpu_reserved_gb=3.542 | loss=3.107 | lr=0.0086 | ms_per_step=870.1 | flops_per_sec=1.54E+13 | tokens_per_sec=150,636 | tokens_seen=24.90M | total_flops=2.55P
[2026-03-25 11:19:54] INFO     step=200 | epoch=1 | ce_loss=3.056 | gpu_peak_allocated_gb=3.420 | gpu_peak_reserved_gb=3.542 | gpu_reserved_gb=3.542 | loss=3.056 | lr=0.0084 | ms_per_step=870.2 | flops_per_sec=1.54E+13 | tokens_per_sec=150,623 | tokens_seen=26.21M | total_flops=2.68P
[2026-03-25 11:20:03] INFO     step=210 | epoch=1 | ce_loss=3.033 | gpu_peak_allocated_gb=3.420 | gpu_peak_reserved_gb=3.542 | gpu_reserved_gb=3.542 | loss=3.033 | lr=0.0082 | ms_per_step=870.2 | flops_per_sec=1.54E+13 | tokens_per_sec=150,620 | tokens_seen=27.53M | total_flops=2.82P
[2026-03-25 11:20:11] INFO     step=220 | epoch=1 | ce_loss=2.996 | gpu_peak_allocated_gb=3.420 | gpu_peak_reserved_gb=3.542 | gpu_reserved_gb=3.542 | loss=2.996 | lr=0.0080 | ms_per_step=870.3 | flops_per_sec=1.54E+13 | tokens_per_sec=150,613 | tokens_seen=28.84M | total_flops=2.95P
[2026-03-25 11:20:20] INFO     step=230 | epoch=1 | ce_loss=2.952 | gpu_peak_allocated_gb=3.420 | gpu_peak_reserved_gb=3.542 | gpu_reserved_gb=3.542 | loss=2.952 | lr=0.0078 | ms_per_step=870.4 | flops_per_sec=1.54E+13 | tokens_per_sec=150,593 | tokens_seen=30.15M | total_flops=3.08P
[2026-03-25 11:20:29] INFO     step=240 | epoch=1 | ce_loss=2.949 | gpu_peak_allocated_gb=3.420 | gpu_peak_reserved_gb=3.542 | gpu_reserved_gb=3.542 | loss=2.949 | lr=0.0076 | ms_per_step=870.4 | flops_per_sec=1.54E+13 | tokens_per_sec=150,592 | tokens_seen=31.46M | total_flops=3.22P
[2026-03-25 11:20:38] INFO     step=250 | epoch=1 | ce_loss=2.947 | gpu_peak_allocated_gb=3.420 | gpu_peak_reserved_gb=3.542 | gpu_reserved_gb=3.542 | loss=2.947 | lr=0.0074 | ms_per_step=870.5 | flops_per_sec=1.54E+13 | tokens_per_sec=150,578 | tokens_seen=32.77M | total_flops=3.35P
[2026-03-25 11:20:47] INFO     step=260 | epoch=1 | ce_loss=2.900 | gpu_peak_allocated_gb=3.420 | gpu_peak_reserved_gb=3.542 | gpu_reserved_gb=3.542 | loss=2.900 | lr=0.0072 | ms_per_step=870.4 | flops_per_sec=1.54E+13 | tokens_per_sec=150,582 | tokens_seen=34.08M | total_flops=3.49P
[2026-03-25 11:20:56] INFO     step=270 | epoch=1 | ce_loss=2.898 | gpu_peak_allocated_gb=3.420 | gpu_peak_reserved_gb=3.542 | gpu_reserved_gb=3.542 | loss=2.898 | lr=0.0071 | ms_per_step=870.5 | flops_per_sec=1.54E+13 | tokens_per_sec=150,564 | tokens_seen=35.39M | total_flops=3.62P
[2026-03-25 11:21:05] INFO     step=280 | epoch=1 | ce_loss=2.792 | gpu_peak_allocated_gb=3.420 | gpu_peak_reserved_gb=3.542 | gpu_reserved_gb=3.542 | loss=2.792 | lr=0.0069 | ms_per_step=870.6 | flops_per_sec=1.54E+13 | tokens_per_sec=150,560 | tokens_seen=36.70M | total_flops=3.75P
[2026-03-25 11:21:14] INFO     step=290 | epoch=1 | ce_loss=2.851 | gpu_peak_allocated_gb=3.420 | gpu_peak_reserved_gb=3.542 | gpu_reserved_gb=3.542 | loss=2.851 | lr=0.0067 | ms_per_step=870.6 | flops_per_sec=1.54E+13 | tokens_per_sec=150,553 | tokens_seen=38.01M | total_flops=3.89P
[2026-03-25 11:21:23] INFO     step=300 | epoch=1 | ce_loss=2.871 | gpu_peak_allocated_gb=3.420 | gpu_peak_reserved_gb=3.542 | gpu_reserved_gb=3.542 | loss=2.871 | lr=0.0065 | ms_per_step=870.6 | flops_per_sec=1.54E+13 | tokens_per_sec=150,549 | tokens_seen=39.32M | total_flops=4.02P
[2026-03-25 11:21:31] INFO     step=310 | epoch=1 | ce_loss=2.828 | gpu_peak_allocated_gb=3.420 | gpu_peak_reserved_gb=3.542 | gpu_reserved_gb=3.542 | loss=2.828 | lr=0.0063 | ms_per_step=870.7 | flops_per_sec=1.54E+13 | tokens_per_sec=150,529 | tokens_seen=40.63M | total_flops=4.16P
[2026-03-25 11:21:40] INFO     step=320 | epoch=1 | ce_loss=2.854 | gpu_peak_allocated_gb=3.420 | gpu_peak_reserved_gb=3.542 | gpu_reserved_gb=3.542 | loss=2.854 | lr=0.0061 | ms_per_step=870.7 | flops_per_sec=1.54E+13 | tokens_per_sec=150,528 | tokens_seen=41.94M | total_flops=4.29P
[2026-03-25 11:21:49] INFO     step=330 | epoch=1 | ce_loss=2.818 | gpu_peak_allocated_gb=3.420 | gpu_peak_reserved_gb=3.542 | gpu_reserved_gb=3.542 | loss=2.818 | lr=0.0060 | ms_per_step=870.7 | flops_per_sec=1.54E+13 | tokens_per_sec=150,539 | tokens_seen=43.25M | total_flops=4.43P
[2026-03-25 11:21:58] INFO     step=340 | epoch=1 | ce_loss=2.807 | gpu_peak_allocated_gb=3.420 | gpu_peak_reserved_gb=3.542 | gpu_reserved_gb=3.542 | loss=2.807 | lr=0.0058 | ms_per_step=870.6 | flops_per_sec=1.54E+13 | tokens_per_sec=150,546 | tokens_seen=44.56M | total_flops=4.56P
[2026-03-25 11:22:07] INFO     step=350 | epoch=1 | ce_loss=2.780 | gpu_peak_allocated_gb=3.420 | gpu_peak_reserved_gb=3.542 | gpu_reserved_gb=3.542 | loss=2.780 | lr=0.0056 | ms_per_step=870.6 | flops_per_sec=1.54E+13 | tokens_per_sec=150,557 | tokens_seen=45.88M | total_flops=4.69P
[2026-03-25 11:22:16] INFO     step=360 | epoch=1 | ce_loss=2.831 | gpu_peak_allocated_gb=3.420 | gpu_peak_reserved_gb=3.542 | gpu_reserved_gb=3.542 | loss=2.831 | lr=0.0054 | ms_per_step=870.5 | flops_per_sec=1.54E+13 | tokens_per_sec=150,562 | tokens_seen=47.19M | total_flops=4.83P
[2026-03-25 11:22:25] INFO     step=370 | epoch=1 | ce_loss=2.779 | gpu_peak_allocated_gb=3.420 | gpu_peak_reserved_gb=3.542 | gpu_reserved_gb=3.542 | loss=2.779 | lr=0.0053 | ms_per_step=870.5 | flops_per_sec=1.54E+13 | tokens_per_sec=150,570 | tokens_seen=48.50M | total_flops=4.96P
[2026-03-25 11:22:33] INFO     step=380 | epoch=1 | ce_loss=2.792 | gpu_peak_allocated_gb=3.420 | gpu_peak_reserved_gb=3.542 | gpu_reserved_gb=3.542 | loss=2.792 | lr=0.0051 | ms_per_step=870.5 | flops_per_sec=1.54E+13 | tokens_per_sec=150,578 | tokens_seen=49.81M | total_flops=5.10P
[2026-03-25 11:22:42] INFO     step=390 | epoch=1 | ce_loss=2.757 | gpu_peak_allocated_gb=3.420 | gpu_peak_reserved_gb=3.542 | gpu_reserved_gb=3.542 | loss=2.757 | lr=0.0049 | ms_per_step=870.4 | flops_per_sec=1.54E+13 | tokens_per_sec=150,592 | tokens_seen=51.12M | total_flops=5.23P
[2026-03-25 11:22:51] INFO     step=400 | epoch=1 | ce_loss=2.728 | gpu_peak_allocated_gb=3.420 | gpu_peak_reserved_gb=3.542 | gpu_reserved_gb=3.542 | loss=2.728 | lr=0.0047 | ms_per_step=870.4 | flops_per_sec=1.54E+13 | tokens_per_sec=150,591 | tokens_seen=52.43M | total_flops=5.36P
[2026-03-25 11:23:00] INFO     step=410 | epoch=1 | ce_loss=2.765 | gpu_peak_allocated_gb=3.420 | gpu_peak_reserved_gb=3.542 | gpu_reserved_gb=3.542 | loss=2.765 | lr=0.0046 | ms_per_step=870.5 | flops_per_sec=1.54E+13 | tokens_per_sec=150,573 | tokens_seen=53.74M | total_flops=5.50P
[2026-03-25 11:23:09] INFO     step=420 | epoch=1 | ce_loss=2.785 | gpu_peak_allocated_gb=3.420 | gpu_peak_reserved_gb=3.542 | gpu_reserved_gb=3.542 | loss=2.785 | lr=0.0044 | ms_per_step=870.5 | flops_per_sec=1.54E+13 | tokens_per_sec=150,565 | tokens_seen=55.05M | total_flops=5.63P
[2026-03-25 11:23:18] INFO     step=430 | epoch=1 | ce_loss=2.751 | gpu_peak_allocated_gb=3.420 | gpu_peak_reserved_gb=3.542 | gpu_reserved_gb=3.542 | loss=2.751 | lr=0.0042 | ms_per_step=870.6 | flops_per_sec=1.54E+13 | tokens_per_sec=150,561 | tokens_seen=56.36M | total_flops=5.77P
[2026-03-25 11:23:27] INFO     step=440 | epoch=1 | ce_loss=2.767 | gpu_peak_allocated_gb=3.420 | gpu_peak_reserved_gb=3.542 | gpu_reserved_gb=3.542 | loss=2.767 | lr=0.0040 | ms_per_step=870.6 | flops_per_sec=1.54E+13 | tokens_per_sec=150,552 | tokens_seen=57.67M | total_flops=5.90P
[2026-03-25 11:23:36] INFO     step=450 | epoch=1 | ce_loss=2.747 | gpu_peak_allocated_gb=3.420 | gpu_peak_reserved_gb=3.542 | gpu_reserved_gb=3.542 | loss=2.747 | lr=0.0039 | ms_per_step=870.6 | flops_per_sec=1.54E+13 | tokens_per_sec=150,550 | tokens_seen=58.98M | total_flops=6.03P
[2026-03-25 11:23:45] INFO     step=460 | epoch=1 | ce_loss=2.715 | gpu_peak_allocated_gb=3.420 | gpu_peak_reserved_gb=3.542 | gpu_reserved_gb=3.542 | loss=2.715 | lr=0.0037 | ms_per_step=870.7 | flops_per_sec=1.54E+13 | tokens_per_sec=150,544 | tokens_seen=60.29M | total_flops=6.17P
[2026-03-25 11:23:53] INFO     step=470 | epoch=1 | ce_loss=2.695 | gpu_peak_allocated_gb=3.420 | gpu_peak_reserved_gb=3.542 | gpu_reserved_gb=3.542 | loss=2.695 | lr=0.0035 | ms_per_step=870.7 | flops_per_sec=1.54E+13 | tokens_per_sec=150,544 | tokens_seen=61.60M | total_flops=6.30P
[2026-03-25 11:24:02] INFO     step=480 | epoch=1 | ce_loss=2.673 | gpu_peak_allocated_gb=3.420 | gpu_peak_reserved_gb=3.542 | gpu_reserved_gb=3.542 | loss=2.673 | lr=0.0034 | ms_per_step=870.7 | flops_per_sec=1.54E+13 | tokens_per_sec=150,533 | tokens_seen=62.91M | total_flops=6.44P
[2026-03-25 11:24:11] INFO     step=490 | epoch=1 | ce_loss=2.669 | gpu_peak_allocated_gb=3.420 | gpu_peak_reserved_gb=3.542 | gpu_reserved_gb=3.542 | loss=2.669 | lr=0.0032 | ms_per_step=870.7 | flops_per_sec=1.54E+13 | tokens_per_sec=150,541 | tokens_seen=64.23M | total_flops=6.57P
[2026-03-25 11:24:20] INFO     step=500 | epoch=1 | ce_loss=2.691 | gpu_peak_allocated_gb=3.420 | gpu_peak_reserved_gb=3.542 | gpu_reserved_gb=3.542 | loss=2.691 | lr=0.0030 | ms_per_step=870.6 | flops_per_sec=1.54E+13 | tokens_per_sec=150,556 | tokens_seen=65.54M | total_flops=6.70P
[2026-03-25 11:24:29] INFO     step=510 | epoch=1 | ce_loss=2.644 | gpu_peak_allocated_gb=3.420 | gpu_peak_reserved_gb=3.542 | gpu_reserved_gb=3.542 | loss=2.644 | lr=0.0028 | ms_per_step=870.5 | flops_per_sec=1.54E+13 | tokens_per_sec=150,563 | tokens_seen=66.85M | total_flops=6.84P
[2026-03-25 11:24:38] INFO     step=520 | epoch=1 | ce_loss=2.679 | gpu_peak_allocated_gb=3.420 | gpu_peak_reserved_gb=3.542 | gpu_reserved_gb=3.542 | loss=2.679 | lr=0.0027 | ms_per_step=870.5 | flops_per_sec=1.54E+13 | tokens_per_sec=150,569 | tokens_seen=68.16M | total_flops=6.97P
[2026-03-25 11:24:47] INFO     step=530 | epoch=1 | ce_loss=2.631 | gpu_peak_allocated_gb=3.420 | gpu_peak_reserved_gb=3.542 | gpu_reserved_gb=3.542 | loss=2.631 | lr=0.0025 | ms_per_step=870.5 | flops_per_sec=1.54E+13 | tokens_per_sec=150,577 | tokens_seen=69.47M | total_flops=7.11P
[2026-03-25 11:24:55] INFO     step=540 | epoch=1 | ce_loss=2.672 | gpu_peak_allocated_gb=3.420 | gpu_peak_reserved_gb=3.542 | gpu_reserved_gb=3.542 | loss=2.672 | lr=0.0023 | ms_per_step=870.4 | flops_per_sec=1.54E+13 | tokens_per_sec=150,583 | tokens_seen=70.78M | total_flops=7.24P
[2026-03-25 11:25:04] INFO     step=550 | epoch=1 | ce_loss=2.690 | gpu_peak_allocated_gb=3.420 | gpu_peak_reserved_gb=3.542 | gpu_reserved_gb=3.542 | loss=2.690 | lr=0.0022 | ms_per_step=870.4 | flops_per_sec=1.54E+13 | tokens_per_sec=150,592 | tokens_seen=72.09M | total_flops=7.38P
[2026-03-25 11:25:13] INFO     step=560 | epoch=1 | ce_loss=2.660 | gpu_peak_allocated_gb=3.420 | gpu_peak_reserved_gb=3.542 | gpu_reserved_gb=3.542 | loss=2.660 | lr=0.0020 | ms_per_step=870.4 | flops_per_sec=1.54E+13 | tokens_per_sec=150,594 | tokens_seen=73.40M | total_flops=7.51P
[2026-03-25 11:25:22] INFO     step=570 | epoch=1 | ce_loss=2.655 | gpu_peak_allocated_gb=3.420 | gpu_peak_reserved_gb=3.542 | gpu_reserved_gb=3.542 | loss=2.655 | lr=0.0018 | ms_per_step=870.3 | flops_per_sec=1.54E+13 | tokens_per_sec=150,600 | tokens_seen=74.71M | total_flops=7.64P
[2026-03-25 11:25:31] INFO     step=580 | epoch=1 | ce_loss=2.676 | gpu_peak_allocated_gb=3.420 | gpu_peak_reserved_gb=3.542 | gpu_reserved_gb=3.542 | loss=2.676 | lr=0.0016 | ms_per_step=870.3 | flops_per_sec=1.54E+13 | tokens_per_sec=150,602 | tokens_seen=76.02M | total_flops=7.78P
[2026-03-25 11:25:40] INFO     step=590 | epoch=1 | ce_loss=2.640 | gpu_peak_allocated_gb=3.420 | gpu_peak_reserved_gb=3.542 | gpu_reserved_gb=3.542 | loss=2.640 | lr=0.0015 | ms_per_step=870.3 | flops_per_sec=1.54E+13 | tokens_per_sec=150,608 | tokens_seen=77.33M | total_flops=7.91P
[2026-03-25 11:25:49] INFO     step=600 | epoch=1 | ce_loss=2.650 | gpu_peak_allocated_gb=3.420 | gpu_peak_reserved_gb=3.542 | gpu_reserved_gb=3.542 | loss=2.650 | lr=0.0013 | ms_per_step=870.3 | flops_per_sec=1.54E+13 | tokens_per_sec=150,610 | tokens_seen=78.64M | total_flops=8.05P
[2026-03-25 11:25:57] INFO     step=610 | epoch=1 | ce_loss=2.633 | gpu_peak_allocated_gb=3.420 | gpu_peak_reserved_gb=3.542 | gpu_reserved_gb=3.542 | loss=2.633 | lr=0.0011 | ms_per_step=870.3 | flops_per_sec=1.54E+13 | tokens_per_sec=150,611 | tokens_seen=79.95M | total_flops=8.18P
[2026-03-25 11:26:06] INFO     step=620 | epoch=1 | ce_loss=2.587 | gpu_peak_allocated_gb=3.420 | gpu_peak_reserved_gb=3.542 | gpu_reserved_gb=3.542 | loss=2.587 | lr=0.0010 | ms_per_step=870.2 | flops_per_sec=1.54E+13 | tokens_per_sec=150,616 | tokens_seen=81.26M | total_flops=8.31P
[2026-03-25 11:26:15] INFO     step=630 | epoch=1 | ce_loss=2.609 | gpu_peak_allocated_gb=3.420 | gpu_peak_reserved_gb=3.542 | gpu_reserved_gb=3.542 | loss=2.609 | lr=0.0008 | ms_per_step=870.2 | flops_per_sec=1.54E+13 | tokens_per_sec=150,616 | tokens_seen=82.58M | total_flops=8.45P
[2026-03-25 11:26:24] INFO     step=640 | epoch=1 | ce_loss=2.637 | gpu_peak_allocated_gb=3.420 | gpu_peak_reserved_gb=3.542 | gpu_reserved_gb=3.542 | loss=2.637 | lr=0.0006 | ms_per_step=870.2 | flops_per_sec=1.54E+13 | tokens_per_sec=150,621 | tokens_seen=83.89M | total_flops=8.58P
[2026-03-25 11:26:33] INFO     step=650 | epoch=1 | ce_loss=2.563 | gpu_peak_allocated_gb=3.420 | gpu_peak_reserved_gb=3.542 | gpu_reserved_gb=3.542 | loss=2.563 | lr=0.0005 | ms_per_step=870.2 | flops_per_sec=1.54E+13 | tokens_per_sec=150,626 | tokens_seen=85.20M | total_flops=8.72P
[2026-03-25 11:26:42] INFO     step=660 | epoch=1 | ce_loss=2.604 | gpu_peak_allocated_gb=3.420 | gpu_peak_reserved_gb=3.542 | gpu_reserved_gb=3.542 | loss=2.604 | lr=0.0003 | ms_per_step=870.2 | flops_per_sec=1.54E+13 | tokens_per_sec=150,626 | tokens_seen=86.51M | total_flops=8.85P
[2026-03-25 11:26:51] INFO     step=670 | epoch=1 | ce_loss=2.626 | gpu_peak_allocated_gb=3.420 | gpu_peak_reserved_gb=3.542 | gpu_reserved_gb=3.542 | loss=2.626 | lr=0.0001 | ms_per_step=870.2 | flops_per_sec=1.54E+13 | tokens_per_sec=150,626 | tokens_seen=87.82M | total_flops=8.98P
[2026-03-25 11:26:57] INFO     Reached training limit during epoch 1
[2026-03-25 11:26:57] INFO     Saved model checkpoint to artifacts/checkpoint/step_677_final_model
[2026-03-25 11:26:57] INFO     step=677 | epoch=1 | ce_loss=2.594 | gpu_peak_allocated_gb=3.420 | gpu_peak_reserved_gb=3.542 | gpu_reserved_gb=3.542 | loss=2.594 | lr=3.56E-06 | ms_per_step=870.2 | flops_per_sec=1.54E+13 | tokens_per_sec=150,623 | tokens_seen=88.74M | total_flops=9.08P
[2026-03-25 11:26:57] INFO     Training complete: 677 steps, 88.74M tokens in 10m0.7s
[2026-03-25 11:26:57] INFO     Stage complete: pre_training at step 677
[2026-03-25 11:26:57] INFO     Training complete
Checkpoint found - training succeeded
Running evaluation: 002-longer-warmdown (1 GPU(s))
[2026-03-25 11:27:00] INFO     Eval config: checkpoints=full=artifacts/checkpoint device=cuda:0 sequence_length=1024 batch_size=64 world_size=1
[2026-03-25 11:27:00] INFO     Tokenizer: /home/kingsley/github/parameter-golf/data/tokenizers/fineweb_1024_bpe.model
[2026-03-25 11:27:00] INFO     Validation data: /home/kingsley/github/parameter-golf/data/datasets/fineweb10B_sp1024/fineweb_val_*.bin
[2026-03-25 11:27:00] INFO     Loaded tokens=62.02M sequences=60.6K vocab_size=1024
[2026-03-25 11:27:00] INFO     Loading full-precision checkpoint
[2026-03-25 11:27:00] INFO     Loading checkpoint from artifacts/checkpoint/step_677_final_model
[2026-03-25 11:27:00] INFO     Loaded model from artifacts/checkpoint/step_677_final_model (17,051,208 parameters)
[2026-03-25 11:27:00] INFO     Running full-precision evaluation
[2026-03-25 11:27:05] INFO      - batch 10/947 loss=2.560 bpb=1.540
[2026-03-25 11:27:08] INFO      - batch 20/947 loss=2.580 bpb=1.542
[2026-03-25 11:27:12] INFO      - batch 30/947 loss=2.584 bpb=1.548
[2026-03-2Running evaluation: 002-longer-warmdown (1 GPU(s))
[2026-03-25 11:27:00] INFO     Eval config: checkpoints=full=artifacts/checkpoint device=cuda:0 sequence_length=1024 batch_size=64 world_size=1
[2026-03-25 11:27:00] INFO     Tokenizer: /home/kingsley/github/parameter-golf/data/tokenizers/fineweb_1024_bpe.model
[2026-03-25 11:27:00] INFO     Validation data: /home/kingsley/github/parameter-golf/data/datasets/fineweb10B_sp1024/fineweb_val_*.bin
[2026-03-25 11:27:00] INFO     Loaded tokens=62.02M sequences=60.6K vocab_size=1024
[2026-03-25 11:27:00] INFO     Loading full-precision checkpoint
[2026-03-25 11:27:00] INFO     Loading checkpoint from artifacts/checkpoint/step_677_final_model
[2026-03-25 11:27:00] INFO     Loaded model from artifacts/checkpoint/step_677_final_model (17,051,208 parameters)
[2026-03-25 11:27:00] INFO     Running full-precision evaluation
[2026-03-25 11:27:05] INFO      - batch 10/947 loss=2.560 bpb=1.540
[2026-03-25 11:27:08] INFO      - batch 20/947 loss=2.580 bpb=1.542
[2026-03-25 11:27:12] INFO      - batch 30/947 loss=2.584 bpb=1.548
[2026-03-25 11:27:16] INFO      - batch 40/947 loss=2.573 bpb=1.545
[2026-03-25 11:27:19] INFO      - batch 50/947 loss=2.575 bpb=1.547
[2026-03-25 11:27:23] INFO      - batch 60/947 loss=2.570 bpb=1.545
[2026-03-25 11:27:27] INFO      - batch 70/947 loss=2.570 bpb=1.542
[2026-03-25 11:27:30] INFO      - batch 80/947 loss=2.573 bpb=1.544
[2026-03-25 11:27:34] INFO      - batch 90/947 loss=2.578 bpb=1.546
[2026-03-25 11:27:38] INFO      - batch 100/947 loss=2.581 bpb=1.549
[2026-03-25 11:27:42] INFO      - batch 110/947 loss=2.582 bpb=1.549
[2026-03-25 11:27:45] INFO      - batch 120/947 loss=2.582 bpb=1.550
[2026-03-25 11:27:49] INFO      - batch 130/947 loss=2.581 bpb=1.550
[2026-03-25 11:27:53] INFO      - batch 140/947 loss=2.581 bpb=1.549
[2026-03-25 11:27:56] INFO      - batch 150/947 loss=2.583 bpb=1.548
[2026-03-25 11:28:00] INFO      - batch 160/947 loss=2.585 bpb=1.548
[2026-03-25 11:28:04] INFO      - batch 170/947 loss=2.586 bpb=1.547
[2026-03-25 11:28:08] INFO      - batch 180/947 loss=2.588 bpb=1.549
[2026-03-25 11:28:11] INFO      - batch 190/947 loss=2.589 bpb=1.548
[2026-03-25 11:28:15] INFO      - batch 200/947 loss=2.589 bpb=1.547
[2026-03-25 11:28:19] INFO      - batch 210/947 loss=2.589 bpb=1.546
[2026-03-25 11:28:22] INFO      - batch 220/947 loss=2.589 bpb=1.545
[2026-03-25 11:28:26] INFO      - batch 230/947 loss=2.590 bpb=1.544
[2026-03-25 11:28:30] INFO      - batch 240/947 loss=2.590 bpb=1.543
[2026-03-25 11:28:33] INFO      - batch 250/947 loss=2.591 bpb=1.542
[2026-03-25 11:28:37] INFO      - batch 260/947 loss=2.590 bpb=1.541
[2026-03-25 11:28:41] INFO      - batch 270/947 loss=2.591 bpb=1.541
[2026-03-25 11:28:45] INFO      - batch 280/947 loss=2.591 bpb=1.540
[2026-03-25 11:28:48] INFO      - batch 290/947 loss=2.589 bpb=1.539
[2026-03-25 11:28:52] INFO      - batch 300/947 loss=2.588 bpb=1.538
[2026-03-25 11:28:56] INFO      - batch 310/947 loss=2.588 bpb=1.537
[2026-03-25 11:28:59] INFO      - batch 320/947 loss=2.587 bpb=1.536
[2026-03-25 11:29:03] INFO      - batch 330/947 loss=2.586 bpb=1.535
[2026-03-25 11:29:07] INFO      - batch 340/947 loss=2.585 bpb=1.534
[2026-03-25 11:29:11] INFO      - batch 350/947 loss=2.585 bpb=1.533
[2026-03-25 11:29:14] INFO      - batch 360/947 loss=2.584 bpb=1.533
[2026-03-25 11:29:18] INFO      - batch 370/947 loss=2.585 bpb=1.533
[2026-03-25 11:29:22] INFO      - batch 380/947 loss=2.585 bpb=1.533
[2026-03-25 11:29:25] INFO      - batch 390/947 loss=2.584 bpb=1.533
[2026-03-25 11:29:29] INFO      - batch 400/947 loss=2.584 bpb=1.533
[2026-03-25 11:29:33] INFO      - batch 410/947 loss=2.583 bpb=1.533
[2026-03-25 11:29:37] INFO      - batch 420/947 loss=2.583 bpb=1.533
[2026-03-25 11:29:40] INFO      - batch 430/947 loss=2.583 bpb=1.533
[2026-03-25 11:29:44] INFO      - batch 440/947 loss=2.583 bpb=1.534
[2026-03-25 11:29:48] INFO      - batch 450/947 loss=2.582 bpb=1.534
[2026-03-25 11:29:51] INFO      - batch 460/947 loss=2.581 bpb=1.534
[2026-03-25 11:29:55] INFO      - batch 470/947 loss=2.585 11:27:16] INFO      - batch 40/947 loss=2.573 bpb=1.545
[2026-03-25 11:27:19] INFO      - batch 50/947 loss=2.575 bpb=1.547
[2026-03-25 11:27:23] INFO      - batch 60/947 loss=2.570 bpb=1.545
[2026-03-25 11:27:27] INFO      - batch 70/947 loss=2.570 bpb=1.542
[2026-03-25 11:27:30] INFO      - batch 80/947 loss=2.573 bpb=1.544
[2026-03-25 11:27:34] INFO      - batch 90/947 loss=2.578 bpb=1.546
[2026-03-25 11:27:38] INFO      - batch 100/947 loss=2.581 bpb=1.549
[2026-03-25 11:27:42] INFO      - batch 110/947 loss=2.582 bpb=1.549
[2026-03-25 11:27:45] INFO      - batch 120/947 loss=2.582 bpb=1.550
[2026-03-25 11:27:49] INFO      - batch 130/947 loss=2.581 bpb=1.550
[2026-03-25 11:27:53] INFO      - batch 140/947 loss=2.581 bpb=1.549
[2026-03-25 11:27:56] INFO      - batch 150/947 loss=2.583 bpb=1.548
[2026-03-25 11:28:00] INFO      - batch 160/947 loss=2.585 bpb=1.548
[2026-03-25 11:28:04] INFO      - batch 170/947 loss=2.586 bpb=1.547
[2026-03-25 11:28:08] INFO      - batch 180/947 loss=2.588 bpb=1.549
[2026-03-25 11:28:11] INFO      - batch 190/947 loss=2.589 bpb=1.548
[2026-03-25 11:28:15] INFO      - batch 200/947 loss=2.589 bpb=1.547
[2026-03-25 11:28:19] INFO      - batch 210/947 loss=2.589 bpb=1.546
[2026-03-25 11:28:22] INFO      - batch 220/947 loss=2.589 bpb=1.545
[2026-03-25 11:28:26] INFO      - batch 230/947 loss=2.590 bpb=1.544
[2026-03-25 11:28:30] INFO      - batch 240/947 loss=2.590 bpb=1.543
[2026-03-25 11:28:33] INFO      - batch 250/947 loss=2.591 bpb=1.542
[2026-03-25 11:28:37] INFO      - batch 260/947 loss=2.590 bpb=1.541
[2026-03-25 11:28:41] INFO      - batch 270/947 loss=2.591 bpb=1.541
[2026-03-25 11:28:45] INFO      - batch 280/947 loss=2.591 bpb=1.540
[2026-03-25 11:28:48] INFO      - batch 290/947 loss=2.589 bpb=1.539
[2026-03-25 11:28:52] INFO      - batch 300/947 loss=2.588 bpb=1.538
[2026-03-25 11:28:56] INFO      - batch 310/947 loss=2.588 bpb=1.537
[2026-03-25 11:28:59] INFO      - batch 320/947 loss=2.587 bpb=1.536
[2026-03-25 11:29:03] INFO      - batch 330/947 loss=2.586 bpb=1.535
[2026-03-25 11:29:07] INFO      - batch 340/947 loss=2.585 bpb=1.534
[2026-03-25 11:29:11] INFO      - batch 350/947 loss=2.585 bpb=1.533
[2026-03-25 11:29:14] INFO      - batch 360/947 loss=2.584 bpb=1.533
[2026-03-25 11:29:18] INFO      - batch 370/947 loss=2.585 bpb=1.533
[2026-03-25 11:29:22] INFO      - batch 380/947 loss=2.585 bpb=1.533
[2026-03-25 11:29:25] INFO      - batch 390/947 loss=2.584 bpb=1.533
[2026-03-25 11:29:29] INFO      - batch 400/947 loss=2.584 bpb=1.533
[2026-03-25 11:29:33] INFO      - batch 410/947 loss=2.583 bpb=1.533
[2026-03-25 11:29:37] INFO      - batch 420/947 loss=2.583 bpb=1.533
[2026-03-25 11:29:40] INFO      - batch 430/947 loss=2.583 bpb=1.533
[2026-03-25 11:29:44] INFO      - batch 440/947 loss=2.583 bpb=1.534
[2026-03-25 11:29:48] INFO      - batch 450/947 loss=2.582 bpb=1.534
[2026-03-25 11:29:51] INFO      - batch 460/947 loss=2.581 bpb=1.534
[2026-03-25 11:29:55] INFO      - batch 470/947 loss=2.581 bpb=1.534
[2026-03-25 11:29:59] INFO      - batch 480/947 loss=2.581 bpb=1.535
[2026-03-25 11:30:03] INFO      - batch 490/947 loss=2.583 bpb=1.535
[2026-03-25 11:30:06] INFO      - batch 500/947 loss=2.583 bpb=1.535
[2026-03-25 11:30:10] INFO      - batch 510/947 loss=2.584 bpb=1.536
[2026-03-25 11:30:14] INFO      - batch 520/947 loss=2.585 bpb=1.536
[2026-03-25 11:30:17] INFO      - batch 530/947 loss=2.586 bpb=1.536
[2026-03-25 11:30:21] INFO      - batch 540/947 loss=2.586 bpb=1.536
[2026-03-25 11:30:25] INFO      - batch 550/947 loss=2.588 bpb=1.537
[2026-03-25 11:30:29] INFO      - batch 560/947 loss=2.587 bpb=1.536
[2026-03-25 11:30:32] INFO      - batch 570/947 loss=2.586 bpb=1.535
[2026-03-25 11:30:36] INFO      - batch 580/947 loss=2.586 bpb=1.535
[2026-03-25 11:30:40] INFO      - batch 590/947 loss=2.586 bpb=1.534
[2026-03-25 11:30:43] INFO      - batch 600/947 loss=2.587 bpb=1.534
[2026-03-25 11:30:47] INFO      - batch 610/947 loss=2.587 bpb=1.534
[2026-03-25 11:30:51] INFO      - batch 620/947 loss=2.586 bpb=1.534
[2026-03-25 11:30:54] INFO      - batch 61 bpb=1.534
[2026-03-25 11:29:59] INFO      - batch 480/947 loss=2.581 bpb=1.535
[2026-03-25 11:30:03] INFO      - batch 490/947 loss=2.583 bpb=1.535
[2026-03-25 11:30:06] INFO      - batch 500/947 loss=2.583 bpb=1.535
[2026-03-25 11:30:10] INFO      - batch 510/947 loss=2.584 bpb=1.536
[2026-03-25 11:30:14] INFO      - batch 520/947 loss=2.585 bpb=1.536
[2026-03-25 11:30:17] INFO      - batch 530/947 loss=2.586 bpb=1.536
[2026-03-25 11:30:21] INFO      - batch 540/947 loss=2.586 bpb=1.536
[2026-03-25 11:30:25] INFO      - batch 550/947 loss=2.588 bpb=1.537
[2026-03-25 11:30:29] INFO      - batch 560/947 loss=2.587 bpb=1.536
[2026-03-25 11:30:32] INFO      - batch 570/947 loss=2.586 bpb=1.535
[2026-03-25 11:30:36] INFO      - batch 580/947 loss=2.586 bpb=1.535
[2026-03-25 11:30:40] INFO      - batch 590/947 loss=2.586 bpb=1.534
[2026-03-25 11:30:43] INFO      - batch 600/947 loss=2.587 bpb=1.534
[2026-03-25 11:30:47] INFO      - batch 610/947 loss=2.587 bpb=1.534
[2026-03-25 11:30:51] INFO      - batch 620/947 loss=2.586 bpb=1.534
[2026-03-25 11:30:54] INFO      - batch 630/947 loss=2.585 bpb=1.533
[2026-03-25 11:30:58] INFO      - batch 640/947 loss=2.585 bpb=1.532
[2026-03-25 11:31:02] INFO      - batch 650/947 loss=2.585 bpb=1.532
[2026-03-25 11:31:06] INFO      - batch 660/947 loss=2.584 bpb=1.531
[2026-03-25 11:31:09] INFO      - batch 670/947 loss=2.584 bpb=1.531
[2026-03-25 11:31:13] INFO      - batch 680/947 loss=2.584 bpb=1.531
[2026-03-25 11:31:17] INFO      - batch 690/947 loss=2.584 bpb=1.531
[2026-03-25 11:31:20] INFO      - batch 700/947 loss=2.584 bpb=1.531
[2026-03-25 11:31:24] INFO      - batch 710/947 loss=2.584 bpb=1.531
[2026-03-25 11:31:28] INFO      - batch 720/947 loss=2.584 bpb=1.532
[2026-03-25 11:31:32] INFO      - batch 730/947 loss=2.584 bpb=1.532
[2026-03-25 11:31:35] INFO      - batch 740/947 loss=2.585 bpb=1.533
[2026-03-25 11:31:39] INFO      - batch 750/947 loss=2.585 bpb=1.533
[2026-03-25 11:31:43] INFO      - batch 760/947 loss=2.585 bpb=1.534
[2026-03-25 11:31:46] INFO      - batch 770/947 loss=2.585 bpb=1.534
[2026-03-25 11:31:50] INFO      - batch 780/947 loss=2.586 bpb=1.534
[2026-03-25 11:31:54] INFO      - batch 790/947 loss=2.586 bpb=1.535
[2026-03-25 11:31:58] INFO      - batch 800/947 loss=2.587 bpb=1.535
[2026-03-25 11:32:01] INFO      - batch 810/947 loss=2.587 bpb=1.535
[2026-03-25 11:32:05] INFO      - batch 820/947 loss=2.587 bpb=1.535
[2026-03-25 11:32:09] INFO      - batch 830/947 loss=2.588 bpb=1.535
[2026-03-25 11:32:12] INFO      - batch 840/947 loss=2.588 bpb=1.535
[2026-03-25 11:32:16] INFO      - batch 850/947 loss=2.589 bpb=1.535
[2026-03-25 11:32:20] INFO      - batch 860/947 loss=2.589 bpb=1.535
[2026-03-25 11:32:23] INFO      - batch 870/947 loss=2.589 bpb=1.534
[2026-03-25 11:32:27] INFO      - batch 880/947 loss=2.589 bpb=1.534
[2026-03-25 11:32:31] INFO      - batch 890/947 loss=2.589 bpb=1.534
[2026-03-25 11:32:35] INFO      - batch 900/947 loss=2.588 bpb=1.533
[2026-03-25 11:32:38] INFO      - batch 910/947 loss=2.588 bpb=1.533
[2026-03-25 11:32:42] INFO      - batch 920/947 loss=2.588 bpb=1.533
[2026-03-25 11:32:46] INFO      - batch 930/947 loss=2.588 bpb=1.533
[2026-03-25 11:32:49] INFO      - batch 940/947 loss=2.587 bpb=1.532
[2026-03-25 11:32:52] INFO      - batch 947/947 loss=2.587 bpb=1.532
[2026-03-25 11:32:52] INFO     Full-precision eval complete: val_loss=2.587 val_bpb=1.532 in 351.3s
[2026-03-25 11:32:52] INFO     Report saved to artifacts/eval_report.json
30/947 loss=2.585 bpb=1.533
[2026-03-25 11:30:58] INFO      - batch 640/947 loss=2.585 bpb=1.532
[2026-03-25 11:31:02] INFO      - batch 650/947 loss=2.585 bpb=1.532
[2026-03-25 11:31:06] INFO      - batch 660/947 loss=2.584 bpb=1.531
[2026-03-25 11:31:09] INFO      - batch 670/947 loss=2.584 bpb=1.531
[2026-03-25 11:31:13] INFO      - batch 680/947 loss=2.584 bpb=1.531
[2026-03-25 11:31:17] INFO      - batch 690/947 loss=2.584 bpb=1.531
[2026-03-25 11:31:20] INFO      - batch 700/947 loss=2.584 bpb=1.531
[2026-03-25 11:31:24] INFO      - batch 710/947 loss=2.584 bpb=1.531
[2026-03-25 11:31:28] INFO      - batch 720/947 loss=2.584 bpb=1.532
[2026-03-25 11:31:32] INFO      - batch 730/947 loss=2.584 bpb=1.532
[2026-03-25 11:31:35] INFO      - batch 740/947 loss=2.585 bpb=1.533
[2026-03-25 11:31:39] INFO      - batch 750/947 loss=2.585 bpb=1.533
[2026-03-25 11:31:43] INFO      - batch 760/947 loss=2.585 bpb=1.534
[2026-03-25 11:31:46] INFO      - batch 770/947 loss=2.585 bpb=1.534
[2026-03-25 11:31:50] INFO      - batch 780/947 loss=2.586 bpb=1.534
[2026-03-25 11:31:54] INFO      - batch 790/947 loss=2.586 bpb=1.535
[2026-03-25 11:31:58] INFO      - batch 800/947 loss=2.587 bpb=1.535
[2026-03-25 11:32:01] INFO      - batch 810/947 loss=2.587 bpb=1.535
[2026-03-25 11:32:05] INFO      - batch 820/947 loss=2.587 bpb=1.535
[2026-03-25 11:32:09] INFO      - batch 830/947 loss=2.588 bpb=1.535
[2026-03-25 11:32:12] INFO      - batch 840/947 loss=2.588 bpb=1.535
[2026-03-25 11:32:16] INFO      - batch 850/947 loss=2.589 bpb=1.535
[2026-03-25 11:32:20] INFO      - batch 860/947 loss=2.589 bpb=1.535
[2026-03-25 11:32:23] INFO      - batch 870/947 loss=2.589 bpb=1.534
[2026-03-25 11:32:27] INFO      - batch 880/947 loss=2.589 bpb=1.534
[2026-03-25 11:32:31] INFO      - batch 890/947 loss=2.589 bpb=1.534
[2026-03-25 11:32:35] INFO      - batch 900/947 loss=2.588 bpb=1.533
[2026-03-25 11:32:38] INFO      - batch 910/947 loss=2.588 bpb=1.533
[2026-03-25 11:32:42] INFO      - batch 920/947 loss=2.588 bpb=1.533
[2026-03-25 11:32:46] INFO      - batch 930/947 loss=2.588 bpb=1.533
[2026-03-25 11:32:49] INFO      - batch 940/947 loss=2.587 bpb=1.532
[2026-03-25 11:32:52] INFO      - batch 947/947 loss=2.587 bpb=1.532
[2026-03-25 11:32:52] INFO     Full-precision eval complete: val_loss=2.587 val_bpb=1.532 in 351.3s
[2026-03-25 11:32:52] INFO     Report saved to artifacts/eval_report.json
Hardware: 1x_gb10
Archiving artifacts to: artifacts_1x_gb10
Quantizing: 002-longer-warmdown (artifacts_1x_gb10, schemes=int6, compressed)
[2026-03-25 14:09:56] INFO     Extracting compressed checkpoint: /home/kingsley/projects/golf-research/experiments/002-longer-warmdown/artifacts_1x_gb10/checkpoint.tar.gz
/home/kingsley/projects/golf-research/scripts/quant.py:702: DeprecationWarning: Python 3.14 will, by default, filter extracted tar archives and reject files or modify their metadata. Use the filter argument to control this behavior.
  tar.extractall(tmp_dir)
[2026-03-25 14:09:57] INFO     Loading checkpoint: /tmp/quant_checkpoint_0p5pu9_m/checkpoint/step_677_final_model
[2026-03-25 14:09:57] INFO     Loading checkpoint from /tmp/quant_checkpoint_0p5pu9_m/checkpoint/step_677_final_model
[2026-03-25 14:09:57] INFO     Loaded model from /tmp/quant_checkpoint_0p5pu9_m/checkpoint/step_677_final_model (17,051,208 parameters)
[2026-03-25 14:09:57] INFO     Quantizing to int6
[2026-03-25 14:10:06] INFO     int6 (zstd): compressed=10,268,326 bytes serialized=17,761,275 bytes payload=17,702,032 bytes
[2026-03-25 14:10:06] INFO     int6 roundtrip verified
[2026-03-25 14:10:06] INFO     Report saved to /home/kingsley/projects/golf-research/experiments/002-longer-warmdown/artifacts_1x_gb10/quant_report.json
Running evaluation: 002-longer-warmdown (artifacts_1x_gb10, 1 GPU(s))
[2026-03-25 14:10:09] INFO     Eval config: checkpoints=step_677_final_model_int6 device=cuda:0 sequence_length=1024 batch_size=64 world_size=1
[2026-03-25 14:10:09] INFO     Tokenizer: /home/kingsley/github/parameter-golf/data/tokenizers/fineweb_1024_bpe.model
[2026-03-25 14:10:09] INFO     Validation data: /home/kingsley/github/parameter-golf/data/datasets/fineweb10B_sp1024/fineweb_val_*.bin
[2026-03-25 14:10:09] INFO     Loaded tokens=62.02M sequences=60.6K vocab_size=1024
[2026-03-25 14:10:09] INFO     Loading int6 checkpoint: step_677_final_model_int6
[2026-03-25 14:10:10] INFO     Running int6 evaluation (device=cuda:0)
[2026-03-25 14:10:14] INFO      - batch 10/947 loss=2.587 bpb=1.556
[2026-03-25 14:10:18] INFO      - batch 20/947 loss=2.607 bpb=1.559
[2026-03-25 14:10:21] INFO      - batch 30/947 loss=2.612 bpb=1.564
[2026-03-25 14:10:25] INFO      - batch 40/947 loss=2.601 bpb=1.561
[2026-03-25 14:10:29] INFO      - batch 50/947 loss=2.602 bpb=1.563
[2026-03-25 14:10:32] INFO      - batch 60/947 loss=2.597 bpb=1.561
[2026-03-25 14:10:36] INFO      - batch 70/947 loss=2.598 bpb=1.559
[2026-03-25 14:10:40] INFO      - batch 80/947 loss=2.601 bpb=1.561
[2026-03-25 14:10:43] INFO      - batch 90/947 loss=2.606 bpb=1.563
[2026-03-25 14:10:47] INFO      - batch 100/947 loss=2.608 bpb=1.566
[2026-03-25 14:10:51] INFO      - batch 110/947 loss=2.609 bpb=1.566
[2026-03-25 14:10:55] INFO      - batch 120/947 loss=2.610 bpb=1.567
[2026-03-25 14:10:58] INFO      - batch 130/947 loss=2.609 bpb=1.566
[2026-03-25 14:11:02] INFO      - batch 140/947 loss=2.609 bpb=1.565
[2026-03-25 14:11:06] INFO      - batch 150/947 loss=2.611 bpb=1.565
[2026-03-25 14:11:09] INFO      - batch 160/947 loss=2.613 bpb=1.564
[2026-03-25 14:11:13] INFO      - batch 170/947 loss=2.613 bpb=1.563
[2026-03-25 14:11:17] INFO      - batch 180/947 loss=2.615 bpb=1.565
[2026-03-25 14:11:21] INFO      - batch 190/947 loss=2.616 bpb=1.564
[2026-03-25 14:11:24] INFO      - batch 200/947 loss=2.617 bpb=1.563
[2026-03-25 14:11:28] INFO      - batch 210/947 loss=2.616 bpb=1.562
[2026-03-25 14:11:32] INFO      - batch 220/947 loss=2.617 bpb=1.561
[2026-03-25 14:11:35] INFO      - batch 230/947 loss=2.618 bpb=1.560
[2026-03-25 14:11:39] INFO      - batch 240/947 loss=2.617 bpb=1.559
[2026-03-25 14:11:43] INFO      - batch 250/947 loss=2.618 bpb=1.558
[2026-03-25 14:11:46] INFO      - batch 260/947 loss=2.617 bpb=1.557
[2026-03-25 14:11:50] INFO      - batch 270/947 loss=2.618 bpb=1.557
[2026-03-25 14:11:54] INFO      - batch 280/947 loss=2.618 bpb=1.556
[2026-03-25 14:11:58] INFO      - batch 290/947 loss=2.616 bpb=1.555
[2026-03-25 14:12:01] INFO      - batch 300/947 loss=2.616 bpb=1.554
[2026-03-25 14:12:05] INFO      - batch 310/947 loss=2.615 bpb=1.554
[2026-03-25 14:12:09] INFO      - batch 320/947 loss=2.614 bpb=1.552
[2026-03-25 14:12:12] INFO      - batch 330/947 loss=2.614 bpb=1.551
[2026-03-25 14:12:16] INFO      - batch 340/947 loss=2.613 bpb=1.550
[2026-03-25 14:12:20] INFO      - batch 350/947 loss=2.613 bpb=1.550
[2026-03-25 14:12:23] INFO      - batch 360/947 loss=2.612 bpb=1.549
[2026-03-25 14:12:27] INFO      - batch 370/947 loss=2.612 bpb=1.550
[2026-03-25 14:12:31] INFO      - batch 380/947 loss=2.612 bpb=1.549
[2026-03-25 14:12:35] INFO      - batch 390/947 loss=2.611 bpb=1.549
[2026-03-25 14:12:38] INFO      - batch 400/947 loss=2.611 bpb=1.549
[2026-03-25 14:12:42] INFO      - batch 410/947 loss=2.611 bpb=1.549
[2026-03-25 14:12:46] INFO      - batch 420/947 loss=2.610 bpb=1.549
[2026-03-25 14:12:49] INFO      - batch 430/947 loss=2.610 bpb=1.549
[2026-03-25 14:12:53] INFO      - batch 440/947 loss=2.610 bpb=1.550
[2026-03-25 14:12:57] INFO      - batch 450/947 loss=2.609 bpb=1.550
[2026-03-25 14:13:00] INFO      - batch 460/947 loss=2.608 bpb=1.550
[2026-03-25 14:13:04] INFO      - batch 470/947 loss=2.608 bpb=1.551
[2026-03-25 14:13:08] INFO      - batch 480/947 loss=2.609 bpb=1.551
[2026-03-25 14:13:12] INFO      - batch 490/947 loss=2.610 bpb=1.551
[2026-03-25 14:13:15] INFO      - batch 500/947 loss=2.611 bpb=1.552
[2026-03-25 14:13:19] INFO      - batch 510/947 loss=2.611 bpb=1.552
[2026-03-25 14:13:23] INFO      - batch 520/947 loss=2.613 bpb=1.552
[2026-03-25 14:13:26] INFO      - batch 530/947 loss=2.613 bpb=1.552
[2026-03-25 14:13:30] INFO      - batch 540/947 loss=2.614 bpb=1.553
[2026-03-25 14:13:34] INFO      - batch 550/947 loss=2.615 bpb=1.553
[2026-03-25 14:13:37] INFO      - batch 560/947 loss=2.614 bpb=1.552
[2026-03-25 14:13:41] INFO      - batch 570/947 loss=2.614 bpb=1.552
[2026-03-25 14:13:45] INFO      - batch 580/947 loss=2.614 bpb=1.551
[2026-03-25 14:13:49] INFO      - batch 590/947 loss=2.613 bpb=1.551
[2026-03-25 14:13:52] INFO      - batch 600/947 loss=2.614 bpb=1.551
[2026-03-25 14:13:56] INFO      - batch 610/947 loss=2.614 bpb=1.551
[2026-03-25 14:14:00] INFO      - batch 620/947 loss=2.614 bpb=1.550
[2026-03-25 14:14:03] INFO      - batch 630/947 loss=2.613 bpb=1.549
[2026-03-25 14:14:07] INFO      - batch 640/947 loss=2.612 bpb=1.549
[2026-03-25 14:14:11] INFO      - batch 650/947 loss=2.612 bpb=1.548
[2026-03-25 14:14:15] INFO      - batch 660/947 loss=2.612 bpb=1.547
[2026-03-25 14:14:18] INFO      - batch 670/947 loss=2.611 bpb=1.547
[2026-03-25 14:14:22] INFO      - batch 680/947 loss=2.611 bpb=1.547
[2026-03-25 14:14:26] INFO      - batch 690/947 loss=2.612 bpb=1.547
[2026-03-25 14:14:29] INFO      - batch 700/947 loss=2.611 bpb=1.547
[2026-03-25 14:14:33] INFO      - batch 710/947 loss=2.612 bpb=1.548
[2026-03-25 14:14:37] INFO      - batch 720/947 loss=2.612 bpb=1.548
[2026-03-25 14:14:40] INFO      - batch 730/947 loss=2.611 bpb=1.548
[2026-03-25 14:14:44] INFO      - batch 740/947 loss=2.612 bpb=1.549
[2026-03-25 14:14:48] INFO      - batch 750/947 loss=2.612 bpb=1.549
[2026-03-25 14:14:52] INFO      - batch 760/947 loss=2.612 bpb=1.550
[2026-03-25 14:14:55] INFO      - batch 770/947 loss=2.613 bpb=1.550
[2026-03-25 14:14:59] INFO      - batch 780/947 loss=2.613 bpb=1.550
[2026-03-25 14:15:03] INFO      - batch 790/947 loss=2.614 bpb=1.551
[2026-03-25 14:15:06] INFO      - batch 800/947 loss=2.614 bpb=1.551
[2026-03-25 14:15:10] INFO      - batch 810/947 loss=2.615 bpb=1.551
[2026-03-25 14:15:14] INFO      - batch 820/947 loss=2.615 bpb=1.551
[2026-03-25 14:15:17] INFO      - batch 830/947 loss=2.615 bpb=1.551
[2026-03-25 14:15:21] INFO      - batch 840/947 loss=2.616 bpb=1.551
[2026-03-25 14:15:25] INFO      - batch 850/947 loss=2.616 bpb=1.551
[2026-03-25 14:15:29] INFO      - batch 860/947 loss=2.616 bpb=1.551
[2026-03-25 14:15:32] INFO      - batch 870/947 loss=2.616 bpb=1.551
[2026-03-25 14:15:36] INFO      - batch 880/947 loss=2.616 bpb=1.550
[2026-03-25 14:15:40] INFO      - batch 890/947 loss=2.616 bpb=1.550
[2026-03-25 14:15:43] INFO      - batch 900/947 loss=2.616 bpb=1.550
[2026-03-25 14:15:47] INFO      - batch 910/947 loss=2.616 bpb=1.550
[2026-03-25 14:15:51] INFO      - batch 920/947 loss=2.615 bpb=1.549
[2026-03-25 14:15:54] INFO      - batch 930/947 loss=2.615 bpb=1.549
[2026-03-25 14:15:58] INFO      - batch 940/947 loss=2.615 bpb=1.549
[2026-03-25 14:16:01] INFO      - batch 947/947 loss=2.615 bpb=1.549
[2026-03-25 14:16:01] INFO     int6 eval complete: val_bpb=1.549 compressed_bytes=10,268,326 in 350.8s
[2026-03-25 14:16:01] INFO     Report saved to /home/kingsley/projects/golf-research/experiments/002-longer-warmdown/artifacts_1x_gb10/eval_report.json
Quantizing: 002-longer-warmdown (artifacts_1x_gb10, schemes=int8, uncompressed)
[2026-03-25 14:16:06] INFO     Extracting compressed checkpoint: /home/kingsley/projects/golf-research/experiments/002-longer-warmdown/artifacts_1x_gb10/checkpoint.tar.gz
/home/kingsley/projects/golf-research/scripts/quant.py:702: DeprecationWarning: Python 3.14 will, by default, filter extracted tar archives and reject files or modify their metadata. Use the filter argument to control this behavior.
  tar.extractall(tmp_dir)
[2026-03-25 14:16:06] INFO     Loading checkpoint: /tmp/quant_checkpoint_lo0117zn/checkpoint/step_677_final_model
[2026-03-25 14:16:06] INFO     Loading checkpoint from /tmp/quant_checkpoint_lo0117zn/checkpoint/step_677_final_model
[2026-03-25 14:16:07] INFO     Loaded model from /tmp/quant_checkpoint_lo0117zn/checkpoint/step_677_final_model (17,051,208 parameters)
[2026-03-25 14:16:07] INFO     Quantizing to int8
[2026-03-25 14:16:09] INFO     int8 (zstd): compressed=13,966,880 bytes serialized=17,759,611 bytes payload=17,702,032 bytes
[2026-03-25 14:16:09] INFO     int8 roundtrip verified
[2026-03-25 14:16:09] INFO     Report saved to /home/kingsley/projects/golf-research/experiments/002-longer-warmdown/artifacts_1x_gb10/quant_report.json
Running evaluation: 002-longer-warmdown (artifacts_1x_gb10, 1 GPU(s))
[2026-03-25 14:16:12] INFO     Eval config: checkpoints=step_677_final_model_int8 device=cuda:0 sequence_length=1024 batch_size=64 world_size=1
[2026-03-25 14:16:12] INFO     Tokenizer: /home/kingsley/github/parameter-golf/data/tokenizers/fineweb_1024_bpe.model
[2026-03-25 14:16:12] INFO     Validation data: /home/kingsley/github/parameter-golf/data/datasets/fineweb10B_sp1024/fineweb_val_*.bin
[2026-03-25 14:16:12] INFO     Loaded tokens=62.02M sequences=60.6K vocab_size=1024
[2026-03-25 14:16:12] INFO     Loading int8 checkpoint: step_677_final_model_int8
[2026-03-25 14:16:13] INFO     Running int8 evaluation (device=cuda:0)
[2026-03-25 14:16:17] INFO      - batch 10/947 loss=2.561 bpb=1.541
[2026-03-25 14:16:20] INFO      - batch 20/947 loss=2.581 bpb=1.543
[2026-03-25 14:16:24] INFO      - batch 30/947 loss=2.585 bpb=1.548
[2026-03-25 14:16:28] INFO      - batch 40/947 loss=2.574 bpb=1.545
[2026-03-25 14:16:32] INFO      - batch 50/947 loss=2.576 bpb=1.547
[2026-03-25 14:16:35] INFO      - batch 60/947 loss=2.571 bpb=1.545
[2026-03-25 14:16:39] INFO      - batch 70/947 loss=2.571 bpb=1.543
[2026-03-25 14:16:43] INFO      - batch 80/947 loss=2.574 bpb=1.545
[2026-03-25 14:16:46] INFO      - batch 90/947 loss=2.579 bpb=1.547
[2026-03-25 14:16:50] INFO      - batch 100/947 loss=2.582 bpb=1.550
[2026-03-25 14:16:54] INFO      - batch 110/947 loss=2.583 bpb=1.550
[2026-03-25 14:16:57] INFO      - batch 120/947 loss=2.583 bpb=1.551
[2026-03-25 14:17:01] INFO      - batch 130/947 loss=2.582 bpb=1.550
[2026-03-25 14:17:05] INFO      - batch 140/947 loss=2.582 bpb=1.549
[2026-03-25 14:17:09] INFO      - batch 150/947 loss=2.584 bpb=1.549
[2026-03-25 14:17:12] INFO      - batch 160/947 loss=2.586 bpb=1.548
[2026-03-25 14:17:16] INFO      - batch 170/947 loss=2.587 bpb=1.547
[2026-03-25 14:17:20] INFO      - batch 180/947 loss=2.589 bpb=1.549
[2026-03-25 14:17:23] INFO      - batch 190/947 loss=2.590 bpb=1.548
[2026-03-25 14:17:27] INFO      - batch 200/947 loss=2.590 bpb=1.548
[2026-03-25 14:17:31] INFO      - batch 210/947 loss=2.589 bpb=1.546
[2026-03-25 14:17:34] INFO      - batch 220/947 loss=2.590 bpb=1.545
[2026-03-25 14:17:38] INFO      - batch 230/947 loss=2.591 bpb=1.544
[2026-03-25 14:17:42] INFO      - batch 240/947 loss=2.591 bpb=1.543
[2026-03-25 14:17:46] INFO      - batch 250/947 loss=2.591 bpb=1.542
[2026-03-25 14:17:49] INFO      - batch 260/947 loss=2.590 bpb=1.541
[2026-03-25 14:17:53] INFO      - batch 270/947 loss=2.592 bpb=1.541
[2026-03-25 14:17:57] INFO      - batch 280/947 loss=2.592 bpb=1.540
[2026-03-25 14:18:00] INFO      - batch 290/947 loss=2.590 bpb=1.539
[2026-03-25 14:18:04] INFO      - batch 300/947 loss=2.589 bpb=1.539
[2026-03-25 14:18:08] INFO      - batch 310/947 loss=2.589 bpb=1.538
[2026-03-25 14:18:11] INFO      - batch 320/947 loss=2.588 bpb=1.536
[2026-03-25 14:18:15] INFO      - batch 330/947 loss=2.587 bpb=1.536
[2026-03-25 14:18:19] INFO      - batch 340/947 loss=2.586 bpb=1.535
[2026-03-25 14:18:23] INFO      - batch 350/947 loss=2.586 bpb=1.534
[2026-03-25 14:18:26] INFO      - batch 360/947 loss=2.585 bpb=1.533
[2026-03-25 14:18:30] INFO      - batch 370/947 loss=2.586 bpb=1.534
[2026-03-25 14:18:34] INFO      - batch 380/947 loss=2.585 bpb=1.533
[2026-03-25 14:18:37] INFO      - batch 390/947 loss=2.585 bpb=1.533
[2026-03-25 14:18:41] INFO      - batch 400/947 loss=2.585 bpb=1.533
[2026-03-25 14:18:45] INFO      - batch 410/947 loss=2.584 bpb=1.533
[2026-03-25 14:18:49] INFO      - batch 420/947 loss=2.584 bpb=1.533
[2026-03-25 14:18:52] INFO      - batch 430/947 loss=2.583 bpb=1.534
[2026-03-25 14:18:56] INFO      - batch 440/947 loss=2.584 bpb=1.534
[2026-03-25 14:19:00] INFO      - batch 450/947 loss=2.582 bpb=1.535
[2026-03-25 14:19:03] INFO      - batch 460/947 loss=2.582 bpb=1.534
[2026-03-25 14:19:07] INFO      - batch 470/947 loss=2.582 bpb=1.535
[2026-03-25 14:19:11] INFO      - batch 480/947 loss=2.582 bpb=1.535
[2026-03-25 14:19:14] INFO      - batch 490/947 loss=2.584 bpb=1.536
[2026-03-25 14:19:18] INFO      - batch 500/947 loss=2.584 bpb=1.536
[2026-03-25 14:19:22] INFO      - batch 510/947 loss=2.585 bpb=1.536
[2026-03-25 14:19:26] INFO      - batch 520/947 loss=2.586 bpb=1.537
[2026-03-25 14:19:29] INFO      - batch 530/947 loss=2.587 bpb=1.537
[2026-03-25 14:19:33] INFO      - batch 540/947 loss=2.587 bpb=1.537
[2026-03-25 14:19:37] INFO      - batch 550/947 loss=2.588 bpb=1.537
[2026-03-25 14:19:40] INFO      - batch 560/947 loss=2.588 bpb=1.537
[2026-03-25 14:19:44] INFO      - batch 570/947 loss=2.587 bpb=1.536
[2026-03-25 14:19:48] INFO      - batch 580/947 loss=2.587 bpb=1.536
[2026-03-25 14:19:51] INFO      - batch 590/947 loss=2.587 bpb=1.535
[2026-03-25 14:19:55] INFO      - batch 600/947 loss=2.588 bpb=1.535
[2026-03-25 14:19:59] INFO      - batch 610/947 loss=2.587 bpb=1.535
[2026-03-25 14:20:03] INFO      - batch 620/947 loss=2.587 bpb=1.534
[2026-03-25 14:20:06] INFO      - batch 630/947 loss=2.586 bpb=1.534
[2026-03-25 14:20:10] INFO      - batch 640/947 loss=2.586 bpb=1.533
[2026-03-25 14:20:14] INFO      - batch 650/947 loss=2.586 bpb=1.532
[2026-03-25 14:20:17] INFO      - batch 660/947 loss=2.585 bpb=1.532
[2026-03-25 14:20:21] INFO      - batch 670/947 loss=2.585 bpb=1.531
[2026-03-25 14:20:25] INFO      - batch 680/947 loss=2.585 bpb=1.531
[2026-03-25 14:20:28] INFO      - batch 690/947 loss=2.585 bpb=1.532
[2026-03-25 14:20:32] INFO      - batch 700/947 loss=2.585 bpb=1.532
[2026-03-25 14:20:36] INFO      - batch 710/947 loss=2.585 bpb=1.532
[2026-03-25 14:20:40] INFO      - batch 720/947 loss=2.585 bpb=1.532
[2026-03-25 14:20:43] INFO      - batch 730/947 loss=2.585 bpb=1.532
[2026-03-25 14:20:47] INFO      - batch 740/947 loss=2.585 bpb=1.533
[2026-03-25 14:20:51] INFO      - batch 750/947 loss=2.586 bpb=1.534
[2026-03-25 14:20:54] INFO      - batch 760/947 loss=2.586 bpb=1.534
[2026-03-25 14:20:58] INFO      - batch 770/947 loss=2.586 bpb=1.534
[2026-03-25 14:21:02] INFO      - batch 780/947 loss=2.586 bpb=1.535
[2026-03-25 14:21:06] INFO      - batch 790/947 loss=2.587 bpb=1.535
[2026-03-25 14:21:09] INFO      - batch 800/947 loss=2.588 bpb=1.535
[2026-03-25 14:21:13] INFO      - batch 810/947 loss=2.588 bpb=1.535
[2026-03-25 14:21:17] INFO      - batch 820/947 loss=2.588 bpb=1.535
[2026-03-25 14:21:20] INFO      - batch 830/947 loss=2.589 bpb=1.535
[2026-03-25 14:21:24] INFO      - batch 840/947 loss=2.589 bpb=1.535
[2026-03-25 14:21:28] INFO      - batch 850/947 loss=2.590 bpb=1.535
[2026-03-25 14:21:31] INFO      - batch 860/947 loss=2.590 bpb=1.535
[2026-03-25 14:21:35] INFO      - batch 870/947 loss=2.589 bpb=1.535
[2026-03-25 14:21:39] INFO      - batch 880/947 loss=2.589 bpb=1.535
[2026-03-25 14:21:43] INFO      - batch 890/947 loss=2.589 bpb=1.534
[2026-03-25 14:21:46] INFO      - batch 900/947 loss=2.589 bpb=1.534
[2026-03-25 14:21:50] INFO      - batch 910/947 loss=2.589 bpb=1.534
[2026-03-25 14:21:54] INFO      - batch 920/947 loss=2.589 bpb=1.533
[2026-03-25 14:21:57] INFO      - batch 930/947 loss=2.588 bpb=1.533
[2026-03-25 14:22:01] INFO      - batch 940/947 loss=2.588 bpb=1.533
[2026-03-25 14:22:03] INFO      - batch 947/947 loss=2.588 bpb=1.533
[2026-03-25 14:22:03] INFO     int8 eval complete: val_bpb=1.533 compressed_bytes=13,966,880 in 350.9s
[2026-03-25 14:22:03] INFO     Report saved to /home/kingsley/projects/golf-research/experiments/002-longer-warmdown/artifacts_1x_gb10/eval_report.json
Quantizing: 002-longer-warmdown (artifacts_1x_gb10, schemes=mxfp4, uncompressed)
[2026-03-25 14:22:09] INFO     Extracting compressed checkpoint: /home/kingsley/projects/golf-research/experiments/002-longer-warmdown/artifacts_1x_gb10/checkpoint.tar.gz
/home/kingsley/projects/golf-research/scripts/quant.py:702: DeprecationWarning: Python 3.14 will, by default, filter extracted tar archives and reject files or modify their metadata. Use the filter argument to control this behavior.
  tar.extractall(tmp_dir)
[2026-03-25 14:22:09] INFO     Loading checkpoint: /tmp/quant_checkpoint_cscyoxzp/checkpoint/step_677_final_model
[2026-03-25 14:22:09] INFO     Loading checkpoint from /tmp/quant_checkpoint_cscyoxzp/checkpoint/step_677_final_model
[2026-03-25 14:22:10] INFO     Loaded model from /tmp/quant_checkpoint_cscyoxzp/checkpoint/step_677_final_model (17,051,208 parameters)
[2026-03-25 14:22:10] INFO     Quantizing to mxfp4
[2026-03-25 14:22:11] INFO     mxfp4 (zstd): compressed=8,602,311 bytes serialized=11,113,787 bytes payload=11,056,272 bytes
[2026-03-25 14:22:11] INFO     mxfp4 roundtrip verified
[2026-03-25 14:22:11] INFO     Report saved to /home/kingsley/projects/golf-research/experiments/002-longer-warmdown/artifacts_1x_gb10/quant_report.json
Running evaluation: 002-longer-warmdown (artifacts_1x_gb10, 1 GPU(s))
[2026-03-25 14:22:14] INFO     Eval config: checkpoints=step_677_final_model_mxfp4 device=cuda:0 sequence_length=1024 batch_size=64 world_size=1
[2026-03-25 14:22:14] INFO     Tokenizer: /home/kingsley/github/parameter-golf/data/tokenizers/fineweb_1024_bpe.model
[2026-03-25 14:22:14] INFO     Validation data: /home/kingsley/github/parameter-golf/data/datasets/fineweb10B_sp1024/fineweb_val_*.bin
[2026-03-25 14:22:14] INFO     Loaded tokens=62.02M sequences=60.6K vocab_size=1024
[2026-03-25 14:22:14] INFO     Loading mxfp4 checkpoint: step_677_final_model_mxfp4
[2026-03-25 14:22:14] INFO     Running mxfp4 evaluation (device=cuda:0)
[2026-03-25 14:22:18] INFO      - batch 10/947 loss=2.748 bpb=1.653
[2026-03-25 14:22:22] INFO      - batch 20/947 loss=2.770 bpb=1.656
[2026-03-25 14:22:26] INFO      - batch 30/947 loss=2.774 bpb=1.662
[2026-03-25 14:22:29] INFO      - batch 40/947 loss=2.763 bpb=1.659
[2026-03-25 14:22:33] INFO      - batch 50/947 loss=2.765 bpb=1.661
[2026-03-25 14:22:37] INFO      - batch 60/947 loss=2.760 bpb=1.659
[2026-03-25 14:22:41] INFO      - batch 70/947 loss=2.760 bpb=1.656
[2026-03-25 14:22:44] INFO      - batch 80/947 loss=2.764 bpb=1.659
[2026-03-25 14:22:48] INFO      - batch 90/947 loss=2.769 bpb=1.661
[2026-03-25 14:22:52] INFO      - batch 100/947 loss=2.772 bpb=1.664
[2026-03-25 14:22:55] INFO      - batch 110/947 loss=2.773 bpb=1.664
[2026-03-25 14:22:59] INFO      - batch 120/947 loss=2.774 bpb=1.665
[2026-03-25 14:23:03] INFO      - batch 130/947 loss=2.772 bpb=1.664
[2026-03-25 14:23:06] INFO      - batch 140/947 loss=2.772 bpb=1.664
[2026-03-25 14:23:10] INFO      - batch 150/947 loss=2.774 bpb=1.663
[2026-03-25 14:23:14] INFO      - batch 160/947 loss=2.776 bpb=1.662
[2026-03-25 14:23:18] INFO      - batch 170/947 loss=2.777 bpb=1.661
[2026-03-25 14:23:21] INFO      - batch 180/947 loss=2.779 bpb=1.663
[2026-03-25 14:23:25] INFO      - batch 190/947 loss=2.780 bpb=1.662
[2026-03-25 14:23:29] INFO      - batch 200/947 loss=2.780 bpb=1.661
[2026-03-25 14:23:32] INFO      - batch 210/947 loss=2.779 bpb=1.660
[2026-03-25 14:23:36] INFO      - batch 220/947 loss=2.780 bpb=1.659
[2026-03-25 14:23:40] INFO      - batch 230/947 loss=2.781 bpb=1.657
[2026-03-25 14:23:44] INFO      - batch 240/947 loss=2.781 bpb=1.656
[2026-03-25 14:23:47] INFO      - batch 250/947 loss=2.781 bpb=1.655
[2026-03-25 14:23:51] INFO      - batch 260/947 loss=2.780 bpb=1.654
[2026-03-25 14:23:55] INFO      - batch 270/947 loss=2.782 bpb=1.654
[2026-03-25 14:23:58] INFO      - batch 280/947 loss=2.781 bpb=1.653
[2026-03-25 14:24:02] INFO      - batch 290/947 loss=2.780 bpb=1.652
[2026-03-25 14:24:06] INFO      - batch 300/947 loss=2.779 bpb=1.651
[2026-03-25 14:24:09] INFO      - batch 310/947 loss=2.778 bpb=1.651
[2026-03-25 14:24:13] INFO      - batch 320/947 loss=2.777 bpb=1.649
[2026-03-25 14:24:17] INFO      - batch 330/947 loss=2.777 bpb=1.648
[2026-03-25 14:24:21] INFO      - batch 340/947 loss=2.776 bpb=1.647
[2026-03-25 14:24:24] INFO      - batch 350/947 loss=2.776 bpb=1.646
[2026-03-25 14:24:28] INFO      - batch 360/947 loss=2.775 bpb=1.646
[2026-03-25 14:24:32] INFO      - batch 370/947 loss=2.776 bpb=1.646
[2026-03-25 14:24:35] INFO      - batch 380/947 loss=2.775 bpb=1.646
[2026-03-25 14:24:39] INFO      - batch 390/947 loss=2.774 bpb=1.646
[2026-03-25 14:24:43] INFO      - batch 400/947 loss=2.774 bpb=1.646
[2026-03-25 14:24:47] INFO      - batch 410/947 loss=2.774 bpb=1.646
[2026-03-25 14:24:50] INFO      - batch 420/947 loss=2.773 bpb=1.646
[2026-03-25 14:24:54] INFO      - batch 430/947 loss=2.773 bpb=1.646
[2026-03-25 14:24:58] INFO      - batch 440/947 loss=2.773 bpb=1.647
[2026-03-25 14:25:01] INFO      - batch 450/947 loss=2.772 bpb=1.647
[2026-03-25 14:25:05] INFO      - batch 460/947 loss=2.771 bpb=1.647
[2026-03-25 14:25:09] INFO      - batch 470/947 loss=2.771 bpb=1.648
[2026-03-25 14:25:12] INFO      - batch 480/947 loss=2.772 bpb=1.648
[2026-03-25 14:25:16] INFO      - batch 490/947 loss=2.773 bpb=1.648
[2026-03-25 14:25:20] INFO      - batch 500/947 loss=2.774 bpb=1.648
[2026-03-25 14:25:24] INFO      - batch 510/947 loss=2.774 bpb=1.649
[2026-03-25 14:25:27] INFO      - batch 520/947 loss=2.776 bpb=1.649
[2026-03-25 14:25:31] INFO      - batch 530/947 loss=2.776 bpb=1.649
[2026-03-25 14:25:35] INFO      - batch 540/947 loss=2.777 bpb=1.649
[2026-03-25 14:25:38] INFO      - batch 550/947 loss=2.778 bpb=1.650
[2026-03-25 14:25:42] INFO      - batch 560/947 loss=2.777 bpb=1.649
[2026-03-25 14:25:46] INFO      - batch 570/947 loss=2.777 bpb=1.648
[2026-03-25 14:25:49] INFO      - batch 580/947 loss=2.777 bpb=1.648
[2026-03-25 14:25:53] INFO      - batch 590/947 loss=2.776 bpb=1.647
[2026-03-25 14:25:57] INFO      - batch 600/947 loss=2.777 bpb=1.647
[2026-03-25 14:26:01] INFO      - batch 610/947 loss=2.777 bpb=1.647
[2026-03-25 14:26:04] INFO      - batch 620/947 loss=2.777 bpb=1.647
[2026-03-25 14:26:08] INFO      - batch 630/947 loss=2.776 bpb=1.646
[2026-03-25 14:26:12] INFO      - batch 640/947 loss=2.775 bpb=1.645
[2026-03-25 14:26:15] INFO      - batch 650/947 loss=2.775 bpb=1.645
[2026-03-25 14:26:19] INFO      - batch 660/947 loss=2.774 bpb=1.644
[2026-03-25 14:26:23] INFO      - batch 670/947 loss=2.774 bpb=1.643
[2026-03-25 14:26:27] INFO      - batch 680/947 loss=2.774 bpb=1.643
[2026-03-25 14:26:30] INFO      - batch 690/947 loss=2.775 bpb=1.644
[2026-03-25 14:26:34] INFO      - batch 700/947 loss=2.774 bpb=1.644
[2026-03-25 14:26:38] INFO      - batch 710/947 loss=2.774 bpb=1.644
[2026-03-25 14:26:41] INFO      - batch 720/947 loss=2.775 bpb=1.645
[2026-03-25 14:26:45] INFO      - batch 730/947 loss=2.774 bpb=1.645
[2026-03-25 14:26:49] INFO      - batch 740/947 loss=2.775 bpb=1.645
[2026-03-25 14:26:52] INFO      - batch 750/947 loss=2.775 bpb=1.646
[2026-03-25 14:26:56] INFO      - batch 760/947 loss=2.775 bpb=1.646
[2026-03-25 14:27:00] INFO      - batch 770/947 loss=2.775 bpb=1.647
[2026-03-25 14:27:04] INFO      - batch 780/947 loss=2.776 bpb=1.647
[2026-03-25 14:27:07] INFO      - batch 790/947 loss=2.777 bpb=1.648
[2026-03-25 14:27:11] INFO      - batch 800/947 loss=2.777 bpb=1.648
[2026-03-25 14:27:15] INFO      - batch 810/947 loss=2.778 bpb=1.648
[2026-03-25 14:27:18] INFO      - batch 820/947 loss=2.778 bpb=1.647
[2026-03-25 14:27:22] INFO      - batch 830/947 loss=2.778 bpb=1.648
[2026-03-25 14:27:26] INFO      - batch 840/947 loss=2.779 bpb=1.648
[2026-03-25 14:27:29] INFO      - batch 850/947 loss=2.779 bpb=1.648
[2026-03-25 14:27:33] INFO      - batch 860/947 loss=2.779 bpb=1.648
[2026-03-25 14:27:37] INFO      - batch 870/947 loss=2.779 bpb=1.647
[2026-03-25 14:27:41] INFO      - batch 880/947 loss=2.779 bpb=1.647
[2026-03-25 14:27:44] INFO      - batch 890/947 loss=2.779 bpb=1.647
[2026-03-25 14:27:48] INFO      - batch 900/947 loss=2.779 bpb=1.646
[2026-03-25 14:27:52] INFO      - batch 910/947 loss=2.779 bpb=1.646
[2026-03-25 14:27:55] INFO      - batch 920/947 loss=2.778 bpb=1.646
[2026-03-25 14:27:59] INFO      - batch 930/947 loss=2.778 bpb=1.645
[2026-03-25 14:28:03] INFO      - batch 940/947 loss=2.778 bpb=1.645
[2026-03-25 14:28:05] INFO      - batch 947/947 loss=2.778 bpb=1.645
[2026-03-25 14:28:05] INFO     mxfp4 eval complete: val_bpb=1.645 compressed_bytes=8,602,311 in 350.9s
[2026-03-25 14:28:05] INFO     Report saved to /home/kingsley/projects/golf-research/experiments/002-longer-warmdown/artifacts_1x_gb10/eval_report.json
Quantizing: 002-longer-warmdown (artifacts_1x_gb10, schemes=nvfp4, uncompressed)
[2026-03-25 14:28:11] INFO     Extracting compressed checkpoint: /home/kingsley/projects/golf-research/experiments/002-longer-warmdown/artifacts_1x_gb10/checkpoint.tar.gz
/home/kingsley/projects/golf-research/scripts/quant.py:702: DeprecationWarning: Python 3.14 will, by default, filter extracted tar archives and reject files or modify their metadata. Use the filter argument to control this behavior.
  tar.extractall(tmp_dir)
[2026-03-25 14:28:11] INFO     Loading checkpoint: /tmp/quant_checkpoint_6y4sunaf/checkpoint/step_677_final_model
[2026-03-25 14:28:11] INFO     Loading checkpoint from /tmp/quant_checkpoint_6y4sunaf/checkpoint/step_677_final_model
[2026-03-25 14:28:11] INFO     Loaded model from /tmp/quant_checkpoint_6y4sunaf/checkpoint/step_677_final_model (17,051,208 parameters)
[2026-03-25 14:28:11] INFO     Quantizing to nvfp4
[2026-03-25 14:28:12] INFO     nvfp4 (zstd): compressed=9,170,875 bytes serialized=10,030,347 bytes payload=9,958,768 bytes
[2026-03-25 14:28:12] INFO     nvfp4 roundtrip verified
[2026-03-25 14:28:12] INFO     Report saved to /home/kingsley/projects/golf-research/experiments/002-longer-warmdown/artifacts_1x_gb10/quant_report.json
Running evaluation: 002-longer-warmdown (artifacts_1x_gb10, 1 GPU(s))
[2026-03-25 14:28:15] INFO     Eval config: checkpoints=step_677_final_model_nvfp4 device=cuda:0 sequence_length=1024 batch_size=64 world_size=1
[2026-03-25 14:28:15] INFO     Tokenizer: /home/kingsley/github/parameter-golf/data/tokenizers/fineweb_1024_bpe.model
[2026-03-25 14:28:15] INFO     Validation data: /home/kingsley/github/parameter-golf/data/datasets/fineweb10B_sp1024/fineweb_val_*.bin
[2026-03-25 14:28:15] INFO     Loaded tokens=62.02M sequences=60.6K vocab_size=1024
[2026-03-25 14:28:15] INFO     Loading nvfp4 checkpoint: step_677_final_model_nvfp4
[2026-03-25 14:28:16] INFO     Running nvfp4 evaluation (device=cuda:0)
[2026-03-25 14:28:20] INFO      - batch 10/947 loss=2.698 bpb=1.623
[2026-03-25 14:28:23] INFO      - batch 20/947 loss=2.719 bpb=1.625
[2026-03-25 14:28:27] INFO      - batch 30/947 loss=2.723 bpb=1.631
[2026-03-25 14:28:31] INFO      - batch 40/947 loss=2.712 bpb=1.628
[2026-03-25 14:28:34] INFO      - batch 50/947 loss=2.714 bpb=1.630
[2026-03-25 14:28:38] INFO      - batch 60/947 loss=2.709 bpb=1.628
[2026-03-25 14:28:42] INFO      - batch 70/947 loss=2.709 bpb=1.625
[2026-03-25 14:28:46] INFO      - batch 80/947 loss=2.713 bpb=1.628
[2026-03-25 14:28:49] INFO      - batch 90/947 loss=2.717 bpb=1.630
[2026-03-25 14:28:53] INFO      - batch 100/947 loss=2.720 bpb=1.633
[2026-03-25 14:28:57] INFO      - batch 110/947 loss=2.722 bpb=1.633
[2026-03-25 14:29:00] INFO      - batch 120/947 loss=2.722 bpb=1.634
[2026-03-25 14:29:04] INFO      - batch 130/947 loss=2.721 bpb=1.633
[2026-03-25 14:29:08] INFO      - batch 140/947 loss=2.721 bpb=1.633
[2026-03-25 14:29:11] INFO      - batch 150/947 loss=2.723 bpb=1.632
[2026-03-25 14:29:15] INFO      - batch 160/947 loss=2.725 bpb=1.632
[2026-03-25 14:29:19] INFO      - batch 170/947 loss=2.725 bpb=1.630
[2026-03-25 14:29:23] INFO      - batch 180/947 loss=2.727 bpb=1.632
[2026-03-25 14:29:26] INFO      - batch 190/947 loss=2.728 bpb=1.631
[2026-03-25 14:29:30] INFO      - batch 200/947 loss=2.728 bpb=1.630
[2026-03-25 14:29:34] INFO      - batch 210/947 loss=2.728 bpb=1.629
[2026-03-25 14:29:37] INFO      - batch 220/947 loss=2.728 bpb=1.628
[2026-03-25 14:29:41] INFO      - batch 230/947 loss=2.729 bpb=1.627
[2026-03-25 14:29:45] INFO      - batch 240/947 loss=2.729 bpb=1.625
[2026-03-25 14:29:48] INFO      - batch 250/947 loss=2.730 bpb=1.625
[2026-03-25 14:29:52] INFO      - batch 260/947 loss=2.729 bpb=1.624
[2026-03-25 14:29:56] INFO      - batch 270/947 loss=2.730 bpb=1.624
[2026-03-25 14:30:00] INFO      - batch 280/947 loss=2.730 bpb=1.622
[2026-03-25 14:30:03] INFO      - batch 290/947 loss=2.728 bpb=1.621
[2026-03-25 14:30:07] INFO      - batch 300/947 loss=2.728 bpb=1.621
[2026-03-25 14:30:11] INFO      - batch 310/947 loss=2.727 bpb=1.620
[2026-03-25 14:30:14] INFO      - batch 320/947 loss=2.726 bpb=1.619
[2026-03-25 14:30:18] INFO      - batch 330/947 loss=2.725 bpb=1.618
[2026-03-25 14:30:22] INFO      - batch 340/947 loss=2.724 bpb=1.617
[2026-03-25 14:30:25] INFO      - batch 350/947 loss=2.724 bpb=1.616
[2026-03-25 14:30:29] INFO      - batch 360/947 loss=2.723 bpb=1.615
[2026-03-25 14:30:33] INFO      - batch 370/947 loss=2.724 bpb=1.616
[2026-03-25 14:30:37] INFO      - batch 380/947 loss=2.724 bpb=1.615
[2026-03-25 14:30:40] INFO      - batch 390/947 loss=2.723 bpb=1.616
[2026-03-25 14:30:44] INFO      - batch 400/947 loss=2.723 bpb=1.615
[2026-03-25 14:30:48] INFO      - batch 410/947 loss=2.723 bpb=1.615
[2026-03-25 14:30:51] INFO      - batch 420/947 loss=2.722 bpb=1.615
[2026-03-25 14:30:55] INFO      - batch 430/947 loss=2.722 bpb=1.616
[2026-03-25 14:30:59] INFO      - batch 440/947 loss=2.722 bpb=1.617
[2026-03-25 14:31:02] INFO      - batch 450/947 loss=2.721 bpb=1.617
[2026-03-25 14:31:06] INFO      - batch 460/947 loss=2.720 bpb=1.617
[2026-03-25 14:31:10] INFO      - batch 470/947 loss=2.720 bpb=1.617
[2026-03-25 14:31:14] INFO      - batch 480/947 loss=2.721 bpb=1.618
[2026-03-25 14:31:17] INFO      - batch 490/947 loss=2.722 bpb=1.618
[2026-03-25 14:31:21] INFO      - batch 500/947 loss=2.722 bpb=1.618
[2026-03-25 14:31:25] INFO      - batch 510/947 loss=2.723 bpb=1.618
[2026-03-25 14:31:28] INFO      - batch 520/947 loss=2.725 bpb=1.619
[2026-03-25 14:31:32] INFO      - batch 530/947 loss=2.725 bpb=1.619
[2026-03-25 14:31:36] INFO      - batch 540/947 loss=2.725 bpb=1.619
[2026-03-25 14:31:39] INFO      - batch 550/947 loss=2.727 bpb=1.619
[2026-03-25 14:31:43] INFO      - batch 560/947 loss=2.726 bpb=1.619
[2026-03-25 14:31:47] INFO      - batch 570/947 loss=2.725 bpb=1.618
[2026-03-25 14:31:51] INFO      - batch 580/947 loss=2.726 bpb=1.618
[2026-03-25 14:31:54] INFO      - batch 590/947 loss=2.725 bpb=1.617
[2026-03-25 14:31:58] INFO      - batch 600/947 loss=2.726 bpb=1.617
[2026-03-25 14:32:02] INFO      - batch 610/947 loss=2.726 bpb=1.617
[2026-03-25 14:32:05] INFO      - batch 620/947 loss=2.726 bpb=1.616
[2026-03-25 14:32:09] INFO      - batch 630/947 loss=2.724 bpb=1.616
[2026-03-25 14:32:13] INFO      - batch 640/947 loss=2.724 bpb=1.615
[2026-03-25 14:32:16] INFO      - batch 650/947 loss=2.724 bpb=1.614
[2026-03-25 14:32:20] INFO      - batch 660/947 loss=2.723 bpb=1.614
[2026-03-25 14:32:24] INFO      - batch 670/947 loss=2.723 bpb=1.613
[2026-03-25 14:32:28] INFO      - batch 680/947 loss=2.723 bpb=1.613
[2026-03-25 14:32:31] INFO      - batch 690/947 loss=2.723 bpb=1.614
[2026-03-25 14:32:35] INFO      - batch 700/947 loss=2.723 bpb=1.613
[2026-03-25 14:32:39] INFO      - batch 710/947 loss=2.723 bpb=1.614
[2026-03-25 14:32:42] INFO      - batch 720/947 loss=2.723 bpb=1.614
[2026-03-25 14:32:46] INFO      - batch 730/947 loss=2.723 bpb=1.614
[2026-03-25 14:32:50] INFO      - batch 740/947 loss=2.724 bpb=1.615
[2026-03-25 14:32:53] INFO      - batch 750/947 loss=2.724 bpb=1.616
[2026-03-25 14:32:57] INFO      - batch 760/947 loss=2.724 bpb=1.616
[2026-03-25 14:33:01] INFO      - batch 770/947 loss=2.724 bpb=1.616
[2026-03-25 14:33:05] INFO      - batch 780/947 loss=2.725 bpb=1.617
[2026-03-25 14:33:08] INFO      - batch 790/947 loss=2.725 bpb=1.617
[2026-03-25 14:33:12] INFO      - batch 800/947 loss=2.726 bpb=1.617
[2026-03-25 14:33:16] INFO      - batch 810/947 loss=2.726 bpb=1.617
[2026-03-25 14:33:19] INFO      - batch 820/947 loss=2.727 bpb=1.617
[2026-03-25 14:33:23] INFO      - batch 830/947 loss=2.727 bpb=1.617
[2026-03-25 14:33:27] INFO      - batch 840/947 loss=2.727 bpb=1.617
[2026-03-25 14:33:30] INFO      - batch 850/947 loss=2.728 bpb=1.618
[2026-03-25 14:33:34] INFO      - batch 860/947 loss=2.728 bpb=1.617
[2026-03-25 14:33:38] INFO      - batch 870/947 loss=2.728 bpb=1.617
[2026-03-25 14:33:42] INFO      - batch 880/947 loss=2.728 bpb=1.617
[2026-03-25 14:33:45] INFO      - batch 890/947 loss=2.728 bpb=1.616
[2026-03-25 14:33:49] INFO      - batch 900/947 loss=2.727 bpb=1.616
[2026-03-25 14:33:53] INFO      - batch 910/947 loss=2.727 bpb=1.616
[2026-03-25 14:33:56] INFO      - batch 920/947 loss=2.727 bpb=1.615
[2026-03-25 14:34:00] INFO      - batch 930/947 loss=2.727 bpb=1.615
[2026-03-25 14:34:04] INFO      - batch 940/947 loss=2.726 bpb=1.615
[2026-03-25 14:34:06] INFO      - batch 947/947 loss=2.726 bpb=1.615
[2026-03-25 14:34:06] INFO     nvfp4 eval complete: val_bpb=1.615 compressed_bytes=9,170,875 in 350.6s
[2026-03-25 14:34:06] INFO     Report saved to /home/kingsley/projects/golf-research/experiments/002-longer-warmdown/artifacts_1x_gb10/eval_report.json
