Quantizing: baseline (artifacts_8x_rtx_pro_6000_3, schemes=int6,int8,mxfp4,nvfp4, uncompressed)
[2026-03-23 18:01:36] INFO     Loading checkpoint: /home/kingsley/projects/golf-research/experiments/baseline/artifacts_8x_rtx_pro_6000_3/checkpoint/step_4704_final_model
Traceback (most recent call last):
  File "/home/kingsley/projects/golf-research/scripts/quant.py", line 758, in <module>
    main()
  File "/home/kingsley/projects/golf-research/.venv/lib/python3.12/site-packages/click/core.py", line 1161, in __call__
    return self.main(*args, **kwargs)
           ^^^^^^^^^^^^^^^^^^^^^^^^^^
  File "/home/kingsley/projects/golf-research/.venv/lib/python3.12/site-packages/click/core.py", line 1082, in main
    rv = self.invoke(ctx)
         ^^^^^^^^^^^^^^^^
  File "/home/kingsley/projects/golf-research/.venv/lib/python3.12/site-packages/click/core.py", line 1443, in invoke
    return ctx.invoke(self.callback, **ctx.params)
           ^^^^^^^^^^^^^^^^^^^^^^^^^^^^^^^^^^^^^^^
  File "/home/kingsley/projects/golf-research/.venv/lib/python3.12/site-packages/click/core.py", line 788, in invoke
    return __callback(*args, **kwargs)
           ^^^^^^^^^^^^^^^^^^^^^^^^^^^
  File "/home/kingsley/projects/golf-research/scripts/quant.py", line 729, in main
    model = Model.from_checkpoint(checkpoint_path, device="cpu", step=step)
            ^^^^^^^^^^^^^^^^^^^^^^^^^^^^^^^^^^^^^^^^^^^^^^^^^^^^^^^^^^^^^^^
TypeError: Model.from_checkpoint() got an unexpected keyword argument 'step'
Quantizing: baseline (artifacts_8x_rtx_pro_6000_3, schemes=int6,int8,mxfp4,nvfp4, uncompressed)
[2026-03-23 18:03:43] INFO     Loading checkpoint: /home/kingsley/projects/golf-research/experiments/baseline/artifacts_8x_rtx_pro_6000_3/checkpoint/step_4704_final_model
[2026-03-23 18:03:43] INFO     Loading checkpoint from /home/kingsley/projects/golf-research/experiments/baseline/artifacts_8x_rtx_pro_6000_3/checkpoint/step_4704_final_model
[2026-03-23 18:03:43] INFO     Loaded model from /home/kingsley/projects/golf-research/experiments/baseline/artifacts_8x_rtx_pro_6000_3/checkpoint/step_4704_final_model (17,051,208 parameters)
[2026-03-23 18:03:43] INFO     Quantizing to int6
[2026-03-23 18:03:45] INFO     int6 (zstd): compressed=12,353,867 bytes serialized=13,370,107 bytes payload=13,311,120 bytes
[2026-03-23 18:03:45] INFO     int6 roundtrip verified
[2026-03-23 18:03:45] INFO     Quantizing to int8
[2026-03-23 18:03:52] INFO     int8 (zstd): compressed=12,164,296 bytes serialized=17,759,611 bytes payload=17,702,032 bytes
[2026-03-23 18:03:52] INFO     int8 roundtrip verified
[2026-03-23 18:03:52] INFO     Quantizing to mxfp4
[2026-03-23 18:03:53] INFO     mxfp4 (zstd): compressed=8,568,037 bytes serialized=11,113,787 bytes payload=11,056,272 bytes
[2026-03-23 18:03:53] INFO     mxfp4 roundtrip verified
[2026-03-23 18:03:53] INFO     Quantizing to nvfp4
[2026-03-23 18:03:54] INFO     nvfp4 (zstd): compressed=8,694,041 bytes serialized=10,030,347 bytes payload=9,958,768 bytes
[2026-03-23 18:03:55] INFO     nvfp4 roundtrip verified
[2026-03-23 18:03:55] INFO     Report saved to /home/kingsley/projects/golf-research/experiments/baseline/artifacts_8x_rtx_pro_6000_3/quant_report.json
Running evaluation: baseline (artifacts_8x_rtx_pro_6000_3, 1 GPU(s))
[2026-03-23 19:05:40] INFO     Eval config: checkpoints=full=/home/kingsley/projects/golf-research/experiments/baseline/artifacts_8x_rtx_pro_6000_3/checkpoint, step_4704_final_model_int6 device=cuda:0 sequence_length=1024 batch_size=64 world_size=1
[2026-03-23 19:05:40] INFO     Tokenizer: /home/kingsley/github/parameter-golf/data/tokenizers/fineweb_1024_bpe.model
[2026-03-23 19:05:40] INFO     Validation data: /home/kingsley/github/parameter-golf/data/datasets/fineweb10B_sp1024/fineweb_val_*.bin
[2026-03-23 19:05:40] INFO     Loaded tokens=62.02M sequences=60.6K vocab_size=1024
[2026-03-23 19:05:40] INFO     Loading int6 checkpoint: step_4704_final_model_int6
[2026-03-23 19:05:41] INFO     Running int6 evaluation (device=cuda:0)
[2026-03-23 19:05:55] INFO      - batch 10/947 loss=2.276 bpb=1.369
[2026-03-23 19:06:09] INFO      - batch 20/947 loss=2.295 bpb=1.372
[2026-03-23 19:06:24] INFO      - batch 30/947 loss=2.301 bpb=1.378
[2026-03-23 19:06:37] INFO      - batch 40/947 loss=2.291 bpb=1.376
[2026-03-23 19:06:51] INFO      - batch 50/947 loss=2.292 bpb=1.377
[2026-03-23 19:07:04] INFO      - batch 60/947 loss=2.286 bpb=1.374
[2026-03-23 19:07:18] INFO      - batch 70/947 loss=2.285 bpb=1.371
[2026-03-23 19:07:31] INFO      - batch 80/947 loss=2.288 bpb=1.373
[2026-03-23 19:07:45] INFO      - batch 90/947 loss=2.293 bpb=1.376
[2026-03-23 19:07:58] INFO      - batch 100/947 loss=2.296 bpb=1.379
[2026-03-23 19:08:12] INFO      - batch 110/947 loss=2.297 bpb=1.378
[2026-03-23 19:08:25] INFO      - batch 120/947 loss=2.297 bpb=1.379
[2026-03-23 19:08:39] INFO      - batch 130/947 loss=2.295 bpb=1.378
[2026-03-23 19:08:53] INFO      - batch 140/947 loss=2.296 bpb=1.378
[2026-03-23 19:09:07] INFO      - batch 150/947 loss=2.298 bpb=1.377
[2026-03-23 19:09:21] INFO      - batch 160/947 loss=2.301 bpb=1.378
[2026-03-23 19:09:35] INFO      - batch 170/947 loss=2.301 bpb=1.376
[2026-03-23 19:09:48] INFO      - batch 180/947 loss=2.304 bpb=1.379
[2026-03-23 19:10:02] INFO      - batch 190/947 loss=2.305 bpb=1.378
[2026-03-23 19:10:15] INFO      - batch 200/947 loss=2.306 bpb=1.378
[2026-03-23 19:10:29] INFO      - batch 210/947 loss=2.305 bpb=1.376
[2026-03-23 19:10:43] INFO      - batch 220/947 loss=2.306 bpb=1.376
[2026-03-23 19:10:57] INFO      - batch 230/947 loss=2.307 bpb=1.375
[2026-03-23 19:11:11] INFO      - batch 240/947 loss=2.307 bpb=1.374
[2026-03-23 19:11:25] INFO      - batch 250/947 loss=2.308 bpb=1.374
[2026-03-23 19:11:39] INFO      - batch 260/947 loss=2.307 bpb=1.373
[2026-03-23 19:11:52] INFO      - batch 270/947 loss=2.309 bpb=1.373
[2026-03-23 19:12:06] INFO      - batch 280/947 loss=2.308 bpb=1.372
[2026-03-23 19:12:19] INFO      - batch 290/947 loss=2.307 bpb=1.371
[2026-03-23 19:12:33] INFO      - batch 300/947 loss=2.306 bpb=1.370
[2026-03-23 19:12:47] INFO      - batch 310/947 loss=2.306 bpb=1.370
[2026-03-23 19:13:00] INFO      - batch 320/947 loss=2.305 bpb=1.369
[2026-03-23 19:13:15] INFO      - batch 330/947 loss=2.304 bpb=1.368
[2026-03-23 19:13:29] INFO      - batch 340/947 loss=2.303 bpb=1.367
[2026-03-23 19:13:43] INFO      - batch 350/947 loss=2.304 bpb=1.366
[2026-03-23 19:13:56] INFO      - batch 360/947 loss=2.303 bpb=1.366
[2026-03-23 19:14:10] INFO      - batch 370/947 loss=2.304 bpb=1.366
[2026-03-23 19:14:23] INFO      - batch 380/947 loss=2.303 bpb=1.366
[2026-03-23 19:14:36] INFO      - batch 390/947 loss=2.302 bpb=1.366
[2026-03-23 19:14:50] INFO      - batch 400/947 loss=2.302 bpb=1.366
[2026-03-23 19:15:03] INFO      - batch 410/947 loss=2.302 bpb=1.366
[2026-03-23 19:15:17] INFO      - batch 420/947 loss=2.301 bpb=1.365
[2026-03-23 19:15:31] INFO      - batch 430/947 loss=2.300 bpb=1.366
[2026-03-23 19:15:44] INFO      - batch 440/947 loss=2.300 bpb=1.366
[2026-03-23 19:15:59] INFO      - batch 450/947 loss=2.299 bpb=1.366
[2026-03-23 19:16:13] INFO      - batch 460/947 loss=2.298 bpb=1.366
[2026-03-23 19:16:27] INFO      - batch 470/947 loss=2.298 bpb=1.366
[2026-03-23 19:16:40] INFO      - batch 480/947 loss=2.299 bpb=1.367
[2026-03-23 19:16:54] INFO      - batch 490/947 loss=2.300 bpb=1.367
[2026-03-23 19:17:07] INFO      - batch 500/947 loss=2.300 bpb=1.367
[2026-03-23 19:17:21] INFO      - batch 510/947 loss=2.301 bpb=1.368
[2026-03-23 19:17:34] INFO      - batch 520/947 loss=2.303 bpb=1.368
[2026-03-23 19:17:47] INFO      - batch 530/947 loss=2.303 bpb=1.368
[2026-03-23 19:18:01] INFO      - batch 540/947 loss=2.304 bpb=1.368
[2026-03-23 19:18:14] INFO      - batch 550/947 loss=2.305 bpb=1.369
[2026-03-23 19:18:28] INFO      - batch 560/947 loss=2.304 bpb=1.368
[2026-03-23 19:18:41] INFO      - batch 570/947 loss=2.304 bpb=1.368
[2026-03-23 19:18:55] INFO      - batch 580/947 loss=2.304 bpb=1.368
[2026-03-23 19:19:08] INFO      - batch 590/947 loss=2.304 bpb=1.367
[2026-03-23 19:19:21] INFO      - batch 600/947 loss=2.305 bpb=1.367
[2026-03-23 19:19:35] INFO      - batch 610/947 loss=2.304 bpb=1.367
[2026-03-23 19:19:48] INFO      - batch 620/947 loss=2.304 bpb=1.366
[2026-03-23 19:20:02] INFO      - batch 630/947 loss=2.303 bpb=1.366
[2026-03-23 19:20:15] INFO      - batch 640/947 loss=2.303 bpb=1.365
[2026-03-23 19:20:28] INFO      - batch 650/947 loss=2.303 bpb=1.365
[2026-03-23 19:20:42] INFO      - batch 660/947 loss=2.302 bpb=1.364
[2026-03-23 19:20:55] INFO      - batch 670/947 loss=2.302 bpb=1.363
[2026-03-23 19:21:09] INFO      - batch 680/947 loss=2.302 bpb=1.363
[2026-03-23 19:21:23] INFO      - batch 690/947 loss=2.302 bpb=1.364
[2026-03-23 19:21:37] INFO      - batch 700/947 loss=2.302 bpb=1.364
[2026-03-23 19:21:51] INFO      - batch 710/947 loss=2.302 bpb=1.364
[2026-03-23 19:22:05] INFO      - batch 720/947 loss=2.302 bpb=1.365
[2026-03-23 19:22:19] INFO      - batch 730/947 loss=2.302 bpb=1.365
[2026-03-23 19:22:32] INFO      - batch 740/947 loss=2.302 bpb=1.365
[2026-03-23 19:22:46] INFO      - batch 750/947 loss=2.302 bpb=1.366
[2026-03-23 19:22:59] INFO      - batch 760/947 loss=2.302 bpb=1.366
[2026-03-23 19:23:13] INFO      - batch 770/947 loss=2.303 bpb=1.366
[2026-03-23 19:23:26] INFO      - batch 780/947 loss=2.303 bpb=1.367
[2026-03-23 19:23:39] INFO      - batch 790/947 loss=2.304 bpb=1.367
[2026-03-23 19:23:53] INFO      - batch 800/947 loss=2.305 bpb=1.367
[2026-03-23 19:24:06] INFO      - batch 810/947 loss=2.305 bpb=1.367
[2026-03-23 19:24:20] INFO      - batch 820/947 loss=2.305 bpb=1.367
[2026-03-23 19:24:33] INFO      - batch 830/947 loss=2.306 bpb=1.367
[2026-03-23 19:24:46] INFO      - batch 840/947 loss=2.307 bpb=1.368
[2026-03-23 19:25:00] INFO      - batch 850/947 loss=2.307 bpb=1.368
[2026-03-23 19:25:13] INFO      - batch 860/947 loss=2.307 bpb=1.368
[2026-03-23 19:25:27] INFO      - batch 870/947 loss=2.307 bpb=1.367
[2026-03-23 19:25:40] INFO      - batch 880/947 loss=2.307 bpb=1.367
[2026-03-23 19:25:53] INFO      - batch 890/947 loss=2.307 bpb=1.367
[2026-03-23 19:26:07] INFO      - batch 900/947 loss=2.306 bpb=1.367
[2026-03-23 19:26:20] INFO      - batch 910/947 loss=2.307 bpb=1.366
[2026-03-23 19:26:34] INFO      - batch 920/947 loss=2.306 bpb=1.366
[2026-03-23 19:26:47] INFO      - batch 930/947 loss=2.306 bpb=1.366
[2026-03-23 19:27:00] INFO      - batch 940/947 loss=2.306 bpb=1.365
[2026-03-23 19:27:09] INFO      - batch 947/947 loss=2.306 bpb=1.366
[2026-03-23 19:27:09] INFO     int6 eval complete: val_bpb=1.366 compressed_bytes=12,353,867 in 1288.4s
[2026-03-23 19:27:09] INFO     Report saved to /home/kingsley/projects/golf-research/experiments/baseline/artifacts_8x_rtx_pro_6000_3/eval_report.json
Running evaluation: baseline (artifacts_8x_rtx_pro_6000_3, 1 GPU(s))
[2026-03-23 19:27:17] INFO     Eval config: checkpoints=full=/home/kingsley/projects/golf-research/experiments/baseline/artifacts_8x_rtx_pro_6000_3/checkpoint, step_4704_final_model_int8 device=cuda:0 sequence_length=1024 batch_size=64 world_size=1
[2026-03-23 19:27:17] INFO     Tokenizer: /home/kingsley/github/parameter-golf/data/tokenizers/fineweb_1024_bpe.model
[2026-03-23 19:27:17] INFO     Validation data: /home/kingsley/github/parameter-golf/data/datasets/fineweb10B_sp1024/fineweb_val_*.bin
[2026-03-23 19:27:17] INFO     Loaded tokens=62.02M sequences=60.6K vocab_size=1024
[2026-03-23 19:27:17] INFO     Loading int8 checkpoint: step_4704_final_model_int8
[2026-03-23 19:27:17] INFO     Running int8 evaluation (device=cuda:0)
[2026-03-23 19:27:31] INFO      - batch 10/947 loss=2.271 bpb=1.366
[2026-03-23 19:27:44] INFO      - batch 20/947 loss=2.290 bpb=1.369
[2026-03-23 19:27:58] INFO      - batch 30/947 loss=2.296 bpb=1.375
[2026-03-23 19:28:11] INFO      - batch 40/947 loss=2.287 bpb=1.373
[2026-03-23 19:28:25] INFO      - batch 50/947 loss=2.288 bpb=1.374
[2026-03-23 19:28:38] INFO      - batch 60/947 loss=2.281 bpb=1.371
[2026-03-23 19:28:51] INFO      - batch 70/947 loss=2.281 bpb=1.368
[2026-03-23 19:29:05] INFO      - batch 80/947 loss=2.283 bpb=1.370
[2026-03-23 19:29:18] INFO      - batch 90/947 loss=2.289 bpb=1.373
[2026-03-23 19:29:32] INFO      - batch 100/947 loss=2.292 bpb=1.376
[2026-03-23 19:29:45] INFO      - batch 110/947 loss=2.292 bpb=1.375
[2026-03-23 19:29:59] INFO      - batch 120/947 loss=2.292 bpb=1.376
[2026-03-23 19:30:12] INFO      - batch 130/947 loss=2.291 bpb=1.375
[2026-03-23 19:30:25] INFO      - batch 140/947 loss=2.291 bpb=1.375
[2026-03-23 19:30:39] INFO      - batch 150/947 loss=2.293 bpb=1.374
[2026-03-23 19:30:52] INFO      - batch 160/947 loss=2.296 bpb=1.375
[2026-03-23 19:31:06] INFO      - batch 170/947 loss=2.297 bpb=1.374
[2026-03-23 19:31:19] INFO      - batch 180/947 loss=2.299 bpb=1.376
[2026-03-23 19:31:33] INFO      - batch 190/947 loss=2.300 bpb=1.375
[2026-03-23 19:31:47] INFO      - batch 200/947 loss=2.301 bpb=1.375
[2026-03-23 19:32:00] INFO      - batch 210/947 loss=2.300 bpb=1.373
[2026-03-23 19:32:14] INFO      - batch 220/947 loss=2.301 bpb=1.373
[2026-03-23 19:32:27] INFO      - batch 230/947 loss=2.302 bpb=1.372
[2026-03-23 19:32:41] INFO      - batch 240/947 loss=2.302 bpb=1.371
[2026-03-23 19:32:55] INFO      - batch 250/947 loss=2.303 bpb=1.371
[2026-03-23 19:33:08] INFO      - batch 260/947 loss=2.302 bpb=1.370
[2026-03-23 19:33:22] INFO      - batch 270/947 loss=2.304 bpb=1.370
[2026-03-23 19:33:35] INFO      - batch 280/947 loss=2.304 bpb=1.369
[2026-03-23 19:33:49] INFO      - batch 290/947 loss=2.302 bpb=1.368
[2026-03-23 19:34:02] INFO      - batch 300/947 loss=2.302 bpb=1.368
[2026-03-23 19:34:16] INFO      - batch 310/947 loss=2.301 bpb=1.367
[2026-03-23 19:34:29] INFO      - batch 320/947 loss=2.300 bpb=1.366
[2026-03-23 19:34:43] INFO      - batch 330/947 loss=2.300 bpb=1.365
[2026-03-23 19:34:56] INFO      - batch 340/947 loss=2.299 bpb=1.364
[2026-03-23 19:35:10] INFO      - batch 350/947 loss=2.299 bpb=1.363
[2026-03-23 19:35:23] INFO      - batch 360/947 loss=2.298 bpb=1.363
[2026-03-23 19:35:36] INFO      - batch 370/947 loss=2.299 bpb=1.364
[2026-03-23 19:35:50] INFO      - batch 380/947 loss=2.298 bpb=1.363
[2026-03-23 19:36:03] INFO      - batch 390/947 loss=2.298 bpb=1.363
[2026-03-23 19:36:17] INFO      - batch 400/947 loss=2.297 bpb=1.363
[2026-03-23 19:36:30] INFO      - batch 410/947 loss=2.297 bpb=1.363
[2026-03-23 19:36:44] INFO      - batch 420/947 loss=2.296 bpb=1.363
[2026-03-23 19:36:57] INFO      - batch 430/947 loss=2.295 bpb=1.363
[2026-03-23 19:37:11] INFO      - batch 440/947 loss=2.295 bpb=1.363
[2026-03-23 19:37:24] INFO      - batch 450/947 loss=2.294 bpb=1.363
[2026-03-23 19:37:37] INFO      - batch 460/947 loss=2.293 bpb=1.363
[2026-03-23 19:37:51] INFO      - batch 470/947 loss=2.293 bpb=1.363
[2026-03-23 19:38:04] INFO      - batch 480/947 loss=2.294 bpb=1.364
[2026-03-23 19:38:18] INFO      - batch 490/947 loss=2.295 bpb=1.364
[2026-03-23 19:38:32] INFO      - batch 500/947 loss=2.296 bpb=1.364
[2026-03-23 19:38:45] INFO      - batch 510/947 loss=2.296 bpb=1.365
[2026-03-23 19:38:59] INFO      - batch 520/947 loss=2.298 bpb=1.366
[2026-03-23 19:39:12] INFO      - batch 530/947 loss=2.299 bpb=1.366
[2026-03-23 19:39:26] INFO      - batch 540/947 loss=2.299 bpb=1.366
[2026-03-23 19:39:39] INFO      - batch 550/947 loss=2.300 bpb=1.366
[2026-03-23 19:39:53] INFO      - batch 560/947 loss=2.300 bpb=1.365
[2026-03-23 19:40:06] INFO      - batch 570/947 loss=2.299 bpb=1.365
[2026-03-23 19:40:20] INFO      - batch 580/947 loss=2.299 bpb=1.365
[2026-03-23 19:40:33] INFO      - batch 590/947 loss=2.299 bpb=1.364
[2026-03-23 19:40:46] INFO      - batch 600/947 loss=2.300 bpb=1.364
[2026-03-23 19:41:00] INFO      - batch 610/947 loss=2.300 bpb=1.364
[2026-03-23 19:41:13] INFO      - batch 620/947 loss=2.300 bpb=1.364
[2026-03-23 19:41:27] INFO      - batch 630/947 loss=2.298 bpb=1.363
[2026-03-23 19:41:40] INFO      - batch 640/947 loss=2.298 bpb=1.362
[2026-03-23 19:41:54] INFO      - batch 650/947 loss=2.298 bpb=1.362
[2026-03-23 19:42:07] INFO      - batch 660/947 loss=2.297 bpb=1.361
[2026-03-23 19:42:21] INFO      - batch 670/947 loss=2.297 bpb=1.361
[2026-03-23 19:42:34] INFO      - batch 680/947 loss=2.297 bpb=1.361
[2026-03-23 19:42:47] INFO      - batch 690/947 loss=2.297 bpb=1.361
[2026-03-23 19:43:01] INFO      - batch 700/947 loss=2.297 bpb=1.361
[2026-03-23 19:43:14] INFO      - batch 710/947 loss=2.297 bpb=1.361
[2026-03-23 19:43:28] INFO      - batch 720/947 loss=2.298 bpb=1.362
[2026-03-23 19:43:41] INFO      - batch 730/947 loss=2.297 bpb=1.362
[2026-03-23 19:43:55] INFO      - batch 740/947 loss=2.298 bpb=1.362
[2026-03-23 19:44:08] INFO      - batch 750/947 loss=2.298 bpb=1.363
[2026-03-23 19:44:22] INFO      - batch 760/947 loss=2.298 bpb=1.363
[2026-03-23 19:44:35] INFO      - batch 770/947 loss=2.298 bpb=1.364
[2026-03-23 19:44:49] INFO      - batch 780/947 loss=2.299 bpb=1.364
[2026-03-23 19:45:02] INFO      - batch 790/947 loss=2.299 bpb=1.364
[2026-03-23 19:45:16] INFO      - batch 800/947 loss=2.300 bpb=1.364
[2026-03-23 19:45:29] INFO      - batch 810/947 loss=2.300 bpb=1.365
[2026-03-23 19:45:43] INFO      - batch 820/947 loss=2.301 bpb=1.365
[2026-03-23 19:45:56] INFO      - batch 830/947 loss=2.301 bpb=1.365
[2026-03-23 19:46:10] INFO      - batch 840/947 loss=2.302 bpb=1.365
[2026-03-23 19:46:23] INFO      - batch 850/947 loss=2.302 bpb=1.365
[2026-03-23 19:46:37] INFO      - batch 860/947 loss=2.302 bpb=1.365
[2026-03-23 19:46:50] INFO      - batch 870/947 loss=2.302 bpb=1.365
[2026-03-23 19:47:03] INFO      - batch 880/947 loss=2.302 bpb=1.365
[2026-03-23 19:47:17] INFO      - batch 890/947 loss=2.302 bpb=1.364
[2026-03-23 19:47:31] INFO      - batch 900/947 loss=2.302 bpb=1.364
[2026-03-23 19:47:44] INFO      - batch 910/947 loss=2.302 bpb=1.364
[2026-03-23 19:47:58] INFO      - batch 920/947 loss=2.302 bpb=1.363
[2026-03-23 19:48:12] INFO      - batch 930/947 loss=2.301 bpb=1.363
[2026-03-23 19:48:27] INFO      - batch 940/947 loss=2.301 bpb=1.363
[2026-03-23 19:48:35] INFO      - batch 947/947 loss=2.301 bpb=1.363
[2026-03-23 19:48:35] INFO     int8 eval complete: val_bpb=1.363 compressed_bytes=12,164,296 in 1278.4s
[2026-03-23 19:48:35] INFO     Report saved to /home/kingsley/projects/golf-research/experiments/baseline/artifacts_8x_rtx_pro_6000_3/eval_report.json
Running evaluation: baseline (artifacts_8x_rtx_pro_6000_3, 1 GPU(s))
[2026-03-23 19:48:38] INFO     Eval config: checkpoints=full=/home/kingsley/projects/golf-research/experiments/baseline/artifacts_8x_rtx_pro_6000_3/checkpoint, step_4704_final_model_mxfp4 device=cuda:0 sequence_length=1024 batch_size=64 world_size=1
[2026-03-23 19:48:38] INFO     Tokenizer: /home/kingsley/github/parameter-golf/data/tokenizers/fineweb_1024_bpe.model
[2026-03-23 19:48:38] INFO     Validation data: /home/kingsley/github/parameter-golf/data/datasets/fineweb10B_sp1024/fineweb_val_*.bin
[2026-03-23 19:48:39] INFO     Loaded tokens=62.02M sequences=60.6K vocab_size=1024
[2026-03-23 19:48:39] INFO     Loading mxfp4 checkpoint: step_4704_final_model_mxfp4
[2026-03-23 19:48:39] INFO     Running mxfp4 evaluation (device=cuda:0)
[2026-03-23 19:48:43] INFO      - batch 10/947 loss=3.384 bpb=2.036
[2026-03-23 19:48:47] INFO      - batch 20/947 loss=3.409 bpb=2.038
[2026-03-23 19:48:50] INFO      - batch 30/947 loss=3.413 bpb=2.044
[2026-03-23 19:48:54] INFO      - batch 40/947 loss=3.403 bpb=2.043
[2026-03-23 19:48:58] INFO      - batch 50/947 loss=3.404 bpb=2.045
[2026-03-23 19:49:01] INFO      - batch 60/947 loss=3.398 bpb=2.042
[2026-03-23 19:49:05] INFO      - batch 70/947 loss=3.397 bpb=2.038
[2026-03-23 19:49:08] INFO      - batch 80/947 loss=3.401 bpb=2.041
[2026-03-23 19:49:12] INFO      - batch 90/947 loss=3.407 bpb=2.043
[2026-03-23 19:49:16] INFO      - batch 100/947 loss=3.412 bpb=2.048
[2026-03-23 19:49:19] INFO      - batch 110/947 loss=3.414 bpb=2.048
[2026-03-23 19:49:23] INFO      - batch 120/947 loss=3.415 bpb=2.050
[2026-03-23 19:49:27] INFO      - batch 130/947 loss=3.414 bpb=2.049
[2026-03-23 19:49:31] INFO      - batch 140/947 loss=3.413 bpb=2.048
[2026-03-23 19:49:34] INFO      - batch 150/947 loss=3.415 bpb=2.047
[2026-03-23 19:49:38] INFO      - batch 160/947 loss=3.417 bpb=2.046
[2026-03-23 19:49:42] INFO      - batch 170/947 loss=3.417 bpb=2.044
[2026-03-23 19:49:45] INFO      - batch 180/947 loss=3.418 bpb=2.045
[2026-03-23 19:49:49] INFO      - batch 190/947 loss=3.420 bpb=2.045
[2026-03-23 19:49:53] INFO      - batch 200/947 loss=3.421 bpb=2.044
[2026-03-23 19:49:56] INFO      - batch 210/947 loss=3.420 bpb=2.042
[2026-03-23 19:50:00] INFO      - batch 220/947 loss=3.421 bpb=2.041
[2026-03-23 19:50:04] INFO      - batch 230/947 loss=3.422 bpb=2.039
[2026-03-23 19:50:07] INFO      - batch 240/947 loss=3.421 bpb=2.038
[2026-03-23 19:50:11] INFO      - batch 250/947 loss=3.422 bpb=2.037
[2026-03-23 19:50:14] INFO      - batch 260/947 loss=3.420 bpb=2.035
[2026-03-23 19:50:18] INFO      - batch 270/947 loss=3.422 bpb=2.035
[2026-03-23 19:50:21] INFO      - batch 280/947 loss=3.422 bpb=2.034
[2026-03-23 19:50:25] INFO      - batch 290/947 loss=3.420 bpb=2.032
[2026-03-23 19:50:29] INFO      - batch 300/947 loss=3.419 bpb=2.031
[2026-03-23 19:50:32] INFO      - batch 310/947 loss=3.418 bpb=2.031
[2026-03-23 19:50:36] INFO      - batch 320/947 loss=3.416 bpb=2.029
[2026-03-23 19:50:39] INFO      - batch 330/947 loss=3.416 bpb=2.028
[2026-03-23 19:50:43] INFO      - batch 340/947 loss=3.415 bpb=2.026
[2026-03-23 19:50:46] INFO      - batch 350/947 loss=3.415 bpb=2.025
[2026-03-23 19:50:50] INFO      - batch 360/947 loss=3.414 bpb=2.025
[2026-03-23 19:50:53] INFO      - batch 370/947 loss=3.415 bpb=2.025
[2026-03-23 19:50:57] INFO      - batch 380/947 loss=3.414 bpb=2.025
[2026-03-23 19:51:00] INFO      - batch 390/947 loss=3.413 bpb=2.025
[2026-03-23 19:51:04] INFO      - batch 400/947 loss=3.413 bpb=2.025
[2026-03-23 19:51:08] INFO      - batch 410/947 loss=3.413 bpb=2.025
[2026-03-23 19:51:11] INFO      - batch 420/947 loss=3.412 bpb=2.025
[2026-03-23 19:51:15] INFO      - batch 430/947 loss=3.412 bpb=2.025
[2026-03-23 19:51:18] INFO      - batch 440/947 loss=3.412 bpb=2.026
[2026-03-23 19:51:22] INFO      - batch 450/947 loss=3.410 bpb=2.027
[2026-03-23 19:51:25] INFO      - batch 460/947 loss=3.410 bpb=2.027
[2026-03-23 19:51:29] INFO      - batch 470/947 loss=3.409 bpb=2.027
[2026-03-23 19:51:32] INFO      - batch 480/947 loss=3.410 bpb=2.027
[2026-03-23 19:51:36] INFO      - batch 490/947 loss=3.411 bpb=2.028
[2026-03-23 19:51:39] INFO      - batch 500/947 loss=3.412 bpb=2.028
[2026-03-23 19:51:43] INFO      - batch 510/947 loss=3.413 bpb=2.028
[2026-03-23 19:51:47] INFO      - batch 520/947 loss=3.415 bpb=2.029
[2026-03-23 19:51:50] INFO      - batch 530/947 loss=3.415 bpb=2.029
[2026-03-23 19:51:54] INFO      - batch 540/947 loss=3.416 bpb=2.029
[2026-03-23 19:51:57] INFO      - batch 550/947 loss=3.418 bpb=2.030
[2026-03-23 19:52:01] INFO      - batch 560/947 loss=3.417 bpb=2.029
[2026-03-23 19:52:04] INFO      - batch 570/947 loss=3.416 bpb=2.028
[2026-03-23 19:52:08] INFO      - batch 580/947 loss=3.416 bpb=2.028
[2026-03-23 19:52:11] INFO      - batch 590/947 loss=3.415 bpb=2.027
[2026-03-23 19:52:15] INFO      - batch 600/947 loss=3.417 bpb=2.027
[2026-03-23 19:52:18] INFO      - batch 610/947 loss=3.416 bpb=2.027
[2026-03-23 19:52:22] INFO      - batch 620/947 loss=3.416 bpb=2.026
[2026-03-23 19:52:25] INFO      - batch 630/947 loss=3.415 bpb=2.025
[2026-03-23 19:52:29] INFO      - batch 640/947 loss=3.414 bpb=2.024
[2026-03-23 19:52:33] INFO      - batch 650/947 loss=3.414 bpb=2.023
[2026-03-23 19:52:36] INFO      - batch 660/947 loss=3.413 bpb=2.022
[2026-03-23 19:52:40] INFO      - batch 670/947 loss=3.413 bpb=2.022
[2026-03-23 19:52:43] INFO      - batch 680/947 loss=3.413 bpb=2.022
[2026-03-23 19:52:47] INFO      - batch 690/947 loss=3.413 bpb=2.022
[2026-03-23 19:52:50] INFO      - batch 700/947 loss=3.413 bpb=2.022
[2026-03-23 19:52:54] INFO      - batch 710/947 loss=3.413 bpb=2.023
[2026-03-23 19:52:57] INFO      - batch 720/947 loss=3.414 bpb=2.024
[2026-03-23 19:53:01] INFO      - batch 730/947 loss=3.413 bpb=2.024
[2026-03-23 19:53:04] INFO      - batch 740/947 loss=3.414 bpb=2.025
[2026-03-23 19:53:08] INFO      - batch 750/947 loss=3.415 bpb=2.025
[2026-03-23 19:53:11] INFO      - batch 760/947 loss=3.415 bpb=2.026
[2026-03-23 19:53:15] INFO      - batch 770/947 loss=3.415 bpb=2.026
[2026-03-23 19:53:19] INFO      - batch 780/947 loss=3.416 bpb=2.027
[2026-03-23 19:53:22] INFO      - batch 790/947 loss=3.417 bpb=2.027
[2026-03-23 19:53:26] INFO      - batch 800/947 loss=3.417 bpb=2.027
[2026-03-23 19:53:29] INFO      - batch 810/947 loss=3.417 bpb=2.027
[2026-03-23 19:53:33] INFO      - batch 820/947 loss=3.418 bpb=2.027
[2026-03-23 19:53:36] INFO      - batch 830/947 loss=3.418 bpb=2.027
[2026-03-23 19:53:40] INFO      - batch 840/947 loss=3.419 bpb=2.027
[2026-03-23 19:53:43] INFO      - batch 850/947 loss=3.420 bpb=2.028
[2026-03-23 19:53:47] INFO      - batch 860/947 loss=3.420 bpb=2.027
[2026-03-23 19:53:51] INFO      - batch 870/947 loss=3.420 bpb=2.027
[2026-03-23 19:53:54] INFO      - batch 880/947 loss=3.420 bpb=2.027
[2026-03-23 19:53:58] INFO      - batch 890/947 loss=3.420 bpb=2.026
[2026-03-23 19:54:01] INFO      - batch 900/947 loss=3.419 bpb=2.026
[2026-03-23 19:54:05] INFO      - batch 910/947 loss=3.419 bpb=2.025
[2026-03-23 19:54:08] INFO      - batch 920/947 loss=3.419 bpb=2.025
[2026-03-23 19:54:12] INFO      - batch 930/947 loss=3.418 bpb=2.025
[2026-03-23 19:54:15] INFO      - batch 940/947 loss=3.418 bpb=2.024
[2026-03-23 19:54:18] INFO      - batch 947/947 loss=3.418 bpb=2.024
[2026-03-23 19:54:18] INFO     mxfp4 eval complete: val_bpb=2.024 compressed_bytes=8,568,037 in 338.5s
[2026-03-23 19:54:18] INFO     Report saved to /home/kingsley/projects/golf-research/experiments/baseline/artifacts_8x_rtx_pro_6000_3/eval_report.json
Running evaluation: baseline (artifacts_8x_rtx_pro_6000_3, 1 GPU(s))
[2026-03-23 19:54:21] INFO     Eval config: checkpoints=full=/home/kingsley/projects/golf-research/experiments/baseline/artifacts_8x_rtx_pro_6000_3/checkpoint, step_4704_final_model_nvfp4 device=cuda:0 sequence_length=1024 batch_size=64 world_size=1
[2026-03-23 19:54:21] INFO     Tokenizer: /home/kingsley/github/parameter-golf/data/tokenizers/fineweb_1024_bpe.model
[2026-03-23 19:54:21] INFO     Validation data: /home/kingsley/github/parameter-golf/data/datasets/fineweb10B_sp1024/fineweb_val_*.bin
[2026-03-23 19:54:21] INFO     Loaded tokens=62.02M sequences=60.6K vocab_size=1024
[2026-03-23 19:54:21] INFO     Loading nvfp4 checkpoint: step_4704_final_model_nvfp4
[2026-03-23 19:54:21] INFO     Running nvfp4 evaluation (device=cuda:0)
[2026-03-23 19:54:25] INFO      - batch 10/947 loss=3.964 bpb=2.385
[2026-03-23 19:54:29] INFO      - batch 20/947 loss=3.989 bpb=2.385
[2026-03-23 19:54:32] INFO      - batch 30/947 loss=3.993 bpb=2.392
[2026-03-23 19:54:36] INFO      - batch 40/947 loss=3.985 bpb=2.392
[2026-03-23 19:54:39] INFO      - batch 50/947 loss=3.986 bpb=2.394
[2026-03-23 19:54:43] INFO      - batch 60/947 loss=3.979 bpb=2.392
[2026-03-23 19:54:46] INFO      - batch 70/947 loss=3.977 bpb=2.386
[2026-03-23 19:54:50] INFO      - batch 80/947 loss=3.982 bpb=2.390
[2026-03-23 19:54:53] INFO      - batch 90/947 loss=3.987 bpb=2.391
[2026-03-23 19:54:57] INFO      - batch 100/947 loss=3.992 bpb=2.397
[2026-03-23 19:55:01] INFO      - batch 110/947 loss=3.995 bpb=2.397
[2026-03-23 19:55:04] INFO      - batch 120/947 loss=3.997 bpb=2.399
[2026-03-23 19:55:08] INFO      - batch 130/947 loss=3.995 bpb=2.399
[2026-03-23 19:55:11] INFO      - batch 140/947 loss=3.994 bpb=2.397
[2026-03-23 19:55:15] INFO      - batch 150/947 loss=3.995 bpb=2.394
[2026-03-23 19:55:18] INFO      - batch 160/947 loss=3.998 bpb=2.394
[2026-03-23 19:55:22] INFO      - batch 170/947 loss=3.997 bpb=2.391
[2026-03-23 19:55:26] INFO      - batch 180/947 loss=3.998 bpb=2.392
[2026-03-23 19:55:29] INFO      - batch 190/947 loss=4.000 bpb=2.391
[2026-03-23 19:55:33] INFO      - batch 200/947 loss=4.001 bpb=2.391
[2026-03-23 19:55:36] INFO      - batch 210/947 loss=4.000 bpb=2.389
[2026-03-23 19:55:40] INFO      - batch 220/947 loss=4.001 bpb=2.387
[2026-03-23 19:55:44] INFO      - batch 230/947 loss=4.002 bpb=2.385
[2026-03-23 19:55:47] INFO      - batch 240/947 loss=4.001 bpb=2.383
[2026-03-23 19:55:51] INFO      - batch 250/947 loss=4.001 bpb=2.382
[2026-03-23 19:55:54] INFO      - batch 260/947 loss=4.000 bpb=2.380
[2026-03-23 19:55:58] INFO      - batch 270/947 loss=4.001 bpb=2.380
[2026-03-23 19:56:02] INFO      - batch 280/947 loss=4.000 bpb=2.378
[2026-03-23 19:56:05] INFO      - batch 290/947 loss=3.998 bpb=2.376
[2026-03-23 19:56:09] INFO      - batch 300/947 loss=3.997 bpb=2.375
[2026-03-23 19:56:13] INFO      - batch 310/947 loss=3.996 bpb=2.374
[2026-03-23 19:56:17] INFO      - batch 320/947 loss=3.994 bpb=2.372
[2026-03-23 19:56:20] INFO      - batch 330/947 loss=3.994 bpb=2.371
[2026-03-23 19:56:24] INFO      - batch 340/947 loss=3.992 bpb=2.369
[2026-03-23 19:56:27] INFO      - batch 350/947 loss=3.992 bpb=2.368
[2026-03-23 19:56:31] INFO      - batch 360/947 loss=3.991 bpb=2.367
[2026-03-23 19:56:34] INFO      - batch 370/947 loss=3.993 bpb=2.368
[2026-03-23 19:56:38] INFO      - batch 380/947 loss=3.992 bpb=2.367
[2026-03-23 19:56:41] INFO      - batch 390/947 loss=3.991 bpb=2.368
[2026-03-23 19:56:45] INFO      - batch 400/947 loss=3.990 bpb=2.367
[2026-03-23 19:56:49] INFO      - batch 410/947 loss=3.991 bpb=2.368
[2026-03-23 19:56:52] INFO      - batch 420/947 loss=3.990 bpb=2.368
[2026-03-23 19:56:56] INFO      - batch 430/947 loss=3.990 bpb=2.369
[2026-03-23 19:56:59] INFO      - batch 440/947 loss=3.990 bpb=2.370
[2026-03-23 19:57:03] INFO      - batch 450/947 loss=3.989 bpb=2.370
[2026-03-23 19:57:06] INFO      - batch 460/947 loss=3.988 bpb=2.370
[2026-03-23 19:57:10] INFO      - batch 470/947 loss=3.987 bpb=2.371
[2026-03-23 19:57:13] INFO      - batch 480/947 loss=3.988 bpb=2.371
[2026-03-23 19:57:17] INFO      - batch 490/947 loss=3.990 bpb=2.372
[2026-03-23 19:57:21] INFO      - batch 500/947 loss=3.990 bpb=2.372
[2026-03-23 19:57:24] INFO      - batch 510/947 loss=3.991 bpb=2.372
[2026-03-23 19:57:28] INFO      - batch 520/947 loss=3.993 bpb=2.373
[2026-03-23 19:57:31] INFO      - batch 530/947 loss=3.994 bpb=2.372
[2026-03-23 19:57:35] INFO      - batch 540/947 loss=3.994 bpb=2.373
[2026-03-23 19:57:38] INFO      - batch 550/947 loss=3.996 bpb=2.373
[2026-03-23 19:57:42] INFO      - batch 560/947 loss=3.996 bpb=2.373
[2026-03-23 19:57:45] INFO      - batch 570/947 loss=3.995 bpb=2.371
[2026-03-23 19:57:49] INFO      - batch 580/947 loss=3.995 bpb=2.371
[2026-03-23 19:57:53] INFO      - batch 590/947 loss=3.994 bpb=2.370
[2026-03-23 19:57:56] INFO      - batch 600/947 loss=3.995 bpb=2.370
[2026-03-23 19:58:00] INFO      - batch 610/947 loss=3.995 bpb=2.370
[2026-03-23 19:58:03] INFO      - batch 620/947 loss=3.994 bpb=2.369
[2026-03-23 19:58:07] INFO      - batch 630/947 loss=3.993 bpb=2.368
[2026-03-23 19:58:11] INFO      - batch 640/947 loss=3.992 bpb=2.367
[2026-03-23 19:58:14] INFO      - batch 650/947 loss=3.992 bpb=2.366
[2026-03-23 19:58:18] INFO      - batch 660/947 loss=3.991 bpb=2.365
[2026-03-23 19:58:21] INFO      - batch 670/947 loss=3.991 bpb=2.364
[2026-03-23 19:58:25] INFO      - batch 680/947 loss=3.991 bpb=2.364
[2026-03-23 19:58:29] INFO      - batch 690/947 loss=3.991 bpb=2.365
[2026-03-23 19:58:32] INFO      - batch 700/947 loss=3.991 bpb=2.364
[2026-03-23 19:58:36] INFO      - batch 710/947 loss=3.991 bpb=2.365
[2026-03-23 19:58:40] INFO      - batch 720/947 loss=3.992 bpb=2.366
[2026-03-23 19:58:43] INFO      - batch 730/947 loss=3.991 bpb=2.366
[2026-03-23 19:58:47] INFO      - batch 740/947 loss=3.993 bpb=2.368
[2026-03-23 19:58:51] INFO      - batch 750/947 loss=3.993 bpb=2.368
[2026-03-23 19:58:55] INFO      - batch 760/947 loss=3.993 bpb=2.369
[2026-03-23 19:58:58] INFO      - batch 770/947 loss=3.993 bpb=2.369
[2026-03-23 19:59:02] INFO      - batch 780/947 loss=3.994 bpb=2.370
[2026-03-23 19:59:06] INFO      - batch 790/947 loss=3.995 bpb=2.371
[2026-03-23 19:59:09] INFO      - batch 800/947 loss=3.996 bpb=2.371
[2026-03-23 19:59:13] INFO      - batch 810/947 loss=3.996 bpb=2.370
[2026-03-23 19:59:17] INFO      - batch 820/947 loss=3.996 bpb=2.370
[2026-03-23 19:59:20] INFO      - batch 830/947 loss=3.997 bpb=2.370
[2026-03-23 19:59:24] INFO      - batch 840/947 loss=3.997 bpb=2.370
[2026-03-23 19:59:28] INFO      - batch 850/947 loss=3.998 bpb=2.371
[2026-03-23 19:59:31] INFO      - batch 860/947 loss=3.998 bpb=2.370
[2026-03-23 19:59:35] INFO      - batch 870/947 loss=3.998 bpb=2.370
[2026-03-23 19:59:38] INFO      - batch 880/947 loss=3.998 bpb=2.369
[2026-03-23 19:59:42] INFO      - batch 890/947 loss=3.998 bpb=2.369
[2026-03-23 19:59:45] INFO      - batch 900/947 loss=3.997 bpb=2.368
[2026-03-23 19:59:49] INFO      - batch 910/947 loss=3.997 bpb=2.368
[2026-03-23 19:59:52] INFO      - batch 920/947 loss=3.997 bpb=2.368
[2026-03-23 19:59:56] INFO      - batch 930/947 loss=3.996 bpb=2.367
[2026-03-23 19:59:59] INFO      - batch 940/947 loss=3.996 bpb=2.366
[2026-03-23 20:00:02] INFO      - batch 947/947 loss=3.996 bpb=2.367
[2026-03-23 20:00:02] INFO     nvfp4 eval complete: val_bpb=2.367 compressed_bytes=8,694,041 in 340.5s
[2026-03-23 20:00:02] INFO     Report saved to /home/kingsley/projects/golf-research/experiments/baseline/artifacts_8x_rtx_pro_6000_3/eval_report.json
Quantizing: baseline (artifacts_8x_rtx_pro_6000_3, schemes=int6,int8,mxfp4,nvfp4, uncompressed)
[2026-03-24 07:29:29] INFO     Loading checkpoint: /home/kingsley/projects/golf-research/experiments/baseline/artifacts_8x_rtx_pro_6000_3/checkpoint/step_4704_final_model
[2026-03-24 07:29:29] INFO     Loading checkpoint from /home/kingsley/projects/golf-research/experiments/baseline/artifacts_8x_rtx_pro_6000_3/checkpoint/step_4704_final_model
[2026-03-24 07:29:29] INFO     Loaded model from /home/kingsley/projects/golf-research/experiments/baseline/artifacts_8x_rtx_pro_6000_3/checkpoint/step_4704_final_model (17,051,208 parameters)
[2026-03-24 07:29:29] INFO     Quantizing to int6
[2026-03-24 07:29:31] INFO     int6 (zstd): compressed=12,353,867 bytes serialized=13,370,107 bytes payload=13,311,120 bytes
[2026-03-24 07:29:31] INFO     int6 roundtrip verified
[2026-03-24 07:29:31] INFO     Quantizing to int8
[2026-03-24 07:29:39] INFO     int8 (zstd): compressed=12,164,296 bytes serialized=17,759,611 bytes payload=17,702,032 bytes
[2026-03-24 07:29:39] INFO     int8 roundtrip verified
[2026-03-24 07:29:39] INFO     Quantizing to mxfp4
[2026-03-24 07:29:40] INFO     mxfp4 (zstd): compressed=8,568,037 bytes serialized=11,113,787 bytes payload=11,056,272 bytes
[2026-03-24 07:29:41] INFO     mxfp4 roundtrip verified
[2026-03-24 07:29:41] INFO     Quantizing to nvfp4
[2026-03-24 07:29:42] INFO     nvfp4 (zstd): compressed=8,694,041 bytes serialized=10,030,347 bytes payload=9,958,768 bytes
[2026-03-24 07:29:42] INFO     nvfp4 roundtrip verified
[2026-03-24 07:29:42] INFO     Report saved to /home/kingsley/projects/golf-research/experiments/baseline/artifacts_8x_rtx_pro_6000_3/quant_report.json
