Overrides saved to artifacts/overrides.yaml
Running experiment: 008-lower-lr (1 GPU(s))
[2026-03-25 12:29:06] INFO     Training stages: ['pre_training']
[2026-03-25 12:29:06] INFO     Device: cuda:0, distributed: False
[2026-03-25 12:29:06] INFO     Starting stage: pre_training
[2026-03-25 12:29:06] WARNING  Could not build tokenizer for 'baseline': Not found: "/workspace/parameter-golf/data/tokenizers/fineweb_1024_bpe.model": No such file or directory Error #2
[2026-03-25 12:29:06] INFO     Seed: 1032433233
[2026-03-25 12:29:06] INFO     GradientAccumulation auto-computed gradient_accumulation_steps=8 (micro_batch_size=16, full_batch_size=128)
[2026-03-25 12:29:06] INFO     Loaded 80 shards from /home/kingsley/github/parameter-golf/data/datasets/fineweb10B_sp1024/fineweb_train_*.bin (8.00B tokens)
[2026-03-25 12:29:06] INFO     DecoderTransformer params=17.05M non_emb_params=16.53M
[2026-03-25 12:29:06] INFO     DecoderTransformerTrainer grad_accum=8 compile(dynamic=False, fullgraph=True)
[2026-03-25 12:29:06] INFO     LayerWiseOptimiser groups=3 params=17,051,208
[2026-03-25 12:29:06] INFO      - embedding: Adam lr=0.0300 betas=(0.9000, 0.9500) layers=1 params=524,288
[2026-03-25 12:29:06] INFO      - block_scalars: Adam lr=0.0200 betas=(0.9000, 0.9500) layers=32 params=11,848
[2026-03-25 12:29:06] INFO      - default: Muon lr=0.0200 momentum=0.9500 layers=54 params=16,515,072 features=[HyperparameterSchedule(parameter=momentum, initial=0.8500, final=0.9500, scheduler=LinearLR(start_factor=0.3333, end_factor=1.0000, total_iters=500))]
[2026-03-25 12:29:06] INFO     WallclockWarmdownScheduler decay_type=linear base_lrs=[0.0300, 0.0200, 0.0200]
[2026-03-25 12:29:06] INFO     Model trainer features: CompileDiagnostics, Autocast(dtype=bfloat16), CUDABackend(tf32=True, sdp=flash)
[2026-03-25 12:29:06] INFO     torch.compile diagnostics enabled - stats will be reported after the first training step
[2026-03-25 12:29:06] INFO     Training features: SystemDiagnostics(console, artifacts/system.json), ConfigSnapshot(artifacts/experiment.yaml), GradientAccumulation(grad_accum=8, micro_batch=16, full_batch=128), SpeedMonitor, MemoryProfiler, Checkpointer, MetricsLogger(artifacts/metrics.jsonl), ConsoleLogger
[2026-03-25 12:29:06] INFO     Host: spark-2004 cpus=20 ram=119.7GB
[2026-03-25 12:29:06] INFO     Software: python=3.12.12 pytorch=2.10.0+cu130 cuda=13.0
[2026-03-25 12:29:06] INFO      - GPU 0: NVIDIA GB10 memory=119.7GB SMs=48 compute=12.1
[2026-03-25 12:29:06] INFO     Saved resolved config to artifacts/experiment.yaml
[2026-03-25 12:29:06] INFO     Running 10 warmup steps
[2026-03-25 12:29:09] INFO     Compiled model active
[2026-03-25 12:29:09] INFO     torch.compile diagnostics | graphs=5 | graph breaks=0
[2026-03-25 12:29:09] INFO     No graph breaks detected
[2026-03-25 12:29:09] INFO      - warmup step 1/10 2.8s
[2026-03-25 12:29:10] INFO     torch.compile step timing | first=0.4278s (incl. compilation) | second=0.1199s (compiled)
[2026-03-25 12:29:10] INFO      - warmup step 2/10 0.9s
[2026-03-25 12:29:11] INFO      - warmup step 3/10 0.9s
[2026-03-25 12:29:12] INFO      - warmup step 4/10 0.9s
[2026-03-25 12:29:13] INFO      - warmup step 5/10 0.9s
[2026-03-25 12:29:13] INFO      - warmup step 6/10 0.9s
[2026-03-25 12:29:14] INFO      - warmup step 7/10 0.9s
[2026-03-25 12:29:15] INFO      - warmup step 8/10 0.9s
[2026-03-25 12:29:16] INFO      - warmup step 9/10 0.9s
[2026-03-25 12:29:17] INFO      - warmup step 10/10 0.9s
[2026-03-25 12:29:17] INFO     Warmup complete in 10.9s
[2026-03-25 12:29:17] INFO     Starting training total_batch_tokens=131,072 params=17.05M
[2026-03-25 12:29:17] INFO     Starting epoch 1
[2026-03-25 12:29:26] INFO     step=10 | epoch=1 | ce_loss=6.103 | gpu_peak_allocated_gb=3.420 | gpu_peak_reserved_gb=3.542 | gpu_reserved_gb=3.542 | loss=6.103 | lr=0.0300 | ms_per_step=868.7 | flops_per_sec=1.54E+13 | tokens_per_sec=150,880 | tokens_seen=1.31M | total_flops=134.10T
[2026-03-25 12:29:35] INFO     step=20 | epoch=1 | ce_loss=5.405 | gpu_peak_allocated_gb=3.420 | gpu_peak_reserved_gb=3.542 | gpu_reserved_gb=3.542 | loss=5.405 | lr=0.0260 | ms_per_step=869.2 | flops_per_sec=1.54E+13 | tokens_per_sec=150,802 | tokens_seen=2.62M | total_flops=268.19T
[2026-03-25 12:29:44] INFO     step=30 | epoch=1 | ce_loss=4.915 | gpu_peak_allocated_gb=3.420 | gpu_peak_reserved_gb=3.542 | gpu_reserved_gb=3.542 | loss=4.915 | lr=0.0224 | ms_per_step=869.5 | flops_per_sec=1.54E+13 | tokens_per_sec=150,748 | tokens_seen=3.93M | total_flops=402.29T
[2026-03-25 12:29:52] INFO     step=40 | epoch=1 | ce_loss=4.576 | gpu_peak_allocated_gb=3.420 | gpu_peak_reserved_gb=3.542 | gpu_reserved_gb=3.542 | loss=4.576 | lr=0.0205 | ms_per_step=870.1 | flops_per_sec=1.54E+13 | tokens_per_sec=150,633 | tokens_seen=5.24M | total_flops=536.38T
[2026-03-25 12:30:01] INFO     step=50 | epoch=1 | ce_loss=4.393 | gpu_peak_allocated_gb=3.420 | gpu_peak_reserved_gb=3.542 | gpu_reserved_gb=3.542 | loss=4.393 | lr=0.0192 | ms_per_step=870.6 | flops_per_sec=1.54E+13 | tokens_per_sec=150,560 | tokens_seen=6.55M | total_flops=670.48T
[2026-03-25 12:30:10] INFO     step=60 | epoch=1 | ce_loss=4.217 | gpu_peak_allocated_gb=3.420 | gpu_peak_reserved_gb=3.542 | gpu_reserved_gb=3.542 | loss=4.217 | lr=0.0183 | ms_per_step=871.2 | flops_per_sec=1.54E+13 | tokens_per_sec=150,451 | tokens_seen=7.86M | total_flops=804.58T
[2026-03-25 12:30:19] INFO     step=70 | epoch=1 | ce_loss=4.028 | gpu_peak_allocated_gb=3.420 | gpu_peak_reserved_gb=3.542 | gpu_reserved_gb=3.542 | loss=4.028 | lr=0.0176 | ms_per_step=871.6 | flops_per_sec=1.54E+13 | tokens_per_sec=150,388 | tokens_seen=9.18M | total_flops=938.67T
[2026-03-25 12:30:28] INFO     step=80 | epoch=1 | ce_loss=3.828 | gpu_peak_allocated_gb=3.420 | gpu_peak_reserved_gb=3.542 | gpu_reserved_gb=3.542 | loss=3.828 | lr=0.0170 | ms_per_step=872.0 | flops_per_sec=1.54E+13 | tokens_per_sec=150,304 | tokens_seen=10.49M | total_flops=1.07P
[2026-03-25 12:30:37] INFO     step=90 | epoch=1 | ce_loss=3.720 | gpu_peak_allocated_gb=3.420 | gpu_peak_reserved_gb=3.542 | gpu_reserved_gb=3.542 | loss=3.720 | lr=0.0165 | ms_per_step=872.2 | flops_per_sec=1.54E+13 | tokens_per_sec=150,271 | tokens_seen=11.80M | total_flops=1.21P
[2026-03-25 12:30:46] INFO     step=100 | epoch=1 | ce_loss=3.635 | gpu_peak_allocated_gb=3.420 | gpu_peak_reserved_gb=3.542 | gpu_reserved_gb=3.542 | loss=3.635 | lr=0.0160 | ms_per_step=872.6 | flops_per_sec=1.54E+13 | tokens_per_sec=150,200 | tokens_seen=13.11M | total_flops=1.34P
[2026-03-25 12:30:55] INFO     step=110 | epoch=1 | ce_loss=3.546 | gpu_peak_allocated_gb=3.420 | gpu_peak_reserved_gb=3.542 | gpu_reserved_gb=3.542 | loss=3.546 | lr=0.0156 | ms_per_step=872.7 | flops_per_sec=1.54E+13 | tokens_per_sec=150,185 | tokens_seen=14.42M | total_flops=1.48P
[2026-03-25 12:31:03] INFO     step=120 | epoch=1 | ce_loss=3.428 | gpu_peak_allocated_gb=3.420 | gpu_peak_reserved_gb=3.542 | gpu_reserved_gb=3.542 | loss=3.428 | lr=0.0152 | ms_per_step=872.9 | flops_per_sec=1.54E+13 | tokens_per_sec=150,154 | tokens_seen=15.73M | total_flops=1.61P
[2026-03-25 12:31:12] INFO     step=130 | epoch=1 | ce_loss=3.399 | gpu_peak_allocated_gb=3.420 | gpu_peak_reserved_gb=3.542 | gpu_reserved_gb=3.542 | loss=3.399 | lr=0.0148 | ms_per_step=873.3 | flops_per_sec=1.54E+13 | tokens_per_sec=150,085 | tokens_seen=17.04M | total_flops=1.74P
[2026-03-25 12:31:21] INFO     step=140 | epoch=1 | ce_loss=3.302 | gpu_peak_allocated_gb=3.420 | gpu_peak_reserved_gb=3.542 | gpu_reserved_gb=3.542 | loss=3.302 | lr=0.0145 | ms_per_step=873.5 | flops_per_sec=1.54E+13 | tokens_per_sec=150,056 | tokens_seen=18.35M | total_flops=1.88P
[2026-03-25 12:31:30] INFO     step=150 | epoch=1 | ce_loss=3.254 | gpu_peak_allocated_gb=3.420 | gpu_peak_reserved_gb=3.542 | gpu_reserved_gb=3.542 | loss=3.254 | lr=0.0141 | ms_per_step=873.7 | flops_per_sec=1.53E+13 | tokens_per_sec=150,012 | tokens_seen=19.66M | total_flops=2.01P
[2026-03-25 12:31:39] INFO     step=160 | epoch=1 | ce_loss=3.177 | gpu_peak_allocated_gb=3.420 | gpu_peak_reserved_gb=3.542 | gpu_reserved_gb=3.542 | loss=3.177 | lr=0.0138 | ms_per_step=873.7 | flops_per_sec=1.53E+13 | tokens_per_sec=150,013 | tokens_seen=20.97M | total_flops=2.15P
[2026-03-25 12:31:48] INFO     step=170 | epoch=1 | ce_loss=3.145 | gpu_peak_allocated_gb=3.420 | gpu_peak_reserved_gb=3.542 | gpu_reserved_gb=3.542 | loss=3.145 | lr=0.0135 | ms_per_step=873.8 | flops_per_sec=1.53E+13 | tokens_per_sec=150,004 | tokens_seen=22.28M | total_flops=2.28P
[2026-03-25 12:31:57] INFO     step=180 | epoch=1 | ce_loss=3.087 | gpu_peak_allocated_gb=3.420 | gpu_peak_reserved_gb=3.542 | gpu_reserved_gb=3.542 | loss=3.087 | lr=0.0132 | ms_per_step=873.7 | flops_per_sec=1.53E+13 | tokens_per_sec=150,021 | tokens_seen=23.59M | total_flops=2.41P
[2026-03-25 12:32:06] INFO     step=190 | epoch=1 | ce_loss=3.058 | gpu_peak_allocated_gb=3.420 | gpu_peak_reserved_gb=3.542 | gpu_reserved_gb=3.542 | loss=3.058 | lr=0.0129 | ms_per_step=873.6 | flops_per_sec=1.53E+13 | tokens_per_sec=150,028 | tokens_seen=24.90M | total_flops=2.55P
[2026-03-25 12:32:15] INFO     step=200 | epoch=1 | ce_loss=3.062 | gpu_peak_allocated_gb=3.420 | gpu_peak_reserved_gb=3.542 | gpu_reserved_gb=3.542 | loss=3.062 | lr=0.0126 | ms_per_step=873.7 | flops_per_sec=1.53E+13 | tokens_per_sec=150,027 | tokens_seen=26.21M | total_flops=2.68P
[2026-03-25 12:32:23] INFO     step=210 | epoch=1 | ce_loss=3.011 | gpu_peak_allocated_gb=3.420 | gpu_peak_reserved_gb=3.542 | gpu_reserved_gb=3.542 | loss=3.011 | lr=0.0123 | ms_per_step=873.6 | flops_per_sec=1.53E+13 | tokens_per_sec=150,029 | tokens_seen=27.53M | total_flops=2.82P
[2026-03-25 12:32:32] INFO     step=220 | epoch=1 | ce_loss=2.959 | gpu_peak_allocated_gb=3.420 | gpu_peak_reserved_gb=3.542 | gpu_reserved_gb=3.542 | loss=2.959 | lr=0.0120 | ms_per_step=873.5 | flops_per_sec=1.54E+13 | tokens_per_sec=150,052 | tokens_seen=28.84M | total_flops=2.95P
[2026-03-25 12:32:41] INFO     step=230 | epoch=1 | ce_loss=2.962 | gpu_peak_allocated_gb=3.420 | gpu_peak_reserved_gb=3.542 | gpu_reserved_gb=3.542 | loss=2.962 | lr=0.0117 | ms_per_step=873.4 | flops_per_sec=1.54E+13 | tokens_per_sec=150,062 | tokens_seen=30.15M | total_flops=3.08P
[2026-03-25 12:32:50] INFO     step=240 | epoch=1 | ce_loss=2.930 | gpu_peak_allocated_gb=3.420 | gpu_peak_reserved_gb=3.542 | gpu_reserved_gb=3.542 | loss=2.930 | lr=0.0114 | ms_per_step=873.3 | flops_per_sec=1.54E+13 | tokens_per_sec=150,079 | tokens_seen=31.46M | total_flops=3.22P
[2026-03-25 12:32:59] INFO     step=250 | epoch=1 | ce_loss=2.915 | gpu_peak_allocated_gb=3.420 | gpu_peak_reserved_gb=3.542 | gpu_reserved_gb=3.542 | loss=2.915 | lr=0.0111 | ms_per_step=873.3 | flops_per_sec=1.54E+13 | tokens_per_sec=150,085 | tokens_seen=32.77M | total_flops=3.35P
[2026-03-25 12:33:08] INFO     step=260 | epoch=1 | ce_loss=2.894 | gpu_peak_allocated_gb=3.420 | gpu_peak_reserved_gb=3.542 | gpu_reserved_gb=3.542 | loss=2.894 | lr=0.0109 | ms_per_step=873.3 | flops_per_sec=1.54E+13 | tokens_per_sec=150,095 | tokens_seen=34.08M | total_flops=3.49P
[2026-03-25 12:33:17] INFO     step=270 | epoch=1 | ce_loss=2.884 | gpu_peak_allocated_gb=3.420 | gpu_peak_reserved_gb=3.542 | gpu_reserved_gb=3.542 | loss=2.884 | lr=0.0106 | ms_per_step=873.2 | flops_per_sec=1.54E+13 | tokens_per_sec=150,106 | tokens_seen=35.39M | total_flops=3.62P
[2026-03-25 12:33:25] INFO     step=280 | epoch=1 | ce_loss=2.898 | gpu_peak_allocated_gb=3.420 | gpu_peak_reserved_gb=3.542 | gpu_reserved_gb=3.542 | loss=2.898 | lr=0.0103 | ms_per_step=873.0 | flops_per_sec=1.54E+13 | tokens_per_sec=150,134 | tokens_seen=36.70M | total_flops=3.75P
[2026-03-25 12:33:34] INFO     step=290 | epoch=1 | ce_loss=2.860 | gpu_peak_allocated_gb=3.420 | gpu_peak_reserved_gb=3.542 | gpu_reserved_gb=3.542 | loss=2.860 | lr=0.0100 | ms_per_step=872.9 | flops_per_sec=1.54E+13 | tokens_per_sec=150,159 | tokens_seen=38.01M | total_flops=3.89P
[2026-03-25 12:33:43] INFO     step=300 | epoch=1 | ce_loss=2.857 | gpu_peak_allocated_gb=3.420 | gpu_peak_reserved_gb=3.542 | gpu_reserved_gb=3.542 | loss=2.857 | lr=0.0098 | ms_per_step=872.7 | flops_per_sec=1.54E+13 | tokens_per_sec=150,189 | tokens_seen=39.32M | total_flops=4.02P
[2026-03-25 12:33:52] INFO     step=310 | epoch=1 | ce_loss=2.797 | gpu_peak_allocated_gb=3.420 | gpu_peak_reserved_gb=3.542 | gpu_reserved_gb=3.542 | loss=2.797 | lr=0.0095 | ms_per_step=872.6 | flops_per_sec=1.54E+13 | tokens_per_sec=150,200 | tokens_seen=40.63M | total_flops=4.16P
[2026-03-25 12:34:01] INFO     step=320 | epoch=1 | ce_loss=2.852 | gpu_peak_allocated_gb=3.420 | gpu_peak_reserved_gb=3.542 | gpu_reserved_gb=3.542 | loss=2.852 | lr=0.0092 | ms_per_step=872.7 | flops_per_sec=1.54E+13 | tokens_per_sec=150,196 | tokens_seen=41.94M | total_flops=4.29P
[2026-03-25 12:34:10] INFO     step=330 | epoch=1 | ce_loss=2.792 | gpu_peak_allocated_gb=3.420 | gpu_peak_reserved_gb=3.542 | gpu_reserved_gb=3.542 | loss=2.792 | lr=0.0090 | ms_per_step=872.8 | flops_per_sec=1.54E+13 | tokens_per_sec=150,176 | tokens_seen=43.25M | total_flops=4.43P
[2026-03-25 12:34:19] INFO     step=340 | epoch=1 | ce_loss=2.761 | gpu_peak_allocated_gb=3.420 | gpu_peak_reserved_gb=3.542 | gpu_reserved_gb=3.542 | loss=2.761 | lr=0.0087 | ms_per_step=872.9 | flops_per_sec=1.54E+13 | tokens_per_sec=150,162 | tokens_seen=44.56M | total_flops=4.56P
[2026-03-25 12:34:28] INFO     step=350 | epoch=1 | ce_loss=2.824 | gpu_peak_allocated_gb=3.420 | gpu_peak_reserved_gb=3.542 | gpu_reserved_gb=3.542 | loss=2.824 | lr=0.0084 | ms_per_step=872.9 | flops_per_sec=1.54E+13 | tokens_per_sec=150,157 | tokens_seen=45.88M | total_flops=4.69P
[2026-03-25 12:34:36] INFO     step=360 | epoch=1 | ce_loss=2.768 | gpu_peak_allocated_gb=3.420 | gpu_peak_reserved_gb=3.542 | gpu_reserved_gb=3.542 | loss=2.768 | lr=0.0082 | ms_per_step=872.9 | flops_per_sec=1.54E+13 | tokens_per_sec=150,162 | tokens_seen=47.19M | total_flops=4.83P
[2026-03-25 12:34:45] INFO     step=370 | epoch=1 | ce_loss=2.779 | gpu_peak_allocated_gb=3.420 | gpu_peak_reserved_gb=3.542 | gpu_reserved_gb=3.542 | loss=2.779 | lr=0.0079 | ms_per_step=872.9 | flops_per_sec=1.54E+13 | tokens_per_sec=150,164 | tokens_seen=48.50M | total_flops=4.96P
[2026-03-25 12:34:54] INFO     step=380 | epoch=1 | ce_loss=2.732 | gpu_peak_allocated_gb=3.420 | gpu_peak_reserved_gb=3.542 | gpu_reserved_gb=3.542 | loss=2.732 | lr=0.0076 | ms_per_step=872.8 | flops_per_sec=1.54E+13 | tokens_per_sec=150,170 | tokens_seen=49.81M | total_flops=5.10P
[2026-03-25 12:35:03] INFO     step=390 | epoch=1 | ce_loss=2.719 | gpu_peak_allocated_gb=3.420 | gpu_peak_reserved_gb=3.542 | gpu_reserved_gb=3.542 | loss=2.719 | lr=0.0074 | ms_per_step=872.7 | flops_per_sec=1.54E+13 | tokens_per_sec=150,190 | tokens_seen=51.12M | total_flops=5.23P
[2026-03-25 12:35:12] INFO     step=400 | epoch=1 | ce_loss=2.728 | gpu_peak_allocated_gb=3.420 | gpu_peak_reserved_gb=3.542 | gpu_reserved_gb=3.542 | loss=2.728 | lr=0.0071 | ms_per_step=872.6 | flops_per_sec=1.54E+13 | tokens_per_sec=150,207 | tokens_seen=52.43M | total_flops=5.36P
[2026-03-25 12:35:21] INFO     step=410 | epoch=1 | ce_loss=2.700 | gpu_peak_allocated_gb=3.420 | gpu_peak_reserved_gb=3.542 | gpu_reserved_gb=3.542 | loss=2.700 | lr=0.0069 | ms_per_step=872.5 | flops_per_sec=1.54E+13 | tokens_per_sec=150,217 | tokens_seen=53.74M | total_flops=5.50P
[2026-03-25 12:35:29] INFO     step=420 | epoch=1 | ce_loss=2.688 | gpu_peak_allocated_gb=3.420 | gpu_peak_reserved_gb=3.542 | gpu_reserved_gb=3.542 | loss=2.688 | lr=0.0066 | ms_per_step=872.5 | flops_per_sec=1.54E+13 | tokens_per_sec=150,229 | tokens_seen=55.05M | total_flops=5.63P
[2026-03-25 12:35:38] INFO     step=430 | epoch=1 | ce_loss=2.766 | gpu_peak_allocated_gb=3.420 | gpu_peak_reserved_gb=3.542 | gpu_reserved_gb=3.542 | loss=2.766 | lr=0.0063 | ms_per_step=872.4 | flops_per_sec=1.54E+13 | tokens_per_sec=150,238 | tokens_seen=56.36M | total_flops=5.77P
[2026-03-25 12:35:47] INFO     step=440 | epoch=1 | ce_loss=2.713 | gpu_peak_allocated_gb=3.420 | gpu_peak_reserved_gb=3.542 | gpu_reserved_gb=3.542 | loss=2.713 | lr=0.0061 | ms_per_step=872.4 | flops_per_sec=1.54E+13 | tokens_per_sec=150,249 | tokens_seen=57.67M | total_flops=5.90P
[2026-03-25 12:35:56] INFO     step=450 | epoch=1 | ce_loss=2.678 | gpu_peak_allocated_gb=3.420 | gpu_peak_reserved_gb=3.542 | gpu_reserved_gb=3.542 | loss=2.678 | lr=0.0058 | ms_per_step=872.4 | flops_per_sec=1.54E+13 | tokens_per_sec=150,240 | tokens_seen=58.98M | total_flops=6.03P
[2026-03-25 12:36:05] INFO     step=460 | epoch=1 | ce_loss=2.676 | gpu_peak_allocated_gb=3.420 | gpu_peak_reserved_gb=3.542 | gpu_reserved_gb=3.542 | loss=2.676 | lr=0.0056 | ms_per_step=872.4 | flops_per_sec=1.54E+13 | tokens_per_sec=150,235 | tokens_seen=60.29M | total_flops=6.17P
[2026-03-25 12:36:14] INFO     step=470 | epoch=1 | ce_loss=2.709 | gpu_peak_allocated_gb=3.420 | gpu_peak_reserved_gb=3.542 | gpu_reserved_gb=3.542 | loss=2.709 | lr=0.0053 | ms_per_step=872.4 | flops_per_sec=1.54E+13 | tokens_per_sec=150,238 | tokens_seen=61.60M | total_flops=6.30P
[2026-03-25 12:36:23] INFO     step=480 | epoch=1 | ce_loss=2.708 | gpu_peak_allocated_gb=3.420 | gpu_peak_reserved_gb=3.542 | gpu_reserved_gb=3.542 | loss=2.708 | lr=0.0051 | ms_per_step=872.4 | flops_per_sec=1.54E+13 | tokens_per_sec=150,236 | tokens_seen=62.91M | total_flops=6.44P
[2026-03-25 12:36:31] INFO     step=490 | epoch=1 | ce_loss=2.701 | gpu_peak_allocated_gb=3.420 | gpu_peak_reserved_gb=3.542 | gpu_reserved_gb=3.542 | loss=2.701 | lr=0.0048 | ms_per_step=872.4 | flops_per_sec=1.54E+13 | tokens_per_sec=150,242 | tokens_seen=64.23M | total_flops=6.57P
[2026-03-25 12:36:40] INFO     step=500 | epoch=1 | ce_loss=2.669 | gpu_peak_allocated_gb=3.420 | gpu_peak_reserved_gb=3.542 | gpu_reserved_gb=3.542 | loss=2.669 | lr=0.0045 | ms_per_step=872.4 | flops_per_sec=1.54E+13 | tokens_per_sec=150,250 | tokens_seen=65.54M | total_flops=6.70P
[2026-03-25 12:36:49] INFO     step=510 | epoch=1 | ce_loss=2.666 | gpu_peak_allocated_gb=3.420 | gpu_peak_reserved_gb=3.542 | gpu_reserved_gb=3.542 | loss=2.666 | lr=0.0043 | ms_per_step=872.3 | flops_per_sec=1.54E+13 | tokens_per_sec=150,256 | tokens_seen=66.85M | total_flops=6.84P
[2026-03-25 12:36:58] INFO     step=520 | epoch=1 | ce_loss=2.675 | gpu_peak_allocated_gb=3.420 | gpu_peak_reserved_gb=3.542 | gpu_reserved_gb=3.542 | loss=2.675 | lr=0.0040 | ms_per_step=872.3 | flops_per_sec=1.54E+13 | tokens_per_sec=150,264 | tokens_seen=68.16M | total_flops=6.97P
[2026-03-25 12:37:07] INFO     step=530 | epoch=1 | ce_loss=2.615 | gpu_peak_allocated_gb=3.420 | gpu_peak_reserved_gb=3.542 | gpu_reserved_gb=3.542 | loss=2.615 | lr=0.0038 | ms_per_step=872.2 | flops_per_sec=1.54E+13 | tokens_per_sec=150,272 | tokens_seen=69.47M | total_flops=7.11P
[2026-03-25 12:37:16] INFO     step=540 | epoch=1 | ce_loss=2.607 | gpu_peak_allocated_gb=3.420 | gpu_peak_reserved_gb=3.542 | gpu_reserved_gb=3.542 | loss=2.607 | lr=0.0035 | ms_per_step=872.2 | flops_per_sec=1.54E+13 | tokens_per_sec=150,277 | tokens_seen=70.78M | total_flops=7.24P
[2026-03-25 12:37:24] INFO     step=550 | epoch=1 | ce_loss=2.648 | gpu_peak_allocated_gb=3.420 | gpu_peak_reserved_gb=3.542 | gpu_reserved_gb=3.542 | loss=2.648 | lr=0.0033 | ms_per_step=872.1 | flops_per_sec=1.54E+13 | tokens_per_sec=150,292 | tokens_seen=72.09M | total_flops=7.38P
[2026-03-25 12:37:33] INFO     step=560 | epoch=1 | ce_loss=2.617 | gpu_peak_allocated_gb=3.420 | gpu_peak_reserved_gb=3.542 | gpu_reserved_gb=3.542 | loss=2.617 | lr=0.0030 | ms_per_step=872.1 | flops_per_sec=1.54E+13 | tokens_per_sec=150,293 | tokens_seen=73.40M | total_flops=7.51P
[2026-03-25 12:37:42] INFO     step=570 | epoch=1 | ce_loss=2.591 | gpu_peak_allocated_gb=3.420 | gpu_peak_reserved_gb=3.542 | gpu_reserved_gb=3.542 | loss=2.591 | lr=0.0028 | ms_per_step=872.0 | flops_per_sec=1.54E+13 | tokens_per_sec=150,305 | tokens_seen=74.71M | total_flops=7.64P
[2026-03-25 12:37:51] INFO     step=580 | epoch=1 | ce_loss=2.647 | gpu_peak_allocated_gb=3.420 | gpu_peak_reserved_gb=3.542 | gpu_reserved_gb=3.542 | loss=2.647 | lr=0.0025 | ms_per_step=872.0 | flops_per_sec=1.54E+13 | tokens_per_sec=150,313 | tokens_seen=76.02M | total_flops=7.78P
[2026-03-25 12:38:00] INFO     step=590 | epoch=1 | ce_loss=2.601 | gpu_peak_allocated_gb=3.420 | gpu_peak_reserved_gb=3.542 | gpu_reserved_gb=3.542 | loss=2.601 | lr=0.0022 | ms_per_step=871.9 | flops_per_sec=1.54E+13 | tokens_per_sec=150,320 | tokens_seen=77.33M | total_flops=7.91P
[2026-03-25 12:38:09] INFO     step=600 | epoch=1 | ce_loss=2.604 | gpu_peak_allocated_gb=3.420 | gpu_peak_reserved_gb=3.542 | gpu_reserved_gb=3.542 | loss=2.604 | lr=0.0020 | ms_per_step=871.9 | flops_per_sec=1.54E+13 | tokens_per_sec=150,328 | tokens_seen=78.64M | total_flops=8.05P
[2026-03-25 12:38:17] INFO     step=610 | epoch=1 | ce_loss=2.623 | gpu_peak_allocated_gb=3.420 | gpu_peak_reserved_gb=3.542 | gpu_reserved_gb=3.542 | loss=2.623 | lr=0.0017 | ms_per_step=871.9 | flops_per_sec=1.54E+13 | tokens_per_sec=150,332 | tokens_seen=79.95M | total_flops=8.18P
[2026-03-25 12:38:26] INFO     step=620 | epoch=1 | ce_loss=2.594 | gpu_peak_allocated_gb=3.420 | gpu_peak_reserved_gb=3.542 | gpu_reserved_gb=3.542 | loss=2.594 | lr=0.0015 | ms_per_step=871.8 | flops_per_sec=1.54E+13 | tokens_per_sec=150,341 | tokens_seen=81.26M | total_flops=8.31P
[2026-03-25 12:38:35] INFO     step=630 | epoch=1 | ce_loss=2.639 | gpu_peak_allocated_gb=3.420 | gpu_peak_reserved_gb=3.542 | gpu_reserved_gb=3.542 | loss=2.639 | lr=0.0012 | ms_per_step=871.9 | flops_per_sec=1.54E+13 | tokens_per_sec=150,333 | tokens_seen=82.58M | total_flops=8.45P
[2026-03-25 12:38:44] INFO     step=640 | epoch=1 | ce_loss=2.566 | gpu_peak_allocated_gb=3.420 | gpu_peak_reserved_gb=3.542 | gpu_reserved_gb=3.542 | loss=2.566 | lr=0.0010 | ms_per_step=871.9 | flops_per_sec=1.54E+13 | tokens_per_sec=150,331 | tokens_seen=83.89M | total_flops=8.58P
[2026-03-25 12:38:53] INFO     step=650 | epoch=1 | ce_loss=2.529 | gpu_peak_allocated_gb=3.420 | gpu_peak_reserved_gb=3.542 | gpu_reserved_gb=3.542 | loss=2.529 | lr=0.0007 | ms_per_step=871.9 | flops_per_sec=1.54E+13 | tokens_per_sec=150,326 | tokens_seen=85.20M | total_flops=8.72P
[2026-03-25 12:39:02] INFO     step=660 | epoch=1 | ce_loss=2.600 | gpu_peak_allocated_gb=3.420 | gpu_peak_reserved_gb=3.542 | gpu_reserved_gb=3.542 | loss=2.600 | lr=0.0005 | ms_per_step=871.9 | flops_per_sec=1.54E+13 | tokens_per_sec=150,322 | tokens_seen=86.51M | total_flops=8.85P
[2026-03-25 12:39:11] INFO     step=670 | epoch=1 | ce_loss=2.592 | gpu_peak_allocated_gb=3.420 | gpu_peak_reserved_gb=3.542 | gpu_reserved_gb=3.542 | loss=2.592 | lr=0.0002 | ms_per_step=872.0 | flops_per_sec=1.54E+13 | tokens_per_sec=150,306 | tokens_seen=87.82M | total_flops=8.98P
[2026-03-25 12:39:18] INFO     Reached training limit during epoch 1
[2026-03-25 12:39:18] INFO     Saved model checkpoint to artifacts/checkpoint/step_678_final_model
[2026-03-25 12:39:18] INFO     step=678 | epoch=1 | ce_loss=2.561 | gpu_peak_allocated_gb=3.420 | gpu_peak_reserved_gb=3.542 | gpu_reserved_gb=3.542 | loss=2.561 | lr=5.52E-06 | ms_per_step=872.1 | flops_per_sec=1.54E+13 | tokens_per_sec=150,299 | tokens_seen=88.87M | total_flops=9.09P
[2026-03-25 12:39:18] INFO     Training complete: 678 steps, 88.87M tokens in 10m0.7s
[2026-03-25 12:39:18] INFO     Stage complete: pre_training at step 678
[2026-03-25 12:39:18] INFO     Training complete
Checkpoint found - training succeeded
Running evaluation: 008-lower-lr (1 GPU(s))
[2026-03-25 12:39:21] INFO     Eval config: checkpoints=full=artifacts/checkpoint device=cuda:0 sequence_length=1024 batch_size=64 world_size=1
[2026-03-25 12:39:21] INFO     Tokenizer: /home/kingsley/github/parameter-golf/data/tokenizers/fineweb_1024_bpe.model
[2026-03-25 12:39:21] INFO     Validation data: /home/kingsley/github/parameter-golf/data/datasets/fineweb10B_sp1024/fineweb_val_*.bin
[2026-03-25 12:39:21] INFO     Loaded tokens=62.02M sequences=60.6K vocab_size=1024
[2026-03-25 12:39:21] INFO     Loading full-precision checkpoint
[2026-03-25 12:39:21] INFO     Loading checkpoint from artifacts/checkpoint/step_678_final_model
[2026-03-25 12:39:21] INFO     Loaded model from artifacts/checkpoint/step_678_final_model (17,051,208 parameters)
[2026-03-25 12:39:21] INFO     Running full-precision evaluation
[2026-03-25 12:39:25] INFO      - batch 10/947 loss=2.549 bpb=1.534
[2026-03-25 12:39:29] INFO      - batch 20/947 loss=2.570 bpb=1.537
[2026-03-25 12:39:33] INFO      - batch 30/947 loss=2.574 bpb=1.542
[2026-03-25 12:39:36] INRunning evaluation: 008-lower-lr (1 GPU(s))
[2026-03-25 12:39:21] INFO     Eval config: checkpoints=full=artifacts/checkpoint device=cuda:0 sequence_length=1024 batch_size=64 world_size=1
[2026-03-25 12:39:21] INFO     Tokenizer: /home/kingsley/github/parameter-golf/data/tokenizers/fineweb_1024_bpe.model
[2026-03-25 12:39:21] INFO     Validation data: /home/kingsley/github/parameter-golf/data/datasets/fineweb10B_sp1024/fineweb_val_*.bin
[2026-03-25 12:39:21] INFO     Loaded tokens=62.02M sequences=60.6K vocab_size=1024
[2026-03-25 12:39:21] INFO     Loading full-precision checkpoint
[2026-03-25 12:39:21] INFO     Loading checkpoint from artifacts/checkpoint/step_678_final_model
[2026-03-25 12:39:21] INFO     Loaded model from artifacts/checkpoint/step_678_final_model (17,051,208 parameters)
[2026-03-25 12:39:21] INFO     Running full-precision evaluation
[2026-03-25 12:39:25] INFO      - batch 10/947 loss=2.549 bpb=1.534
[2026-03-25 12:39:29] INFO      - batch 20/947 loss=2.570 bpb=1.537
[2026-03-25 12:39:33] INFO      - batch 30/947 loss=2.574 bpb=1.542
[2026-03-25 12:39:36] INFO      - batch 40/947 loss=2.563 bpb=1.539
[2026-03-25 12:39:40] INFO      - batch 50/947 loss=2.565 bpb=1.541
[2026-03-25 12:39:44] INFO      - batch 60/947 loss=2.560 bpb=1.539
[2026-03-25 12:39:48] INFO      - batch 70/947 loss=2.560 bpb=1.536
[2026-03-25 12:39:51] INFO      - batch 80/947 loss=2.564 bpb=1.538
[2026-03-25 12:39:55] INFO      - batch 90/947 loss=2.569 bpb=1.541
[2026-03-25 12:39:59] INFO      - batch 100/947 loss=2.572 bpb=1.544
[2026-03-25 12:40:02] INFO      - batch 110/947 loss=2.572 bpb=1.544
[2026-03-25 12:40:06] INFO      - batch 120/947 loss=2.573 bpb=1.544
[2026-03-25 12:40:10] INFO      - batch 130/947 loss=2.571 bpb=1.544
[2026-03-25 12:40:14] INFO      - batch 140/947 loss=2.571 bpb=1.543
[2026-03-25 12:40:17] INFO      - batch 150/947 loss=2.573 bpb=1.542
[2026-03-25 12:40:21] INFO      - batch 160/947 loss=2.575 bpb=1.542
[2026-03-25 12:40:25] INFO      - batch 170/947 loss=2.576 bpb=1.541
[2026-03-25 12:40:28] INFO      - batch 180/947 loss=2.578 bpb=1.543
[2026-03-25 12:40:32] INFO      - batch 190/947 loss=2.579 bpb=1.542
[2026-03-25 12:40:36] INFO      - batch 200/947 loss=2.579 bpb=1.541
[2026-03-25 12:40:40] INFO      - batch 210/947 loss=2.578 bpb=1.540
[2026-03-25 12:40:43] INFO      - batch 220/947 loss=2.579 bpb=1.539
[2026-03-25 12:40:47] INFO      - batch 230/947 loss=2.580 bpb=1.538
[2026-03-25 12:40:51] INFO      - batch 240/947 loss=2.580 bpb=1.536
[2026-03-25 12:40:54] INFO      - batch 250/947 loss=2.580 bpb=1.536
[2026-03-25 12:40:58] INFO      - batch 260/947 loss=2.579 bpb=1.535
[2026-03-25 12:41:02] INFO      - batch 270/947 loss=2.581 bpb=1.535
[2026-03-25 12:41:06] INFO      - batch 280/947 loss=2.581 bpb=1.534
[2026-03-25 12:41:09] INFO      - batch 290/947 loss=2.579 bpb=1.533
[2026-03-25 12:41:13] INFO      - batch 300/947 loss=2.578 bpb=1.532
[2026-03-25 12:41:17] INFO      - batch 310/947 loss=2.578 bpb=1.531
[2026-03-25 12:41:20] INFO      - batch 320/947 loss=2.577 bpb=1.530
[2026-03-25 12:41:24] INFO      - batch 330/947 loss=2.576 bpb=1.529
[2026-03-25 12:41:28] INFO      - batch 340/947 loss=2.575 bpb=1.528
[2026-03-25 12:41:32] INFO      - batch 350/947 loss=2.575 bpb=1.527
[2026-03-25 12:41:35] INFO      - batch 360/947 loss=2.574 bpb=1.527
[2026-03-25 12:41:39] INFO      - batch 370/947 loss=2.575 bpb=1.527
[2026-03-25 12:41:43] INFO      - batch 380/947 loss=2.574 bpb=1.527
[2026-03-25 12:41:46] INFO      - batch 390/947 loss=2.574 bpb=1.527
[2026-03-25 12:41:50] INFO      - batch 400/947 loss=2.573 bpb=1.527
[2026-03-25 12:41:54] INFO      - batch 410/947 loss=2.573 bpb=1.527
[2026-03-25 12:41:58] INFO      - batch 420/947 loss=2.572 bpb=1.527
[2026-03-25 12:42:01] INFO      - batch 430/947 loss=2.572 bpb=1.527
[2026-03-25 12:42:05] INFO      - batch 440/947 loss=2.572 bpb=1.528
[2026-03-25 12:42:09] INFO      - batch 450/947 loss=2.571 bpb=1.528
[2026-03-25 12:42:12] INFO      - batch 460/947 loss=2.570 bpb=1.528
[2026-03-25 12:42:16] INFO      - batch 470/947 loss=2.570 bpb=1FO      - batch 40/947 loss=2.563 bpb=1.539
[2026-03-25 12:39:40] INFO      - batch 50/947 loss=2.565 bpb=1.541
[2026-03-25 12:39:44] INFO      - batch 60/947 loss=2.560 bpb=1.539
[2026-03-25 12:39:48] INFO      - batch 70/947 loss=2.560 bpb=1.536
[2026-03-25 12:39:51] INFO      - batch 80/947 loss=2.564 bpb=1.538
[2026-03-25 12:39:55] INFO      - batch 90/947 loss=2.569 bpb=1.541
[2026-03-25 12:39:59] INFO      - batch 100/947 loss=2.572 bpb=1.544
[2026-03-25 12:40:02] INFO      - batch 110/947 loss=2.572 bpb=1.544
[2026-03-25 12:40:06] INFO      - batch 120/947 loss=2.573 bpb=1.544
[2026-03-25 12:40:10] INFO      - batch 130/947 loss=2.571 bpb=1.544
[2026-03-25 12:40:14] INFO      - batch 140/947 loss=2.571 bpb=1.543
[2026-03-25 12:40:17] INFO      - batch 150/947 loss=2.573 bpb=1.542
[2026-03-25 12:40:21] INFO      - batch 160/947 loss=2.575 bpb=1.542
[2026-03-25 12:40:25] INFO      - batch 170/947 loss=2.576 bpb=1.541
[2026-03-25 12:40:28] INFO      - batch 180/947 loss=2.578 bpb=1.543
[2026-03-25 12:40:32] INFO      - batch 190/947 loss=2.579 bpb=1.542
[2026-03-25 12:40:36] INFO      - batch 200/947 loss=2.579 bpb=1.541
[2026-03-25 12:40:40] INFO      - batch 210/947 loss=2.578 bpb=1.540
[2026-03-25 12:40:43] INFO      - batch 220/947 loss=2.579 bpb=1.539
[2026-03-25 12:40:47] INFO      - batch 230/947 loss=2.580 bpb=1.538
[2026-03-25 12:40:51] INFO      - batch 240/947 loss=2.580 bpb=1.536
[2026-03-25 12:40:54] INFO      - batch 250/947 loss=2.580 bpb=1.536
[2026-03-25 12:40:58] INFO      - batch 260/947 loss=2.579 bpb=1.535
[2026-03-25 12:41:02] INFO      - batch 270/947 loss=2.581 bpb=1.535
[2026-03-25 12:41:06] INFO      - batch 280/947 loss=2.581 bpb=1.534
[2026-03-25 12:41:09] INFO      - batch 290/947 loss=2.579 bpb=1.533
[2026-03-25 12:41:13] INFO      - batch 300/947 loss=2.578 bpb=1.532
[2026-03-25 12:41:17] INFO      - batch 310/947 loss=2.578 bpb=1.531
[2026-03-25 12:41:20] INFO      - batch 320/947 loss=2.577 bpb=1.530
[2026-03-25 12:41:24] INFO      - batch 330/947 loss=2.576 bpb=1.529
[2026-03-25 12:41:28] INFO      - batch 340/947 loss=2.575 bpb=1.528
[2026-03-25 12:41:32] INFO      - batch 350/947 loss=2.575 bpb=1.527
[2026-03-25 12:41:35] INFO      - batch 360/947 loss=2.574 bpb=1.527
[2026-03-25 12:41:39] INFO      - batch 370/947 loss=2.575 bpb=1.527
[2026-03-25 12:41:43] INFO      - batch 380/947 loss=2.574 bpb=1.527
[2026-03-25 12:41:46] INFO      - batch 390/947 loss=2.574 bpb=1.527
[2026-03-25 12:41:50] INFO      - batch 400/947 loss=2.573 bpb=1.527
[2026-03-25 12:41:54] INFO      - batch 410/947 loss=2.573 bpb=1.527
[2026-03-25 12:41:58] INFO      - batch 420/947 loss=2.572 bpb=1.527
[2026-03-25 12:42:01] INFO      - batch 430/947 loss=2.572 bpb=1.527
[2026-03-25 12:42:05] INFO      - batch 440/947 loss=2.572 bpb=1.528
[2026-03-25 12:42:09] INFO      - batch 450/947 loss=2.571 bpb=1.528
[2026-03-25 12:42:12] INFO      - batch 460/947 loss=2.570 bpb=1.528
[2026-03-25 12:42:16] INFO      - batch 470/947 loss=2.570 bpb=1.528
[2026-03-25 12:42:20] INFO      - batch 480/947 loss=2.571 bpb=1.529
[2026-03-25 12:42:23] INFO      - batch 490/947 loss=2.572 bpb=1.529
[2026-03-25 12:42:27] INFO      - batch 500/947 loss=2.573 bpb=1.529
[2026-03-25 12:42:31] INFO      - batch 510/947 loss=2.573 bpb=1.530
[2026-03-25 12:42:35] INFO      - batch 520/947 loss=2.575 bpb=1.530
[2026-03-25 12:42:38] INFO      - batch 530/947 loss=2.575 bpb=1.530
[2026-03-25 12:42:42] INFO      - batch 540/947 loss=2.576 bpb=1.530
[2026-03-25 12:42:46] INFO      - batch 550/947 loss=2.577 bpb=1.530
[2026-03-25 12:42:49] INFO      - batch 560/947 loss=2.576 bpb=1.530
[2026-03-25 12:42:53] INFO      - batch 570/947 loss=2.576 bpb=1.529
[2026-03-25 12:42:57] INFO      - batch 580/947 loss=2.576 bpb=1.529
[2026-03-25 12:43:01] INFO      - batch 590/947 loss=2.575 bpb=1.528
[2026-03-25 12:43:04] INFO      - batch 600/947 loss=2.576 bpb=1.528
[2026-03-25 12:43:08] INFO      - batch 610/947 loss=2.576 bpb=1.528
[2026-03-25 12:43:12] INFO      - batch 620/947 loss=2.576 bpb=1.528
[2026-03-25 12:43:15] INFO      - batch 630/947 loss=2..528
[2026-03-25 12:42:20] INFO      - batch 480/947 loss=2.571 bpb=1.529
[2026-03-25 12:42:23] INFO      - batch 490/947 loss=2.572 bpb=1.529
[2026-03-25 12:42:27] INFO      - batch 500/947 loss=2.573 bpb=1.529
[2026-03-25 12:42:31] INFO      - batch 510/947 loss=2.573 bpb=1.530
[2026-03-25 12:42:35] INFO      - batch 520/947 loss=2.575 bpb=1.530
[2026-03-25 12:42:38] INFO      - batch 530/947 loss=2.575 bpb=1.530
[2026-03-25 12:42:42] INFO      - batch 540/947 loss=2.576 bpb=1.530
[2026-03-25 12:42:46] INFO      - batch 550/947 loss=2.577 bpb=1.530
[2026-03-25 12:42:49] INFO      - batch 560/947 loss=2.576 bpb=1.530
[2026-03-25 12:42:53] INFO      - batch 570/947 loss=2.576 bpb=1.529
[2026-03-25 12:42:57] INFO      - batch 580/947 loss=2.576 bpb=1.529
[2026-03-25 12:43:01] INFO      - batch 590/947 loss=2.575 bpb=1.528
[2026-03-25 12:43:04] INFO      - batch 600/947 loss=2.576 bpb=1.528
[2026-03-25 12:43:08] INFO      - batch 610/947 loss=2.576 bpb=1.528
[2026-03-25 12:43:12] INFO      - batch 620/947 loss=2.576 bpb=1.528
[2026-03-25 12:43:15] INFO      - batch 630/947 loss=2.575 bpb=1.527
[2026-03-25 12:43:19] INFO      - batch 640/947 loss=2.574 bpb=1.526
[2026-03-25 12:43:23] INFO      - batch 650/947 loss=2.574 bpb=1.526
[2026-03-25 12:43:26] INFO      - batch 660/947 loss=2.574 bpb=1.525
[2026-03-25 12:43:30] INFO      - batch 670/947 loss=2.573 bpb=1.524
[2026-03-25 12:43:34] INFO      - batch 680/947 loss=2.573 bpb=1.524
[2026-03-25 12:43:38] INFO      - batch 690/947 loss=2.574 bpb=1.525
[2026-03-25 12:43:41] INFO      - batch 700/947 loss=2.573 bpb=1.525
[2026-03-25 12:43:45] INFO      - batch 710/947 loss=2.573 bpb=1.525
[2026-03-25 12:43:49] INFO      - batch 720/947 loss=2.574 bpb=1.526
[2026-03-25 12:43:52] INFO      - batch 730/947 loss=2.573 bpb=1.526
[2026-03-25 12:43:56] INFO      - batch 740/947 loss=2.574 bpb=1.526
[2026-03-25 12:44:00] INFO      - batch 750/947 loss=2.574 bpb=1.527
[2026-03-25 12:44:04] INFO      - batch 760/947 loss=2.574 bpb=1.527
[2026-03-25 12:44:07] INFO      - batch 770/947 loss=2.575 bpb=1.528
[2026-03-25 12:44:11] INFO      - batch 780/947 loss=2.575 bpb=1.528
[2026-03-25 12:44:15] INFO      - batch 790/947 loss=2.576 bpb=1.528
[2026-03-25 12:44:18] INFO      - batch 800/947 loss=2.576 bpb=1.528
[2026-03-25 12:44:22] INFO      - batch 810/947 loss=2.577 bpb=1.528
[2026-03-25 12:44:26] INFO      - batch 820/947 loss=2.577 bpb=1.528
[2026-03-25 12:44:29] INFO      - batch 830/947 loss=2.577 bpb=1.528
[2026-03-25 12:44:33] INFO      - batch 840/947 loss=2.578 bpb=1.529
[2026-03-25 12:44:37] INFO      - batch 850/947 loss=2.578 bpb=1.529
[2026-03-25 12:44:41] INFO      - batch 860/947 loss=2.578 bpb=1.529
[2026-03-25 12:44:44] INFO      - batch 870/947 loss=2.578 bpb=1.528
[2026-03-25 12:44:48] INFO      - batch 880/947 loss=2.578 bpb=1.528
[2026-03-25 12:44:52] INFO      - batch 890/947 loss=2.578 bpb=1.528
[2026-03-25 12:44:55] INFO      - batch 900/947 loss=2.578 bpb=1.527
[2026-03-25 12:44:59] INFO      - batch 910/947 loss=2.578 bpb=1.527
[2026-03-25 12:45:03] INFO      - batch 920/947 loss=2.578 bpb=1.527
[2026-03-25 12:45:07] INFO      - batch 930/947 loss=2.577 bpb=1.526
[2026-03-25 12:45:10] INFO      - batch 940/947 loss=2.577 bpb=1.526
[2026-03-25 12:45:13] INFO      - batch 947/947 loss=2.577 bpb=1.526
[2026-03-25 12:45:13] INFO     Full-precision eval complete: val_loss=2.577 val_bpb=1.526 in 351.4s
[2026-03-25 12:45:13] INFO     Report saved to artifacts/eval_report.json
575 bpb=1.527
[2026-03-25 12:43:19] INFO      - batch 640/947 loss=2.574 bpb=1.526
[2026-03-25 12:43:23] INFO      - batch 650/947 loss=2.574 bpb=1.526
[2026-03-25 12:43:26] INFO      - batch 660/947 loss=2.574 bpb=1.525
[2026-03-25 12:43:30] INFO      - batch 670/947 loss=2.573 bpb=1.524
[2026-03-25 12:43:34] INFO      - batch 680/947 loss=2.573 bpb=1.524
[2026-03-25 12:43:38] INFO      - batch 690/947 loss=2.574 bpb=1.525
[2026-03-25 12:43:41] INFO      - batch 700/947 loss=2.573 bpb=1.525
[2026-03-25 12:43:45] INFO      - batch 710/947 loss=2.573 bpb=1.525
[2026-03-25 12:43:49] INFO      - batch 720/947 loss=2.574 bpb=1.526
[2026-03-25 12:43:52] INFO      - batch 730/947 loss=2.573 bpb=1.526
[2026-03-25 12:43:56] INFO      - batch 740/947 loss=2.574 bpb=1.526
[2026-03-25 12:44:00] INFO      - batch 750/947 loss=2.574 bpb=1.527
[2026-03-25 12:44:04] INFO      - batch 760/947 loss=2.574 bpb=1.527
[2026-03-25 12:44:07] INFO      - batch 770/947 loss=2.575 bpb=1.528
[2026-03-25 12:44:11] INFO      - batch 780/947 loss=2.575 bpb=1.528
[2026-03-25 12:44:15] INFO      - batch 790/947 loss=2.576 bpb=1.528
[2026-03-25 12:44:18] INFO      - batch 800/947 loss=2.576 bpb=1.528
[2026-03-25 12:44:22] INFO      - batch 810/947 loss=2.577 bpb=1.528
[2026-03-25 12:44:26] INFO      - batch 820/947 loss=2.577 bpb=1.528
[2026-03-25 12:44:29] INFO      - batch 830/947 loss=2.577 bpb=1.528
[2026-03-25 12:44:33] INFO      - batch 840/947 loss=2.578 bpb=1.529
[2026-03-25 12:44:37] INFO      - batch 850/947 loss=2.578 bpb=1.529
[2026-03-25 12:44:41] INFO      - batch 860/947 loss=2.578 bpb=1.529
[2026-03-25 12:44:44] INFO      - batch 870/947 loss=2.578 bpb=1.528
[2026-03-25 12:44:48] INFO      - batch 880/947 loss=2.578 bpb=1.528
[2026-03-25 12:44:52] INFO      - batch 890/947 loss=2.578 bpb=1.528
[2026-03-25 12:44:55] INFO      - batch 900/947 loss=2.578 bpb=1.527
[2026-03-25 12:44:59] INFO      - batch 910/947 loss=2.578 bpb=1.527
[2026-03-25 12:45:03] INFO      - batch 920/947 loss=2.578 bpb=1.527
[2026-03-25 12:45:07] INFO      - batch 930/947 loss=2.577 bpb=1.526
[2026-03-25 12:45:10] INFO      - batch 940/947 loss=2.577 bpb=1.526
[2026-03-25 12:45:13] INFO      - batch 947/947 loss=2.577 bpb=1.526
[2026-03-25 12:45:13] INFO     Full-precision eval complete: val_loss=2.577 val_bpb=1.526 in 351.4s
[2026-03-25 12:45:13] INFO     Report saved to artifacts/eval_report.json
Hardware: 1x_gb10
Archiving artifacts to: artifacts_1x_gb10
Quantizing: 008-lower-lr (artifacts_1x_gb10, schemes=int6, compressed)
[2026-03-25 15:49:56] INFO     Extracting compressed checkpoint: /home/kingsley/projects/golf-research/experiments/008-lower-lr/artifacts_1x_gb10/checkpoint.tar.gz
/home/kingsley/projects/golf-research/scripts/quant.py:702: DeprecationWarning: Python 3.14 will, by default, filter extracted tar archives and reject files or modify their metadata. Use the filter argument to control this behavior.
  tar.extractall(tmp_dir)
[2026-03-25 15:49:56] INFO     Loading checkpoint: /tmp/quant_checkpoint_h23i9hlq/checkpoint/step_678_final_model
[2026-03-25 15:49:56] INFO     Loading checkpoint from /tmp/quant_checkpoint_h23i9hlq/checkpoint/step_678_final_model
[2026-03-25 15:49:56] INFO     Loaded model from /tmp/quant_checkpoint_h23i9hlq/checkpoint/step_678_final_model (17,051,208 parameters)
[2026-03-25 15:49:56] INFO     Quantizing to int6
[2026-03-25 15:50:07] INFO     int6 (zstd): compressed=8,251,338 bytes serialized=17,761,275 bytes payload=17,702,032 bytes
[2026-03-25 15:50:07] INFO     int6 roundtrip verified
[2026-03-25 15:50:07] INFO     Report saved to /home/kingsley/projects/golf-research/experiments/008-lower-lr/artifacts_1x_gb10/quant_report.json
Running evaluation: 008-lower-lr (artifacts_1x_gb10, 1 GPU(s))
[2026-03-25 15:50:10] INFO     Eval config: checkpoints=step_678_final_model_int6 device=cuda:0 sequence_length=1024 batch_size=64 world_size=1
[2026-03-25 15:50:10] INFO     Tokenizer: /home/kingsley/github/parameter-golf/data/tokenizers/fineweb_1024_bpe.model
[2026-03-25 15:50:10] INFO     Validation data: /home/kingsley/github/parameter-golf/data/datasets/fineweb10B_sp1024/fineweb_val_*.bin
[2026-03-25 15:50:10] INFO     Loaded tokens=62.02M sequences=60.6K vocab_size=1024
[2026-03-25 15:50:10] INFO     Loading int6 checkpoint: step_678_final_model_int6
[2026-03-25 15:50:10] INFO     Running int6 evaluation (device=cuda:0)
[2026-03-25 15:50:14] INFO      - batch 10/947 loss=2.581 bpb=1.553
[2026-03-25 15:50:18] INFO      - batch 20/947 loss=2.602 bpb=1.555
[2026-03-25 15:50:22] INFO      - batch 30/947 loss=2.605 bpb=1.561
[2026-03-25 15:50:25] INFO      - batch 40/947 loss=2.595 bpb=1.558
[2026-03-25 15:50:29] INFO      - batch 50/947 loss=2.597 bpb=1.560
[2026-03-25 15:50:33] INFO      - batch 60/947 loss=2.592 bpb=1.558
[2026-03-25 15:50:36] INFO      - batch 70/947 loss=2.593 bpb=1.556
[2026-03-25 15:50:40] INFO      - batch 80/947 loss=2.596 bpb=1.558
[2026-03-25 15:50:44] INFO      - batch 90/947 loss=2.601 bpb=1.560
[2026-03-25 15:50:48] INFO      - batch 100/947 loss=2.604 bpb=1.563
[2026-03-25 15:50:51] INFO      - batch 110/947 loss=2.605 bpb=1.563
[2026-03-25 15:50:55] INFO      - batch 120/947 loss=2.605 bpb=1.564
[2026-03-25 15:50:59] INFO      - batch 130/947 loss=2.603 bpb=1.563
[2026-03-25 15:51:02] INFO      - batch 140/947 loss=2.603 bpb=1.562
[2026-03-25 15:51:06] INFO      - batch 150/947 loss=2.605 bpb=1.561
[2026-03-25 15:51:10] INFO      - batch 160/947 loss=2.607 bpb=1.561
[2026-03-25 15:51:13] INFO      - batch 170/947 loss=2.608 bpb=1.560
[2026-03-25 15:51:17] INFO      - batch 180/947 loss=2.610 bpb=1.562
[2026-03-25 15:51:21] INFO      - batch 190/947 loss=2.611 bpb=1.561
[2026-03-25 15:51:25] INFO      - batch 200/947 loss=2.611 bpb=1.560
[2026-03-25 15:51:28] INFO      - batch 210/947 loss=2.610 bpb=1.559
[2026-03-25 15:51:32] INFO      - batch 220/947 loss=2.611 bpb=1.558
[2026-03-25 15:51:36] INFO      - batch 230/947 loss=2.612 bpb=1.557
[2026-03-25 15:51:39] INFO      - batch 240/947 loss=2.612 bpb=1.555
[2026-03-25 15:51:43] INFO      - batch 250/947 loss=2.612 bpb=1.555
[2026-03-25 15:51:47] INFO      - batch 260/947 loss=2.611 bpb=1.554
[2026-03-25 15:51:51] INFO      - batch 270/947 loss=2.612 bpb=1.554
[2026-03-25 15:51:54] INFO      - batch 280/947 loss=2.612 bpb=1.553
[2026-03-25 15:51:58] INFO      - batch 290/947 loss=2.611 bpb=1.551
[2026-03-25 15:52:02] INFO      - batch 300/947 loss=2.610 bpb=1.551
[2026-03-25 15:52:05] INFO      - batch 310/947 loss=2.609 bpb=1.550
[2026-03-25 15:52:09] INFO      - batch 320/947 loss=2.608 bpb=1.549
[2026-03-25 15:52:13] INFO      - batch 330/947 loss=2.608 bpb=1.548
[2026-03-25 15:52:16] INFO      - batch 340/947 loss=2.607 bpb=1.547
[2026-03-25 15:52:20] INFO      - batch 350/947 loss=2.607 bpb=1.546
[2026-03-25 15:52:24] INFO      - batch 360/947 loss=2.606 bpb=1.546
[2026-03-25 15:52:28] INFO      - batch 370/947 loss=2.606 bpb=1.546
[2026-03-25 15:52:31] INFO      - batch 380/947 loss=2.606 bpb=1.546
[2026-03-25 15:52:35] INFO      - batch 390/947 loss=2.605 bpb=1.546
[2026-03-25 15:52:39] INFO      - batch 400/947 loss=2.605 bpb=1.545
[2026-03-25 15:52:42] INFO      - batch 410/947 loss=2.605 bpb=1.545
[2026-03-25 15:52:46] INFO      - batch 420/947 loss=2.604 bpb=1.545
[2026-03-25 15:52:50] INFO      - batch 430/947 loss=2.604 bpb=1.546
[2026-03-25 15:52:53] INFO      - batch 440/947 loss=2.604 bpb=1.547
[2026-03-25 15:52:57] INFO      - batch 450/947 loss=2.603 bpb=1.547
[2026-03-25 15:53:01] INFO      - batch 460/947 loss=2.602 bpb=1.547
[2026-03-25 15:53:05] INFO      - batch 470/947 loss=2.602 bpb=1.547
[2026-03-25 15:53:08] INFO      - batch 480/947 loss=2.603 bpb=1.547
[2026-03-25 15:53:12] INFO      - batch 490/947 loss=2.604 bpb=1.548
[2026-03-25 15:53:16] INFO      - batch 500/947 loss=2.604 bpb=1.548
[2026-03-25 15:53:19] INFO      - batch 510/947 loss=2.605 bpb=1.548
[2026-03-25 15:53:23] INFO      - batch 520/947 loss=2.607 bpb=1.549
[2026-03-25 15:53:27] INFO      - batch 530/947 loss=2.607 bpb=1.549
[2026-03-25 15:53:30] INFO      - batch 540/947 loss=2.607 bpb=1.549
[2026-03-25 15:53:34] INFO      - batch 550/947 loss=2.609 bpb=1.549
[2026-03-25 15:53:38] INFO      - batch 560/947 loss=2.608 bpb=1.549
[2026-03-25 15:53:42] INFO      - batch 570/947 loss=2.607 bpb=1.548
[2026-03-25 15:53:45] INFO      - batch 580/947 loss=2.607 bpb=1.548
[2026-03-25 15:53:49] INFO      - batch 590/947 loss=2.607 bpb=1.547
[2026-03-25 15:53:53] INFO      - batch 600/947 loss=2.608 bpb=1.547
[2026-03-25 15:53:56] INFO      - batch 610/947 loss=2.608 bpb=1.547
[2026-03-25 15:54:00] INFO      - batch 620/947 loss=2.607 bpb=1.546
[2026-03-25 15:54:04] INFO      - batch 630/947 loss=2.606 bpb=1.546
[2026-03-25 15:54:08] INFO      - batch 640/947 loss=2.606 bpb=1.545
[2026-03-25 15:54:11] INFO      - batch 650/947 loss=2.606 bpb=1.544
[2026-03-25 15:54:15] INFO      - batch 660/947 loss=2.605 bpb=1.544
[2026-03-25 15:54:19] INFO      - batch 670/947 loss=2.605 bpb=1.543
[2026-03-25 15:54:22] INFO      - batch 680/947 loss=2.605 bpb=1.543
[2026-03-25 15:54:26] INFO      - batch 690/947 loss=2.605 bpb=1.544
[2026-03-25 15:54:30] INFO      - batch 700/947 loss=2.605 bpb=1.543
[2026-03-25 15:54:34] INFO      - batch 710/947 loss=2.605 bpb=1.544
[2026-03-25 15:54:37] INFO      - batch 720/947 loss=2.605 bpb=1.544
[2026-03-25 15:54:41] INFO      - batch 730/947 loss=2.605 bpb=1.544
[2026-03-25 15:54:45] INFO      - batch 740/947 loss=2.606 bpb=1.545
[2026-03-25 15:54:48] INFO      - batch 750/947 loss=2.606 bpb=1.546
[2026-03-25 15:54:52] INFO      - batch 760/947 loss=2.606 bpb=1.546
[2026-03-25 15:54:56] INFO      - batch 770/947 loss=2.606 bpb=1.546
[2026-03-25 15:54:59] INFO      - batch 780/947 loss=2.607 bpb=1.547
[2026-03-25 15:55:03] INFO      - batch 790/947 loss=2.607 bpb=1.547
[2026-03-25 15:55:07] INFO      - batch 800/947 loss=2.608 bpb=1.547
[2026-03-25 15:55:11] INFO      - batch 810/947 loss=2.608 bpb=1.547
[2026-03-25 15:55:14] INFO      - batch 820/947 loss=2.609 bpb=1.547
[2026-03-25 15:55:18] INFO      - batch 830/947 loss=2.609 bpb=1.547
[2026-03-25 15:55:22] INFO      - batch 840/947 loss=2.609 bpb=1.547
[2026-03-25 15:55:25] INFO      - batch 850/947 loss=2.610 bpb=1.548
[2026-03-25 15:55:29] INFO      - batch 860/947 loss=2.610 bpb=1.547
[2026-03-25 15:55:33] INFO      - batch 870/947 loss=2.610 bpb=1.547
[2026-03-25 15:55:36] INFO      - batch 880/947 loss=2.610 bpb=1.547
[2026-03-25 15:55:40] INFO      - batch 890/947 loss=2.610 bpb=1.546
[2026-03-25 15:55:44] INFO      - batch 900/947 loss=2.609 bpb=1.546
[2026-03-25 15:55:48] INFO      - batch 910/947 loss=2.609 bpb=1.546
[2026-03-25 15:55:51] INFO      - batch 920/947 loss=2.609 bpb=1.546
[2026-03-25 15:55:55] INFO      - batch 930/947 loss=2.609 bpb=1.545
[2026-03-25 15:55:59] INFO      - batch 940/947 loss=2.608 bpb=1.545
[2026-03-25 15:56:01] INFO      - batch 947/947 loss=2.608 bpb=1.545
[2026-03-25 15:56:01] INFO     int6 eval complete: val_bpb=1.545 compressed_bytes=8,251,338 in 351.0s
[2026-03-25 15:56:01] INFO     Report saved to /home/kingsley/projects/golf-research/experiments/008-lower-lr/artifacts_1x_gb10/eval_report.json
Quantizing: 008-lower-lr (artifacts_1x_gb10, schemes=int8, uncompressed)
[2026-03-25 15:56:07] INFO     Extracting compressed checkpoint: /home/kingsley/projects/golf-research/experiments/008-lower-lr/artifacts_1x_gb10/checkpoint.tar.gz
/home/kingsley/projects/golf-research/scripts/quant.py:702: DeprecationWarning: Python 3.14 will, by default, filter extracted tar archives and reject files or modify their metadata. Use the filter argument to control this behavior.
  tar.extractall(tmp_dir)
[2026-03-25 15:56:07] INFO     Loading checkpoint: /tmp/quant_checkpoint_q82i8tmu/checkpoint/step_678_final_model
[2026-03-25 15:56:07] INFO     Loading checkpoint from /tmp/quant_checkpoint_q82i8tmu/checkpoint/step_678_final_model
[2026-03-25 15:56:07] INFO     Loaded model from /tmp/quant_checkpoint_q82i8tmu/checkpoint/step_678_final_model (17,051,208 parameters)
[2026-03-25 15:56:07] INFO     Quantizing to int8
[2026-03-25 15:56:14] INFO     int8 (zstd): compressed=12,110,534 bytes serialized=17,759,611 bytes payload=17,702,032 bytes
[2026-03-25 15:56:14] INFO     int8 roundtrip verified
[2026-03-25 15:56:14] INFO     Report saved to /home/kingsley/projects/golf-research/experiments/008-lower-lr/artifacts_1x_gb10/quant_report.json
Running evaluation: 008-lower-lr (artifacts_1x_gb10, 1 GPU(s))
[2026-03-25 15:56:16] INFO     Eval config: checkpoints=step_678_final_model_int8 device=cuda:0 sequence_length=1024 batch_size=64 world_size=1
[2026-03-25 15:56:16] INFO     Tokenizer: /home/kingsley/github/parameter-golf/data/tokenizers/fineweb_1024_bpe.model
[2026-03-25 15:56:16] INFO     Validation data: /home/kingsley/github/parameter-golf/data/datasets/fineweb10B_sp1024/fineweb_val_*.bin
[2026-03-25 15:56:17] INFO     Loaded tokens=62.02M sequences=60.6K vocab_size=1024
[2026-03-25 15:56:17] INFO     Loading int8 checkpoint: step_678_final_model_int8
[2026-03-25 15:56:17] INFO     Running int8 evaluation (device=cuda:0)
[2026-03-25 15:56:21] INFO      - batch 10/947 loss=2.552 bpb=1.535
[2026-03-25 15:56:25] INFO      - batch 20/947 loss=2.573 bpb=1.538
[2026-03-25 15:56:28] INFO      - batch 30/947 loss=2.577 bpb=1.543
[2026-03-25 15:56:32] INFO      - batch 40/947 loss=2.566 bpb=1.541
[2026-03-25 15:56:36] INFO      - batch 50/947 loss=2.568 bpb=1.543
[2026-03-25 15:56:39] INFO      - batch 60/947 loss=2.563 bpb=1.541
[2026-03-25 15:56:43] INFO      - batch 70/947 loss=2.563 bpb=1.538
[2026-03-25 15:56:47] INFO      - batch 80/947 loss=2.566 bpb=1.540
[2026-03-25 15:56:51] INFO      - batch 90/947 loss=2.572 bpb=1.542
[2026-03-25 15:56:54] INFO      - batch 100/947 loss=2.574 bpb=1.545
[2026-03-25 15:56:58] INFO      - batch 110/947 loss=2.575 bpb=1.545
[2026-03-25 15:57:02] INFO      - batch 120/947 loss=2.575 bpb=1.546
[2026-03-25 15:57:05] INFO      - batch 130/947 loss=2.574 bpb=1.545
[2026-03-25 15:57:09] INFO      - batch 140/947 loss=2.574 bpb=1.545
[2026-03-25 15:57:13] INFO      - batch 150/947 loss=2.576 bpb=1.544
[2026-03-25 15:57:16] INFO      - batch 160/947 loss=2.578 bpb=1.544
[2026-03-25 15:57:20] INFO      - batch 170/947 loss=2.579 bpb=1.542
[2026-03-25 15:57:24] INFO      - batch 180/947 loss=2.581 bpb=1.544
[2026-03-25 15:57:28] INFO      - batch 190/947 loss=2.582 bpb=1.543
[2026-03-25 15:57:31] INFO      - batch 200/947 loss=2.582 bpb=1.543
[2026-03-25 15:57:35] INFO      - batch 210/947 loss=2.581 bpb=1.541
[2026-03-25 15:57:39] INFO      - batch 220/947 loss=2.582 bpb=1.540
[2026-03-25 15:57:42] INFO      - batch 230/947 loss=2.583 bpb=1.539
[2026-03-25 15:57:46] INFO      - batch 240/947 loss=2.583 bpb=1.538
[2026-03-25 15:57:50] INFO      - batch 250/947 loss=2.583 bpb=1.538
[2026-03-25 15:57:53] INFO      - batch 260/947 loss=2.582 bpb=1.537
[2026-03-25 15:57:57] INFO      - batch 270/947 loss=2.583 bpb=1.536
[2026-03-25 15:58:01] INFO      - batch 280/947 loss=2.583 bpb=1.535
[2026-03-25 15:58:05] INFO      - batch 290/947 loss=2.582 bpb=1.534
[2026-03-25 15:58:08] INFO      - batch 300/947 loss=2.581 bpb=1.534
[2026-03-25 15:58:12] INFO      - batch 310/947 loss=2.581 bpb=1.533
[2026-03-25 15:58:16] INFO      - batch 320/947 loss=2.580 bpb=1.532
[2026-03-25 15:58:19] INFO      - batch 330/947 loss=2.579 bpb=1.531
[2026-03-25 15:58:23] INFO      - batch 340/947 loss=2.578 bpb=1.530
[2026-03-25 15:58:27] INFO      - batch 350/947 loss=2.578 bpb=1.529
[2026-03-25 15:58:30] INFO      - batch 360/947 loss=2.577 bpb=1.528
[2026-03-25 15:58:34] INFO      - batch 370/947 loss=2.578 bpb=1.529
[2026-03-25 15:58:38] INFO      - batch 380/947 loss=2.577 bpb=1.528
[2026-03-25 15:58:42] INFO      - batch 390/947 loss=2.576 bpb=1.528
[2026-03-25 15:58:45] INFO      - batch 400/947 loss=2.576 bpb=1.528
[2026-03-25 15:58:49] INFO      - batch 410/947 loss=2.576 bpb=1.528
[2026-03-25 15:58:53] INFO      - batch 420/947 loss=2.575 bpb=1.528
[2026-03-25 15:58:56] INFO      - batch 430/947 loss=2.575 bpb=1.529
[2026-03-25 15:59:00] INFO      - batch 440/947 loss=2.575 bpb=1.529
[2026-03-25 15:59:04] INFO      - batch 450/947 loss=2.574 bpb=1.530
[2026-03-25 15:59:07] INFO      - batch 460/947 loss=2.573 bpb=1.530
[2026-03-25 15:59:11] INFO      - batch 470/947 loss=2.573 bpb=1.530
[2026-03-25 15:59:15] INFO      - batch 480/947 loss=2.574 bpb=1.530
[2026-03-25 15:59:19] INFO      - batch 490/947 loss=2.575 bpb=1.531
[2026-03-25 15:59:22] INFO      - batch 500/947 loss=2.576 bpb=1.531
[2026-03-25 15:59:26] INFO      - batch 510/947 loss=2.576 bpb=1.531
[2026-03-25 15:59:30] INFO      - batch 520/947 loss=2.578 bpb=1.532
[2026-03-25 15:59:33] INFO      - batch 530/947 loss=2.578 bpb=1.532
[2026-03-25 15:59:37] INFO      - batch 540/947 loss=2.579 bpb=1.532
[2026-03-25 15:59:41] INFO      - batch 550/947 loss=2.580 bpb=1.532
[2026-03-25 15:59:44] INFO      - batch 560/947 loss=2.579 bpb=1.531
[2026-03-25 15:59:48] INFO      - batch 570/947 loss=2.579 bpb=1.531
[2026-03-25 15:59:52] INFO      - batch 580/947 loss=2.579 bpb=1.531
[2026-03-25 15:59:56] INFO      - batch 590/947 loss=2.578 bpb=1.530
[2026-03-25 15:59:59] INFO      - batch 600/947 loss=2.579 bpb=1.530
[2026-03-25 16:00:03] INFO      - batch 610/947 loss=2.579 bpb=1.530
[2026-03-25 16:00:07] INFO      - batch 620/947 loss=2.579 bpb=1.529
[2026-03-25 16:00:10] INFO      - batch 630/947 loss=2.578 bpb=1.529
[2026-03-25 16:00:14] INFO      - batch 640/947 loss=2.577 bpb=1.528
[2026-03-25 16:00:18] INFO      - batch 650/947 loss=2.577 bpb=1.527
[2026-03-25 16:00:22] INFO      - batch 660/947 loss=2.576 bpb=1.527
[2026-03-25 16:00:25] INFO      - batch 670/947 loss=2.576 bpb=1.526
[2026-03-25 16:00:29] INFO      - batch 680/947 loss=2.576 bpb=1.526
[2026-03-25 16:00:33] INFO      - batch 690/947 loss=2.576 bpb=1.527
[2026-03-25 16:00:36] INFO      - batch 700/947 loss=2.576 bpb=1.526
[2026-03-25 16:00:40] INFO      - batch 710/947 loss=2.576 bpb=1.527
[2026-03-25 16:00:44] INFO      - batch 720/947 loss=2.577 bpb=1.527
[2026-03-25 16:00:47] INFO      - batch 730/947 loss=2.576 bpb=1.527
[2026-03-25 16:00:51] INFO      - batch 740/947 loss=2.577 bpb=1.528
[2026-03-25 16:00:55] INFO      - batch 750/947 loss=2.577 bpb=1.529
[2026-03-25 16:00:59] INFO      - batch 760/947 loss=2.577 bpb=1.529
[2026-03-25 16:01:02] INFO      - batch 770/947 loss=2.577 bpb=1.529
[2026-03-25 16:01:06] INFO      - batch 780/947 loss=2.578 bpb=1.530
[2026-03-25 16:01:10] INFO      - batch 790/947 loss=2.579 bpb=1.530
[2026-03-25 16:01:13] INFO      - batch 800/947 loss=2.579 bpb=1.530
[2026-03-25 16:01:17] INFO      - batch 810/947 loss=2.579 bpb=1.530
[2026-03-25 16:01:21] INFO      - batch 820/947 loss=2.580 bpb=1.530
[2026-03-25 16:01:25] INFO      - batch 830/947 loss=2.580 bpb=1.530
[2026-03-25 16:01:28] INFO      - batch 840/947 loss=2.581 bpb=1.530
[2026-03-25 16:01:32] INFO      - batch 850/947 loss=2.581 bpb=1.530
[2026-03-25 16:01:36] INFO      - batch 860/947 loss=2.581 bpb=1.530
[2026-03-25 16:01:39] INFO      - batch 870/947 loss=2.581 bpb=1.530
[2026-03-25 16:01:43] INFO      - batch 880/947 loss=2.581 bpb=1.530
[2026-03-25 16:01:47] INFO      - batch 890/947 loss=2.581 bpb=1.529
[2026-03-25 16:01:50] INFO      - batch 900/947 loss=2.581 bpb=1.529
[2026-03-25 16:01:54] INFO      - batch 910/947 loss=2.581 bpb=1.529
[2026-03-25 16:01:58] INFO      - batch 920/947 loss=2.580 bpb=1.529
[2026-03-25 16:02:02] INFO      - batch 930/947 loss=2.580 bpb=1.528
[2026-03-25 16:02:05] INFO      - batch 940/947 loss=2.580 bpb=1.528
[2026-03-25 16:02:08] INFO      - batch 947/947 loss=2.580 bpb=1.528
[2026-03-25 16:02:08] INFO     int8 eval complete: val_bpb=1.528 compressed_bytes=12,110,534 in 350.8s
[2026-03-25 16:02:08] INFO     Report saved to /home/kingsley/projects/golf-research/experiments/008-lower-lr/artifacts_1x_gb10/eval_report.json
Quantizing: 008-lower-lr (artifacts_1x_gb10, schemes=mxfp4, uncompressed)
[2026-03-25 16:02:13] INFO     Extracting compressed checkpoint: /home/kingsley/projects/golf-research/experiments/008-lower-lr/artifacts_1x_gb10/checkpoint.tar.gz
/home/kingsley/projects/golf-research/scripts/quant.py:702: DeprecationWarning: Python 3.14 will, by default, filter extracted tar archives and reject files or modify their metadata. Use the filter argument to control this behavior.
  tar.extractall(tmp_dir)
[2026-03-25 16:02:13] INFO     Loading checkpoint: /tmp/quant_checkpoint_usyfpbzr/checkpoint/step_678_final_model
[2026-03-25 16:02:13] INFO     Loading checkpoint from /tmp/quant_checkpoint_usyfpbzr/checkpoint/step_678_final_model
[2026-03-25 16:02:14] INFO     Loaded model from /tmp/quant_checkpoint_usyfpbzr/checkpoint/step_678_final_model (17,051,208 parameters)
[2026-03-25 16:02:14] INFO     Quantizing to mxfp4
[2026-03-25 16:02:15] INFO     mxfp4 (zstd): compressed=8,617,699 bytes serialized=11,113,787 bytes payload=11,056,272 bytes
[2026-03-25 16:02:15] INFO     mxfp4 roundtrip verified
[2026-03-25 16:02:15] INFO     Report saved to /home/kingsley/projects/golf-research/experiments/008-lower-lr/artifacts_1x_gb10/quant_report.json
Running evaluation: 008-lower-lr (artifacts_1x_gb10, 1 GPU(s))
[2026-03-25 16:02:18] INFO     Eval config: checkpoints=step_678_final_model_mxfp4 device=cuda:0 sequence_length=1024 batch_size=64 world_size=1
[2026-03-25 16:02:18] INFO     Tokenizer: /home/kingsley/github/parameter-golf/data/tokenizers/fineweb_1024_bpe.model
[2026-03-25 16:02:18] INFO     Validation data: /home/kingsley/github/parameter-golf/data/datasets/fineweb10B_sp1024/fineweb_val_*.bin
[2026-03-25 16:02:18] INFO     Loaded tokens=62.02M sequences=60.6K vocab_size=1024
[2026-03-25 16:02:18] INFO     Loading mxfp4 checkpoint: step_678_final_model_mxfp4
[2026-03-25 16:02:18] INFO     Running mxfp4 evaluation (device=cuda:0)
[2026-03-25 16:02:22] INFO      - batch 10/947 loss=2.625 bpb=1.579
[2026-03-25 16:02:26] INFO      - batch 20/947 loss=2.645 bpb=1.581
[2026-03-25 16:02:30] INFO      - batch 30/947 loss=2.649 bpb=1.587
[2026-03-25 16:02:34] INFO      - batch 40/947 loss=2.638 bpb=1.584
[2026-03-25 16:02:37] INFO      - batch 50/947 loss=2.640 bpb=1.586
[2026-03-25 16:02:41] INFO      - batch 60/947 loss=2.636 bpb=1.584
[2026-03-25 16:02:45] INFO      - batch 70/947 loss=2.636 bpb=1.582
[2026-03-25 16:02:48] INFO      - batch 80/947 loss=2.639 bpb=1.584
[2026-03-25 16:02:52] INFO      - batch 90/947 loss=2.644 bpb=1.586
[2026-03-25 16:02:56] INFO      - batch 100/947 loss=2.647 bpb=1.589
[2026-03-25 16:03:00] INFO      - batch 110/947 loss=2.648 bpb=1.589
[2026-03-25 16:03:03] INFO      - batch 120/947 loss=2.648 bpb=1.590
[2026-03-25 16:03:07] INFO      - batch 130/947 loss=2.647 bpb=1.589
[2026-03-25 16:03:11] INFO      - batch 140/947 loss=2.647 bpb=1.588
[2026-03-25 16:03:14] INFO      - batch 150/947 loss=2.649 bpb=1.588
[2026-03-25 16:03:18] INFO      - batch 160/947 loss=2.651 bpb=1.587
[2026-03-25 16:03:22] INFO      - batch 170/947 loss=2.652 bpb=1.586
[2026-03-25 16:03:25] INFO      - batch 180/947 loss=2.654 bpb=1.588
[2026-03-25 16:03:29] INFO      - batch 190/947 loss=2.654 bpb=1.587
[2026-03-25 16:03:33] INFO      - batch 200/947 loss=2.655 bpb=1.586
[2026-03-25 16:03:37] INFO      - batch 210/947 loss=2.654 bpb=1.585
[2026-03-25 16:03:40] INFO      - batch 220/947 loss=2.655 bpb=1.584
[2026-03-25 16:03:44] INFO      - batch 230/947 loss=2.655 bpb=1.582
[2026-03-25 16:03:48] INFO      - batch 240/947 loss=2.655 bpb=1.581
[2026-03-25 16:03:51] INFO      - batch 250/947 loss=2.656 bpb=1.581
[2026-03-25 16:03:55] INFO      - batch 260/947 loss=2.655 bpb=1.580
[2026-03-25 16:03:59] INFO      - batch 270/947 loss=2.656 bpb=1.580
[2026-03-25 16:04:03] INFO      - batch 280/947 loss=2.656 bpb=1.578
[2026-03-25 16:04:06] INFO      - batch 290/947 loss=2.654 bpb=1.577
[2026-03-25 16:04:10] INFO      - batch 300/947 loss=2.654 bpb=1.577
[2026-03-25 16:04:14] INFO      - batch 310/947 loss=2.653 bpb=1.576
[2026-03-25 16:04:17] INFO      - batch 320/947 loss=2.652 bpb=1.575
[2026-03-25 16:04:21] INFO      - batch 330/947 loss=2.651 bpb=1.574
[2026-03-25 16:04:25] INFO      - batch 340/947 loss=2.650 bpb=1.573
[2026-03-25 16:04:28] INFO      - batch 350/947 loss=2.650 bpb=1.572
[2026-03-25 16:04:32] INFO      - batch 360/947 loss=2.649 bpb=1.571
[2026-03-25 16:04:36] INFO      - batch 370/947 loss=2.650 bpb=1.572
[2026-03-25 16:04:40] INFO      - batch 380/947 loss=2.649 bpb=1.571
[2026-03-25 16:04:43] INFO      - batch 390/947 loss=2.649 bpb=1.571
[2026-03-25 16:04:47] INFO      - batch 400/947 loss=2.649 bpb=1.571
[2026-03-25 16:04:51] INFO      - batch 410/947 loss=2.648 bpb=1.571
[2026-03-25 16:04:54] INFO      - batch 420/947 loss=2.648 bpb=1.571
[2026-03-25 16:04:58] INFO      - batch 430/947 loss=2.648 bpb=1.572
[2026-03-25 16:05:02] INFO      - batch 440/947 loss=2.648 bpb=1.573
[2026-03-25 16:05:06] INFO      - batch 450/947 loss=2.647 bpb=1.573
[2026-03-25 16:05:09] INFO      - batch 460/947 loss=2.646 bpb=1.573
[2026-03-25 16:05:13] INFO      - batch 470/947 loss=2.646 bpb=1.573
[2026-03-25 16:05:17] INFO      - batch 480/947 loss=2.647 bpb=1.574
[2026-03-25 16:05:20] INFO      - batch 490/947 loss=2.648 bpb=1.574
[2026-03-25 16:05:24] INFO      - batch 500/947 loss=2.648 bpb=1.574
[2026-03-25 16:05:28] INFO      - batch 510/947 loss=2.649 bpb=1.574
[2026-03-25 16:05:31] INFO      - batch 520/947 loss=2.650 bpb=1.575
[2026-03-25 16:05:35] INFO      - batch 530/947 loss=2.651 bpb=1.575
[2026-03-25 16:05:39] INFO      - batch 540/947 loss=2.651 bpb=1.575
[2026-03-25 16:05:43] INFO      - batch 550/947 loss=2.652 bpb=1.575
[2026-03-25 16:05:46] INFO      - batch 560/947 loss=2.652 bpb=1.575
[2026-03-25 16:05:50] INFO      - batch 570/947 loss=2.651 bpb=1.574
[2026-03-25 16:05:54] INFO      - batch 580/947 loss=2.651 bpb=1.574
[2026-03-25 16:05:57] INFO      - batch 590/947 loss=2.651 bpb=1.573
[2026-03-25 16:06:01] INFO      - batch 600/947 loss=2.652 bpb=1.573
[2026-03-25 16:06:05] INFO      - batch 610/947 loss=2.651 bpb=1.573
[2026-03-25 16:06:09] INFO      - batch 620/947 loss=2.651 bpb=1.572
[2026-03-25 16:06:12] INFO      - batch 630/947 loss=2.650 bpb=1.572
[2026-03-25 16:06:16] INFO      - batch 640/947 loss=2.650 bpb=1.571
[2026-03-25 16:06:20] INFO      - batch 650/947 loss=2.650 bpb=1.570
[2026-03-25 16:06:23] INFO      - batch 660/947 loss=2.649 bpb=1.569
[2026-03-25 16:06:27] INFO      - batch 670/947 loss=2.648 bpb=1.569
[2026-03-25 16:06:31] INFO      - batch 680/947 loss=2.648 bpb=1.569
[2026-03-25 16:06:34] INFO      - batch 690/947 loss=2.649 bpb=1.570
[2026-03-25 16:06:38] INFO      - batch 700/947 loss=2.649 bpb=1.569
[2026-03-25 16:06:42] INFO      - batch 710/947 loss=2.649 bpb=1.570
[2026-03-25 16:06:46] INFO      - batch 720/947 loss=2.649 bpb=1.570
[2026-03-25 16:06:49] INFO      - batch 730/947 loss=2.649 bpb=1.570
[2026-03-25 16:06:53] INFO      - batch 740/947 loss=2.649 bpb=1.571
[2026-03-25 16:06:57] INFO      - batch 750/947 loss=2.649 bpb=1.572
[2026-03-25 16:07:00] INFO      - batch 760/947 loss=2.650 bpb=1.572
[2026-03-25 16:07:04] INFO      - batch 770/947 loss=2.650 bpb=1.572
[2026-03-25 16:07:08] INFO      - batch 780/947 loss=2.651 bpb=1.573
[2026-03-25 16:07:12] INFO      - batch 790/947 loss=2.651 bpb=1.573
[2026-03-25 16:07:15] INFO      - batch 800/947 loss=2.652 bpb=1.573
[2026-03-25 16:07:19] INFO      - batch 810/947 loss=2.652 bpb=1.573
[2026-03-25 16:07:23] INFO      - batch 820/947 loss=2.652 bpb=1.573
[2026-03-25 16:07:26] INFO      - batch 830/947 loss=2.653 bpb=1.573
[2026-03-25 16:07:30] INFO      - batch 840/947 loss=2.653 bpb=1.573
[2026-03-25 16:07:34] INFO      - batch 850/947 loss=2.654 bpb=1.573
[2026-03-25 16:07:37] INFO      - batch 860/947 loss=2.654 bpb=1.573
[2026-03-25 16:07:41] INFO      - batch 870/947 loss=2.653 bpb=1.573
[2026-03-25 16:07:45] INFO      - batch 880/947 loss=2.653 bpb=1.573
[2026-03-25 16:07:49] INFO      - batch 890/947 loss=2.653 bpb=1.572
[2026-03-25 16:07:52] INFO      - batch 900/947 loss=2.653 bpb=1.572
[2026-03-25 16:07:56] INFO      - batch 910/947 loss=2.653 bpb=1.572
[2026-03-25 16:08:00] INFO      - batch 920/947 loss=2.653 bpb=1.571
[2026-03-25 16:08:03] INFO      - batch 930/947 loss=2.652 bpb=1.571
[2026-03-25 16:08:07] INFO      - batch 940/947 loss=2.652 bpb=1.571
[2026-03-25 16:08:09] INFO      - batch 947/947 loss=2.652 bpb=1.571
[2026-03-25 16:08:09] INFO     mxfp4 eval complete: val_bpb=1.571 compressed_bytes=8,617,699 in 351.1s
[2026-03-25 16:08:09] INFO     Report saved to /home/kingsley/projects/golf-research/experiments/008-lower-lr/artifacts_1x_gb10/eval_report.json
Quantizing: 008-lower-lr (artifacts_1x_gb10, schemes=nvfp4, uncompressed)
[2026-03-25 16:08:15] INFO     Extracting compressed checkpoint: /home/kingsley/projects/golf-research/experiments/008-lower-lr/artifacts_1x_gb10/checkpoint.tar.gz
/home/kingsley/projects/golf-research/scripts/quant.py:702: DeprecationWarning: Python 3.14 will, by default, filter extracted tar archives and reject files or modify their metadata. Use the filter argument to control this behavior.
  tar.extractall(tmp_dir)
[2026-03-25 16:08:15] INFO     Loading checkpoint: /tmp/quant_checkpoint_8uh4ablz/checkpoint/step_678_final_model
[2026-03-25 16:08:15] INFO     Loading checkpoint from /tmp/quant_checkpoint_8uh4ablz/checkpoint/step_678_final_model
[2026-03-25 16:08:15] INFO     Loaded model from /tmp/quant_checkpoint_8uh4ablz/checkpoint/step_678_final_model (17,051,208 parameters)
[2026-03-25 16:08:15] INFO     Quantizing to nvfp4
[2026-03-25 16:08:17] INFO     nvfp4 (zstd): compressed=9,169,077 bytes serialized=10,030,347 bytes payload=9,958,768 bytes
[2026-03-25 16:08:17] INFO     nvfp4 roundtrip verified
[2026-03-25 16:08:17] INFO     Report saved to /home/kingsley/projects/golf-research/experiments/008-lower-lr/artifacts_1x_gb10/quant_report.json
Running evaluation: 008-lower-lr (artifacts_1x_gb10, 1 GPU(s))
[2026-03-25 16:08:20] INFO     Eval config: checkpoints=step_678_final_model_nvfp4 device=cuda:0 sequence_length=1024 batch_size=64 world_size=1
[2026-03-25 16:08:20] INFO     Tokenizer: /home/kingsley/github/parameter-golf/data/tokenizers/fineweb_1024_bpe.model
[2026-03-25 16:08:20] INFO     Validation data: /home/kingsley/github/parameter-golf/data/datasets/fineweb10B_sp1024/fineweb_val_*.bin
[2026-03-25 16:08:20] INFO     Loaded tokens=62.02M sequences=60.6K vocab_size=1024
[2026-03-25 16:08:20] INFO     Loading nvfp4 checkpoint: step_678_final_model_nvfp4
[2026-03-25 16:08:20] INFO     Running nvfp4 evaluation (device=cuda:0)
[2026-03-25 16:08:24] INFO      - batch 10/947 loss=2.610 bpb=1.570
[2026-03-25 16:08:28] INFO      - batch 20/947 loss=2.631 bpb=1.573
[2026-03-25 16:08:31] INFO      - batch 30/947 loss=2.635 bpb=1.578
[2026-03-25 16:08:35] INFO      - batch 40/947 loss=2.624 bpb=1.575
[2026-03-25 16:08:39] INFO      - batch 50/947 loss=2.626 bpb=1.578
[2026-03-25 16:08:43] INFO      - batch 60/947 loss=2.621 bpb=1.576
[2026-03-25 16:08:46] INFO      - batch 70/947 loss=2.622 bpb=1.573
[2026-03-25 16:08:50] INFO      - batch 80/947 loss=2.625 bpb=1.575
[2026-03-25 16:08:54] INFO      - batch 90/947 loss=2.630 bpb=1.577
[2026-03-25 16:08:57] INFO      - batch 100/947 loss=2.633 bpb=1.581
[2026-03-25 16:09:01] INFO      - batch 110/947 loss=2.634 bpb=1.580
[2026-03-25 16:09:05] INFO      - batch 120/947 loss=2.634 bpb=1.581
[2026-03-25 16:09:08] INFO      - batch 130/947 loss=2.633 bpb=1.581
[2026-03-25 16:09:12] INFO      - batch 140/947 loss=2.633 bpb=1.580
[2026-03-25 16:09:16] INFO      - batch 150/947 loss=2.635 bpb=1.579
[2026-03-25 16:09:20] INFO      - batch 160/947 loss=2.637 bpb=1.579
[2026-03-25 16:09:23] INFO      - batch 170/947 loss=2.637 bpb=1.577
[2026-03-25 16:09:27] INFO      - batch 180/947 loss=2.639 bpb=1.579
[2026-03-25 16:09:31] INFO      - batch 190/947 loss=2.640 bpb=1.578
[2026-03-25 16:09:34] INFO      - batch 200/947 loss=2.640 bpb=1.578
[2026-03-25 16:09:38] INFO      - batch 210/947 loss=2.640 bpb=1.576
[2026-03-25 16:09:42] INFO      - batch 220/947 loss=2.640 bpb=1.575
[2026-03-25 16:09:46] INFO      - batch 230/947 loss=2.641 bpb=1.574
[2026-03-25 16:09:49] INFO      - batch 240/947 loss=2.641 bpb=1.573
[2026-03-25 16:09:53] INFO      - batch 250/947 loss=2.642 bpb=1.572
[2026-03-25 16:09:57] INFO      - batch 260/947 loss=2.641 bpb=1.571
[2026-03-25 16:10:00] INFO      - batch 270/947 loss=2.642 bpb=1.571
[2026-03-25 16:10:04] INFO      - batch 280/947 loss=2.642 bpb=1.570
[2026-03-25 16:10:08] INFO      - batch 290/947 loss=2.640 bpb=1.569
[2026-03-25 16:10:11] INFO      - batch 300/947 loss=2.640 bpb=1.569
[2026-03-25 16:10:15] INFO      - batch 310/947 loss=2.639 bpb=1.568
[2026-03-25 16:10:19] INFO      - batch 320/947 loss=2.638 bpb=1.566
[2026-03-25 16:10:23] INFO      - batch 330/947 loss=2.637 bpb=1.565
[2026-03-25 16:10:26] INFO      - batch 340/947 loss=2.636 bpb=1.564
[2026-03-25 16:10:30] INFO      - batch 350/947 loss=2.636 bpb=1.563
[2026-03-25 16:10:34] INFO      - batch 360/947 loss=2.635 bpb=1.563
[2026-03-25 16:10:37] INFO      - batch 370/947 loss=2.636 bpb=1.563
[2026-03-25 16:10:41] INFO      - batch 380/947 loss=2.635 bpb=1.563
[2026-03-25 16:10:45] INFO      - batch 390/947 loss=2.635 bpb=1.563
[2026-03-25 16:10:48] INFO      - batch 400/947 loss=2.634 bpb=1.563
[2026-03-25 16:10:52] INFO      - batch 410/947 loss=2.634 bpb=1.563
[2026-03-25 16:10:56] INFO      - batch 420/947 loss=2.633 bpb=1.563
[2026-03-25 16:11:00] INFO      - batch 430/947 loss=2.633 bpb=1.563
[2026-03-25 16:11:03] INFO      - batch 440/947 loss=2.633 bpb=1.564
[2026-03-25 16:11:07] INFO      - batch 450/947 loss=2.632 bpb=1.564
[2026-03-25 16:11:11] INFO      - batch 460/947 loss=2.631 bpb=1.564
[2026-03-25 16:11:14] INFO      - batch 470/947 loss=2.631 bpb=1.565
[2026-03-25 16:11:18] INFO      - batch 480/947 loss=2.632 bpb=1.565
[2026-03-25 16:11:22] INFO      - batch 490/947 loss=2.633 bpb=1.565
[2026-03-25 16:11:25] INFO      - batch 500/947 loss=2.634 bpb=1.565
[2026-03-25 16:11:29] INFO      - batch 510/947 loss=2.635 bpb=1.566
[2026-03-25 16:11:33] INFO      - batch 520/947 loss=2.636 bpb=1.566
[2026-03-25 16:11:37] INFO      - batch 530/947 loss=2.637 bpb=1.566
[2026-03-25 16:11:40] INFO      - batch 540/947 loss=2.637 bpb=1.566
[2026-03-25 16:11:44] INFO      - batch 550/947 loss=2.638 bpb=1.567
[2026-03-25 16:11:48] INFO      - batch 560/947 loss=2.638 bpb=1.566
[2026-03-25 16:11:51] INFO      - batch 570/947 loss=2.637 bpb=1.565
[2026-03-25 16:11:55] INFO      - batch 580/947 loss=2.637 bpb=1.565
[2026-03-25 16:11:59] INFO      - batch 590/947 loss=2.637 bpb=1.564
[2026-03-25 16:12:03] INFO      - batch 600/947 loss=2.637 bpb=1.564
[2026-03-25 16:12:06] INFO      - batch 610/947 loss=2.637 bpb=1.564
[2026-03-25 16:12:10] INFO      - batch 620/947 loss=2.637 bpb=1.564
[2026-03-25 16:12:14] INFO      - batch 630/947 loss=2.636 bpb=1.563
[2026-03-25 16:12:17] INFO      - batch 640/947 loss=2.636 bpb=1.562
[2026-03-25 16:12:21] INFO      - batch 650/947 loss=2.635 bpb=1.562
[2026-03-25 16:12:25] INFO      - batch 660/947 loss=2.635 bpb=1.561
[2026-03-25 16:12:28] INFO      - batch 670/947 loss=2.634 bpb=1.560
[2026-03-25 16:12:32] INFO      - batch 680/947 loss=2.634 bpb=1.560
[2026-03-25 16:12:36] INFO      - batch 690/947 loss=2.635 bpb=1.561
[2026-03-25 16:12:40] INFO      - batch 700/947 loss=2.634 bpb=1.561
[2026-03-25 16:12:43] INFO      - batch 710/947 loss=2.635 bpb=1.561
[2026-03-25 16:12:47] INFO      - batch 720/947 loss=2.635 bpb=1.562
[2026-03-25 16:12:51] INFO      - batch 730/947 loss=2.634 bpb=1.562
[2026-03-25 16:12:54] INFO      - batch 740/947 loss=2.635 bpb=1.563
[2026-03-25 16:12:58] INFO      - batch 750/947 loss=2.635 bpb=1.563
[2026-03-25 16:13:02] INFO      - batch 760/947 loss=2.635 bpb=1.564
[2026-03-25 16:13:05] INFO      - batch 770/947 loss=2.636 bpb=1.564
[2026-03-25 16:13:09] INFO      - batch 780/947 loss=2.636 bpb=1.564
[2026-03-25 16:13:13] INFO      - batch 790/947 loss=2.637 bpb=1.565
[2026-03-25 16:13:17] INFO      - batch 800/947 loss=2.637 bpb=1.565
[2026-03-25 16:13:20] INFO      - batch 810/947 loss=2.638 bpb=1.565
[2026-03-25 16:13:24] INFO      - batch 820/947 loss=2.638 bpb=1.565
[2026-03-25 16:13:28] INFO      - batch 830/947 loss=2.638 bpb=1.565
[2026-03-25 16:13:31] INFO      - batch 840/947 loss=2.639 bpb=1.565
[2026-03-25 16:13:35] INFO      - batch 850/947 loss=2.639 bpb=1.565
[2026-03-25 16:13:39] INFO      - batch 860/947 loss=2.640 bpb=1.565
[2026-03-25 16:13:43] INFO      - batch 870/947 loss=2.639 bpb=1.564
[2026-03-25 16:13:46] INFO      - batch 880/947 loss=2.639 bpb=1.564
[2026-03-25 16:13:50] INFO      - batch 890/947 loss=2.639 bpb=1.564
[2026-03-25 16:13:54] INFO      - batch 900/947 loss=2.639 bpb=1.563
[2026-03-25 16:13:57] INFO      - batch 910/947 loss=2.639 bpb=1.563
[2026-03-25 16:14:01] INFO      - batch 920/947 loss=2.639 bpb=1.563
[2026-03-25 16:14:05] INFO      - batch 930/947 loss=2.638 bpb=1.563
[2026-03-25 16:14:08] INFO      - batch 940/947 loss=2.638 bpb=1.562
[2026-03-25 16:14:11] INFO      - batch 947/947 loss=2.638 bpb=1.562
[2026-03-25 16:14:11] INFO     nvfp4 eval complete: val_bpb=1.562 compressed_bytes=9,169,077 in 350.9s
[2026-03-25 16:14:11] INFO     Report saved to /home/kingsley/projects/golf-research/experiments/008-lower-lr/artifacts_1x_gb10/eval_report.json
