Overrides saved to artifacts/overrides.yaml
Running experiment: 003-grad-clip (1 GPU(s))
[2026-03-25 11:32:55] INFO     Training stages: ['pre_training']
[2026-03-25 11:32:55] INFO     Device: cuda:0, distributed: False
[2026-03-25 11:32:55] INFO     Starting stage: pre_training
[2026-03-25 11:32:55] WARNING  Could not build tokenizer for 'baseline': Not found: "/workspace/parameter-golf/data/tokenizers/fineweb_1024_bpe.model": No such file or directory Error #2
[2026-03-25 11:32:55] INFO     Seed: 1661400600
[2026-03-25 11:32:55] INFO     GradientAccumulation auto-computed gradient_accumulation_steps=8 (micro_batch_size=16, full_batch_size=128)
[2026-03-25 11:32:55] INFO     Loaded 80 shards from /home/kingsley/github/parameter-golf/data/datasets/fineweb10B_sp1024/fineweb_train_*.bin (8.00B tokens)
[2026-03-25 11:32:55] INFO     DecoderTransformer params=17.05M non_emb_params=16.53M
[2026-03-25 11:32:55] INFO     DecoderTransformerTrainer grad_accum=8 compile(dynamic=False, fullgraph=True)
[2026-03-25 11:32:55] INFO     LayerWiseOptimiser groups=3 params=17,051,208
[2026-03-25 11:32:55] INFO      - embedding: Adam lr=0.0500 betas=(0.9000, 0.9500) layers=1 params=524,288
[2026-03-25 11:32:55] INFO      - block_scalars: Adam lr=0.0400 betas=(0.9000, 0.9500) layers=32 params=11,848
[2026-03-25 11:32:55] INFO      - default: Muon lr=0.0400 momentum=0.9500 layers=54 params=16,515,072 features=[GradClip(max_grad_norm=0.3), HyperparameterSchedule(parameter=momentum, initial=0.8500, final=0.9500, scheduler=LinearLR(start_factor=0.3333, end_factor=1.0000, total_iters=500))]
[2026-03-25 11:32:55] INFO     WallclockWarmdownScheduler decay_type=linear base_lrs=[0.0500, 0.0400, 0.0400]
[2026-03-25 11:32:55] INFO     Model trainer features: CompileDiagnostics, Autocast(dtype=bfloat16), CUDABackend(tf32=True, sdp=flash)
[2026-03-25 11:32:55] INFO     torch.compile diagnostics enabled - stats will be reported after the first training step
[2026-03-25 11:32:55] INFO     Training features: SystemDiagnostics(console, artifacts/system.json), ConfigSnapshot(artifacts/experiment.yaml), GradientAccumulation(grad_accum=8, micro_batch=16, full_batch=128), SpeedMonitor, MemoryProfiler, Checkpointer, MetricsLogger(artifacts/metrics.jsonl), ConsoleLogger
[2026-03-25 11:32:55] INFO     Host: spark-2004 cpus=20 ram=119.7GB
[2026-03-25 11:32:55] INFO     Software: python=3.12.12 pytorch=2.10.0+cu130 cuda=13.0
[2026-03-25 11:32:55] INFO      - GPU 0: NVIDIA GB10 memory=119.7GB SMs=48 compute=12.1
[2026-03-25 11:32:55] INFO     Saved resolved config to artifacts/experiment.yaml
[2026-03-25 11:32:55] INFO     Running 10 warmup steps
[2026-03-25 11:32:58] INFO     Compiled model active
[2026-03-25 11:32:58] INFO     torch.compile diagnostics | graphs=5 | graph breaks=0
[2026-03-25 11:32:58] INFO     No graph breaks detected
[2026-03-25 11:32:58] INFO      - warmup step 1/10 2.8s
[2026-03-25 11:32:59] INFO     torch.compile step timing | first=0.4704s (incl. compilation) | second=0.1194s (compiled)
[2026-03-25 11:32:59] INFO      - warmup step 2/10 0.9s
[2026-03-25 11:33:00] INFO      - warmup step 3/10 0.9s
[2026-03-25 11:33:01] INFO      - warmup step 4/10 0.9s
[2026-03-25 11:33:02] INFO      - warmup step 5/10 0.9s
[2026-03-25 11:33:03] INFO      - warmup step 6/10 0.9s
[2026-03-25 11:33:03] INFO      - warmup step 7/10 0.9s
[2026-03-25 11:33:04] INFO      - warmup step 8/10 0.9s
[2026-03-25 11:33:05] INFO      - warmup step 9/10 0.9s
[2026-03-25 11:33:06] INFO      - warmup step 10/10 0.9s
[2026-03-25 11:33:06] INFO     Warmup complete in 11.0s
[2026-03-25 11:33:06] INFO     Starting training total_batch_tokens=131,072 params=17.05M
[2026-03-25 11:33:06] INFO     Starting epoch 1
[2026-03-25 11:33:15] INFO     step=10 | epoch=1 | ce_loss=6.338 | gpu_peak_allocated_gb=3.420 | gpu_peak_reserved_gb=3.542 | gpu_reserved_gb=3.542 | loss=6.338 | lr=0.0500 | ms_per_step=872.4 | flops_per_sec=1.54E+13 | tokens_per_sec=150,246 | tokens_seen=1.31M | total_flops=134.10T
[2026-03-25 11:33:24] INFO     step=20 | epoch=1 | ce_loss=5.403 | gpu_peak_allocated_gb=3.420 | gpu_peak_reserved_gb=3.542 | gpu_reserved_gb=3.542 | loss=5.403 | lr=0.0432 | ms_per_step=871.1 | flops_per_sec=1.54E+13 | tokens_per_sec=150,471 | tokens_seen=2.62M | total_flops=268.19T
[2026-03-25 11:33:33] INFO     step=30 | epoch=1 | ce_loss=4.681 | gpu_peak_allocated_gb=3.420 | gpu_peak_reserved_gb=3.542 | gpu_reserved_gb=3.542 | loss=4.681 | lr=0.0372 | ms_per_step=871.5 | flops_per_sec=1.54E+13 | tokens_per_sec=150,401 | tokens_seen=3.93M | total_flops=402.29T
[2026-03-25 11:33:42] INFO     step=40 | epoch=1 | ce_loss=4.381 | gpu_peak_allocated_gb=3.420 | gpu_peak_reserved_gb=3.542 | gpu_reserved_gb=3.542 | loss=4.381 | lr=0.0340 | ms_per_step=870.8 | flops_per_sec=1.54E+13 | tokens_per_sec=150,515 | tokens_seen=5.24M | total_flops=536.38T
[2026-03-25 11:33:50] INFO     step=50 | epoch=1 | ce_loss=4.152 | gpu_peak_allocated_gb=3.420 | gpu_peak_reserved_gb=3.542 | gpu_reserved_gb=3.542 | loss=4.152 | lr=0.0320 | ms_per_step=871.0 | flops_per_sec=1.54E+13 | tokens_per_sec=150,490 | tokens_seen=6.55M | total_flops=670.48T
[2026-03-25 11:33:59] INFO     step=60 | epoch=1 | ce_loss=3.944 | gpu_peak_allocated_gb=3.420 | gpu_peak_reserved_gb=3.542 | gpu_reserved_gb=3.542 | loss=3.944 | lr=0.0305 | ms_per_step=871.1 | flops_per_sec=1.54E+13 | tokens_per_sec=150,464 | tokens_seen=7.86M | total_flops=804.58T
[2026-03-25 11:34:08] INFO     step=70 | epoch=1 | ce_loss=3.760 | gpu_peak_allocated_gb=3.420 | gpu_peak_reserved_gb=3.542 | gpu_reserved_gb=3.542 | loss=3.760 | lr=0.0293 | ms_per_step=871.3 | flops_per_sec=1.54E+13 | tokens_per_sec=150,441 | tokens_seen=9.18M | total_flops=938.67T
[2026-03-25 11:34:17] INFO     step=80 | epoch=1 | ce_loss=3.632 | gpu_peak_allocated_gb=3.420 | gpu_peak_reserved_gb=3.542 | gpu_reserved_gb=3.542 | loss=3.632 | lr=0.0283 | ms_per_step=871.1 | flops_per_sec=1.54E+13 | tokens_per_sec=150,465 | tokens_seen=10.49M | total_flops=1.07P
[2026-03-25 11:34:26] INFO     step=90 | epoch=1 | ce_loss=3.550 | gpu_peak_allocated_gb=3.420 | gpu_peak_reserved_gb=3.542 | gpu_reserved_gb=3.542 | loss=3.550 | lr=0.0275 | ms_per_step=871.0 | flops_per_sec=1.54E+13 | tokens_per_sec=150,490 | tokens_seen=11.80M | total_flops=1.21P
[2026-03-25 11:34:35] INFO     step=100 | epoch=1 | ce_loss=3.458 | gpu_peak_allocated_gb=3.420 | gpu_peak_reserved_gb=3.542 | gpu_reserved_gb=3.542 | loss=3.458 | lr=0.0267 | ms_per_step=870.7 | flops_per_sec=1.54E+13 | tokens_per_sec=150,529 | tokens_seen=13.11M | total_flops=1.34P
[2026-03-25 11:34:44] INFO     step=110 | epoch=1 | ce_loss=3.429 | gpu_peak_allocated_gb=3.420 | gpu_peak_reserved_gb=3.542 | gpu_reserved_gb=3.542 | loss=3.429 | lr=0.0260 | ms_per_step=870.7 | flops_per_sec=1.54E+13 | tokens_per_sec=150,537 | tokens_seen=14.42M | total_flops=1.48P
[2026-03-25 11:34:53] INFO     step=120 | epoch=1 | ce_loss=3.384 | gpu_peak_allocated_gb=3.420 | gpu_peak_reserved_gb=3.542 | gpu_reserved_gb=3.542 | loss=3.384 | lr=0.0254 | ms_per_step=871.0 | flops_per_sec=1.54E+13 | tokens_per_sec=150,486 | tokens_seen=15.73M | total_flops=1.61P
[2026-03-25 11:35:01] INFO     step=130 | epoch=1 | ce_loss=3.321 | gpu_peak_allocated_gb=3.420 | gpu_peak_reserved_gb=3.542 | gpu_reserved_gb=3.542 | loss=3.321 | lr=0.0247 | ms_per_step=871.2 | flops_per_sec=1.54E+13 | tokens_per_sec=150,449 | tokens_seen=17.04M | total_flops=1.74P
[2026-03-25 11:35:10] INFO     step=140 | epoch=1 | ce_loss=3.287 | gpu_peak_allocated_gb=3.420 | gpu_peak_reserved_gb=3.542 | gpu_reserved_gb=3.542 | loss=3.287 | lr=0.0241 | ms_per_step=871.4 | flops_per_sec=1.54E+13 | tokens_per_sec=150,411 | tokens_seen=18.35M | total_flops=1.88P
[2026-03-25 11:35:19] INFO     step=150 | epoch=1 | ce_loss=3.222 | gpu_peak_allocated_gb=3.420 | gpu_peak_reserved_gb=3.542 | gpu_reserved_gb=3.542 | loss=3.222 | lr=0.0236 | ms_per_step=871.5 | flops_per_sec=1.54E+13 | tokens_per_sec=150,393 | tokens_seen=19.66M | total_flops=2.01P
[2026-03-25 11:35:28] INFO     step=160 | epoch=1 | ce_loss=3.159 | gpu_peak_allocated_gb=3.420 | gpu_peak_reserved_gb=3.542 | gpu_reserved_gb=3.542 | loss=3.159 | lr=0.0230 | ms_per_step=871.5 | flops_per_sec=1.54E+13 | tokens_per_sec=150,392 | tokens_seen=20.97M | total_flops=2.15P
[2026-03-25 11:35:37] INFO     step=170 | epoch=1 | ce_loss=3.112 | gpu_peak_allocated_gb=3.420 | gpu_peak_reserved_gb=3.542 | gpu_reserved_gb=3.542 | loss=3.112 | lr=0.0225 | ms_per_step=871.6 | flops_per_sec=1.54E+13 | tokens_per_sec=150,378 | tokens_seen=22.28M | total_flops=2.28P
[2026-03-25 11:35:46] INFO     step=180 | epoch=1 | ce_loss=3.111 | gpu_peak_allocated_gb=3.420 | gpu_peak_reserved_gb=3.542 | gpu_reserved_gb=3.542 | loss=3.111 | lr=0.0220 | ms_per_step=871.6 | flops_per_sec=1.54E+13 | tokens_per_sec=150,387 | tokens_seen=23.59M | total_flops=2.41P
[2026-03-25 11:35:55] INFO     step=190 | epoch=1 | ce_loss=3.068 | gpu_peak_allocated_gb=3.420 | gpu_peak_reserved_gb=3.542 | gpu_reserved_gb=3.542 | loss=3.068 | lr=0.0215 | ms_per_step=871.6 | flops_per_sec=1.54E+13 | tokens_per_sec=150,383 | tokens_seen=24.90M | total_flops=2.55P
[2026-03-25 11:36:04] INFO     step=200 | epoch=1 | ce_loss=3.050 | gpu_peak_allocated_gb=3.420 | gpu_peak_reserved_gb=3.542 | gpu_reserved_gb=3.542 | loss=3.050 | lr=0.0210 | ms_per_step=871.6 | flops_per_sec=1.54E+13 | tokens_per_sec=150,383 | tokens_seen=26.21M | total_flops=2.68P
[2026-03-25 11:36:13] INFO     step=210 | epoch=1 | ce_loss=3.001 | gpu_peak_allocated_gb=3.420 | gpu_peak_reserved_gb=3.542 | gpu_reserved_gb=3.542 | loss=3.001 | lr=0.0205 | ms_per_step=871.6 | flops_per_sec=1.54E+13 | tokens_per_sec=150,382 | tokens_seen=27.53M | total_flops=2.82P
[2026-03-25 11:36:21] INFO     step=220 | epoch=1 | ce_loss=2.966 | gpu_peak_allocated_gb=3.420 | gpu_peak_reserved_gb=3.542 | gpu_reserved_gb=3.542 | loss=2.966 | lr=0.0200 | ms_per_step=871.5 | flops_per_sec=1.54E+13 | tokens_per_sec=150,396 | tokens_seen=28.84M | total_flops=2.95P
[2026-03-25 11:36:30] INFO     step=230 | epoch=1 | ce_loss=2.967 | gpu_peak_allocated_gb=3.420 | gpu_peak_reserved_gb=3.542 | gpu_reserved_gb=3.542 | loss=2.967 | lr=0.0195 | ms_per_step=871.5 | flops_per_sec=1.54E+13 | tokens_per_sec=150,406 | tokens_seen=30.15M | total_flops=3.08P
[2026-03-25 11:36:39] INFO     step=240 | epoch=1 | ce_loss=2.939 | gpu_peak_allocated_gb=3.420 | gpu_peak_reserved_gb=3.542 | gpu_reserved_gb=3.542 | loss=2.939 | lr=0.0190 | ms_per_step=871.4 | flops_per_sec=1.54E+13 | tokens_per_sec=150,416 | tokens_seen=31.46M | total_flops=3.22P
[2026-03-25 11:36:48] INFO     step=250 | epoch=1 | ce_loss=2.881 | gpu_peak_allocated_gb=3.420 | gpu_peak_reserved_gb=3.542 | gpu_reserved_gb=3.542 | loss=2.881 | lr=0.0186 | ms_per_step=871.3 | flops_per_sec=1.54E+13 | tokens_per_sec=150,426 | tokens_seen=32.77M | total_flops=3.35P
[2026-03-25 11:36:57] INFO     step=260 | epoch=1 | ce_loss=2.916 | gpu_peak_allocated_gb=3.420 | gpu_peak_reserved_gb=3.542 | gpu_reserved_gb=3.542 | loss=2.916 | lr=0.0181 | ms_per_step=871.4 | flops_per_sec=1.54E+13 | tokens_per_sec=150,417 | tokens_seen=34.08M | total_flops=3.49P
[2026-03-25 11:37:06] INFO     step=270 | epoch=1 | ce_loss=2.910 | gpu_peak_allocated_gb=3.420 | gpu_peak_reserved_gb=3.542 | gpu_reserved_gb=3.542 | loss=2.910 | lr=0.0177 | ms_per_step=871.4 | flops_per_sec=1.54E+13 | tokens_per_sec=150,416 | tokens_seen=35.39M | total_flops=3.62P
[2026-03-25 11:37:15] INFO     step=280 | epoch=1 | ce_loss=2.861 | gpu_peak_allocated_gb=3.420 | gpu_peak_reserved_gb=3.542 | gpu_reserved_gb=3.542 | loss=2.861 | lr=0.0172 | ms_per_step=871.4 | flops_per_sec=1.54E+13 | tokens_per_sec=150,413 | tokens_seen=36.70M | total_flops=3.75P
[2026-03-25 11:37:23] INFO     step=290 | epoch=1 | ce_loss=2.910 | gpu_peak_allocated_gb=3.420 | gpu_peak_reserved_gb=3.542 | gpu_reserved_gb=3.542 | loss=2.910 | lr=0.0167 | ms_per_step=871.4 | flops_per_sec=1.54E+13 | tokens_per_sec=150,414 | tokens_seen=38.01M | total_flops=3.89P
[2026-03-25 11:37:32] INFO     step=300 | epoch=1 | ce_loss=2.839 | gpu_peak_allocated_gb=3.420 | gpu_peak_reserved_gb=3.542 | gpu_reserved_gb=3.542 | loss=2.839 | lr=0.0163 | ms_per_step=871.3 | flops_per_sec=1.54E+13 | tokens_per_sec=150,424 | tokens_seen=39.32M | total_flops=4.02P
[2026-03-25 11:37:41] INFO     step=310 | epoch=1 | ce_loss=2.859 | gpu_peak_allocated_gb=3.420 | gpu_peak_reserved_gb=3.542 | gpu_reserved_gb=3.542 | loss=2.859 | lr=0.0158 | ms_per_step=871.4 | flops_per_sec=1.54E+13 | tokens_per_sec=150,410 | tokens_seen=40.63M | total_flops=4.16P
[2026-03-25 11:37:50] INFO     step=320 | epoch=1 | ce_loss=2.814 | gpu_peak_allocated_gb=3.420 | gpu_peak_reserved_gb=3.542 | gpu_reserved_gb=3.542 | loss=2.814 | lr=0.0154 | ms_per_step=871.4 | flops_per_sec=1.54E+13 | tokens_per_sec=150,409 | tokens_seen=41.94M | total_flops=4.29P
[2026-03-25 11:37:59] INFO     step=330 | epoch=1 | ce_loss=2.779 | gpu_peak_allocated_gb=3.420 | gpu_peak_reserved_gb=3.542 | gpu_reserved_gb=3.542 | loss=2.779 | lr=0.0149 | ms_per_step=871.5 | flops_per_sec=1.54E+13 | tokens_per_sec=150,404 | tokens_seen=43.25M | total_flops=4.43P
[2026-03-25 11:38:08] INFO     step=340 | epoch=1 | ce_loss=2.779 | gpu_peak_allocated_gb=3.420 | gpu_peak_reserved_gb=3.542 | gpu_reserved_gb=3.542 | loss=2.779 | lr=0.0145 | ms_per_step=871.5 | flops_per_sec=1.54E+13 | tokens_per_sec=150,392 | tokens_seen=44.56M | total_flops=4.56P
[2026-03-25 11:38:17] INFO     step=350 | epoch=1 | ce_loss=2.790 | gpu_peak_allocated_gb=3.420 | gpu_peak_reserved_gb=3.542 | gpu_reserved_gb=3.542 | loss=2.790 | lr=0.0141 | ms_per_step=871.6 | flops_per_sec=1.54E+13 | tokens_per_sec=150,387 | tokens_seen=45.88M | total_flops=4.69P
[2026-03-25 11:38:26] INFO     step=360 | epoch=1 | ce_loss=2.767 | gpu_peak_allocated_gb=3.420 | gpu_peak_reserved_gb=3.542 | gpu_reserved_gb=3.542 | loss=2.767 | lr=0.0136 | ms_per_step=871.6 | flops_per_sec=1.54E+13 | tokens_per_sec=150,388 | tokens_seen=47.19M | total_flops=4.83P
[2026-03-25 11:38:35] INFO     step=370 | epoch=1 | ce_loss=2.772 | gpu_peak_allocated_gb=3.420 | gpu_peak_reserved_gb=3.542 | gpu_reserved_gb=3.542 | loss=2.772 | lr=0.0132 | ms_per_step=871.6 | flops_per_sec=1.54E+13 | tokens_per_sec=150,382 | tokens_seen=48.50M | total_flops=4.96P
[2026-03-25 11:38:43] INFO     step=380 | epoch=1 | ce_loss=2.718 | gpu_peak_allocated_gb=3.420 | gpu_peak_reserved_gb=3.542 | gpu_reserved_gb=3.542 | loss=2.718 | lr=0.0127 | ms_per_step=871.6 | flops_per_sec=1.54E+13 | tokens_per_sec=150,381 | tokens_seen=49.81M | total_flops=5.10P
[2026-03-25 11:38:52] INFO     step=390 | epoch=1 | ce_loss=2.763 | gpu_peak_allocated_gb=3.420 | gpu_peak_reserved_gb=3.542 | gpu_reserved_gb=3.542 | loss=2.763 | lr=0.0123 | ms_per_step=871.7 | flops_per_sec=1.54E+13 | tokens_per_sec=150,369 | tokens_seen=51.12M | total_flops=5.23P
[2026-03-25 11:39:01] INFO     step=400 | epoch=1 | ce_loss=2.795 | gpu_peak_allocated_gb=3.420 | gpu_peak_reserved_gb=3.542 | gpu_reserved_gb=3.542 | loss=2.795 | lr=0.0118 | ms_per_step=871.8 | flops_per_sec=1.54E+13 | tokens_per_sec=150,348 | tokens_seen=52.43M | total_flops=5.36P
[2026-03-25 11:39:10] INFO     step=410 | epoch=1 | ce_loss=2.749 | gpu_peak_allocated_gb=3.420 | gpu_peak_reserved_gb=3.542 | gpu_reserved_gb=3.542 | loss=2.749 | lr=0.0114 | ms_per_step=871.9 | flops_per_sec=1.54E+13 | tokens_per_sec=150,330 | tokens_seen=53.74M | total_flops=5.50P
[2026-03-25 11:39:19] INFO     step=420 | epoch=1 | ce_loss=2.732 | gpu_peak_allocated_gb=3.420 | gpu_peak_reserved_gb=3.542 | gpu_reserved_gb=3.542 | loss=2.732 | lr=0.0110 | ms_per_step=872.0 | flops_per_sec=1.54E+13 | tokens_per_sec=150,320 | tokens_seen=55.05M | total_flops=5.63P
[2026-03-25 11:39:28] INFO     step=430 | epoch=1 | ce_loss=2.723 | gpu_peak_allocated_gb=3.420 | gpu_peak_reserved_gb=3.542 | gpu_reserved_gb=3.542 | loss=2.723 | lr=0.0105 | ms_per_step=872.0 | flops_per_sec=1.54E+13 | tokens_per_sec=150,317 | tokens_seen=56.36M | total_flops=5.77P
[2026-03-25 11:39:37] INFO     step=440 | epoch=1 | ce_loss=2.754 | gpu_peak_allocated_gb=3.420 | gpu_peak_reserved_gb=3.542 | gpu_reserved_gb=3.542 | loss=2.754 | lr=0.0101 | ms_per_step=872.1 | flops_per_sec=1.54E+13 | tokens_per_sec=150,298 | tokens_seen=57.67M | total_flops=5.90P
[2026-03-25 11:39:46] INFO     step=450 | epoch=1 | ce_loss=2.689 | gpu_peak_allocated_gb=3.420 | gpu_peak_reserved_gb=3.542 | gpu_reserved_gb=3.542 | loss=2.689 | lr=0.0097 | ms_per_step=872.1 | flops_per_sec=1.54E+13 | tokens_per_sec=150,299 | tokens_seen=58.98M | total_flops=6.03P
[2026-03-25 11:39:55] INFO     step=460 | epoch=1 | ce_loss=2.696 | gpu_peak_allocated_gb=3.420 | gpu_peak_reserved_gb=3.542 | gpu_reserved_gb=3.542 | loss=2.696 | lr=0.0092 | ms_per_step=872.1 | flops_per_sec=1.54E+13 | tokens_per_sec=150,298 | tokens_seen=60.29M | total_flops=6.17P
[2026-03-25 11:40:03] INFO     step=470 | epoch=1 | ce_loss=2.646 | gpu_peak_allocated_gb=3.420 | gpu_peak_reserved_gb=3.542 | gpu_reserved_gb=3.542 | loss=2.646 | lr=0.0088 | ms_per_step=872.1 | flops_per_sec=1.54E+13 | tokens_per_sec=150,299 | tokens_seen=61.60M | total_flops=6.30P
[2026-03-25 11:40:12] INFO     step=480 | epoch=1 | ce_loss=2.681 | gpu_peak_allocated_gb=3.420 | gpu_peak_reserved_gb=3.542 | gpu_reserved_gb=3.542 | loss=2.681 | lr=0.0084 | ms_per_step=872.1 | flops_per_sec=1.54E+13 | tokens_per_sec=150,302 | tokens_seen=62.91M | total_flops=6.44P
[2026-03-25 11:40:21] INFO     step=490 | epoch=1 | ce_loss=2.687 | gpu_peak_allocated_gb=3.420 | gpu_peak_reserved_gb=3.542 | gpu_reserved_gb=3.542 | loss=2.687 | lr=0.0080 | ms_per_step=872.1 | flops_per_sec=1.54E+13 | tokens_per_sec=150,291 | tokens_seen=64.23M | total_flops=6.57P
[2026-03-25 11:40:30] INFO     step=500 | epoch=1 | ce_loss=2.678 | gpu_peak_allocated_gb=3.420 | gpu_peak_reserved_gb=3.542 | gpu_reserved_gb=3.542 | loss=2.678 | lr=0.0075 | ms_per_step=872.2 | flops_per_sec=1.54E+13 | tokens_per_sec=150,276 | tokens_seen=65.54M | total_flops=6.70P
[2026-03-25 11:40:39] INFO     step=510 | epoch=1 | ce_loss=2.678 | gpu_peak_allocated_gb=3.420 | gpu_peak_reserved_gb=3.542 | gpu_reserved_gb=3.542 | loss=2.678 | lr=0.0071 | ms_per_step=872.3 | flops_per_sec=1.54E+13 | tokens_per_sec=150,253 | tokens_seen=66.85M | total_flops=6.84P
[2026-03-25 11:40:48] INFO     step=520 | epoch=1 | ce_loss=2.679 | gpu_peak_allocated_gb=3.420 | gpu_peak_reserved_gb=3.542 | gpu_reserved_gb=3.542 | loss=2.679 | lr=0.0067 | ms_per_step=872.5 | flops_per_sec=1.54E+13 | tokens_per_sec=150,231 | tokens_seen=68.16M | total_flops=6.97P
[2026-03-25 11:40:57] INFO     step=530 | epoch=1 | ce_loss=2.673 | gpu_peak_allocated_gb=3.420 | gpu_peak_reserved_gb=3.542 | gpu_reserved_gb=3.542 | loss=2.673 | lr=0.0062 | ms_per_step=872.6 | flops_per_sec=1.54E+13 | tokens_per_sec=150,212 | tokens_seen=69.47M | total_flops=7.11P
[2026-03-25 11:41:06] INFO     step=540 | epoch=1 | ce_loss=2.666 | gpu_peak_allocated_gb=3.420 | gpu_peak_reserved_gb=3.542 | gpu_reserved_gb=3.542 | loss=2.666 | lr=0.0058 | ms_per_step=872.8 | flops_per_sec=1.54E+13 | tokens_per_sec=150,179 | tokens_seen=70.78M | total_flops=7.24P
[2026-03-25 11:41:15] INFO     step=550 | epoch=1 | ce_loss=2.623 | gpu_peak_allocated_gb=3.420 | gpu_peak_reserved_gb=3.542 | gpu_reserved_gb=3.542 | loss=2.623 | lr=0.0054 | ms_per_step=872.9 | flops_per_sec=1.54E+13 | tokens_per_sec=150,163 | tokens_seen=72.09M | total_flops=7.38P
[2026-03-25 11:41:24] INFO     step=560 | epoch=1 | ce_loss=2.647 | gpu_peak_allocated_gb=3.420 | gpu_peak_reserved_gb=3.542 | gpu_reserved_gb=3.542 | loss=2.647 | lr=0.0049 | ms_per_step=872.9 | flops_per_sec=1.54E+13 | tokens_per_sec=150,149 | tokens_seen=73.40M | total_flops=7.51P
[2026-03-25 11:41:33] INFO     step=570 | epoch=1 | ce_loss=2.593 | gpu_peak_allocated_gb=3.420 | gpu_peak_reserved_gb=3.542 | gpu_reserved_gb=3.542 | loss=2.593 | lr=0.0045 | ms_per_step=873.0 | flops_per_sec=1.54E+13 | tokens_per_sec=150,141 | tokens_seen=74.71M | total_flops=7.64P
[2026-03-25 11:41:42] INFO     step=580 | epoch=1 | ce_loss=2.646 | gpu_peak_allocated_gb=3.420 | gpu_peak_reserved_gb=3.542 | gpu_reserved_gb=3.542 | loss=2.646 | lr=0.0041 | ms_per_step=873.0 | flops_per_sec=1.54E+13 | tokens_per_sec=150,132 | tokens_seen=76.02M | total_flops=7.78P
[2026-03-25 11:41:51] INFO     step=590 | epoch=1 | ce_loss=2.605 | gpu_peak_allocated_gb=3.420 | gpu_peak_reserved_gb=3.542 | gpu_reserved_gb=3.542 | loss=2.605 | lr=0.0037 | ms_per_step=873.1 | flops_per_sec=1.54E+13 | tokens_per_sec=150,117 | tokens_seen=77.33M | total_flops=7.91P
[2026-03-25 11:41:59] INFO     step=600 | epoch=1 | ce_loss=2.597 | gpu_peak_allocated_gb=3.420 | gpu_peak_reserved_gb=3.542 | gpu_reserved_gb=3.542 | loss=2.597 | lr=0.0032 | ms_per_step=873.2 | flops_per_sec=1.54E+13 | tokens_per_sec=150,104 | tokens_seen=78.64M | total_flops=8.05P
[2026-03-25 11:42:08] INFO     step=610 | epoch=1 | ce_loss=2.590 | gpu_peak_allocated_gb=3.420 | gpu_peak_reserved_gb=3.542 | gpu_reserved_gb=3.542 | loss=2.590 | lr=0.0028 | ms_per_step=873.3 | flops_per_sec=1.54E+13 | tokens_per_sec=150,093 | tokens_seen=79.95M | total_flops=8.18P
[2026-03-25 11:42:17] INFO     step=620 | epoch=1 | ce_loss=2.624 | gpu_peak_allocated_gb=3.420 | gpu_peak_reserved_gb=3.542 | gpu_reserved_gb=3.542 | loss=2.624 | lr=0.0024 | ms_per_step=873.3 | flops_per_sec=1.54E+13 | tokens_per_sec=150,088 | tokens_seen=81.26M | total_flops=8.31P
[2026-03-25 11:42:26] INFO     step=630 | epoch=1 | ce_loss=2.559 | gpu_peak_allocated_gb=3.420 | gpu_peak_reserved_gb=3.542 | gpu_reserved_gb=3.542 | loss=2.559 | lr=0.0019 | ms_per_step=873.5 | flops_per_sec=1.54E+13 | tokens_per_sec=150,055 | tokens_seen=82.58M | total_flops=8.45P
[2026-03-25 11:42:35] INFO     step=640 | epoch=1 | ce_loss=2.586 | gpu_peak_allocated_gb=3.420 | gpu_peak_reserved_gb=3.542 | gpu_reserved_gb=3.542 | loss=2.586 | lr=0.0015 | ms_per_step=873.5 | flops_per_sec=1.54E+13 | tokens_per_sec=150,051 | tokens_seen=83.89M | total_flops=8.58P
[2026-03-25 11:42:44] INFO     step=650 | epoch=1 | ce_loss=2.592 | gpu_peak_allocated_gb=3.420 | gpu_peak_reserved_gb=3.542 | gpu_reserved_gb=3.542 | loss=2.592 | lr=0.0011 | ms_per_step=873.5 | flops_per_sec=1.54E+13 | tokens_per_sec=150,046 | tokens_seen=85.20M | total_flops=8.72P
[2026-03-25 11:42:53] INFO     step=660 | epoch=1 | ce_loss=2.573 | gpu_peak_allocated_gb=3.420 | gpu_peak_reserved_gb=3.542 | gpu_reserved_gb=3.542 | loss=2.573 | lr=0.0007 | ms_per_step=873.6 | flops_per_sec=1.53E+13 | tokens_per_sec=150,038 | tokens_seen=86.51M | total_flops=8.85P
[2026-03-25 11:43:02] INFO     step=670 | epoch=1 | ce_loss=2.597 | gpu_peak_allocated_gb=3.420 | gpu_peak_reserved_gb=3.542 | gpu_reserved_gb=3.542 | loss=2.597 | lr=0.0002 | ms_per_step=873.6 | flops_per_sec=1.53E+13 | tokens_per_sec=150,029 | tokens_seen=87.82M | total_flops=8.98P
[2026-03-25 11:43:06] INFO     Reached training limit during epoch 1
[2026-03-25 11:43:06] INFO     Saved model checkpoint to artifacts/checkpoint/step_675_final_model
[2026-03-25 11:43:06] INFO     step=675 | epoch=1 | ce_loss=2.586 | gpu_peak_allocated_gb=3.420 | gpu_peak_reserved_gb=3.542 | gpu_reserved_gb=3.542 | loss=2.586 | lr=3.24E-05 | ms_per_step=873.7 | flops_per_sec=1.53E+13 | tokens_per_sec=150,027 | tokens_seen=88.47M | total_flops=9.05P
[2026-03-25 11:43:06] INFO     Training complete: 675 steps, 88.47M tokens in 10m0.2s
[2026-03-25 11:43:06] INFO     Stage complete: pre_training at step 675
[2026-03-25 11:43:06] INFO     Training complete
Checkpoint found - training succeeded
Running evaluation: 003-grad-clip (1 GPU(s))
[2026-03-25 11:43:10] INFO     Eval config: checkpoints=full=artifacts/checkpoint device=cuda:0 sequence_length=1024 batch_size=64 world_size=1
[2026-03-25 11:43:10] INFO     Tokenizer: /home/kingsley/github/parameter-golf/data/tokenizers/fineweb_1024_bpe.model
[2026-03-25 11:43:10] INFO     Validation data: /home/kingsley/github/parameter-golf/data/datasets/fineweb10B_sp1024/fineweb_val_*.bin
[2026-03-25 11:43:10] INFO     Loaded tokens=62.02M sequences=60.6K vocab_size=1024
[2026-03-25 11:43:10] INFO     Loading full-precision checkpoint
[2026-03-25 11:43:10] INFO     Loading checkpoint from artifacts/checkpoint/step_675_final_model
[2026-03-25 11:43:10] INFO     Loaded model from artifacts/checkpoint/step_675_final_model (17,051,208 parameters)
[2026-03-25 11:43:10] INFO     Running full-precision evaluation
[2026-03-25 11:43:14] INFO      - batch 10/947 loss=2.559 bpb=1.540
[2026-03-25 11:43:18] INFO      - batch 20/947 loss=2.579 bpb=1.542
[2026-03-25 11:43:22] INFO      - batch 30/947 loss=2.583 bpbRunning evaluation: 003-grad-clip (1 GPU(s))
[2026-03-25 11:43:10] INFO     Eval config: checkpoints=full=artifacts/checkpoint device=cuda:0 sequence_length=1024 batch_size=64 world_size=1
[2026-03-25 11:43:10] INFO     Tokenizer: /home/kingsley/github/parameter-golf/data/tokenizers/fineweb_1024_bpe.model
[2026-03-25 11:43:10] INFO     Validation data: /home/kingsley/github/parameter-golf/data/datasets/fineweb10B_sp1024/fineweb_val_*.bin
[2026-03-25 11:43:10] INFO     Loaded tokens=62.02M sequences=60.6K vocab_size=1024
[2026-03-25 11:43:10] INFO     Loading full-precision checkpoint
[2026-03-25 11:43:10] INFO     Loading checkpoint from artifacts/checkpoint/step_675_final_model
[2026-03-25 11:43:10] INFO     Loaded model from artifacts/checkpoint/step_675_final_model (17,051,208 parameters)
[2026-03-25 11:43:10] INFO     Running full-precision evaluation
[2026-03-25 11:43:14] INFO      - batch 10/947 loss=2.559 bpb=1.540
[2026-03-25 11:43:18] INFO      - batch 20/947 loss=2.579 bpb=1.542
[2026-03-25 11:43:22] INFO      - batch 30/947 loss=2.583 bpb=1.547
[2026-03-25 11:43:25] INFO      - batch 40/947 loss=2.572 bpb=1.544
[2026-03-25 11:43:29] INFO      - batch 50/947 loss=2.574 bpb=1.546
[2026-03-25 11:43:33] INFO      - batch 60/947 loss=2.569 bpb=1.544
[2026-03-25 11:43:37] INFO      - batch 70/947 loss=2.569 bpb=1.541
[2026-03-25 11:43:40] INFO      - batch 80/947 loss=2.572 bpb=1.543
[2026-03-25 11:43:44] INFO      - batch 90/947 loss=2.576 bpb=1.545
[2026-03-25 11:43:48] INFO      - batch 100/947 loss=2.579 bpb=1.548
[2026-03-25 11:43:51] INFO      - batch 110/947 loss=2.580 bpb=1.548
[2026-03-25 11:43:55] INFO      - batch 120/947 loss=2.580 bpb=1.549
[2026-03-25 11:43:59] INFO      - batch 130/947 loss=2.579 bpb=1.548
[2026-03-25 11:44:03] INFO      - batch 140/947 loss=2.579 bpb=1.548
[2026-03-25 11:44:06] INFO      - batch 150/947 loss=2.581 bpb=1.547
[2026-03-25 11:44:10] INFO      - batch 160/947 loss=2.583 bpb=1.547
[2026-03-25 11:44:14] INFO      - batch 170/947 loss=2.584 bpb=1.545
[2026-03-25 11:44:17] INFO      - batch 180/947 loss=2.586 bpb=1.547
[2026-03-25 11:44:21] INFO      - batch 190/947 loss=2.587 bpb=1.546
[2026-03-25 11:44:25] INFO      - batch 200/947 loss=2.587 bpb=1.546
[2026-03-25 11:44:29] INFO      - batch 210/947 loss=2.586 bpb=1.544
[2026-03-25 11:44:32] INFO      - batch 220/947 loss=2.587 bpb=1.544
[2026-03-25 11:44:36] INFO      - batch 230/947 loss=2.588 bpb=1.542
[2026-03-25 11:44:40] INFO      - batch 240/947 loss=2.588 bpb=1.541
[2026-03-25 11:44:44] INFO      - batch 250/947 loss=2.588 bpb=1.541
[2026-03-25 11:44:47] INFO      - batch 260/947 loss=2.587 bpb=1.540
[2026-03-25 11:44:51] INFO      - batch 270/947 loss=2.589 bpb=1.539
[2026-03-25 11:44:55] INFO      - batch 280/947 loss=2.588 bpb=1.538
[2026-03-25 11:44:59] INFO      - batch 290/947 loss=2.587 bpb=1.537
[2026-03-25 11:45:02] INFO      - batch 300/947 loss=2.586 bpb=1.537
[2026-03-25 11:45:06] INFO      - batch 310/947 loss=2.585 bpb=1.536
[2026-03-25 11:45:10] INFO      - batch 320/947 loss=2.584 bpb=1.535
[2026-03-25 11:45:13] INFO      - batch 330/947 loss=2.584 bpb=1.534
[2026-03-25 11:45:17] INFO      - batch 340/947 loss=2.583 bpb=1.533
[2026-03-25 11:45:21] INFO      - batch 350/947 loss=2.583 bpb=1.532
[2026-03-25 11:45:25] INFO      - batch 360/947 loss=2.582 bpb=1.531
[2026-03-25 11:45:28] INFO      - batch 370/947 loss=2.583 bpb=1.532
[2026-03-25 11:45:32] INFO      - batch 380/947 loss=2.582 bpb=1.531
[2026-03-25 11:45:36] INFO      - batch 390/947 loss=2.581 bpb=1.531
[2026-03-25 11:45:40] INFO      - batch 400/947 loss=2.581 bpb=1.531
[2026-03-25 11:45:43] INFO      - batch 410/947 loss=2.581 bpb=1.531
[2026-03-25 11:45:47] INFO      - batch 420/947 loss=2.580 bpb=1.531
[2026-03-25 11:45:51] INFO      - batch 430/947 loss=2.580 bpb=1.532
[2026-03-25 11:45:54] INFO      - batch 440/947 loss=2.580 bpb=1.532
[2026-03-25 11:45:58] INFO      - batch 450/947 loss=2.579 bpb=1.532
[2026-03-25 11:46:02] INFO      - batch 460/947 loss=2.578 bpb=1.532
[2026-03-25 11:46:06] INFO      - batch 470/947 loss=2.578 bpb==1.547
[2026-03-25 11:43:25] INFO      - batch 40/947 loss=2.572 bpb=1.544
[2026-03-25 11:43:29] INFO      - batch 50/947 loss=2.574 bpb=1.546
[2026-03-25 11:43:33] INFO      - batch 60/947 loss=2.569 bpb=1.544
[2026-03-25 11:43:37] INFO      - batch 70/947 loss=2.569 bpb=1.541
[2026-03-25 11:43:40] INFO      - batch 80/947 loss=2.572 bpb=1.543
[2026-03-25 11:43:44] INFO      - batch 90/947 loss=2.576 bpb=1.545
[2026-03-25 11:43:48] INFO      - batch 100/947 loss=2.579 bpb=1.548
[2026-03-25 11:43:51] INFO      - batch 110/947 loss=2.580 bpb=1.548
[2026-03-25 11:43:55] INFO      - batch 120/947 loss=2.580 bpb=1.549
[2026-03-25 11:43:59] INFO      - batch 130/947 loss=2.579 bpb=1.548
[2026-03-25 11:44:03] INFO      - batch 140/947 loss=2.579 bpb=1.548
[2026-03-25 11:44:06] INFO      - batch 150/947 loss=2.581 bpb=1.547
[2026-03-25 11:44:10] INFO      - batch 160/947 loss=2.583 bpb=1.547
[2026-03-25 11:44:14] INFO      - batch 170/947 loss=2.584 bpb=1.545
[2026-03-25 11:44:17] INFO      - batch 180/947 loss=2.586 bpb=1.547
[2026-03-25 11:44:21] INFO      - batch 190/947 loss=2.587 bpb=1.546
[2026-03-25 11:44:25] INFO      - batch 200/947 loss=2.587 bpb=1.546
[2026-03-25 11:44:29] INFO      - batch 210/947 loss=2.586 bpb=1.544
[2026-03-25 11:44:32] INFO      - batch 220/947 loss=2.587 bpb=1.544
[2026-03-25 11:44:36] INFO      - batch 230/947 loss=2.588 bpb=1.542
[2026-03-25 11:44:40] INFO      - batch 240/947 loss=2.588 bpb=1.541
[2026-03-25 11:44:44] INFO      - batch 250/947 loss=2.588 bpb=1.541
[2026-03-25 11:44:47] INFO      - batch 260/947 loss=2.587 bpb=1.540
[2026-03-25 11:44:51] INFO      - batch 270/947 loss=2.589 bpb=1.539
[2026-03-25 11:44:55] INFO      - batch 280/947 loss=2.588 bpb=1.538
[2026-03-25 11:44:59] INFO      - batch 290/947 loss=2.587 bpb=1.537
[2026-03-25 11:45:02] INFO      - batch 300/947 loss=2.586 bpb=1.537
[2026-03-25 11:45:06] INFO      - batch 310/947 loss=2.585 bpb=1.536
[2026-03-25 11:45:10] INFO      - batch 320/947 loss=2.584 bpb=1.535
[2026-03-25 11:45:13] INFO      - batch 330/947 loss=2.584 bpb=1.534
[2026-03-25 11:45:17] INFO      - batch 340/947 loss=2.583 bpb=1.533
[2026-03-25 11:45:21] INFO      - batch 350/947 loss=2.583 bpb=1.532
[2026-03-25 11:45:25] INFO      - batch 360/947 loss=2.582 bpb=1.531
[2026-03-25 11:45:28] INFO      - batch 370/947 loss=2.583 bpb=1.532
[2026-03-25 11:45:32] INFO      - batch 380/947 loss=2.582 bpb=1.531
[2026-03-25 11:45:36] INFO      - batch 390/947 loss=2.581 bpb=1.531
[2026-03-25 11:45:40] INFO      - batch 400/947 loss=2.581 bpb=1.531
[2026-03-25 11:45:43] INFO      - batch 410/947 loss=2.581 bpb=1.531
[2026-03-25 11:45:47] INFO      - batch 420/947 loss=2.580 bpb=1.531
[2026-03-25 11:45:51] INFO      - batch 430/947 loss=2.580 bpb=1.532
[2026-03-25 11:45:54] INFO      - batch 440/947 loss=2.580 bpb=1.532
[2026-03-25 11:45:58] INFO      - batch 450/947 loss=2.579 bpb=1.532
[2026-03-25 11:46:02] INFO      - batch 460/947 loss=2.578 bpb=1.532
[2026-03-25 11:46:06] INFO      - batch 470/947 loss=2.578 bpb=1.533
[2026-03-25 11:46:09] INFO      - batch 480/947 loss=2.579 bpb=1.533
[2026-03-25 11:46:13] INFO      - batch 490/947 loss=2.580 bpb=1.533
[2026-03-25 11:46:17] INFO      - batch 500/947 loss=2.580 bpb=1.534
[2026-03-25 11:46:20] INFO      - batch 510/947 loss=2.581 bpb=1.534
[2026-03-25 11:46:24] INFO      - batch 520/947 loss=2.582 bpb=1.534
[2026-03-25 11:46:28] INFO      - batch 530/947 loss=2.583 bpb=1.534
[2026-03-25 11:46:32] INFO      - batch 540/947 loss=2.583 bpb=1.534
[2026-03-25 11:46:35] INFO      - batch 550/947 loss=2.584 bpb=1.535
[2026-03-25 11:46:39] INFO      - batch 560/947 loss=2.584 bpb=1.534
[2026-03-25 11:46:43] INFO      - batch 570/947 loss=2.583 bpb=1.534
[2026-03-25 11:46:46] INFO      - batch 580/947 loss=2.583 bpb=1.533
[2026-03-25 11:46:50] INFO      - batch 590/947 loss=2.583 bpb=1.533
[2026-03-25 11:46:54] INFO      - batch 600/947 loss=2.584 bpb=1.533
[2026-03-25 11:46:58] INFO      - batch 610/947 loss=2.584 bpb=1.533
[2026-03-25 11:47:01] INFO      - batch 620/947 loss=2.583 bpb=1.532
[2026-03-25 11:47:05] IN1.533
[2026-03-25 11:46:09] INFO      - batch 480/947 loss=2.579 bpb=1.533
[2026-03-25 11:46:13] INFO      - batch 490/947 loss=2.580 bpb=1.533
[2026-03-25 11:46:17] INFO      - batch 500/947 loss=2.580 bpb=1.534
[2026-03-25 11:46:20] INFO      - batch 510/947 loss=2.581 bpb=1.534
[2026-03-25 11:46:24] INFO      - batch 520/947 loss=2.582 bpb=1.534
[2026-03-25 11:46:28] INFO      - batch 530/947 loss=2.583 bpb=1.534
[2026-03-25 11:46:32] INFO      - batch 540/947 loss=2.583 bpb=1.534
[2026-03-25 11:46:35] INFO      - batch 550/947 loss=2.584 bpb=1.535
[2026-03-25 11:46:39] INFO      - batch 560/947 loss=2.584 bpb=1.534
[2026-03-25 11:46:43] INFO      - batch 570/947 loss=2.583 bpb=1.534
[2026-03-25 11:46:46] INFO      - batch 580/947 loss=2.583 bpb=1.533
[2026-03-25 11:46:50] INFO      - batch 590/947 loss=2.583 bpb=1.533
[2026-03-25 11:46:54] INFO      - batch 600/947 loss=2.584 bpb=1.533
[2026-03-25 11:46:58] INFO      - batch 610/947 loss=2.584 bpb=1.533
[2026-03-25 11:47:01] INFO      - batch 620/947 loss=2.583 bpb=1.532
[2026-03-25 11:47:05] INFO      - batch 630/947 loss=2.582 bpb=1.531
[2026-03-25 11:47:09] INFO      - batch 640/947 loss=2.582 bpb=1.531
[2026-03-25 11:47:12] INFO      - batch 650/947 loss=2.582 bpb=1.530
[2026-03-25 11:47:16] INFO      - batch 660/947 loss=2.581 bpb=1.529
[2026-03-25 11:47:20] INFO      - batch 670/947 loss=2.581 bpb=1.529
[2026-03-25 11:47:24] INFO      - batch 680/947 loss=2.581 bpb=1.529
[2026-03-25 11:47:27] INFO      - batch 690/947 loss=2.581 bpb=1.529
[2026-03-25 11:47:31] INFO      - batch 700/947 loss=2.581 bpb=1.529
[2026-03-25 11:47:35] INFO      - batch 710/947 loss=2.581 bpb=1.530
[2026-03-25 11:47:39] INFO      - batch 720/947 loss=2.581 bpb=1.530
[2026-03-25 11:47:42] INFO      - batch 730/947 loss=2.581 bpb=1.530
[2026-03-25 11:47:46] INFO      - batch 740/947 loss=2.582 bpb=1.531
[2026-03-25 11:47:50] INFO      - batch 750/947 loss=2.582 bpb=1.531
[2026-03-25 11:47:53] INFO      - batch 760/947 loss=2.582 bpb=1.532
[2026-03-25 11:47:57] INFO      - batch 770/947 loss=2.582 bpb=1.532
[2026-03-25 11:48:01] INFO      - batch 780/947 loss=2.583 bpb=1.532
[2026-03-25 11:48:05] INFO      - batch 790/947 loss=2.583 bpb=1.533
[2026-03-25 11:48:08] INFO      - batch 800/947 loss=2.584 bpb=1.533
[2026-03-25 11:48:12] INFO      - batch 810/947 loss=2.584 bpb=1.533
[2026-03-25 11:48:16] INFO      - batch 820/947 loss=2.584 bpb=1.533
[2026-03-25 11:48:19] INFO      - batch 830/947 loss=2.585 bpb=1.533
[2026-03-25 11:48:23] INFO      - batch 840/947 loss=2.585 bpb=1.533
[2026-03-25 11:48:27] INFO      - batch 850/947 loss=2.586 bpb=1.533
[2026-03-25 11:48:31] INFO      - batch 860/947 loss=2.586 bpb=1.533
[2026-03-25 11:48:34] INFO      - batch 870/947 loss=2.586 bpb=1.533
[2026-03-25 11:48:38] INFO      - batch 880/947 loss=2.586 bpb=1.532
[2026-03-25 11:48:42] INFO      - batch 890/947 loss=2.586 bpb=1.532
[2026-03-25 11:48:45] INFO      - batch 900/947 loss=2.585 bpb=1.532
[2026-03-25 11:48:49] INFO      - batch 910/947 loss=2.585 bpb=1.532
[2026-03-25 11:48:53] INFO      - batch 920/947 loss=2.585 bpb=1.531
[2026-03-25 11:48:57] INFO      - batch 930/947 loss=2.585 bpb=1.531
[2026-03-25 11:49:00] INFO      - batch 940/947 loss=2.584 bpb=1.531
[2026-03-25 11:49:03] INFO      - batch 947/947 loss=2.584 bpb=1.531
[2026-03-25 11:49:03] INFO     Full-precision eval complete: val_loss=2.584 val_bpb=1.531 in 352.6s
[2026-03-25 11:49:03] INFO     Report saved to artifacts/eval_report.json
FO      - batch 630/947 loss=2.582 bpb=1.531
[2026-03-25 11:47:09] INFO      - batch 640/947 loss=2.582 bpb=1.531
[2026-03-25 11:47:12] INFO      - batch 650/947 loss=2.582 bpb=1.530
[2026-03-25 11:47:16] INFO      - batch 660/947 loss=2.581 bpb=1.529
[2026-03-25 11:47:20] INFO      - batch 670/947 loss=2.581 bpb=1.529
[2026-03-25 11:47:24] INFO      - batch 680/947 loss=2.581 bpb=1.529
[2026-03-25 11:47:27] INFO      - batch 690/947 loss=2.581 bpb=1.529
[2026-03-25 11:47:31] INFO      - batch 700/947 loss=2.581 bpb=1.529
[2026-03-25 11:47:35] INFO      - batch 710/947 loss=2.581 bpb=1.530
[2026-03-25 11:47:39] INFO      - batch 720/947 loss=2.581 bpb=1.530
[2026-03-25 11:47:42] INFO      - batch 730/947 loss=2.581 bpb=1.530
[2026-03-25 11:47:46] INFO      - batch 740/947 loss=2.582 bpb=1.531
[2026-03-25 11:47:50] INFO      - batch 750/947 loss=2.582 bpb=1.531
[2026-03-25 11:47:53] INFO      - batch 760/947 loss=2.582 bpb=1.532
[2026-03-25 11:47:57] INFO      - batch 770/947 loss=2.582 bpb=1.532
[2026-03-25 11:48:01] INFO      - batch 780/947 loss=2.583 bpb=1.532
[2026-03-25 11:48:05] INFO      - batch 790/947 loss=2.583 bpb=1.533
[2026-03-25 11:48:08] INFO      - batch 800/947 loss=2.584 bpb=1.533
[2026-03-25 11:48:12] INFO      - batch 810/947 loss=2.584 bpb=1.533
[2026-03-25 11:48:16] INFO      - batch 820/947 loss=2.584 bpb=1.533
[2026-03-25 11:48:19] INFO      - batch 830/947 loss=2.585 bpb=1.533
[2026-03-25 11:48:23] INFO      - batch 840/947 loss=2.585 bpb=1.533
[2026-03-25 11:48:27] INFO      - batch 850/947 loss=2.586 bpb=1.533
[2026-03-25 11:48:31] INFO      - batch 860/947 loss=2.586 bpb=1.533
[2026-03-25 11:48:34] INFO      - batch 870/947 loss=2.586 bpb=1.533
[2026-03-25 11:48:38] INFO      - batch 880/947 loss=2.586 bpb=1.532
[2026-03-25 11:48:42] INFO      - batch 890/947 loss=2.586 bpb=1.532
[2026-03-25 11:48:45] INFO      - batch 900/947 loss=2.585 bpb=1.532
[2026-03-25 11:48:49] INFO      - batch 910/947 loss=2.585 bpb=1.532
[2026-03-25 11:48:53] INFO      - batch 920/947 loss=2.585 bpb=1.531
[2026-03-25 11:48:57] INFO      - batch 930/947 loss=2.585 bpb=1.531
[2026-03-25 11:49:00] INFO      - batch 940/947 loss=2.584 bpb=1.531
[2026-03-25 11:49:03] INFO      - batch 947/947 loss=2.584 bpb=1.531
[2026-03-25 11:49:03] INFO     Full-precision eval complete: val_loss=2.584 val_bpb=1.531 in 352.6s
[2026-03-25 11:49:03] INFO     Report saved to artifacts/eval_report.json
Hardware: 1x_gb10
Archiving artifacts to: artifacts_1x_gb10
Quantizing: 003-grad-clip (artifacts_1x_gb10, schemes=int6, compressed)
[2026-03-25 14:34:12] INFO     Extracting compressed checkpoint: /home/kingsley/projects/golf-research/experiments/003-grad-clip/artifacts_1x_gb10/checkpoint.tar.gz
/home/kingsley/projects/golf-research/scripts/quant.py:702: DeprecationWarning: Python 3.14 will, by default, filter extracted tar archives and reject files or modify their metadata. Use the filter argument to control this behavior.
  tar.extractall(tmp_dir)
[2026-03-25 14:34:12] INFO     Loading checkpoint: /tmp/quant_checkpoint_33igckz_/checkpoint/step_675_final_model
[2026-03-25 14:34:12] INFO     Loading checkpoint from /tmp/quant_checkpoint_33igckz_/checkpoint/step_675_final_model
[2026-03-25 14:34:12] INFO     Loaded model from /tmp/quant_checkpoint_33igckz_/checkpoint/step_675_final_model (17,051,208 parameters)
[2026-03-25 14:34:12] INFO     Quantizing to int6
[2026-03-25 14:34:22] INFO     int6 (zstd): compressed=9,666,799 bytes serialized=17,761,275 bytes payload=17,702,032 bytes
[2026-03-25 14:34:22] INFO     int6 roundtrip verified
[2026-03-25 14:34:22] INFO     Report saved to /home/kingsley/projects/golf-research/experiments/003-grad-clip/artifacts_1x_gb10/quant_report.json
Running evaluation: 003-grad-clip (artifacts_1x_gb10, 1 GPU(s))
[2026-03-25 14:34:25] INFO     Eval config: checkpoints=step_675_final_model_int6 device=cuda:0 sequence_length=1024 batch_size=64 world_size=1
[2026-03-25 14:34:25] INFO     Tokenizer: /home/kingsley/github/parameter-golf/data/tokenizers/fineweb_1024_bpe.model
[2026-03-25 14:34:25] INFO     Validation data: /home/kingsley/github/parameter-golf/data/datasets/fineweb10B_sp1024/fineweb_val_*.bin
[2026-03-25 14:34:25] INFO     Loaded tokens=62.02M sequences=60.6K vocab_size=1024
[2026-03-25 14:34:25] INFO     Loading int6 checkpoint: step_675_final_model_int6
[2026-03-25 14:34:25] INFO     Running int6 evaluation (device=cuda:0)
[2026-03-25 14:34:29] INFO      - batch 10/947 loss=2.586 bpb=1.556
[2026-03-25 14:34:33] INFO      - batch 20/947 loss=2.606 bpb=1.558
[2026-03-25 14:34:37] INFO      - batch 30/947 loss=2.610 bpb=1.563
[2026-03-25 14:34:40] INFO      - batch 40/947 loss=2.600 bpb=1.561
[2026-03-25 14:34:44] INFO      - batch 50/947 loss=2.601 bpb=1.563
[2026-03-25 14:34:48] INFO      - batch 60/947 loss=2.596 bpb=1.560
[2026-03-25 14:34:51] INFO      - batch 70/947 loss=2.596 bpb=1.558
[2026-03-25 14:34:55] INFO      - batch 80/947 loss=2.599 bpb=1.560
[2026-03-25 14:34:59] INFO      - batch 90/947 loss=2.604 bpb=1.562
[2026-03-25 14:35:02] INFO      - batch 100/947 loss=2.606 bpb=1.565
[2026-03-25 14:35:06] INFO      - batch 110/947 loss=2.607 bpb=1.564
[2026-03-25 14:35:10] INFO      - batch 120/947 loss=2.607 bpb=1.565
[2026-03-25 14:35:14] INFO      - batch 130/947 loss=2.606 bpb=1.565
[2026-03-25 14:35:17] INFO      - batch 140/947 loss=2.606 bpb=1.564
[2026-03-25 14:35:21] INFO      - batch 150/947 loss=2.608 bpb=1.563
[2026-03-25 14:35:25] INFO      - batch 160/947 loss=2.610 bpb=1.563
[2026-03-25 14:35:28] INFO      - batch 170/947 loss=2.611 bpb=1.562
[2026-03-25 14:35:32] INFO      - batch 180/947 loss=2.613 bpb=1.564
[2026-03-25 14:35:36] INFO      - batch 190/947 loss=2.614 bpb=1.563
[2026-03-25 14:35:39] INFO      - batch 200/947 loss=2.614 bpb=1.562
[2026-03-25 14:35:43] INFO      - batch 210/947 loss=2.613 bpb=1.561
[2026-03-25 14:35:47] INFO      - batch 220/947 loss=2.614 bpb=1.560
[2026-03-25 14:35:51] INFO      - batch 230/947 loss=2.615 bpb=1.558
[2026-03-25 14:35:54] INFO      - batch 240/947 loss=2.615 bpb=1.557
[2026-03-25 14:35:58] INFO      - batch 250/947 loss=2.615 bpb=1.557
[2026-03-25 14:36:02] INFO      - batch 260/947 loss=2.614 bpb=1.556
[2026-03-25 14:36:05] INFO      - batch 270/947 loss=2.616 bpb=1.556
[2026-03-25 14:36:09] INFO      - batch 280/947 loss=2.616 bpb=1.554
[2026-03-25 14:36:13] INFO      - batch 290/947 loss=2.614 bpb=1.553
[2026-03-25 14:36:16] INFO      - batch 300/947 loss=2.613 bpb=1.553
[2026-03-25 14:36:20] INFO      - batch 310/947 loss=2.613 bpb=1.552
[2026-03-25 14:36:24] INFO      - batch 320/947 loss=2.612 bpb=1.551
[2026-03-25 14:36:28] INFO      - batch 330/947 loss=2.611 bpb=1.550
[2026-03-25 14:36:31] INFO      - batch 340/947 loss=2.610 bpb=1.549
[2026-03-25 14:36:35] INFO      - batch 350/947 loss=2.610 bpb=1.548
[2026-03-25 14:36:39] INFO      - batch 360/947 loss=2.609 bpb=1.547
[2026-03-25 14:36:42] INFO      - batch 370/947 loss=2.610 bpb=1.548
[2026-03-25 14:36:46] INFO      - batch 380/947 loss=2.609 bpb=1.547
[2026-03-25 14:36:50] INFO      - batch 390/947 loss=2.608 bpb=1.547
[2026-03-25 14:36:53] INFO      - batch 400/947 loss=2.608 bpb=1.547
[2026-03-25 14:36:57] INFO      - batch 410/947 loss=2.608 bpb=1.547
[2026-03-25 14:37:01] INFO      - batch 420/947 loss=2.607 bpb=1.547
[2026-03-25 14:37:05] INFO      - batch 430/947 loss=2.607 bpb=1.548
[2026-03-25 14:37:08] INFO      - batch 440/947 loss=2.607 bpb=1.548
[2026-03-25 14:37:12] INFO      - batch 450/947 loss=2.606 bpb=1.548
[2026-03-25 14:37:16] INFO      - batch 460/947 loss=2.605 bpb=1.548
[2026-03-25 14:37:19] INFO      - batch 470/947 loss=2.605 bpb=1.549
[2026-03-25 14:37:23] INFO      - batch 480/947 loss=2.606 bpb=1.549
[2026-03-25 14:37:27] INFO      - batch 490/947 loss=2.607 bpb=1.550
[2026-03-25 14:37:30] INFO      - batch 500/947 loss=2.607 bpb=1.550
[2026-03-25 14:37:34] INFO      - batch 510/947 loss=2.608 bpb=1.550
[2026-03-25 14:37:38] INFO      - batch 520/947 loss=2.610 bpb=1.551
[2026-03-25 14:37:42] INFO      - batch 530/947 loss=2.610 bpb=1.550
[2026-03-25 14:37:45] INFO      - batch 540/947 loss=2.610 bpb=1.551
[2026-03-25 14:37:49] INFO      - batch 550/947 loss=2.611 bpb=1.551
[2026-03-25 14:37:53] INFO      - batch 560/947 loss=2.611 bpb=1.550
[2026-03-25 14:37:56] INFO      - batch 570/947 loss=2.610 bpb=1.550
[2026-03-25 14:38:00] INFO      - batch 580/947 loss=2.610 bpb=1.549
[2026-03-25 14:38:04] INFO      - batch 590/947 loss=2.610 bpb=1.549
[2026-03-25 14:38:07] INFO      - batch 600/947 loss=2.611 bpb=1.549
[2026-03-25 14:38:11] INFO      - batch 610/947 loss=2.611 bpb=1.549
[2026-03-25 14:38:15] INFO      - batch 620/947 loss=2.610 bpb=1.548
[2026-03-25 14:38:19] INFO      - batch 630/947 loss=2.609 bpb=1.547
[2026-03-25 14:38:22] INFO      - batch 640/947 loss=2.609 bpb=1.547
[2026-03-25 14:38:26] INFO      - batch 650/947 loss=2.609 bpb=1.546
[2026-03-25 14:38:30] INFO      - batch 660/947 loss=2.608 bpb=1.545
[2026-03-25 14:38:33] INFO      - batch 670/947 loss=2.608 bpb=1.545
[2026-03-25 14:38:37] INFO      - batch 680/947 loss=2.608 bpb=1.545
[2026-03-25 14:38:41] INFO      - batch 690/947 loss=2.608 bpb=1.545
[2026-03-25 14:38:44] INFO      - batch 700/947 loss=2.608 bpb=1.545
[2026-03-25 14:38:48] INFO      - batch 710/947 loss=2.608 bpb=1.546
[2026-03-25 14:38:52] INFO      - batch 720/947 loss=2.608 bpb=1.546
[2026-03-25 14:38:56] INFO      - batch 730/947 loss=2.608 bpb=1.546
[2026-03-25 14:38:59] INFO      - batch 740/947 loss=2.609 bpb=1.547
[2026-03-25 14:39:03] INFO      - batch 750/947 loss=2.609 bpb=1.547
[2026-03-25 14:39:07] INFO      - batch 760/947 loss=2.609 bpb=1.548
[2026-03-25 14:39:10] INFO      - batch 770/947 loss=2.609 bpb=1.548
[2026-03-25 14:39:14] INFO      - batch 780/947 loss=2.610 bpb=1.548
[2026-03-25 14:39:18] INFO      - batch 790/947 loss=2.610 bpb=1.549
[2026-03-25 14:39:21] INFO      - batch 800/947 loss=2.611 bpb=1.549
[2026-03-25 14:39:25] INFO      - batch 810/947 loss=2.611 bpb=1.549
[2026-03-25 14:39:29] INFO      - batch 820/947 loss=2.611 bpb=1.549
[2026-03-25 14:39:33] INFO      - batch 830/947 loss=2.612 bpb=1.549
[2026-03-25 14:39:36] INFO      - batch 840/947 loss=2.612 bpb=1.549
[2026-03-25 14:39:40] INFO      - batch 850/947 loss=2.613 bpb=1.549
[2026-03-25 14:39:44] INFO      - batch 860/947 loss=2.613 bpb=1.549
[2026-03-25 14:39:47] INFO      - batch 870/947 loss=2.613 bpb=1.549
[2026-03-25 14:39:51] INFO      - batch 880/947 loss=2.613 bpb=1.548
[2026-03-25 14:39:55] INFO      - batch 890/947 loss=2.613 bpb=1.548
[2026-03-25 14:39:58] INFO      - batch 900/947 loss=2.612 bpb=1.548
[2026-03-25 14:40:02] INFO      - batch 910/947 loss=2.612 bpb=1.548
[2026-03-25 14:40:06] INFO      - batch 920/947 loss=2.612 bpb=1.547
[2026-03-25 14:40:10] INFO      - batch 930/947 loss=2.612 bpb=1.547
[2026-03-25 14:40:13] INFO      - batch 940/947 loss=2.611 bpb=1.547
[2026-03-25 14:40:16] INFO      - batch 947/947 loss=2.611 bpb=1.547
[2026-03-25 14:40:16] INFO     int6 eval complete: val_bpb=1.547 compressed_bytes=9,666,799 in 350.7s
[2026-03-25 14:40:16] INFO     Report saved to /home/kingsley/projects/golf-research/experiments/003-grad-clip/artifacts_1x_gb10/eval_report.json
Quantizing: 003-grad-clip (artifacts_1x_gb10, schemes=int8, uncompressed)
[2026-03-25 14:40:22] INFO     Extracting compressed checkpoint: /home/kingsley/projects/golf-research/experiments/003-grad-clip/artifacts_1x_gb10/checkpoint.tar.gz
/home/kingsley/projects/golf-research/scripts/quant.py:702: DeprecationWarning: Python 3.14 will, by default, filter extracted tar archives and reject files or modify their metadata. Use the filter argument to control this behavior.
  tar.extractall(tmp_dir)
[2026-03-25 14:40:22] INFO     Loading checkpoint: /tmp/quant_checkpoint_70bx7p8f/checkpoint/step_675_final_model
[2026-03-25 14:40:22] INFO     Loading checkpoint from /tmp/quant_checkpoint_70bx7p8f/checkpoint/step_675_final_model
[2026-03-25 14:40:23] INFO     Loaded model from /tmp/quant_checkpoint_70bx7p8f/checkpoint/step_675_final_model (17,051,208 parameters)
[2026-03-25 14:40:23] INFO     Quantizing to int8
[2026-03-25 14:40:25] INFO     int8 (zstd): compressed=13,918,763 bytes serialized=17,759,611 bytes payload=17,702,032 bytes
[2026-03-25 14:40:25] INFO     int8 roundtrip verified
[2026-03-25 14:40:25] INFO     Report saved to /home/kingsley/projects/golf-research/experiments/003-grad-clip/artifacts_1x_gb10/quant_report.json
Running evaluation: 003-grad-clip (artifacts_1x_gb10, 1 GPU(s))
[2026-03-25 14:40:28] INFO     Eval config: checkpoints=step_675_final_model_int8 device=cuda:0 sequence_length=1024 batch_size=64 world_size=1
[2026-03-25 14:40:28] INFO     Tokenizer: /home/kingsley/github/parameter-golf/data/tokenizers/fineweb_1024_bpe.model
[2026-03-25 14:40:28] INFO     Validation data: /home/kingsley/github/parameter-golf/data/datasets/fineweb10B_sp1024/fineweb_val_*.bin
[2026-03-25 14:40:28] INFO     Loaded tokens=62.02M sequences=60.6K vocab_size=1024
[2026-03-25 14:40:28] INFO     Loading int8 checkpoint: step_675_final_model_int8
[2026-03-25 14:40:29] INFO     Running int8 evaluation (device=cuda:0)
[2026-03-25 14:40:33] INFO      - batch 10/947 loss=2.561 bpb=1.541
[2026-03-25 14:40:36] INFO      - batch 20/947 loss=2.581 bpb=1.543
[2026-03-25 14:40:40] INFO      - batch 30/947 loss=2.585 bpb=1.548
[2026-03-25 14:40:44] INFO      - batch 40/947 loss=2.574 bpb=1.546
[2026-03-25 14:40:48] INFO      - batch 50/947 loss=2.576 bpb=1.547
[2026-03-25 14:40:51] INFO      - batch 60/947 loss=2.571 bpb=1.545
[2026-03-25 14:40:55] INFO      - batch 70/947 loss=2.571 bpb=1.543
[2026-03-25 14:40:59] INFO      - batch 80/947 loss=2.574 bpb=1.545
[2026-03-25 14:41:02] INFO      - batch 90/947 loss=2.579 bpb=1.547
[2026-03-25 14:41:06] INFO      - batch 100/947 loss=2.581 bpb=1.550
[2026-03-25 14:41:10] INFO      - batch 110/947 loss=2.582 bpb=1.549
[2026-03-25 14:41:13] INFO      - batch 120/947 loss=2.582 bpb=1.550
[2026-03-25 14:41:17] INFO      - batch 130/947 loss=2.581 bpb=1.550
[2026-03-25 14:41:21] INFO      - batch 140/947 loss=2.581 bpb=1.549
[2026-03-25 14:41:24] INFO      - batch 150/947 loss=2.583 bpb=1.548
[2026-03-25 14:41:28] INFO      - batch 160/947 loss=2.585 bpb=1.548
[2026-03-25 14:41:32] INFO      - batch 170/947 loss=2.586 bpb=1.547
[2026-03-25 14:41:36] INFO      - batch 180/947 loss=2.588 bpb=1.549
[2026-03-25 14:41:39] INFO      - batch 190/947 loss=2.589 bpb=1.548
[2026-03-25 14:41:43] INFO      - batch 200/947 loss=2.589 bpb=1.547
[2026-03-25 14:41:47] INFO      - batch 210/947 loss=2.588 bpb=1.546
[2026-03-25 14:41:50] INFO      - batch 220/947 loss=2.589 bpb=1.545
[2026-03-25 14:41:54] INFO      - batch 230/947 loss=2.590 bpb=1.544
[2026-03-25 14:41:58] INFO      - batch 240/947 loss=2.590 bpb=1.543
[2026-03-25 14:42:01] INFO      - batch 250/947 loss=2.590 bpb=1.542
[2026-03-25 14:42:05] INFO      - batch 260/947 loss=2.589 bpb=1.541
[2026-03-25 14:42:09] INFO      - batch 270/947 loss=2.591 bpb=1.541
[2026-03-25 14:42:13] INFO      - batch 280/947 loss=2.591 bpb=1.540
[2026-03-25 14:42:16] INFO      - batch 290/947 loss=2.589 bpb=1.538
[2026-03-25 14:42:20] INFO      - batch 300/947 loss=2.588 bpb=1.538
[2026-03-25 14:42:24] INFO      - batch 310/947 loss=2.588 bpb=1.537
[2026-03-25 14:42:27] INFO      - batch 320/947 loss=2.587 bpb=1.536
[2026-03-25 14:42:31] INFO      - batch 330/947 loss=2.586 bpb=1.535
[2026-03-25 14:42:35] INFO      - batch 340/947 loss=2.585 bpb=1.534
[2026-03-25 14:42:38] INFO      - batch 350/947 loss=2.585 bpb=1.533
[2026-03-25 14:42:42] INFO      - batch 360/947 loss=2.584 bpb=1.533
[2026-03-25 14:42:46] INFO      - batch 370/947 loss=2.585 bpb=1.533
[2026-03-25 14:42:49] INFO      - batch 380/947 loss=2.584 bpb=1.533
[2026-03-25 14:42:53] INFO      - batch 390/947 loss=2.583 bpb=1.533
[2026-03-25 14:42:57] INFO      - batch 400/947 loss=2.583 bpb=1.533
[2026-03-25 14:43:01] INFO      - batch 410/947 loss=2.583 bpb=1.533
[2026-03-25 14:43:04] INFO      - batch 420/947 loss=2.582 bpb=1.532
[2026-03-25 14:43:08] INFO      - batch 430/947 loss=2.582 bpb=1.533
[2026-03-25 14:43:12] INFO      - batch 440/947 loss=2.582 bpb=1.533
[2026-03-25 14:43:15] INFO      - batch 450/947 loss=2.581 bpb=1.534
[2026-03-25 14:43:19] INFO      - batch 460/947 loss=2.580 bpb=1.534
[2026-03-25 14:43:23] INFO      - batch 470/947 loss=2.580 bpb=1.534
[2026-03-25 14:43:26] INFO      - batch 480/947 loss=2.581 bpb=1.534
[2026-03-25 14:43:30] INFO      - batch 490/947 loss=2.582 bpb=1.535
[2026-03-25 14:43:34] INFO      - batch 500/947 loss=2.582 bpb=1.535
[2026-03-25 14:43:37] INFO      - batch 510/947 loss=2.583 bpb=1.535
[2026-03-25 14:43:41] INFO      - batch 520/947 loss=2.585 bpb=1.536
[2026-03-25 14:43:45] INFO      - batch 530/947 loss=2.585 bpb=1.536
[2026-03-25 14:43:49] INFO      - batch 540/947 loss=2.585 bpb=1.536
[2026-03-25 14:43:52] INFO      - batch 550/947 loss=2.587 bpb=1.536
[2026-03-25 14:43:56] INFO      - batch 560/947 loss=2.586 bpb=1.536
[2026-03-25 14:44:00] INFO      - batch 570/947 loss=2.585 bpb=1.535
[2026-03-25 14:44:03] INFO      - batch 580/947 loss=2.585 bpb=1.535
[2026-03-25 14:44:07] INFO      - batch 590/947 loss=2.585 bpb=1.534
[2026-03-25 14:44:11] INFO      - batch 600/947 loss=2.586 bpb=1.534
[2026-03-25 14:44:14] INFO      - batch 610/947 loss=2.586 bpb=1.534
[2026-03-25 14:44:18] INFO      - batch 620/947 loss=2.585 bpb=1.533
[2026-03-25 14:44:22] INFO      - batch 630/947 loss=2.584 bpb=1.533
[2026-03-25 14:44:26] INFO      - batch 640/947 loss=2.584 bpb=1.532
[2026-03-25 14:44:29] INFO      - batch 650/947 loss=2.584 bpb=1.531
[2026-03-25 14:44:33] INFO      - batch 660/947 loss=2.583 bpb=1.531
[2026-03-25 14:44:37] INFO      - batch 670/947 loss=2.583 bpb=1.530
[2026-03-25 14:44:40] INFO      - batch 680/947 loss=2.583 bpb=1.530
[2026-03-25 14:44:44] INFO      - batch 690/947 loss=2.583 bpb=1.531
[2026-03-25 14:44:48] INFO      - batch 700/947 loss=2.583 bpb=1.531
[2026-03-25 14:44:51] INFO      - batch 710/947 loss=2.583 bpb=1.531
[2026-03-25 14:44:55] INFO      - batch 720/947 loss=2.584 bpb=1.531
[2026-03-25 14:44:59] INFO      - batch 730/947 loss=2.583 bpb=1.531
[2026-03-25 14:45:02] INFO      - batch 740/947 loss=2.584 bpb=1.532
[2026-03-25 14:45:06] INFO      - batch 750/947 loss=2.584 bpb=1.533
[2026-03-25 14:45:10] INFO      - batch 760/947 loss=2.584 bpb=1.533
[2026-03-25 14:45:14] INFO      - batch 770/947 loss=2.584 bpb=1.533
[2026-03-25 14:45:17] INFO      - batch 780/947 loss=2.585 bpb=1.534
[2026-03-25 14:45:21] INFO      - batch 790/947 loss=2.585 bpb=1.534
[2026-03-25 14:45:25] INFO      - batch 800/947 loss=2.586 bpb=1.534
[2026-03-25 14:45:28] INFO      - batch 810/947 loss=2.586 bpb=1.534
[2026-03-25 14:45:32] INFO      - batch 820/947 loss=2.587 bpb=1.534
[2026-03-25 14:45:36] INFO      - batch 830/947 loss=2.587 bpb=1.534
[2026-03-25 14:45:39] INFO      - batch 840/947 loss=2.587 bpb=1.534
[2026-03-25 14:45:43] INFO      - batch 850/947 loss=2.588 bpb=1.535
[2026-03-25 14:45:47] INFO      - batch 860/947 loss=2.588 bpb=1.534
[2026-03-25 14:45:51] INFO      - batch 870/947 loss=2.588 bpb=1.534
[2026-03-25 14:45:54] INFO      - batch 880/947 loss=2.588 bpb=1.534
[2026-03-25 14:45:58] INFO      - batch 890/947 loss=2.588 bpb=1.533
[2026-03-25 14:46:02] INFO      - batch 900/947 loss=2.587 bpb=1.533
[2026-03-25 14:46:05] INFO      - batch 910/947 loss=2.588 bpb=1.533
[2026-03-25 14:46:09] INFO      - batch 920/947 loss=2.587 bpb=1.533
[2026-03-25 14:46:13] INFO      - batch 930/947 loss=2.587 bpb=1.532
[2026-03-25 14:46:16] INFO      - batch 940/947 loss=2.586 bpb=1.532
[2026-03-25 14:46:19] INFO      - batch 947/947 loss=2.586 bpb=1.532
[2026-03-25 14:46:19] INFO     int8 eval complete: val_bpb=1.532 compressed_bytes=13,918,763 in 350.1s
[2026-03-25 14:46:19] INFO     Report saved to /home/kingsley/projects/golf-research/experiments/003-grad-clip/artifacts_1x_gb10/eval_report.json
Quantizing: 003-grad-clip (artifacts_1x_gb10, schemes=mxfp4, uncompressed)
[2026-03-25 14:46:24] INFO     Extracting compressed checkpoint: /home/kingsley/projects/golf-research/experiments/003-grad-clip/artifacts_1x_gb10/checkpoint.tar.gz
/home/kingsley/projects/golf-research/scripts/quant.py:702: DeprecationWarning: Python 3.14 will, by default, filter extracted tar archives and reject files or modify their metadata. Use the filter argument to control this behavior.
  tar.extractall(tmp_dir)
[2026-03-25 14:46:25] INFO     Loading checkpoint: /tmp/quant_checkpoint_y4u6puh_/checkpoint/step_675_final_model
[2026-03-25 14:46:25] INFO     Loading checkpoint from /tmp/quant_checkpoint_y4u6puh_/checkpoint/step_675_final_model
[2026-03-25 14:46:25] INFO     Loaded model from /tmp/quant_checkpoint_y4u6puh_/checkpoint/step_675_final_model (17,051,208 parameters)
[2026-03-25 14:46:25] INFO     Quantizing to mxfp4
[2026-03-25 14:46:26] INFO     mxfp4 (zstd): compressed=8,600,539 bytes serialized=11,113,787 bytes payload=11,056,272 bytes
[2026-03-25 14:46:26] INFO     mxfp4 roundtrip verified
[2026-03-25 14:46:26] INFO     Report saved to /home/kingsley/projects/golf-research/experiments/003-grad-clip/artifacts_1x_gb10/quant_report.json
Running evaluation: 003-grad-clip (artifacts_1x_gb10, 1 GPU(s))
[2026-03-25 14:46:29] INFO     Eval config: checkpoints=step_675_final_model_mxfp4 device=cuda:0 sequence_length=1024 batch_size=64 world_size=1
[2026-03-25 14:46:29] INFO     Tokenizer: /home/kingsley/github/parameter-golf/data/tokenizers/fineweb_1024_bpe.model
[2026-03-25 14:46:29] INFO     Validation data: /home/kingsley/github/parameter-golf/data/datasets/fineweb10B_sp1024/fineweb_val_*.bin
[2026-03-25 14:46:29] INFO     Loaded tokens=62.02M sequences=60.6K vocab_size=1024
[2026-03-25 14:46:29] INFO     Loading mxfp4 checkpoint: step_675_final_model_mxfp4
[2026-03-25 14:46:29] INFO     Running mxfp4 evaluation (device=cuda:0)
[2026-03-25 14:46:34] INFO      - batch 10/947 loss=2.719 bpb=1.636
[2026-03-25 14:46:37] INFO      - batch 20/947 loss=2.736 bpb=1.636
[2026-03-25 14:46:41] INFO      - batch 30/947 loss=2.742 bpb=1.642
[2026-03-25 14:46:45] INFO      - batch 40/947 loss=2.731 bpb=1.639
[2026-03-25 14:46:48] INFO      - batch 50/947 loss=2.732 bpb=1.641
[2026-03-25 14:46:52] INFO      - batch 60/947 loss=2.728 bpb=1.640
[2026-03-25 14:46:56] INFO      - batch 70/947 loss=2.727 bpb=1.636
[2026-03-25 14:47:00] INFO      - batch 80/947 loss=2.730 bpb=1.638
[2026-03-25 14:47:03] INFO      - batch 90/947 loss=2.735 bpb=1.640
[2026-03-25 14:47:07] INFO      - batch 100/947 loss=2.738 bpb=1.644
[2026-03-25 14:47:11] INFO      - batch 110/947 loss=2.739 bpb=1.643
[2026-03-25 14:47:14] INFO      - batch 120/947 loss=2.739 bpb=1.645
[2026-03-25 14:47:18] INFO      - batch 130/947 loss=2.738 bpb=1.644
[2026-03-25 14:47:22] INFO      - batch 140/947 loss=2.738 bpb=1.643
[2026-03-25 14:47:25] INFO      - batch 150/947 loss=2.741 bpb=1.642
[2026-03-25 14:47:29] INFO      - batch 160/947 loss=2.742 bpb=1.642
[2026-03-25 14:47:33] INFO      - batch 170/947 loss=2.743 bpb=1.641
[2026-03-25 14:47:37] INFO      - batch 180/947 loss=2.745 bpb=1.642
[2026-03-25 14:47:40] INFO      - batch 190/947 loss=2.746 bpb=1.642
[2026-03-25 14:47:44] INFO      - batch 200/947 loss=2.746 bpb=1.641
[2026-03-25 14:47:48] INFO      - batch 210/947 loss=2.746 bpb=1.639
[2026-03-25 14:47:51] INFO      - batch 220/947 loss=2.746 bpb=1.639
[2026-03-25 14:47:55] INFO      - batch 230/947 loss=2.747 bpb=1.637
[2026-03-25 14:47:59] INFO      - batch 240/947 loss=2.747 bpb=1.636
[2026-03-25 14:48:02] INFO      - batch 250/947 loss=2.748 bpb=1.635
[2026-03-25 14:48:06] INFO      - batch 260/947 loss=2.746 bpb=1.634
[2026-03-25 14:48:10] INFO      - batch 270/947 loss=2.748 bpb=1.634
[2026-03-25 14:48:14] INFO      - batch 280/947 loss=2.748 bpb=1.633
[2026-03-25 14:48:17] INFO      - batch 290/947 loss=2.746 bpb=1.632
[2026-03-25 14:48:21] INFO      - batch 300/947 loss=2.746 bpb=1.631
[2026-03-25 14:48:25] INFO      - batch 310/947 loss=2.745 bpb=1.631
[2026-03-25 14:48:28] INFO      - batch 320/947 loss=2.744 bpb=1.629
[2026-03-25 14:48:32] INFO      - batch 330/947 loss=2.743 bpb=1.628
[2026-03-25 14:48:36] INFO      - batch 340/947 loss=2.742 bpb=1.627
[2026-03-25 14:48:39] INFO      - batch 350/947 loss=2.742 bpb=1.626
[2026-03-25 14:48:43] INFO      - batch 360/947 loss=2.741 bpb=1.626
[2026-03-25 14:48:47] INFO      - batch 370/947 loss=2.742 bpb=1.626
[2026-03-25 14:48:51] INFO      - batch 380/947 loss=2.741 bpb=1.626
[2026-03-25 14:48:54] INFO      - batch 390/947 loss=2.740 bpb=1.626
[2026-03-25 14:48:58] INFO      - batch 400/947 loss=2.740 bpb=1.626
[2026-03-25 14:49:02] INFO      - batch 410/947 loss=2.740 bpb=1.626
[2026-03-25 14:49:05] INFO      - batch 420/947 loss=2.739 bpb=1.626
[2026-03-25 14:49:09] INFO      - batch 430/947 loss=2.739 bpb=1.626
[2026-03-25 14:49:13] INFO      - batch 440/947 loss=2.739 bpb=1.627
[2026-03-25 14:49:17] INFO      - batch 450/947 loss=2.738 bpb=1.627
[2026-03-25 14:49:20] INFO      - batch 460/947 loss=2.737 bpb=1.627
[2026-03-25 14:49:24] INFO      - batch 470/947 loss=2.737 bpb=1.627
[2026-03-25 14:49:28] INFO      - batch 480/947 loss=2.738 bpb=1.628
[2026-03-25 14:49:31] INFO      - batch 490/947 loss=2.739 bpb=1.628
[2026-03-25 14:49:35] INFO      - batch 500/947 loss=2.739 bpb=1.628
[2026-03-25 14:49:39] INFO      - batch 510/947 loss=2.740 bpb=1.628
[2026-03-25 14:49:43] INFO      - batch 520/947 loss=2.741 bpb=1.629
[2026-03-25 14:49:46] INFO      - batch 530/947 loss=2.742 bpb=1.629
[2026-03-25 14:49:50] INFO      - batch 540/947 loss=2.742 bpb=1.629
[2026-03-25 14:49:54] INFO      - batch 550/947 loss=2.744 bpb=1.629
[2026-03-25 14:49:57] INFO      - batch 560/947 loss=2.743 bpb=1.629
[2026-03-25 14:50:01] INFO      - batch 570/947 loss=2.742 bpb=1.628
[2026-03-25 14:50:05] INFO      - batch 580/947 loss=2.742 bpb=1.628
[2026-03-25 14:50:08] INFO      - batch 590/947 loss=2.742 bpb=1.627
[2026-03-25 14:50:12] INFO      - batch 600/947 loss=2.743 bpb=1.627
[2026-03-25 14:50:16] INFO      - batch 610/947 loss=2.743 bpb=1.627
[2026-03-25 14:50:20] INFO      - batch 620/947 loss=2.742 bpb=1.626
[2026-03-25 14:50:23] INFO      - batch 630/947 loss=2.741 bpb=1.626
[2026-03-25 14:50:27] INFO      - batch 640/947 loss=2.741 bpb=1.625
[2026-03-25 14:50:31] INFO      - batch 650/947 loss=2.741 bpb=1.624
[2026-03-25 14:50:34] INFO      - batch 660/947 loss=2.740 bpb=1.623
[2026-03-25 14:50:38] INFO      - batch 670/947 loss=2.740 bpb=1.623
[2026-03-25 14:50:42] INFO      - batch 680/947 loss=2.740 bpb=1.623
[2026-03-25 14:50:45] INFO      - batch 690/947 loss=2.740 bpb=1.624
[2026-03-25 14:50:49] INFO      - batch 700/947 loss=2.740 bpb=1.623
[2026-03-25 14:50:53] INFO      - batch 710/947 loss=2.740 bpb=1.624
[2026-03-25 14:50:57] INFO      - batch 720/947 loss=2.740 bpb=1.624
[2026-03-25 14:51:00] INFO      - batch 730/947 loss=2.740 bpb=1.625
[2026-03-25 14:51:04] INFO      - batch 740/947 loss=2.741 bpb=1.625
[2026-03-25 14:51:08] INFO      - batch 750/947 loss=2.741 bpb=1.626
[2026-03-25 14:51:11] INFO      - batch 760/947 loss=2.741 bpb=1.626
[2026-03-25 14:51:15] INFO      - batch 770/947 loss=2.741 bpb=1.626
[2026-03-25 14:51:19] INFO      - batch 780/947 loss=2.742 bpb=1.627
[2026-03-25 14:51:23] INFO      - batch 790/947 loss=2.742 bpb=1.627
[2026-03-25 14:51:26] INFO      - batch 800/947 loss=2.743 bpb=1.627
[2026-03-25 14:51:30] INFO      - batch 810/947 loss=2.743 bpb=1.627
[2026-03-25 14:51:34] INFO      - batch 820/947 loss=2.744 bpb=1.627
[2026-03-25 14:51:37] INFO      - batch 830/947 loss=2.744 bpb=1.627
[2026-03-25 14:51:41] INFO      - batch 840/947 loss=2.744 bpb=1.627
[2026-03-25 14:51:45] INFO      - batch 850/947 loss=2.745 bpb=1.628
[2026-03-25 14:51:48] INFO      - batch 860/947 loss=2.745 bpb=1.627
[2026-03-25 14:51:52] INFO      - batch 870/947 loss=2.745 bpb=1.627
[2026-03-25 14:51:56] INFO      - batch 880/947 loss=2.745 bpb=1.627
[2026-03-25 14:52:00] INFO      - batch 890/947 loss=2.745 bpb=1.627
[2026-03-25 14:52:03] INFO      - batch 900/947 loss=2.744 bpb=1.626
[2026-03-25 14:52:07] INFO      - batch 910/947 loss=2.745 bpb=1.626
[2026-03-25 14:52:11] INFO      - batch 920/947 loss=2.744 bpb=1.626
[2026-03-25 14:52:14] INFO      - batch 930/947 loss=2.744 bpb=1.625
[2026-03-25 14:52:18] INFO      - batch 940/947 loss=2.743 bpb=1.625
[2026-03-25 14:52:20] INFO      - batch 947/947 loss=2.743 bpb=1.625
[2026-03-25 14:52:20] INFO     mxfp4 eval complete: val_bpb=1.625 compressed_bytes=8,600,539 in 351.0s
[2026-03-25 14:52:20] INFO     Report saved to /home/kingsley/projects/golf-research/experiments/003-grad-clip/artifacts_1x_gb10/eval_report.json
Quantizing: 003-grad-clip (artifacts_1x_gb10, schemes=nvfp4, uncompressed)
[2026-03-25 14:52:29] INFO     Extracting compressed checkpoint: /home/kingsley/projects/golf-research/experiments/003-grad-clip/artifacts_1x_gb10/checkpoint.tar.gz
/home/kingsley/projects/golf-research/scripts/quant.py:702: DeprecationWarning: Python 3.14 will, by default, filter extracted tar archives and reject files or modify their metadata. Use the filter argument to control this behavior.
  tar.extractall(tmp_dir)
[2026-03-25 14:52:30] INFO     Loading checkpoint: /tmp/quant_checkpoint_hjzxul2p/checkpoint/step_675_final_model
[2026-03-25 14:52:30] INFO     Loading checkpoint from /tmp/quant_checkpoint_hjzxul2p/checkpoint/step_675_final_model
[2026-03-25 14:52:30] INFO     Loaded model from /tmp/quant_checkpoint_hjzxul2p/checkpoint/step_675_final_model (17,051,208 parameters)
[2026-03-25 14:52:30] INFO     Quantizing to nvfp4
[2026-03-25 14:52:31] INFO     nvfp4 (zstd): compressed=9,167,920 bytes serialized=10,030,347 bytes payload=9,958,768 bytes
[2026-03-25 14:52:31] INFO     nvfp4 roundtrip verified
[2026-03-25 14:52:31] INFO     Report saved to /home/kingsley/projects/golf-research/experiments/003-grad-clip/artifacts_1x_gb10/quant_report.json
Running evaluation: 003-grad-clip (artifacts_1x_gb10, 1 GPU(s))
[2026-03-25 14:52:34] INFO     Eval config: checkpoints=step_675_final_model_nvfp4 device=cuda:0 sequence_length=1024 batch_size=64 world_size=1
[2026-03-25 14:52:34] INFO     Tokenizer: /home/kingsley/github/parameter-golf/data/tokenizers/fineweb_1024_bpe.model
[2026-03-25 14:52:34] INFO     Validation data: /home/kingsley/github/parameter-golf/data/datasets/fineweb10B_sp1024/fineweb_val_*.bin
[2026-03-25 14:52:34] INFO     Loaded tokens=62.02M sequences=60.6K vocab_size=1024
[2026-03-25 14:52:34] INFO     Loading nvfp4 checkpoint: step_675_final_model_nvfp4
[2026-03-25 14:52:34] INFO     Running nvfp4 evaluation (device=cuda:0)
[2026-03-25 14:52:38] INFO      - batch 10/947 loss=2.682 bpb=1.614
[2026-03-25 14:52:42] INFO      - batch 20/947 loss=2.704 bpb=1.617
[2026-03-25 14:52:46] INFO      - batch 30/947 loss=2.709 bpb=1.622
[2026-03-25 14:52:50] INFO      - batch 40/947 loss=2.697 bpb=1.619
[2026-03-25 14:52:53] INFO      - batch 50/947 loss=2.699 bpb=1.621
[2026-03-25 14:52:57] INFO      - batch 60/947 loss=2.694 bpb=1.619
[2026-03-25 14:53:01] INFO      - batch 70/947 loss=2.694 bpb=1.616
[2026-03-25 14:53:04] INFO      - batch 80/947 loss=2.697 bpb=1.618
[2026-03-25 14:53:08] INFO      - batch 90/947 loss=2.702 bpb=1.621
[2026-03-25 14:53:12] INFO      - batch 100/947 loss=2.705 bpb=1.624
[2026-03-25 14:53:15] INFO      - batch 110/947 loss=2.706 bpb=1.623
[2026-03-25 14:53:19] INFO      - batch 120/947 loss=2.706 bpb=1.624
[2026-03-25 14:53:23] INFO      - batch 130/947 loss=2.705 bpb=1.624
[2026-03-25 14:53:27] INFO      - batch 140/947 loss=2.705 bpb=1.623
[2026-03-25 14:53:30] INFO      - batch 150/947 loss=2.707 bpb=1.622
[2026-03-25 14:53:34] INFO      - batch 160/947 loss=2.709 bpb=1.622
[2026-03-25 14:53:38] INFO      - batch 170/947 loss=2.709 bpb=1.620
[2026-03-25 14:53:41] INFO      - batch 180/947 loss=2.711 bpb=1.622
[2026-03-25 14:53:45] INFO      - batch 190/947 loss=2.712 bpb=1.621
[2026-03-25 14:53:49] INFO      - batch 200/947 loss=2.713 bpb=1.621
[2026-03-25 14:53:52] INFO      - batch 210/947 loss=2.712 bpb=1.619
[2026-03-25 14:53:56] INFO      - batch 220/947 loss=2.713 bpb=1.618
[2026-03-25 14:54:00] INFO      - batch 230/947 loss=2.713 bpb=1.617
[2026-03-25 14:54:04] INFO      - batch 240/947 loss=2.713 bpb=1.616
[2026-03-25 14:54:07] INFO      - batch 250/947 loss=2.714 bpb=1.615
[2026-03-25 14:54:11] INFO      - batch 260/947 loss=2.713 bpb=1.614
[2026-03-25 14:54:15] INFO      - batch 270/947 loss=2.714 bpb=1.614
[2026-03-25 14:54:18] INFO      - batch 280/947 loss=2.714 bpb=1.613
[2026-03-25 14:54:22] INFO      - batch 290/947 loss=2.713 bpb=1.612
[2026-03-25 14:54:26] INFO      - batch 300/947 loss=2.712 bpb=1.611
[2026-03-25 14:54:30] INFO      - batch 310/947 loss=2.711 bpb=1.611
[2026-03-25 14:54:33] INFO      - batch 320/947 loss=2.710 bpb=1.609
[2026-03-25 14:54:37] INFO      - batch 330/947 loss=2.709 bpb=1.608
[2026-03-25 14:54:41] INFO      - batch 340/947 loss=2.708 bpb=1.607
[2026-03-25 14:54:44] INFO      - batch 350/947 loss=2.708 bpb=1.606
[2026-03-25 14:54:48] INFO      - batch 360/947 loss=2.708 bpb=1.606
[2026-03-25 14:54:52] INFO      - batch 370/947 loss=2.708 bpb=1.606
[2026-03-25 14:54:55] INFO      - batch 380/947 loss=2.708 bpb=1.606
[2026-03-25 14:54:59] INFO      - batch 390/947 loss=2.707 bpb=1.606
[2026-03-25 14:55:03] INFO      - batch 400/947 loss=2.707 bpb=1.606
[2026-03-25 14:55:07] INFO      - batch 410/947 loss=2.706 bpb=1.606
[2026-03-25 14:55:10] INFO      - batch 420/947 loss=2.706 bpb=1.606
[2026-03-25 14:55:14] INFO      - batch 430/947 loss=2.705 bpb=1.606
[2026-03-25 14:55:18] INFO      - batch 440/947 loss=2.706 bpb=1.607
[2026-03-25 14:55:21] INFO      - batch 450/947 loss=2.704 bpb=1.607
[2026-03-25 14:55:25] INFO      - batch 460/947 loss=2.704 bpb=1.607
[2026-03-25 14:55:29] INFO      - batch 470/947 loss=2.703 bpb=1.607
[2026-03-25 14:55:32] INFO      - batch 480/947 loss=2.704 bpb=1.608
[2026-03-25 14:55:36] INFO      - batch 490/947 loss=2.705 bpb=1.608
[2026-03-25 14:55:40] INFO      - batch 500/947 loss=2.706 bpb=1.608
[2026-03-25 14:55:44] INFO      - batch 510/947 loss=2.707 bpb=1.609
[2026-03-25 14:55:47] INFO      - batch 520/947 loss=2.708 bpb=1.609
[2026-03-25 14:55:51] INFO      - batch 530/947 loss=2.709 bpb=1.609
[2026-03-25 14:55:55] INFO      - batch 540/947 loss=2.709 bpb=1.609
[2026-03-25 14:55:58] INFO      - batch 550/947 loss=2.710 bpb=1.609
[2026-03-25 14:56:02] INFO      - batch 560/947 loss=2.710 bpb=1.609
[2026-03-25 14:56:06] INFO      - batch 570/947 loss=2.709 bpb=1.608
[2026-03-25 14:56:09] INFO      - batch 580/947 loss=2.709 bpb=1.608
[2026-03-25 14:56:13] INFO      - batch 590/947 loss=2.709 bpb=1.607
[2026-03-25 14:56:17] INFO      - batch 600/947 loss=2.709 bpb=1.607
[2026-03-25 14:56:21] INFO      - batch 610/947 loss=2.709 bpb=1.607
[2026-03-25 14:56:24] INFO      - batch 620/947 loss=2.709 bpb=1.607
[2026-03-25 14:56:28] INFO      - batch 630/947 loss=2.708 bpb=1.606
[2026-03-25 14:56:32] INFO      - batch 640/947 loss=2.708 bpb=1.605
[2026-03-25 14:56:35] INFO      - batch 650/947 loss=2.707 bpb=1.605
[2026-03-25 14:56:39] INFO      - batch 660/947 loss=2.707 bpb=1.604
[2026-03-25 14:56:43] INFO      - batch 670/947 loss=2.706 bpb=1.603
[2026-03-25 14:56:47] INFO      - batch 680/947 loss=2.706 bpb=1.603
[2026-03-25 14:56:50] INFO      - batch 690/947 loss=2.707 bpb=1.604
[2026-03-25 14:56:54] INFO      - batch 700/947 loss=2.707 bpb=1.604
[2026-03-25 14:56:58] INFO      - batch 710/947 loss=2.707 bpb=1.604
[2026-03-25 14:57:01] INFO      - batch 720/947 loss=2.707 bpb=1.605
[2026-03-25 14:57:05] INFO      - batch 730/947 loss=2.706 bpb=1.605
[2026-03-25 14:57:09] INFO      - batch 740/947 loss=2.707 bpb=1.605
[2026-03-25 14:57:12] INFO      - batch 750/947 loss=2.707 bpb=1.606
[2026-03-25 14:57:16] INFO      - batch 760/947 loss=2.707 bpb=1.606
[2026-03-25 14:57:20] INFO      - batch 770/947 loss=2.708 bpb=1.607
[2026-03-25 14:57:24] INFO      - batch 780/947 loss=2.708 bpb=1.607
[2026-03-25 14:57:27] INFO      - batch 790/947 loss=2.709 bpb=1.608
[2026-03-25 14:57:31] INFO      - batch 800/947 loss=2.710 bpb=1.607
[2026-03-25 14:57:35] INFO      - batch 810/947 loss=2.710 bpb=1.607
[2026-03-25 14:57:38] INFO      - batch 820/947 loss=2.710 bpb=1.607
[2026-03-25 14:57:42] INFO      - batch 830/947 loss=2.710 bpb=1.607
[2026-03-25 14:57:46] INFO      - batch 840/947 loss=2.711 bpb=1.608
[2026-03-25 14:57:49] INFO      - batch 850/947 loss=2.712 bpb=1.608
[2026-03-25 14:57:53] INFO      - batch 860/947 loss=2.712 bpb=1.608
[2026-03-25 14:57:57] INFO      - batch 870/947 loss=2.711 bpb=1.607
[2026-03-25 14:58:01] INFO      - batch 880/947 loss=2.711 bpb=1.607
[2026-03-25 14:58:04] INFO      - batch 890/947 loss=2.711 bpb=1.607
[2026-03-25 14:58:08] INFO      - batch 900/947 loss=2.711 bpb=1.606
[2026-03-25 14:58:12] INFO      - batch 910/947 loss=2.711 bpb=1.606
[2026-03-25 14:58:15] INFO      - batch 920/947 loss=2.711 bpb=1.606
[2026-03-25 14:58:19] INFO      - batch 930/947 loss=2.710 bpb=1.605
[2026-03-25 14:58:23] INFO      - batch 940/947 loss=2.710 bpb=1.605
[2026-03-25 14:58:25] INFO      - batch 947/947 loss=2.710 bpb=1.605
[2026-03-25 14:58:25] INFO     nvfp4 eval complete: val_bpb=1.605 compressed_bytes=9,167,920 in 350.9s
[2026-03-25 14:58:25] INFO     Report saved to /home/kingsley/projects/golf-research/experiments/003-grad-clip/artifacts_1x_gb10/eval_report.json
