Running experiment: baseline (2 GPU(s))
[2026-03-25 22:40:47] INFO     Training stages: ['pre_training']
[2026-03-25 22:40:47] INFO     Training stages: ['pre_training']
[2026-03-25 22:40:47] INFO     Initializing distributed: rank=0, world_size=2, local_rank=0, backend=nccl
[2026-03-25 22:40:47] INFO     Initializing distributed: rank=1, world_size=2, local_rank=1, backend=nccl
[W325 22:40:47.151615261 Utils.hpp:137] Warning: Environment variable NCCL_ASYNC_ERROR_HANDLING is deprecated; use TORCH_NCCL_ASYNC_ERROR_HANDLING instead (function operator())
[W325 22:40:47.151633211 ProcessGroupNCCL.cpp:929] Warning: TORCH_NCCL_AVOID_RECORD_STREAMS is the default now, this environment variable is thus deprecated. (function operator())
[W325 22:40:47.151685501 Utils.hpp:137] Warning: Environment variable NCCL_ASYNC_ERROR_HANDLING is deprecated; use TORCH_NCCL_ASYNC_ERROR_HANDLING instead (function operator())
[W325 22:40:47.151702791 ProcessGroupNCCL.cpp:929] Warning: TORCH_NCCL_AVOID_RECORD_STREAMS is the default now, this environment variable is thus deprecated. (function operator())
[2026-03-25 22:40:47] INFO     Distributed initialized: rank 0 of 2
[2026-03-25 22:40:47] INFO     Device: cuda:0, distributed: True
[2026-03-25 22:40:47] INFO     Starting stage: pre_training
[2026-03-25 22:40:47] INFO     Seed: 250849574
[2026-03-25 22:40:47] INFO     GradientAccumulation auto-computed gradient_accumulation_steps=4 (micro_batch_size=64, full_batch_size=256)
[2026-03-25 22:40:48] INFO     Loaded 80 shards from /workspace/parameter-golf/data/datasets/fineweb10B_sp1024/fineweb_train_*.bin (8.00B tokens)
[2026-03-25 22:40:48] INFO     DecoderTransformer params=17.05M non_emb_params=16.53M
[2026-03-25 22:40:48] INFO     DecoderTransformerTrainer grad_accum=4 compile(dynamic=False, fullgraph=True)
[2026-03-25 22:40:48] INFO     LayerWiseOptimiser groups=3 params=17,051,208
[2026-03-25 22:40:48] INFO      - embedding: Adam lr=0.0500 betas=(0.9000, 0.9500) layers=1 params=524,288
[2026-03-25 22:40:48] INFO      - block_scalars: Adam lr=0.0400 betas=(0.9000, 0.9500) layers=32 params=11,848
[2026-03-25 22:40:48] INFO      - default: Muon lr=0.0400 momentum=0.9500 layers=54 params=16,515,072 features=[HyperparameterSchedule(parameter=momentum, initial=0.8500, final=0.9500, scheduler=LinearLR(start_factor=0.3333, end_factor=1.0000, total_iters=500))]
[2026-03-25 22:40:48] INFO     WallclockWarmdownScheduler decay_type=linear base_lrs=[0.0500, 0.0400, 0.0400]
[2026-03-25 22:40:48] INFO     Model trainer features: CompileDiagnostics, Autocast(dtype=bfloat16), CUDABackend(tf32=True, sdp=flash)
[2026-03-25 22:40:48] INFO     torch.compile diagnostics enabled - stats will be reported after the first training step
[2026-03-25 22:40:48] INFO     Training features: SystemDiagnostics(console, artifacts/system.json), ConfigSnapshot(artifacts/experiment.yaml), GradientAccumulation(grad_accum=4, micro_batch=64, full_batch=256), SpeedMonitor, MemoryProfiler, Checkpointer, MetricsLogger(artifacts/metrics.jsonl), ConsoleLogger
[2026-03-25 22:40:48] INFO     Host: 199075f44f1c cpu=AMD EPYC 9355 32-Core Processor ram=2015.41GB
[2026-03-25 22:40:48] INFO     Software: python=3.12.3 pytorch=2.10.0+cu128 cuda=12.8
[2026-03-25 22:40:48] INFO      - GPU 0: NVIDIA RTX PRO 6000 Blackwell Server Edition memory=94.97GB SMs=188 compute=12.0
[2026-03-25 22:40:48] INFO      - GPU 1: NVIDIA RTX PRO 6000 Blackwell Server Edition memory=94.97GB SMs=188 compute=12.0
[2026-03-25 22:40:48] INFO     Distributed: world_size=2 rank=0 backend=nccl
[2026-03-25 22:40:48] INFO     Saved resolved config to artifacts/experiment.yaml
[rank1]:[W325 22:40:48.811854268 Utils.hpp:112] Warning: Environment variable NCCL_ASYNC_ERROR_HANDLING is deprecated; use TORCH_NCCL_ASYNC_ERROR_HANDLING instead (function operator())
[rank0]:[W325 22:40:48.812164297 Utils.hpp:112] Warning: Environment variable NCCL_ASYNC_ERROR_HANDLING is deprecated; use TORCH_NCCL_ASYNC_ERROR_HANDLING instead (function operator())
[2026-03-25 22:40:48] INFO     DDP applied to model
[2026-03-25 22:40:48] INFO     Running 10 warmup steps
[2026-03-25 22:41:14] INFO     Compiled model active
[2026-03-25 22:41:14] INFO     torch.compile diagnostics | graphs=4 | graph breaks=0
[2026-03-25 22:41:14] INFO     No graph breaks detected
[2026-03-25 22:41:14] INFO      - warmup step 1/10 25.2s
[2026-03-25 22:41:14] INFO     torch.compile step timing | first=3.113s (incl. compilation) | second=0.0978s (compiled)
[2026-03-25 22:41:14] INFO      - warmup step 2/10 0.3s
[2026-03-25 22:41:15] INFO      - warmup step 3/10 0.3s
[2026-03-25 22:41:16] INFO      - warmup step 4/10 0.3s
[2026-03-25 22:41:17] INFO      - warmup step 5/10 0.3s
[2026-03-25 22:41:17] INFO      - warmup step 6/10 0.3s
[2026-03-25 22:41:18] INFO      - warmup step 7/10 0.3s
[2026-03-25 22:41:19] INFO      - warmup step 8/10 0.3s
[2026-03-25 22:41:20] INFO      - warmup step 9/10 0.3s
[2026-03-25 22:41:20] INFO      - warmup step 10/10 0.3s
[2026-03-25 22:41:21] INFO     Warmup complete in 32.9s
[2026-03-25 22:41:21] INFO     Starting training total_batch_tokens=524,288 params=17.05M
[2026-03-25 22:41:21] INFO     Starting epoch 1
[2026-03-25 22:41:24] INFO     step=10 | epoch=1 | ce_loss=6.442 | gpu_peak_allocated_gb=12.77 | gpu_peak_reserved_gb=13.09 | gpu_reserved_gb=13.09 | loss=6.442 | lr=0.0500 | ms_per_step=312.6 | flops_per_sec=1.72E+14 | tokens_per_sec=1,677,169 | tokens_seen=5.24M | total_flops=536.38T
[2026-03-25 22:41:31] INFO     step=20 | epoch=1 | ce_loss=5.472 | gpu_peak_allocated_gb=12.77 | gpu_peak_reserved_gb=13.09 | gpu_reserved_gb=13.09 | loss=5.472 | lr=0.0500 | ms_per_step=312.9 | flops_per_sec=1.71E+14 | tokens_per_sec=1,675,527 | tokens_seen=10.49M | total_flops=1.07P
[2026-03-25 22:41:38] INFO     step=30 | epoch=1 | ce_loss=4.672 | gpu_peak_allocated_gb=12.77 | gpu_peak_reserved_gb=13.09 | gpu_reserved_gb=13.09 | loss=4.672 | lr=0.0500 | ms_per_step=313.1 | flops_per_sec=1.71E+14 | tokens_per_sec=1,674,511 | tokens_seen=15.73M | total_flops=1.61P
[2026-03-25 22:41:44] INFO     step=40 | epoch=1 | ce_loss=4.311 | gpu_peak_allocated_gb=12.77 | gpu_peak_reserved_gb=13.09 | gpu_reserved_gb=13.09 | loss=4.311 | lr=0.0500 | ms_per_step=312.9 | flops_per_sec=1.71E+14 | tokens_per_sec=1,675,323 | tokens_seen=20.97M | total_flops=2.15P
[2026-03-25 22:41:51] INFO     step=50 | epoch=1 | ce_loss=4.082 | gpu_peak_allocated_gb=12.77 | gpu_peak_reserved_gb=13.09 | gpu_reserved_gb=13.09 | loss=4.082 | lr=0.0486 | ms_per_step=312.9 | flops_per_sec=1.71E+14 | tokens_per_sec=1,675,508 | tokens_seen=26.21M | total_flops=2.68P
[2026-03-25 22:41:57] INFO     step=60 | epoch=1 | ce_loss=3.849 | gpu_peak_allocated_gb=12.77 | gpu_peak_reserved_gb=13.09 | gpu_reserved_gb=13.09 | loss=3.849 | lr=0.0464 | ms_per_step=312.8 | flops_per_sec=1.71E+14 | tokens_per_sec=1,676,114 | tokens_seen=31.46M | total_flops=3.22P
[2026-03-25 22:42:03] INFO     step=70 | epoch=1 | ce_loss=3.630 | gpu_peak_allocated_gb=12.77 | gpu_peak_reserved_gb=13.09 | gpu_reserved_gb=13.09 | loss=3.630 | lr=0.0449 | ms_per_step=312.7 | flops_per_sec=1.72E+14 | tokens_per_sec=1,676,408 | tokens_seen=36.70M | total_flops=3.75P
[2026-03-25 22:42:09] INFO     step=80 | epoch=1 | ce_loss=3.501 | gpu_peak_allocated_gb=12.77 | gpu_peak_reserved_gb=13.09 | gpu_reserved_gb=13.09 | loss=3.501 | lr=0.0439 | ms_per_step=312.6 | flops_per_sec=1.72E+14 | tokens_per_sec=1,677,224 | tokens_seen=41.94M | total_flops=4.29P
[2026-03-25 22:42:14] INFO     step=90 | epoch=1 | ce_loss=3.390 | gpu_peak_allocated_gb=12.77 | gpu_peak_reserved_gb=13.09 | gpu_reserved_gb=13.09 | loss=3.390 | lr=0.0432 | ms_per_step=312.5 | flops_per_sec=1.72E+14 | tokens_per_sec=1,677,759 | tokens_seen=47.19M | total_flops=4.83P
[2026-03-25 22:42:20] INFO     step=100 | epoch=1 | ce_loss=3.307 | gpu_peak_allocated_gb=12.77 | gpu_peak_reserved_gb=13.09 | gpu_reserved_gb=13.09 | loss=3.307 | lr=0.0426 | ms_per_step=312.4 | flops_per_sec=1.72E+14 | tokens_per_sec=1,678,216 | tokens_seen=52.43M | total_flops=5.36P
[2026-03-25 22:42:25] INFO     step=110 | epoch=1 | ce_loss=3.241 | gpu_peak_allocated_gb=12.77 | gpu_peak_reserved_gb=13.09 | gpu_reserved_gb=13.09 | loss=3.241 | lr=0.0421 | ms_per_step=312.3 | flops_per_sec=1.72E+14 | tokens_per_sec=1,678,678 | tokens_seen=57.67M | total_flops=5.90P
[2026-03-25 22:42:30] INFO     step=120 | epoch=1 | ce_loss=3.136 | gpu_peak_allocated_gb=12.77 | gpu_peak_reserved_gb=13.09 | gpu_reserved_gb=13.09 | loss=3.136 | lr=0.0418 | ms_per_step=312.3 | flops_per_sec=1.72E+14 | tokens_per_sec=1,678,769 | tokens_seen=62.91M | total_flops=6.44P
[2026-03-25 22:42:35] INFO     step=130 | epoch=1 | ce_loss=3.088 | gpu_peak_allocated_gb=12.77 | gpu_peak_reserved_gb=13.09 | gpu_reserved_gb=13.09 | loss=3.088 | lr=0.0415 | ms_per_step=312.3 | flops_per_sec=1.72E+14 | tokens_per_sec=1,678,901 | tokens_seen=68.16M | total_flops=6.97P
[2026-03-25 22:42:40] INFO     step=140 | epoch=1 | ce_loss=3.054 | gpu_peak_allocated_gb=12.77 | gpu_peak_reserved_gb=13.09 | gpu_reserved_gb=13.09 | loss=3.054 | lr=0.0412 | ms_per_step=312.3 | flops_per_sec=1.72E+14 | tokens_per_sec=1,678,875 | tokens_seen=73.40M | total_flops=7.51P
[2026-03-25 22:42:45] INFO     step=150 | epoch=1 | ce_loss=2.998 | gpu_peak_allocated_gb=12.77 | gpu_peak_reserved_gb=13.09 | gpu_reserved_gb=13.09 | loss=2.998 | lr=0.0410 | ms_per_step=312.2 | flops_per_sec=1.72E+14 | tokens_per_sec=1,679,065 | tokens_seen=78.64M | total_flops=8.05P
[2026-03-25 22:42:50] INFO     step=160 | epoch=1 | ce_loss=2.976 | gpu_peak_allocated_gb=12.77 | gpu_peak_reserved_gb=13.09 | gpu_reserved_gb=13.09 | loss=2.976 | lr=0.0408 | ms_per_step=312.2 | flops_per_sec=1.72E+14 | tokens_per_sec=1,679,359 | tokens_seen=83.89M | total_flops=8.58P
[2026-03-25 22:42:55] INFO     step=170 | epoch=1 | ce_loss=2.912 | gpu_peak_allocated_gb=12.77 | gpu_peak_reserved_gb=13.09 | gpu_reserved_gb=13.09 | loss=2.912 | lr=0.0406 | ms_per_step=312.2 | flops_per_sec=1.72E+14 | tokens_per_sec=1,679,509 | tokens_seen=89.13M | total_flops=9.12P
[2026-03-25 22:42:59] INFO     step=180 | epoch=1 | ce_loss=2.921 | gpu_peak_allocated_gb=12.77 | gpu_peak_reserved_gb=13.09 | gpu_reserved_gb=13.09 | loss=2.921 | lr=0.0405 | ms_per_step=312.2 | flops_per_sec=1.72E+14 | tokens_per_sec=1,679,536 | tokens_seen=94.37M | total_flops=9.65P
[2026-03-25 22:43:04] INFO     step=190 | epoch=1 | ce_loss=2.876 | gpu_peak_allocated_gb=12.77 | gpu_peak_reserved_gb=13.09 | gpu_reserved_gb=13.09 | loss=2.876 | lr=0.0404 | ms_per_step=312.2 | flops_per_sec=1.72E+14 | tokens_per_sec=1,679,432 | tokens_seen=99.61M | total_flops=10.19P
[2026-03-25 22:43:08] INFO     step=200 | epoch=1 | ce_loss=2.854 | gpu_peak_allocated_gb=12.77 | gpu_peak_reserved_gb=13.09 | gpu_reserved_gb=13.09 | loss=2.854 | lr=0.0402 | ms_per_step=312.2 | flops_per_sec=1.72E+14 | tokens_per_sec=1,679,225 | tokens_seen=104.86M | total_flops=10.73P
[2026-03-25 22:43:13] INFO     step=210 | epoch=1 | ce_loss=2.821 | gpu_peak_allocated_gb=12.77 | gpu_peak_reserved_gb=13.09 | gpu_reserved_gb=13.09 | loss=2.821 | lr=0.0401 | ms_per_step=312.2 | flops_per_sec=1.72E+14 | tokens_per_sec=1,679,241 | tokens_seen=110.10M | total_flops=11.26P
[2026-03-25 22:43:17] INFO     step=220 | epoch=1 | ce_loss=2.805 | gpu_peak_allocated_gb=12.77 | gpu_peak_reserved_gb=13.09 | gpu_reserved_gb=13.09 | loss=2.805 | lr=0.0399 | ms_per_step=312.2 | flops_per_sec=1.72E+14 | tokens_per_sec=1,679,336 | tokens_seen=115.34M | total_flops=11.80P
[2026-03-25 22:43:22] INFO     step=230 | epoch=1 | ce_loss=2.749 | gpu_peak_allocated_gb=12.77 | gpu_peak_reserved_gb=13.09 | gpu_reserved_gb=13.09 | loss=2.749 | lr=0.0398 | ms_per_step=312.2 | flops_per_sec=1.72E+14 | tokens_per_sec=1,679,257 | tokens_seen=120.59M | total_flops=12.34P
[2026-03-25 22:43:26] INFO     step=240 | epoch=1 | ce_loss=2.740 | gpu_peak_allocated_gb=12.77 | gpu_peak_reserved_gb=13.09 | gpu_reserved_gb=13.09 | loss=2.740 | lr=0.0397 | ms_per_step=312.2 | flops_per_sec=1.72E+14 | tokens_per_sec=1,679,151 | tokens_seen=125.83M | total_flops=12.87P
[2026-03-25 22:43:30] INFO     step=250 | epoch=1 | ce_loss=2.713 | gpu_peak_allocated_gb=12.77 | gpu_peak_reserved_gb=13.09 | gpu_reserved_gb=13.09 | loss=2.713 | lr=0.0395 | ms_per_step=312.2 | flops_per_sec=1.72E+14 | tokens_per_sec=1,679,177 | tokens_seen=131.07M | total_flops=13.41P
[2026-03-25 22:43:34] INFO     step=260 | epoch=1 | ce_loss=2.723 | gpu_peak_allocated_gb=12.77 | gpu_peak_reserved_gb=13.09 | gpu_reserved_gb=13.09 | loss=2.723 | lr=0.0394 | ms_per_step=312.2 | flops_per_sec=1.72E+14 | tokens_per_sec=1,679,318 | tokens_seen=136.31M | total_flops=13.95P
[2026-03-25 22:43:39] INFO     step=270 | epoch=1 | ce_loss=2.698 | gpu_peak_allocated_gb=12.77 | gpu_peak_reserved_gb=13.09 | gpu_reserved_gb=13.09 | loss=2.698 | lr=0.0393 | ms_per_step=312.2 | flops_per_sec=1.72E+14 | tokens_per_sec=1,679,315 | tokens_seen=141.56M | total_flops=14.48P
[2026-03-25 22:43:43] INFO     step=280 | epoch=1 | ce_loss=2.672 | gpu_peak_allocated_gb=12.77 | gpu_peak_reserved_gb=13.09 | gpu_reserved_gb=13.09 | loss=2.672 | lr=0.0392 | ms_per_step=312.2 | flops_per_sec=1.72E+14 | tokens_per_sec=1,679,499 | tokens_seen=146.80M | total_flops=15.02P
[2026-03-25 22:43:47] INFO     step=290 | epoch=1 | ce_loss=2.706 | gpu_peak_allocated_gb=12.77 | gpu_peak_reserved_gb=13.09 | gpu_reserved_gb=13.09 | loss=2.706 | lr=0.0391 | ms_per_step=312.1 | flops_per_sec=1.72E+14 | tokens_per_sec=1,679,768 | tokens_seen=152.04M | total_flops=15.56P
[2026-03-25 22:43:51] INFO     step=300 | epoch=1 | ce_loss=2.675 | gpu_peak_allocated_gb=12.77 | gpu_peak_reserved_gb=13.09 | gpu_reserved_gb=13.09 | loss=2.675 | lr=0.0389 | ms_per_step=312.0 | flops_per_sec=1.72E+14 | tokens_per_sec=1,680,425 | tokens_seen=157.29M | total_flops=16.09P
[2026-03-25 22:43:55] INFO     step=310 | epoch=1 | ce_loss=2.666 | gpu_peak_allocated_gb=12.77 | gpu_peak_reserved_gb=13.09 | gpu_reserved_gb=13.09 | loss=2.666 | lr=0.0388 | ms_per_step=312.1 | flops_per_sec=1.72E+14 | tokens_per_sec=1,680,136 | tokens_seen=162.53M | total_flops=16.63P
[2026-03-25 22:43:59] INFO     step=320 | epoch=1 | ce_loss=2.599 | gpu_peak_allocated_gb=12.77 | gpu_peak_reserved_gb=13.09 | gpu_reserved_gb=13.09 | loss=2.599 | lr=0.0387 | ms_per_step=312.0 | flops_per_sec=1.72E+14 | tokens_per_sec=1,680,208 | tokens_seen=167.77M | total_flops=17.16P
[2026-03-25 22:44:02] INFO     step=330 | epoch=1 | ce_loss=2.609 | gpu_peak_allocated_gb=12.77 | gpu_peak_reserved_gb=13.09 | gpu_reserved_gb=13.09 | loss=2.609 | lr=0.0385 | ms_per_step=312.0 | flops_per_sec=1.72E+14 | tokens_per_sec=1,680,385 | tokens_seen=173.02M | total_flops=17.70P
[2026-03-25 22:44:06] INFO     step=340 | epoch=1 | ce_loss=2.612 | gpu_peak_allocated_gb=12.77 | gpu_peak_reserved_gb=13.09 | gpu_reserved_gb=13.09 | loss=2.612 | lr=0.0384 | ms_per_step=312.0 | flops_per_sec=1.72E+14 | tokens_per_sec=1,680,476 | tokens_seen=178.26M | total_flops=18.24P
[2026-03-25 22:44:10] INFO     step=350 | epoch=1 | ce_loss=2.630 | gpu_peak_allocated_gb=12.77 | gpu_peak_reserved_gb=13.09 | gpu_reserved_gb=13.09 | loss=2.630 | lr=0.0382 | ms_per_step=312.0 | flops_per_sec=1.72E+14 | tokens_per_sec=1,680,429 | tokens_seen=183.50M | total_flops=18.77P
[2026-03-25 22:44:14] INFO     step=360 | epoch=1 | ce_loss=2.615 | gpu_peak_allocated_gb=12.77 | gpu_peak_reserved_gb=13.09 | gpu_reserved_gb=13.09 | loss=2.615 | lr=0.0381 | ms_per_step=312.0 | flops_per_sec=1.72E+14 | tokens_per_sec=1,680,577 | tokens_seen=188.74M | total_flops=19.31P
[2026-03-25 22:44:18] INFO     step=370 | epoch=1 | ce_loss=2.585 | gpu_peak_allocated_gb=12.77 | gpu_peak_reserved_gb=13.09 | gpu_reserved_gb=13.09 | loss=2.585 | lr=0.0379 | ms_per_step=311.9 | flops_per_sec=1.72E+14 | tokens_per_sec=1,680,792 | tokens_seen=193.99M | total_flops=19.85P
[2026-03-25 22:44:22] INFO     step=380 | epoch=1 | ce_loss=2.573 | gpu_peak_allocated_gb=12.77 | gpu_peak_reserved_gb=13.09 | gpu_reserved_gb=13.09 | loss=2.573 | lr=0.0378 | ms_per_step=311.9 | flops_per_sec=1.72E+14 | tokens_per_sec=1,680,957 | tokens_seen=199.23M | total_flops=20.38P
[2026-03-25 22:44:25] INFO     step=390 | epoch=1 | ce_loss=2.548 | gpu_peak_allocated_gb=12.77 | gpu_peak_reserved_gb=13.09 | gpu_reserved_gb=13.09 | loss=2.548 | lr=0.0376 | ms_per_step=311.9 | flops_per_sec=1.72E+14 | tokens_per_sec=1,681,116 | tokens_seen=204.47M | total_flops=20.92P
[2026-03-25 22:44:29] INFO     step=400 | epoch=1 | ce_loss=2.555 | gpu_peak_allocated_gb=12.77 | gpu_peak_reserved_gb=13.09 | gpu_reserved_gb=13.09 | loss=2.555 | lr=0.0375 | ms_per_step=311.8 | flops_per_sec=1.72E+14 | tokens_per_sec=1,681,259 | tokens_seen=209.72M | total_flops=21.46P
[2026-03-25 22:44:33] INFO     step=410 | epoch=1 | ce_loss=2.557 | gpu_peak_allocated_gb=12.77 | gpu_peak_reserved_gb=13.09 | gpu_reserved_gb=13.09 | loss=2.557 | lr=0.0373 | ms_per_step=311.8 | flops_per_sec=1.72E+14 | tokens_per_sec=1,681,437 | tokens_seen=214.96M | total_flops=21.99P
[2026-03-25 22:44:36] INFO     step=420 | epoch=1 | ce_loss=2.554 | gpu_peak_allocated_gb=12.77 | gpu_peak_reserved_gb=13.09 | gpu_reserved_gb=13.09 | loss=2.554 | lr=0.0372 | ms_per_step=311.8 | flops_per_sec=1.72E+14 | tokens_per_sec=1,681,596 | tokens_seen=220.20M | total_flops=22.53P
[2026-03-25 22:44:40] INFO     step=430 | epoch=1 | ce_loss=2.536 | gpu_peak_allocated_gb=12.77 | gpu_peak_reserved_gb=13.09 | gpu_reserved_gb=13.09 | loss=2.536 | lr=0.0370 | ms_per_step=311.8 | flops_per_sec=1.72E+14 | tokens_per_sec=1,681,741 | tokens_seen=225.44M | total_flops=23.06P
[2026-03-25 22:44:44] INFO     step=440 | epoch=1 | ce_loss=2.517 | gpu_peak_allocated_gb=12.77 | gpu_peak_reserved_gb=13.09 | gpu_reserved_gb=13.09 | loss=2.517 | lr=0.0368 | ms_per_step=311.7 | flops_per_sec=1.72E+14 | tokens_per_sec=1,681,862 | tokens_seen=230.69M | total_flops=23.60P
[2026-03-25 22:44:47] INFO     step=450 | epoch=1 | ce_loss=2.565 | gpu_peak_allocated_gb=12.77 | gpu_peak_reserved_gb=13.09 | gpu_reserved_gb=13.09 | loss=2.565 | lr=0.0366 | ms_per_step=311.7 | flops_per_sec=1.72E+14 | tokens_per_sec=1,681,959 | tokens_seen=235.93M | total_flops=24.14P
[2026-03-25 22:44:51] INFO     step=460 | epoch=1 | ce_loss=2.492 | gpu_peak_allocated_gb=12.77 | gpu_peak_reserved_gb=13.09 | gpu_reserved_gb=13.09 | loss=2.492 | lr=0.0364 | ms_per_step=311.7 | flops_per_sec=1.72E+14 | tokens_per_sec=1,682,029 | tokens_seen=241.17M | total_flops=24.67P
[2026-03-25 22:44:54] INFO     step=470 | epoch=1 | ce_loss=2.533 | gpu_peak_allocated_gb=12.77 | gpu_peak_reserved_gb=13.09 | gpu_reserved_gb=13.09 | loss=2.533 | lr=0.0363 | ms_per_step=311.7 | flops_per_sec=1.72E+14 | tokens_per_sec=1,682,147 | tokens_seen=246.42M | total_flops=25.21P
[2026-03-25 22:44:58] INFO     step=480 | epoch=1 | ce_loss=2.493 | gpu_peak_allocated_gb=12.77 | gpu_peak_reserved_gb=13.09 | gpu_reserved_gb=13.09 | loss=2.493 | lr=0.0361 | ms_per_step=311.7 | flops_per_sec=1.72E+14 | tokens_per_sec=1,682,177 | tokens_seen=251.66M | total_flops=25.75P
[2026-03-25 22:45:02] INFO     step=490 | epoch=1 | ce_loss=2.508 | gpu_peak_allocated_gb=12.77 | gpu_peak_reserved_gb=13.09 | gpu_reserved_gb=13.09 | loss=2.508 | lr=0.0359 | ms_per_step=311.7 | flops_per_sec=1.72E+14 | tokens_per_sec=1,682,114 | tokens_seen=256.90M | total_flops=26.28P
[2026-03-25 22:45:05] INFO     step=500 | epoch=1 | ce_loss=2.488 | gpu_peak_allocated_gb=12.77 | gpu_peak_reserved_gb=13.09 | gpu_reserved_gb=13.09 | loss=2.488 | lr=0.0356 | ms_per_step=311.7 | flops_per_sec=1.72E+14 | tokens_per_sec=1,682,139 | tokens_seen=262.14M | total_flops=26.82P
[2026-03-25 22:45:09] INFO     step=510 | epoch=1 | ce_loss=2.478 | gpu_peak_allocated_gb=12.77 | gpu_peak_reserved_gb=13.09 | gpu_reserved_gb=13.09 | loss=2.478 | lr=0.0354 | ms_per_step=311.6 | flops_per_sec=1.72E+14 | tokens_per_sec=1,682,471 | tokens_seen=267.39M | total_flops=27.36P
[2026-03-25 22:45:12] INFO     step=520 | epoch=1 | ce_loss=2.523 | gpu_peak_allocated_gb=12.77 | gpu_peak_reserved_gb=13.09 | gpu_reserved_gb=13.09 | loss=2.523 | lr=0.0352 | ms_per_step=311.6 | flops_per_sec=1.72E+14 | tokens_per_sec=1,682,403 | tokens_seen=272.63M | total_flops=27.89P
[2026-03-25 22:45:16] INFO     step=530 | epoch=1 | ce_loss=2.465 | gpu_peak_allocated_gb=12.77 | gpu_peak_reserved_gb=13.09 | gpu_reserved_gb=13.09 | loss=2.465 | lr=0.0350 | ms_per_step=311.6 | flops_per_sec=1.72E+14 | tokens_per_sec=1,682,350 | tokens_seen=277.87M | total_flops=28.43P
[2026-03-25 22:45:19] INFO     step=540 | epoch=1 | ce_loss=2.488 | gpu_peak_allocated_gb=12.77 | gpu_peak_reserved_gb=13.09 | gpu_reserved_gb=13.09 | loss=2.488 | lr=0.0348 | ms_per_step=311.6 | flops_per_sec=1.72E+14 | tokens_per_sec=1,682,327 | tokens_seen=283.12M | total_flops=28.96P
[2026-03-25 22:45:23] INFO     step=550 | epoch=1 | ce_loss=2.479 | gpu_peak_allocated_gb=12.77 | gpu_peak_reserved_gb=13.09 | gpu_reserved_gb=13.09 | loss=2.479 | lr=0.0346 | ms_per_step=311.6 | flops_per_sec=1.72E+14 | tokens_per_sec=1,682,335 | tokens_seen=288.36M | total_flops=29.50P
[2026-03-25 22:45:26] INFO     step=560 | epoch=1 | ce_loss=2.453 | gpu_peak_allocated_gb=12.77 | gpu_peak_reserved_gb=13.09 | gpu_reserved_gb=13.09 | loss=2.453 | lr=0.0344 | ms_per_step=311.6 | flops_per_sec=1.72E+14 | tokens_per_sec=1,682,328 | tokens_seen=293.60M | total_flops=30.04P
[2026-03-25 22:45:30] INFO     step=570 | epoch=1 | ce_loss=2.456 | gpu_peak_allocated_gb=12.77 | gpu_peak_reserved_gb=13.09 | gpu_reserved_gb=13.09 | loss=2.456 | lr=0.0342 | ms_per_step=311.6 | flops_per_sec=1.72E+14 | tokens_per_sec=1,682,327 | tokens_seen=298.84M | total_flops=30.57P
[2026-03-25 22:45:33] INFO     step=580 | epoch=1 | ce_loss=2.421 | gpu_peak_allocated_gb=12.77 | gpu_peak_reserved_gb=13.09 | gpu_reserved_gb=13.09 | loss=2.421 | lr=0.0339 | ms_per_step=311.6 | flops_per_sec=1.72E+14 | tokens_per_sec=1,682,341 | tokens_seen=304.09M | total_flops=31.11P
[2026-03-25 22:45:37] INFO     step=590 | epoch=1 | ce_loss=2.443 | gpu_peak_allocated_gb=12.77 | gpu_peak_reserved_gb=13.09 | gpu_reserved_gb=13.09 | loss=2.443 | lr=0.0337 | ms_per_step=311.6 | flops_per_sec=1.72E+14 | tokens_per_sec=1,682,403 | tokens_seen=309.33M | total_flops=31.65P
[2026-03-25 22:45:41] INFO     step=600 | epoch=1 | ce_loss=2.445 | gpu_peak_allocated_gb=12.77 | gpu_peak_reserved_gb=13.09 | gpu_reserved_gb=13.09 | loss=2.445 | lr=0.0334 | ms_per_step=311.6 | flops_per_sec=1.72E+14 | tokens_per_sec=1,682,337 | tokens_seen=314.57M | total_flops=32.18P
[2026-03-25 22:45:44] INFO     step=610 | epoch=1 | ce_loss=2.427 | gpu_peak_allocated_gb=12.77 | gpu_peak_reserved_gb=13.09 | gpu_reserved_gb=13.09 | loss=2.427 | lr=0.0331 | ms_per_step=311.6 | flops_per_sec=1.72E+14 | tokens_per_sec=1,682,345 | tokens_seen=319.82M | total_flops=32.72P
[2026-03-25 22:45:47] INFO     step=620 | epoch=1 | ce_loss=2.431 | gpu_peak_allocated_gb=12.77 | gpu_peak_reserved_gb=13.09 | gpu_reserved_gb=13.09 | loss=2.431 | lr=0.0329 | ms_per_step=311.6 | flops_per_sec=1.72E+14 | tokens_per_sec=1,682,408 | tokens_seen=325.06M | total_flops=33.26P
[2026-03-25 22:45:51] INFO     step=630 | epoch=1 | ce_loss=2.442 | gpu_peak_allocated_gb=12.77 | gpu_peak_reserved_gb=13.09 | gpu_reserved_gb=13.09 | loss=2.442 | lr=0.0327 | ms_per_step=311.6 | flops_per_sec=1.72E+14 | tokens_per_sec=1,682,459 | tokens_seen=330.30M | total_flops=33.79P
[2026-03-25 22:45:54] INFO     step=640 | epoch=1 | ce_loss=2.455 | gpu_peak_allocated_gb=12.77 | gpu_peak_reserved_gb=13.09 | gpu_reserved_gb=13.09 | loss=2.455 | lr=0.0324 | ms_per_step=311.6 | flops_per_sec=1.72E+14 | tokens_per_sec=1,682,495 | tokens_seen=335.54M | total_flops=34.33P
[2026-03-25 22:45:58] INFO     step=650 | epoch=1 | ce_loss=2.420 | gpu_peak_allocated_gb=12.77 | gpu_peak_reserved_gb=13.09 | gpu_reserved_gb=13.09 | loss=2.420 | lr=0.0322 | ms_per_step=311.6 | flops_per_sec=1.72E+14 | tokens_per_sec=1,682,543 | tokens_seen=340.79M | total_flops=34.87P
[2026-03-25 22:46:01] INFO     step=660 | epoch=1 | ce_loss=2.441 | gpu_peak_allocated_gb=12.77 | gpu_peak_reserved_gb=13.09 | gpu_reserved_gb=13.09 | loss=2.441 | lr=0.0319 | ms_per_step=311.6 | flops_per_sec=1.72E+14 | tokens_per_sec=1,682,579 | tokens_seen=346.03M | total_flops=35.40P
[2026-03-25 22:46:04] INFO     step=670 | epoch=1 | ce_loss=2.439 | gpu_peak_allocated_gb=12.77 | gpu_peak_reserved_gb=13.09 | gpu_reserved_gb=13.09 | loss=2.439 | lr=0.0317 | ms_per_step=311.6 | flops_per_sec=1.72E+14 | tokens_per_sec=1,682,591 | tokens_seen=351.27M | total_flops=35.94P
[2026-03-25 22:46:08] INFO     step=680 | epoch=1 | ce_loss=2.423 | gpu_peak_allocated_gb=12.77 | gpu_peak_reserved_gb=13.09 | gpu_reserved_gb=13.09 | loss=2.423 | lr=0.0314 | ms_per_step=311.6 | flops_per_sec=1.72E+14 | tokens_per_sec=1,682,622 | tokens_seen=356.52M | total_flops=36.47P
[2026-03-25 22:46:11] INFO     step=690 | epoch=1 | ce_loss=2.367 | gpu_peak_allocated_gb=12.77 | gpu_peak_reserved_gb=13.09 | gpu_reserved_gb=13.09 | loss=2.367 | lr=0.0312 | ms_per_step=311.6 | flops_per_sec=1.72E+14 | tokens_per_sec=1,682,610 | tokens_seen=361.76M | total_flops=37.01P
[2026-03-25 22:46:15] INFO     step=700 | epoch=1 | ce_loss=2.386 | gpu_peak_allocated_gb=12.77 | gpu_peak_reserved_gb=13.09 | gpu_reserved_gb=13.09 | loss=2.386 | lr=0.0309 | ms_per_step=311.6 | flops_per_sec=1.72E+14 | tokens_per_sec=1,682,627 | tokens_seen=367.00M | total_flops=37.55P
[2026-03-25 22:46:18] INFO     step=710 | epoch=1 | ce_loss=2.381 | gpu_peak_allocated_gb=12.77 | gpu_peak_reserved_gb=13.09 | gpu_reserved_gb=13.09 | loss=2.381 | lr=0.0307 | ms_per_step=311.6 | flops_per_sec=1.72E+14 | tokens_per_sec=1,682,610 | tokens_seen=372.24M | total_flops=38.08P
[2026-03-25 22:46:21] INFO     step=720 | epoch=1 | ce_loss=2.402 | gpu_peak_allocated_gb=12.77 | gpu_peak_reserved_gb=13.09 | gpu_reserved_gb=13.09 | loss=2.402 | lr=0.0304 | ms_per_step=311.6 | flops_per_sec=1.72E+14 | tokens_per_sec=1,682,638 | tokens_seen=377.49M | total_flops=38.62P
[2026-03-25 22:46:25] INFO     step=730 | epoch=1 | ce_loss=2.374 | gpu_peak_allocated_gb=12.77 | gpu_peak_reserved_gb=13.09 | gpu_reserved_gb=13.09 | loss=2.374 | lr=0.0301 | ms_per_step=311.6 | flops_per_sec=1.72E+14 | tokens_per_sec=1,682,683 | tokens_seen=382.73M | total_flops=39.16P
[2026-03-25 22:46:28] INFO     step=740 | epoch=1 | ce_loss=2.385 | gpu_peak_allocated_gb=12.77 | gpu_peak_reserved_gb=13.09 | gpu_reserved_gb=13.09 | loss=2.385 | lr=0.0298 | ms_per_step=311.6 | flops_per_sec=1.72E+14 | tokens_per_sec=1,682,726 | tokens_seen=387.97M | total_flops=39.69P
[2026-03-25 22:46:31] INFO     step=750 | epoch=1 | ce_loss=2.413 | gpu_peak_allocated_gb=12.77 | gpu_peak_reserved_gb=13.09 | gpu_reserved_gb=13.09 | loss=2.413 | lr=0.0296 | ms_per_step=311.6 | flops_per_sec=1.72E+14 | tokens_per_sec=1,682,755 | tokens_seen=393.22M | total_flops=40.23P
[2026-03-25 22:46:35] INFO     step=760 | epoch=1 | ce_loss=2.391 | gpu_peak_allocated_gb=12.77 | gpu_peak_reserved_gb=13.09 | gpu_reserved_gb=13.09 | loss=2.391 | lr=0.0293 | ms_per_step=311.6 | flops_per_sec=1.72E+14 | tokens_per_sec=1,682,815 | tokens_seen=398.46M | total_flops=40.77P
[2026-03-25 22:46:38] INFO     step=770 | epoch=1 | ce_loss=2.355 | gpu_peak_allocated_gb=12.77 | gpu_peak_reserved_gb=13.09 | gpu_reserved_gb=13.09 | loss=2.355 | lr=0.0290 | ms_per_step=311.5 | flops_per_sec=1.72E+14 | tokens_per_sec=1,682,870 | tokens_seen=403.70M | total_flops=41.30P
[2026-03-25 22:46:41] INFO     step=780 | epoch=1 | ce_loss=2.374 | gpu_peak_allocated_gb=12.77 | gpu_peak_reserved_gb=13.09 | gpu_reserved_gb=13.09 | loss=2.374 | lr=0.0287 | ms_per_step=311.5 | flops_per_sec=1.72E+14 | tokens_per_sec=1,682,921 | tokens_seen=408.94M | total_flops=41.84P
[2026-03-25 22:46:45] INFO     step=790 | epoch=1 | ce_loss=2.410 | gpu_peak_allocated_gb=12.77 | gpu_peak_reserved_gb=13.09 | gpu_reserved_gb=13.09 | loss=2.410 | lr=0.0284 | ms_per_step=311.5 | flops_per_sec=1.72E+14 | tokens_per_sec=1,682,990 | tokens_seen=414.19M | total_flops=42.37P
[2026-03-25 22:46:49] INFO     step=800 | epoch=1 | ce_loss=2.368 | gpu_peak_allocated_gb=12.77 | gpu_peak_reserved_gb=13.09 | gpu_reserved_gb=13.09 | loss=2.368 | lr=0.0281 | ms_per_step=311.5 | flops_per_sec=1.72E+14 | tokens_per_sec=1,683,050 | tokens_seen=419.43M | total_flops=42.91P
[2026-03-25 22:46:52] INFO     step=810 | epoch=1 | ce_loss=2.378 | gpu_peak_allocated_gb=12.77 | gpu_peak_reserved_gb=13.09 | gpu_reserved_gb=13.09 | loss=2.378 | lr=0.0278 | ms_per_step=311.5 | flops_per_sec=1.72E+14 | tokens_per_sec=1,683,326 | tokens_seen=424.67M | total_flops=43.45P
[2026-03-25 22:46:55] INFO     step=820 | epoch=1 | ce_loss=2.358 | gpu_peak_allocated_gb=12.77 | gpu_peak_reserved_gb=13.09 | gpu_reserved_gb=13.09 | loss=2.358 | lr=0.0275 | ms_per_step=311.4 | flops_per_sec=1.72E+14 | tokens_per_sec=1,683,695 | tokens_seen=429.92M | total_flops=43.98P
[2026-03-25 22:46:58] INFO     step=830 | epoch=1 | ce_loss=2.341 | gpu_peak_allocated_gb=12.77 | gpu_peak_reserved_gb=13.09 | gpu_reserved_gb=13.09 | loss=2.341 | lr=0.0273 | ms_per_step=311.3 | flops_per_sec=1.72E+14 | tokens_per_sec=1,684,104 | tokens_seen=435.16M | total_flops=44.52P
[2026-03-25 22:47:02] INFO     step=840 | epoch=1 | ce_loss=2.346 | gpu_peak_allocated_gb=12.77 | gpu_peak_reserved_gb=13.09 | gpu_reserved_gb=13.09 | loss=2.346 | lr=0.0270 | ms_per_step=311.2 | flops_per_sec=1.72E+14 | tokens_per_sec=1,684,511 | tokens_seen=440.40M | total_flops=45.06P
[2026-03-25 22:47:05] INFO     step=850 | epoch=1 | ce_loss=2.382 | gpu_peak_allocated_gb=12.77 | gpu_peak_reserved_gb=13.09 | gpu_reserved_gb=13.09 | loss=2.382 | lr=0.0267 | ms_per_step=311.2 | flops_per_sec=1.72E+14 | tokens_per_sec=1,684,701 | tokens_seen=445.64M | total_flops=45.59P
[2026-03-25 22:47:08] INFO     step=860 | epoch=1 | ce_loss=2.389 | gpu_peak_allocated_gb=12.77 | gpu_peak_reserved_gb=13.09 | gpu_reserved_gb=13.09 | loss=2.389 | lr=0.0264 | ms_per_step=311.2 | flops_per_sec=1.72E+14 | tokens_per_sec=1,684,675 | tokens_seen=450.89M | total_flops=46.13P
[2026-03-25 22:47:12] INFO     step=870 | epoch=1 | ce_loss=2.360 | gpu_peak_allocated_gb=12.77 | gpu_peak_reserved_gb=13.09 | gpu_reserved_gb=13.09 | loss=2.360 | lr=0.0261 | ms_per_step=311.2 | flops_per_sec=1.72E+14 | tokens_per_sec=1,684,658 | tokens_seen=456.13M | total_flops=46.67P
[2026-03-25 22:47:15] INFO     step=880 | epoch=1 | ce_loss=2.355 | gpu_peak_allocated_gb=12.77 | gpu_peak_reserved_gb=13.09 | gpu_reserved_gb=13.09 | loss=2.355 | lr=0.0258 | ms_per_step=311.2 | flops_per_sec=1.72E+14 | tokens_per_sec=1,684,674 | tokens_seen=461.37M | total_flops=47.20P
[2026-03-25 22:47:18] INFO     step=890 | epoch=1 | ce_loss=2.364 | gpu_peak_allocated_gb=12.77 | gpu_peak_reserved_gb=13.09 | gpu_reserved_gb=13.09 | loss=2.364 | lr=0.0255 | ms_per_step=311.2 | flops_per_sec=1.72E+14 | tokens_per_sec=1,684,701 | tokens_seen=466.62M | total_flops=47.74P
[2026-03-25 22:47:22] INFO     step=900 | epoch=1 | ce_loss=2.372 | gpu_peak_allocated_gb=12.77 | gpu_peak_reserved_gb=13.09 | gpu_reserved_gb=13.09 | loss=2.372 | lr=0.0252 | ms_per_step=311.2 | flops_per_sec=1.72E+14 | tokens_per_sec=1,684,717 | tokens_seen=471.86M | total_flops=48.27P
[2026-03-25 22:47:25] INFO     step=910 | epoch=1 | ce_loss=2.357 | gpu_peak_allocated_gb=12.77 | gpu_peak_reserved_gb=13.09 | gpu_reserved_gb=13.09 | loss=2.357 | lr=0.0249 | ms_per_step=311.2 | flops_per_sec=1.72E+14 | tokens_per_sec=1,684,725 | tokens_seen=477.10M | total_flops=48.81P
[2026-03-25 22:47:28] INFO     step=920 | epoch=1 | ce_loss=2.339 | gpu_peak_allocated_gb=12.77 | gpu_peak_reserved_gb=13.09 | gpu_reserved_gb=13.09 | loss=2.339 | lr=0.0246 | ms_per_step=311.2 | flops_per_sec=1.72E+14 | tokens_per_sec=1,684,674 | tokens_seen=482.34M | total_flops=49.35P
[2026-03-25 22:47:32] INFO     step=930 | epoch=1 | ce_loss=2.350 | gpu_peak_allocated_gb=12.77 | gpu_peak_reserved_gb=13.09 | gpu_reserved_gb=13.09 | loss=2.350 | lr=0.0243 | ms_per_step=311.2 | flops_per_sec=1.72E+14 | tokens_per_sec=1,684,645 | tokens_seen=487.59M | total_flops=49.88P
[2026-03-25 22:47:35] INFO     step=940 | epoch=1 | ce_loss=2.348 | gpu_peak_allocated_gb=12.77 | gpu_peak_reserved_gb=13.09 | gpu_reserved_gb=13.09 | loss=2.348 | lr=0.0240 | ms_per_step=311.2 | flops_per_sec=1.72E+14 | tokens_per_sec=1,684,656 | tokens_seen=492.83M | total_flops=50.42P
[2026-03-25 22:47:38] INFO     step=950 | epoch=1 | ce_loss=2.341 | gpu_peak_allocated_gb=12.77 | gpu_peak_reserved_gb=13.09 | gpu_reserved_gb=13.09 | loss=2.341 | lr=0.0237 | ms_per_step=311.2 | flops_per_sec=1.72E+14 | tokens_per_sec=1,684,708 | tokens_seen=498.07M | total_flops=50.96P
[2026-03-25 22:47:41] INFO     step=960 | epoch=1 | ce_loss=2.324 | gpu_peak_allocated_gb=12.77 | gpu_peak_reserved_gb=13.09 | gpu_reserved_gb=13.09 | loss=2.324 | lr=0.0234 | ms_per_step=311.2 | flops_per_sec=1.72E+14 | tokens_per_sec=1,684,761 | tokens_seen=503.32M | total_flops=51.49P
[2026-03-25 22:47:45] INFO     step=970 | epoch=1 | ce_loss=2.392 | gpu_peak_allocated_gb=12.77 | gpu_peak_reserved_gb=13.09 | gpu_reserved_gb=13.09 | loss=2.392 | lr=0.0230 | ms_per_step=311.2 | flops_per_sec=1.72E+14 | tokens_per_sec=1,684,827 | tokens_seen=508.56M | total_flops=52.03P
[2026-03-25 22:47:48] INFO     step=980 | epoch=1 | ce_loss=2.358 | gpu_peak_allocated_gb=12.77 | gpu_peak_reserved_gb=13.09 | gpu_reserved_gb=13.09 | loss=2.358 | lr=0.0227 | ms_per_step=311.2 | flops_per_sec=1.72E+14 | tokens_per_sec=1,684,869 | tokens_seen=513.80M | total_flops=52.57P
[2026-03-25 22:47:51] INFO     step=990 | epoch=1 | ce_loss=2.317 | gpu_peak_allocated_gb=12.77 | gpu_peak_reserved_gb=13.09 | gpu_reserved_gb=13.09 | loss=2.317 | lr=0.0224 | ms_per_step=311.2 | flops_per_sec=1.72E+14 | tokens_per_sec=1,684,890 | tokens_seen=519.05M | total_flops=53.10P
[2026-03-25 22:47:54] INFO     step=1000 | epoch=1 | ce_loss=2.340 | gpu_peak_allocated_gb=12.77 | gpu_peak_reserved_gb=13.09 | gpu_reserved_gb=13.09 | loss=2.340 | lr=0.0221 | ms_per_step=311.2 | flops_per_sec=1.72E+14 | tokens_per_sec=1,684,944 | tokens_seen=524.29M | total_flops=53.64P
[2026-03-25 22:47:58] INFO     step=1010 | epoch=1 | ce_loss=2.344 | gpu_peak_allocated_gb=12.77 | gpu_peak_reserved_gb=13.09 | gpu_reserved_gb=13.09 | loss=2.344 | lr=0.0218 | ms_per_step=311.2 | flops_per_sec=1.72E+14 | tokens_per_sec=1,685,000 | tokens_seen=529.53M | total_flops=54.17P
[2026-03-25 22:48:01] INFO     step=1020 | epoch=1 | ce_loss=2.348 | gpu_peak_allocated_gb=12.77 | gpu_peak_reserved_gb=13.09 | gpu_reserved_gb=13.09 | loss=2.348 | lr=0.0215 | ms_per_step=311.1 | flops_per_sec=1.72E+14 | tokens_per_sec=1,685,051 | tokens_seen=534.77M | total_flops=54.71P
[2026-03-25 22:48:04] INFO     step=1030 | epoch=1 | ce_loss=2.321 | gpu_peak_allocated_gb=12.77 | gpu_peak_reserved_gb=13.09 | gpu_reserved_gb=13.09 | loss=2.321 | lr=0.0212 | ms_per_step=311.1 | flops_per_sec=1.72E+14 | tokens_per_sec=1,685,095 | tokens_seen=540.02M | total_flops=55.25P
[2026-03-25 22:48:08] INFO     step=1040 | epoch=1 | ce_loss=2.299 | gpu_peak_allocated_gb=12.77 | gpu_peak_reserved_gb=13.09 | gpu_reserved_gb=13.09 | loss=2.299 | lr=0.0208 | ms_per_step=311.1 | flops_per_sec=1.72E+14 | tokens_per_sec=1,685,155 | tokens_seen=545.26M | total_flops=55.78P
[2026-03-25 22:48:11] INFO     step=1050 | epoch=1 | ce_loss=2.355 | gpu_peak_allocated_gb=12.77 | gpu_peak_reserved_gb=13.09 | gpu_reserved_gb=13.09 | loss=2.355 | lr=0.0205 | ms_per_step=311.1 | flops_per_sec=1.72E+14 | tokens_per_sec=1,685,206 | tokens_seen=550.50M | total_flops=56.32P
[2026-03-25 22:48:14] INFO     step=1060 | epoch=1 | ce_loss=2.347 | gpu_peak_allocated_gb=12.77 | gpu_peak_reserved_gb=13.09 | gpu_reserved_gb=13.09 | loss=2.347 | lr=0.0202 | ms_per_step=311.1 | flops_per_sec=1.72E+14 | tokens_per_sec=1,685,255 | tokens_seen=555.75M | total_flops=56.86P
[2026-03-25 22:48:17] INFO     step=1070 | epoch=1 | ce_loss=2.360 | gpu_peak_allocated_gb=12.77 | gpu_peak_reserved_gb=13.09 | gpu_reserved_gb=13.09 | loss=2.360 | lr=0.0199 | ms_per_step=311.1 | flops_per_sec=1.72E+14 | tokens_per_sec=1,685,297 | tokens_seen=560.99M | total_flops=57.39P
[2026-03-25 22:48:21] INFO     step=1080 | epoch=1 | ce_loss=2.332 | gpu_peak_allocated_gb=12.77 | gpu_peak_reserved_gb=13.09 | gpu_reserved_gb=13.09 | loss=2.332 | lr=0.0195 | ms_per_step=311.1 | flops_per_sec=1.72E+14 | tokens_per_sec=1,685,315 | tokens_seen=566.23M | total_flops=57.93P
[2026-03-25 22:48:24] INFO     step=1090 | epoch=1 | ce_loss=2.321 | gpu_peak_allocated_gb=12.77 | gpu_peak_reserved_gb=13.09 | gpu_reserved_gb=13.09 | loss=2.321 | lr=0.0192 | ms_per_step=311.1 | flops_per_sec=1.72E+14 | tokens_per_sec=1,685,315 | tokens_seen=571.47M | total_flops=58.47P
[2026-03-25 22:48:27] INFO     step=1100 | epoch=1 | ce_loss=2.342 | gpu_peak_allocated_gb=12.77 | gpu_peak_reserved_gb=13.09 | gpu_reserved_gb=13.09 | loss=2.342 | lr=0.0189 | ms_per_step=311.1 | flops_per_sec=1.72E+14 | tokens_per_sec=1,685,288 | tokens_seen=576.72M | total_flops=59.00P
[2026-03-25 22:48:30] INFO     step=1110 | epoch=1 | ce_loss=2.310 | gpu_peak_allocated_gb=12.77 | gpu_peak_reserved_gb=13.09 | gpu_reserved_gb=13.09 | loss=2.310 | lr=0.0186 | ms_per_step=311.1 | flops_per_sec=1.72E+14 | tokens_per_sec=1,685,388 | tokens_seen=581.96M | total_flops=59.54P
[2026-03-25 22:48:34] INFO     step=1120 | epoch=1 | ce_loss=2.305 | gpu_peak_allocated_gb=12.77 | gpu_peak_reserved_gb=13.09 | gpu_reserved_gb=13.09 | loss=2.305 | lr=0.0182 | ms_per_step=311.1 | flops_per_sec=1.72E+14 | tokens_per_sec=1,685,313 | tokens_seen=587.20M | total_flops=60.08P
[2026-03-25 22:48:37] INFO     step=1130 | epoch=1 | ce_loss=2.313 | gpu_peak_allocated_gb=12.77 | gpu_peak_reserved_gb=13.09 | gpu_reserved_gb=13.09 | loss=2.313 | lr=0.0179 | ms_per_step=311.1 | flops_per_sec=1.72E+14 | tokens_per_sec=1,685,303 | tokens_seen=592.45M | total_flops=60.61P
[2026-03-25 22:48:40] INFO     step=1140 | epoch=1 | ce_loss=2.317 | gpu_peak_allocated_gb=12.77 | gpu_peak_reserved_gb=13.09 | gpu_reserved_gb=13.09 | loss=2.317 | lr=0.0175 | ms_per_step=311.1 | flops_per_sec=1.72E+14 | tokens_per_sec=1,685,234 | tokens_seen=597.69M | total_flops=61.15P
[2026-03-25 22:48:44] INFO     step=1150 | epoch=1 | ce_loss=2.323 | gpu_peak_allocated_gb=12.77 | gpu_peak_reserved_gb=13.09 | gpu_reserved_gb=13.09 | loss=2.323 | lr=0.0172 | ms_per_step=311.1 | flops_per_sec=1.72E+14 | tokens_per_sec=1,685,190 | tokens_seen=602.93M | total_flops=61.68P
[2026-03-25 22:48:47] INFO     step=1160 | epoch=1 | ce_loss=2.324 | gpu_peak_allocated_gb=12.77 | gpu_peak_reserved_gb=13.09 | gpu_reserved_gb=13.09 | loss=2.324 | lr=0.0169 | ms_per_step=311.1 | flops_per_sec=1.72E+14 | tokens_per_sec=1,685,146 | tokens_seen=608.17M | total_flops=62.22P
[2026-03-25 22:48:50] INFO     step=1170 | epoch=1 | ce_loss=2.323 | gpu_peak_allocated_gb=12.77 | gpu_peak_reserved_gb=13.09 | gpu_reserved_gb=13.09 | loss=2.323 | lr=0.0165 | ms_per_step=311.1 | flops_per_sec=1.72E+14 | tokens_per_sec=1,685,118 | tokens_seen=613.42M | total_flops=62.76P
[2026-03-25 22:48:53] INFO     step=1180 | epoch=1 | ce_loss=2.295 | gpu_peak_allocated_gb=12.77 | gpu_peak_reserved_gb=13.09 | gpu_reserved_gb=13.09 | loss=2.295 | lr=0.0162 | ms_per_step=311.1 | flops_per_sec=1.72E+14 | tokens_per_sec=1,685,106 | tokens_seen=618.66M | total_flops=63.29P
[2026-03-25 22:48:57] INFO     step=1190 | epoch=1 | ce_loss=2.272 | gpu_peak_allocated_gb=12.77 | gpu_peak_reserved_gb=13.09 | gpu_reserved_gb=13.09 | loss=2.272 | lr=0.0158 | ms_per_step=311.1 | flops_per_sec=1.72E+14 | tokens_per_sec=1,685,113 | tokens_seen=623.90M | total_flops=63.83P
[2026-03-25 22:49:00] INFO     step=1200 | epoch=1 | ce_loss=2.292 | gpu_peak_allocated_gb=12.77 | gpu_peak_reserved_gb=13.09 | gpu_reserved_gb=13.09 | loss=2.292 | lr=0.0155 | ms_per_step=311.1 | flops_per_sec=1.72E+14 | tokens_per_sec=1,685,128 | tokens_seen=629.15M | total_flops=64.37P
[2026-03-25 22:49:03] INFO     step=1210 | epoch=1 | ce_loss=2.312 | gpu_peak_allocated_gb=12.77 | gpu_peak_reserved_gb=13.09 | gpu_reserved_gb=13.09 | loss=2.312 | lr=0.0152 | ms_per_step=311.1 | flops_per_sec=1.72E+14 | tokens_per_sec=1,685,140 | tokens_seen=634.39M | total_flops=64.90P
[2026-03-25 22:49:07] INFO     step=1220 | epoch=1 | ce_loss=2.295 | gpu_peak_allocated_gb=12.77 | gpu_peak_reserved_gb=13.09 | gpu_reserved_gb=13.09 | loss=2.295 | lr=0.0148 | ms_per_step=311.1 | flops_per_sec=1.72E+14 | tokens_per_sec=1,685,167 | tokens_seen=639.63M | total_flops=65.44P
[2026-03-25 22:49:10] INFO     step=1230 | epoch=1 | ce_loss=2.301 | gpu_peak_allocated_gb=12.77 | gpu_peak_reserved_gb=13.09 | gpu_reserved_gb=13.09 | loss=2.301 | lr=0.0145 | ms_per_step=311.1 | flops_per_sec=1.72E+14 | tokens_per_sec=1,685,187 | tokens_seen=644.87M | total_flops=65.98P
[2026-03-25 22:49:13] INFO     step=1240 | epoch=1 | ce_loss=2.300 | gpu_peak_allocated_gb=12.77 | gpu_peak_reserved_gb=13.09 | gpu_reserved_gb=13.09 | loss=2.300 | lr=0.0141 | ms_per_step=311.1 | flops_per_sec=1.72E+14 | tokens_per_sec=1,685,194 | tokens_seen=650.12M | total_flops=66.51P
[2026-03-25 22:49:16] INFO     step=1250 | epoch=1 | ce_loss=2.333 | gpu_peak_allocated_gb=12.77 | gpu_peak_reserved_gb=13.09 | gpu_reserved_gb=13.09 | loss=2.333 | lr=0.0138 | ms_per_step=311.1 | flops_per_sec=1.72E+14 | tokens_per_sec=1,685,216 | tokens_seen=655.36M | total_flops=67.05P
[2026-03-25 22:49:20] INFO     step=1260 | epoch=1 | ce_loss=2.297 | gpu_peak_allocated_gb=12.77 | gpu_peak_reserved_gb=13.09 | gpu_reserved_gb=13.09 | loss=2.297 | lr=0.0134 | ms_per_step=311.1 | flops_per_sec=1.72E+14 | tokens_per_sec=1,685,242 | tokens_seen=660.60M | total_flops=67.58P
[2026-03-25 22:49:23] INFO     step=1270 | epoch=1 | ce_loss=2.320 | gpu_peak_allocated_gb=12.77 | gpu_peak_reserved_gb=13.09 | gpu_reserved_gb=13.09 | loss=2.320 | lr=0.0131 | ms_per_step=311.1 | flops_per_sec=1.72E+14 | tokens_per_sec=1,685,249 | tokens_seen=665.85M | total_flops=68.12P
[2026-03-25 22:49:26] INFO     step=1280 | epoch=1 | ce_loss=2.285 | gpu_peak_allocated_gb=12.77 | gpu_peak_reserved_gb=13.09 | gpu_reserved_gb=13.09 | loss=2.285 | lr=0.0127 | ms_per_step=311.1 | flops_per_sec=1.72E+14 | tokens_per_sec=1,685,276 | tokens_seen=671.09M | total_flops=68.66P
[2026-03-25 22:49:29] INFO     step=1290 | epoch=1 | ce_loss=2.274 | gpu_peak_allocated_gb=12.77 | gpu_peak_reserved_gb=13.09 | gpu_reserved_gb=13.09 | loss=2.274 | lr=0.0124 | ms_per_step=311.1 | flops_per_sec=1.72E+14 | tokens_per_sec=1,685,290 | tokens_seen=676.33M | total_flops=69.19P
[2026-03-25 22:49:33] INFO     step=1300 | epoch=1 | ce_loss=2.340 | gpu_peak_allocated_gb=12.77 | gpu_peak_reserved_gb=13.09 | gpu_reserved_gb=13.09 | loss=2.340 | lr=0.0121 | ms_per_step=311.1 | flops_per_sec=1.72E+14 | tokens_per_sec=1,685,307 | tokens_seen=681.57M | total_flops=69.73P
[2026-03-25 22:49:36] INFO     step=1310 | epoch=1 | ce_loss=2.273 | gpu_peak_allocated_gb=12.77 | gpu_peak_reserved_gb=13.09 | gpu_reserved_gb=13.09 | loss=2.273 | lr=0.0117 | ms_per_step=311.1 | flops_per_sec=1.72E+14 | tokens_per_sec=1,685,333 | tokens_seen=686.82M | total_flops=70.27P
[2026-03-25 22:49:39] INFO     step=1320 | epoch=1 | ce_loss=2.305 | gpu_peak_allocated_gb=12.77 | gpu_peak_reserved_gb=13.09 | gpu_reserved_gb=13.09 | loss=2.305 | lr=0.0114 | ms_per_step=311.1 | flops_per_sec=1.72E+14 | tokens_per_sec=1,685,311 | tokens_seen=692.06M | total_flops=70.80P
[2026-03-25 22:49:42] INFO     step=1330 | epoch=1 | ce_loss=2.304 | gpu_peak_allocated_gb=12.77 | gpu_peak_reserved_gb=13.09 | gpu_reserved_gb=13.09 | loss=2.304 | lr=0.0110 | ms_per_step=311.1 | flops_per_sec=1.72E+14 | tokens_per_sec=1,685,257 | tokens_seen=697.30M | total_flops=71.34P
[2026-03-25 22:49:46] INFO     step=1340 | epoch=1 | ce_loss=2.321 | gpu_peak_allocated_gb=12.77 | gpu_peak_reserved_gb=13.09 | gpu_reserved_gb=13.09 | loss=2.321 | lr=0.0106 | ms_per_step=311.1 | flops_per_sec=1.72E+14 | tokens_per_sec=1,685,198 | tokens_seen=702.55M | total_flops=71.88P
[2026-03-25 22:49:49] INFO     step=1350 | epoch=1 | ce_loss=2.307 | gpu_peak_allocated_gb=12.77 | gpu_peak_reserved_gb=13.09 | gpu_reserved_gb=13.09 | loss=2.307 | lr=0.0103 | ms_per_step=311.1 | flops_per_sec=1.72E+14 | tokens_per_sec=1,685,143 | tokens_seen=707.79M | total_flops=72.41P
[2026-03-25 22:49:52] INFO     step=1360 | epoch=1 | ce_loss=2.270 | gpu_peak_allocated_gb=12.77 | gpu_peak_reserved_gb=13.09 | gpu_reserved_gb=13.09 | loss=2.270 | lr=0.0099 | ms_per_step=311.1 | flops_per_sec=1.72E+14 | tokens_per_sec=1,685,098 | tokens_seen=713.03M | total_flops=72.95P
[2026-03-25 22:49:55] INFO     step=1370 | epoch=1 | ce_loss=2.263 | gpu_peak_allocated_gb=12.77 | gpu_peak_reserved_gb=13.09 | gpu_reserved_gb=13.09 | loss=2.263 | lr=0.0096 | ms_per_step=311.1 | flops_per_sec=1.72E+14 | tokens_per_sec=1,685,050 | tokens_seen=718.27M | total_flops=73.48P
[2026-03-25 22:49:59] INFO     step=1380 | epoch=1 | ce_loss=2.296 | gpu_peak_allocated_gb=12.77 | gpu_peak_reserved_gb=13.09 | gpu_reserved_gb=13.09 | loss=2.296 | lr=0.0092 | ms_per_step=311.2 | flops_per_sec=1.72E+14 | tokens_per_sec=1,684,984 | tokens_seen=723.52M | total_flops=74.02P
[2026-03-25 22:50:02] INFO     step=1390 | epoch=1 | ce_loss=2.274 | gpu_peak_allocated_gb=12.77 | gpu_peak_reserved_gb=13.09 | gpu_reserved_gb=13.09 | loss=2.274 | lr=0.0089 | ms_per_step=311.2 | flops_per_sec=1.72E+14 | tokens_per_sec=1,684,944 | tokens_seen=728.76M | total_flops=74.56P
[2026-03-25 22:50:05] INFO     step=1400 | epoch=1 | ce_loss=2.297 | gpu_peak_allocated_gb=12.77 | gpu_peak_reserved_gb=13.09 | gpu_reserved_gb=13.09 | loss=2.297 | lr=0.0085 | ms_per_step=311.2 | flops_per_sec=1.72E+14 | tokens_per_sec=1,684,906 | tokens_seen=734.00M | total_flops=75.09P
[2026-03-25 22:50:08] INFO     step=1410 | epoch=1 | ce_loss=2.271 | gpu_peak_allocated_gb=12.77 | gpu_peak_reserved_gb=13.09 | gpu_reserved_gb=13.09 | loss=2.271 | lr=0.0082 | ms_per_step=311.2 | flops_per_sec=1.72E+14 | tokens_per_sec=1,684,889 | tokens_seen=739.25M | total_flops=75.63P
[2026-03-25 22:50:12] INFO     step=1420 | epoch=1 | ce_loss=2.300 | gpu_peak_allocated_gb=12.77 | gpu_peak_reserved_gb=13.09 | gpu_reserved_gb=13.09 | loss=2.300 | lr=0.0078 | ms_per_step=311.2 | flops_per_sec=1.72E+14 | tokens_per_sec=1,684,870 | tokens_seen=744.49M | total_flops=76.17P
[2026-03-25 22:50:15] INFO     step=1430 | epoch=1 | ce_loss=2.269 | gpu_peak_allocated_gb=12.77 | gpu_peak_reserved_gb=13.09 | gpu_reserved_gb=13.09 | loss=2.269 | lr=0.0074 | ms_per_step=311.2 | flops_per_sec=1.72E+14 | tokens_per_sec=1,684,813 | tokens_seen=749.73M | total_flops=76.70P
[2026-03-25 22:50:18] INFO     step=1440 | epoch=1 | ce_loss=2.290 | gpu_peak_allocated_gb=12.77 | gpu_peak_reserved_gb=13.09 | gpu_reserved_gb=13.09 | loss=2.290 | lr=0.0071 | ms_per_step=311.2 | flops_per_sec=1.72E+14 | tokens_per_sec=1,684,800 | tokens_seen=754.97M | total_flops=77.24P
[2026-03-25 22:50:21] INFO     step=1450 | epoch=1 | ce_loss=2.283 | gpu_peak_allocated_gb=12.77 | gpu_peak_reserved_gb=13.09 | gpu_reserved_gb=13.09 | loss=2.283 | lr=0.0067 | ms_per_step=311.2 | flops_per_sec=1.72E+14 | tokens_per_sec=1,684,777 | tokens_seen=760.22M | total_flops=77.78P
[2026-03-25 22:50:25] INFO     step=1460 | epoch=1 | ce_loss=2.263 | gpu_peak_allocated_gb=12.77 | gpu_peak_reserved_gb=13.09 | gpu_reserved_gb=13.09 | loss=2.263 | lr=0.0064 | ms_per_step=311.2 | flops_per_sec=1.72E+14 | tokens_per_sec=1,684,769 | tokens_seen=765.46M | total_flops=78.31P
[2026-03-25 22:50:28] INFO     step=1470 | epoch=1 | ce_loss=2.290 | gpu_peak_allocated_gb=12.77 | gpu_peak_reserved_gb=13.09 | gpu_reserved_gb=13.09 | loss=2.290 | lr=0.0060 | ms_per_step=311.2 | flops_per_sec=1.72E+14 | tokens_per_sec=1,684,757 | tokens_seen=770.70M | total_flops=78.85P
[2026-03-25 22:50:31] INFO     step=1480 | epoch=1 | ce_loss=2.283 | gpu_peak_allocated_gb=12.77 | gpu_peak_reserved_gb=13.09 | gpu_reserved_gb=13.09 | loss=2.283 | lr=0.0056 | ms_per_step=311.2 | flops_per_sec=1.72E+14 | tokens_per_sec=1,684,737 | tokens_seen=775.95M | total_flops=79.38P
[2026-03-25 22:50:34] INFO     step=1490 | epoch=1 | ce_loss=2.261 | gpu_peak_allocated_gb=12.77 | gpu_peak_reserved_gb=13.09 | gpu_reserved_gb=13.09 | loss=2.261 | lr=0.0053 | ms_per_step=311.2 | flops_per_sec=1.72E+14 | tokens_per_sec=1,684,759 | tokens_seen=781.19M | total_flops=79.92P
[2026-03-25 22:50:38] INFO     step=1500 | epoch=1 | ce_loss=2.257 | gpu_peak_allocated_gb=12.77 | gpu_peak_reserved_gb=13.09 | gpu_reserved_gb=13.09 | loss=2.257 | lr=0.0049 | ms_per_step=311.2 | flops_per_sec=1.72E+14 | tokens_per_sec=1,684,756 | tokens_seen=786.43M | total_flops=80.46P
[2026-03-25 22:50:41] INFO     step=1510 | epoch=1 | ce_loss=2.272 | gpu_peak_allocated_gb=12.77 | gpu_peak_reserved_gb=13.09 | gpu_reserved_gb=13.09 | loss=2.272 | lr=0.0046 | ms_per_step=311.2 | flops_per_sec=1.72E+14 | tokens_per_sec=1,684,765 | tokens_seen=791.67M | total_flops=80.99P
[2026-03-25 22:50:44] INFO     step=1520 | epoch=1 | ce_loss=2.263 | gpu_peak_allocated_gb=12.77 | gpu_peak_reserved_gb=13.09 | gpu_reserved_gb=13.09 | loss=2.263 | lr=0.0042 | ms_per_step=311.2 | flops_per_sec=1.72E+14 | tokens_per_sec=1,684,778 | tokens_seen=796.92M | total_flops=81.53P
[2026-03-25 22:50:47] INFO     Running evaluation: baseline (2 GPU(s))
W0325 22:55:34.645000 7756 torch/distributed/run.py:852] 
W0325 22:55:34.645000 7756 torch/distributed/run.py:852] *****************************************
W0325 22:55:34.645000 7756 torch/distributed/run.py:852] Setting OMP_NUM_THREADS environment variable for each process to be 1 in default, to avoid your system being overloaded, please further tune the variable for optimal performance in your application as needed. 
W0325 22:55:34.645000 7756 torch/distributed/run.py:852] *****************************************
Traceback (most recent call last):
  File "/usr/local/bin/torchrun", line 7, in <module>
    sys.exit(main())
             ^^^^^^
  File "/usr/local/lib/python3.12/dist-packages/torch/distributed/elastic/multiprocessing/errors/__init__.py", line 362, in wrapper
    return f(*args, **kwargs)
           ^^^^^^^^^^^^^^^^^^
  File "/usr/local/lib/python3.12/dist-packages/torch/distributed/run.py", line 991, in main
    run(args)
  File "/usr/local/lib/python3.12/dist-packages/torch/distributed/run.py", line 982, in run
    elastic_launch(
  File "/usr/local/lib/python3.12/dist-packages/torch/distributed/launcher/api.py", line 170, in __call__
    return launch_agent(self._config, self._entrypoint, list(args))
           ^^^^^^^^^^^^^^^^^^^^^^^^^^^^^^^^^^^^^^^^^^^^^^^^^^^^^^^^
  File "/usr/local/lib/python3.12/dist-packages/torch/distributed/launcher/api.py", line 308, in launch_agent
    result = agent.run()
             ^^^^^^^^^^^
  File "/usr/local/lib/python3.12/dist-packages/torch/distributed/elastic/metrics/api.py", line 134, in wrapper
    result = f(*args, **kwargs)
             ^^^^^^^^^^^^^^^^^^
  File "/usr/local/lib/python3.12/dist-packages/torch/distributed/elastic/agent/server/api.py", line 731, in run
    result = self._invoke_run(role)
             ^^^^^^^^^^^^^^^^^^^^^^
  File "/usr/local/lib/python3.12/dist-packages/torch/distributed/elastic/agent/server/api.py", line 902, in _invoke_run
    self._initialize_workers(self._worker_group)
  File "/usr/local/lib/python3.12/dist-packages/torch/distributed/elastic/metrics/api.py", line 134, in wrapper
    result = f(*args, **kwargs)
             ^^^^^^^^^^^^^^^^^^
  File "/usr/local/lib/python3.12/dist-packages/torch/distributed/elastic/agent/server/api.py", line 699, in _initialize_workers
    self._rendezvous(worker_group)
  File "/usr/local/lib/python3.12/dist-packages/torch/distributed/elastic/metrics/api.py", line 134, in wrapper
    result = f(*args, **kwargs)
             ^^^^^^^^^^^^^^^^^^
  File "/usr/local/lib/python3.12/dist-packages/torch/distributed/elastic/agent/server/api.py", line 514, in _rendezvous
    rdzv_info = spec.rdzv_handler.next_rendezvous()
                ^^^^^^^^^^^^^^^^^^^^^^^^^^^^^^^^^^^
  File "/usr/local/lib/python3.12/dist-packages/torch/distributed/elastic/rendezvous/static_tcp_rendezvous.py", line 67, in next_rendezvous
    self._store = TCPStore(  # type: ignore[call-arg]
                  ^^^^^^^^^^^^^^^^^^^^^^^^^^^^^^^^^^^
torch.distributed.DistNetworkError: The server socket has failed to listen on any local network address. port: 29500, useIpv6: false, code: -98, name: EADDRINUSE, message: address already in use
Running evaluation: baseline (artifacts_2x_rtx_pro_6000_2, 1 GPU(s))
Usage: eval.py [OPTIONS]
Try 'eval.py --help' for help.

Error: Invalid value: No checkpoint found. Looked for:
  Full: /home/kingsley/projects/golf-research/experiments/baseline/artifacts_2x_rtx_pro_6000_2/checkpoint
  Quantized: /home/kingsley/projects/golf-research/experiments/baseline/artifacts_2x_rtx_pro_6000_2/checkpoint/*_<scheme> or /home/kingsley/projects/golf-research/experiments/baseline/artifacts_2x_rtx_pro_6000_2/*_<scheme>
Running evaluation: baseline (artifacts_2x_rtx_pro_6000_2, 1 GPU(s))
[2026-03-25 23:06:15] INFO     Eval config: checkpoints=full=/home/kingsley/projects/golf-research/experiments/baseline/artifacts_2x_rtx_pro_6000_2/checkpoint device=cuda:0 sequence_length=1024 batch_size=64 world_size=1
[2026-03-25 23:06:15] INFO     Tokenizer: /home/kingsley/github/parameter-golf/data/tokenizers/fineweb_1024_bpe.model
[2026-03-25 23:06:15] INFO     Validation data: /home/kingsley/github/parameter-golf/data/datasets/fineweb10B_sp1024/fineweb_val_*.bin
[2026-03-25 23:06:15] INFO     Loaded tokens=62.02M sequences=60.6K vocab_size=1024
[2026-03-25 23:06:15] INFO     Loading full-precision checkpoint
[2026-03-25 23:06:15] INFO     Loading checkpoint from /home/kingsley/projects/golf-research/experiments/baseline/artifacts_2x_rtx_pro_6000_2/checkpoint/step_1635_final_model
[2026-03-25 23:06:15] INFO     Loaded model from /home/kingsley/projects/golf-research/experiments/baseline/artifacts_2x_rtx_pro_6000_2/checkpoint/step_1635_final_model (17,051,208 parameters)
[2026-03-25 23:06:15] INFO     Running full-precision evaluation
[2026-03-25 23:06:19] INFO      - batch 10/947 loss=2.231 bpb=1.342
[2026-03-25 23:06:23] INFO      - batch 20/947 loss=2.251 bpb=1.346
[2026-03-25 23:06:27] INFO      - batch 30/947 loss=2.255 bpb=1.351
[2026-03-25 23:06:30] INFO      - batch 40/947 loss=2.245 bpb=1.348
[2026-03-25 23:06:34] INFO      - batch 50/947 loss=2.246 bpb=1.349
[2026-03-25 23:06:38] INFO      - batch 60/947 loss=2.240 bpb=1.346
[2026-03-25 23:06:41] INFO      - batch 70/947 loss=2.240 bpb=1.344
[2026-03-25 23:06:45] INFO      - batch 80/947 loss=2.243 bpb=1.346
[2026-03-25 23:06:49] INFO      - batch 90/947 loss=2.248 bpb=1.348
[2026-03-25 23:06:52] INFO      - batch 100/947 loss=2.250 bpb=1.351
[2026-03-25 23:06:56] INFO      - batch 110/947 loss=2.251 bpb=1.350
[2026-03-25 23:07:00] INFO      - batch 120/947 loss=2.251 bpb=1.351
[2026-03-25 23:07:04] INFO      - batch 130/947 loss=2.250 bpb=1.350
[2026-03-25 23:07:07] INFO      - batch 140/947 loss=2.250 bpb=1.350
[2026-03-25 23:07:11] INFO      - batch 150/947 loss=2.252 bpb=1.350
[2026-03-25 23:07:15] INFO      - batch 160/947 loss=2.255 bpb=1.350
[2026-03-25 23:07:18] INFO      - batch 170/947 loss=2.256 bpb=1.349
[2026-03-25 23:07:22] INFO      - batch 180/947 loss=2.258 bpb=1.351
[2026-03-25 23:07:26] INFO      - batch 190/947 loss=2.259 bpb=1.351
[2026-03-25 23:07:29] INFO      - batch 200/947 loss=2.259 bpb=1.350
[2026-03-25 23:07:33] INFO      - batch 210/947 loss=2.259 bpb=1.349
[2026-03-25 23:07:37] INFO      - batch 220/947 loss=2.260 bpb=1.348
[2026-03-25 23:07:40] INFO      - batch 230/947 loss=2.261 bpb=1.347
[2026-03-25 23:07:44] INFO      - batch 240/947 loss=2.261 bpb=1.347
[2026-03-25 23:07:48] INFO      - batch 250/947 loss=2.262 bpb=1.346
[2026-03-25 23:07:51] INFO      - batch 260/947 loss=2.260 bpb=1.345
[2026-03-25 23:07:55] INFO      - batch 270/947 loss=2.262 bpb=1.345
[2026-03-25 23:07:59] INFO      - batch 280/947 loss=2.262 bpb=1.344
[2026-03-25 23:08:03] INFO      - batch 290/947 loss=2.261 bpb=1.343
[2026-03-25 23:08:06] INFO      - batch 300/947 loss=2.260 bpb=1.343
[2026-03-25 23:08:10] INFO      - batch 310/947 loss=2.260 bpb=1.342
[2026-03-25 23:08:14] INFO      - batch 320/947 loss=2.259 bpb=1.341
[2026-03-25 23:08:17] INFO      - batch 330/947 loss=2.258 bpb=1.340
[2026-03-25 23:08:21] INFO      - batch 340/947 loss=2.257 bpb=1.339
[2026-03-25 23:08:25] INFO      - batch 350/947 loss=2.257 bpb=1.339
[2026-03-25 23:08:29] INFO      - batch 360/947 loss=2.257 bpb=1.339
[2026-03-25 23:08:32] INFO      - batch 370/947 loss=2.257 bpb=1.339
[2026-03-25 23:08:36] INFO      - batch 380/947 loss=2.257 bpb=1.338
[2026-03-25 23:08:40] INFO      - batch 390/947 loss=2.256 bpb=1.339
[2026-03-25 23:08:43] INFO      - batch 400/947 loss=2.256 bpb=1.338
[2026-03-25 23:08:47] INFO      - batch 410/947 loss=2.256 bpb=1.338
[2026-03-25 23:08:51] INFO      - batch 420/947 loss=2.255 bpb=1.338
[2026-03-25 23:08:55] INFO      - batch 430/947 loss=2.254 bpb=1.338
[2026-03-25 23:08:58] INFO      - batch 440/947 loss=2.254 bpb=1.339
[2026-03-25 23:09:02] INFO      - batch 450/947 loss=2.253 bpb=1.339
[2026-03-25 23:09:06] INFO      - batch 460/947 loss=2.252 bpb=1.339
[2026-03-25 23:09:09] INFO      - batch 470/947 loss=2.252 bpb=1.339
[2026-03-25 23:09:13] INFO      - batch 480/947 loss=2.253 bpb=1.339
[2026-03-25 23:09:17] INFO      - batch 490/947 loss=2.254 bpb=1.340
[2026-03-25 23:09:21] INFO      - batch 500/947 loss=2.255 bpb=1.340
[2026-03-25 23:09:24] INFO      - batch 510/947 loss=2.255 bpb=1.340
[2026-03-25 23:09:28] INFO      - batch 520/947 loss=2.257 bpb=1.341
[2026-03-25 23:09:32] INFO      - batch 530/947 loss=2.258 bpb=1.341
[2026-03-25 23:09:35] INFO      - batch 540/947 loss=2.258 bpb=1.341
[2026-03-25 23:09:39] INFO      - batch 550/947 loss=2.259 bpb=1.341
[2026-03-25 23:09:43] INFO      - batch 560/947 loss=2.258 bpb=1.341
[2026-03-25 23:09:47] INFO      - batch 570/947 loss=2.258 bpb=1.340
[2026-03-25 23:09:50] INFO      - batch 580/947 loss=2.258 bpb=1.340
[2026-03-25 23:09:54] INFO      - batch 590/947 loss=2.258 bpb=1.340
[2026-03-25 23:09:58] INFO      - batch 600/947 loss=2.259 bpb=1.340
[2026-03-25 23:10:01] INFO      - batch 610/947 loss=2.258 bpb=1.340
[2026-03-25 23:10:05] INFO      - batch 620/947 loss=2.258 bpb=1.339
[2026-03-25 23:10:09] INFO      - batch 630/947 loss=2.257 bpb=1.339
[2026-03-25 23:10:13] INFO      - batch 640/947 loss=2.257 bpb=1.338
[2026-03-25 23:10:16] INFO      - batch 650/947 loss=2.257 bpb=1.337
[2026-03-25 23:10:20] INFO      - batch 660/947 loss=2.256 bpb=1.337
[2026-03-25 23:10:24] INFO      - batch 670/947 loss=2.256 bpb=1.336
[2026-03-25 23:10:27] INFO      - batch 680/947 loss=2.256 bpb=1.336
[2026-03-25 23:10:31] INFO      - batch 690/947 loss=2.256 bpb=1.337
[2026-03-25 23:10:35] INFO      - batch 700/947 loss=2.256 bpb=1.337
[2026-03-25 23:10:39] INFO      - batch 710/947 loss=2.256 bpb=1.337
[2026-03-25 23:10:42] INFO      - batch 720/947 loss=2.256 bpb=1.337
[2026-03-25 23:10:46] INFO      - batch 730/947 loss=2.256 bpb=1.337
[2026-03-25 23:10:50] INFO      - batch 740/947 loss=2.256 bpb=1.338
[2026-03-25 23:10:53] INFO      - batch 750/947 loss=2.256 bpb=1.338
[2026-03-25 23:10:57] INFO      - batch 760/947 loss=2.256 bpb=1.339
[2026-03-25 23:11:01] INFO      - batch 770/947 loss=2.257 bpb=1.339
[2026-03-25 23:11:05] INFO      - batch 780/947 loss=2.257 bpb=1.339
[2026-03-25 23:11:08] INFO      - batch 790/947 loss=2.258 bpb=1.340
[2026-03-25 23:11:12] INFO      - batch 800/947 loss=2.259 bpb=1.340
[2026-03-25 23:11:16] INFO      - batch 810/947 loss=2.259 bpb=1.340
[2026-03-25 23:11:19] INFO      - batch 820/947 loss=2.259 bpb=1.340
[2026-03-25 23:11:23] INFO      - batch 830/947 loss=2.260 bpb=1.340
[2026-03-25 23:11:27] INFO      - batch 840/947 loss=2.260 bpb=1.340
[2026-03-25 23:11:31] INFO      - batch 850/947 loss=2.261 bpb=1.341
[2026-03-25 23:11:34] INFO      - batch 860/947 loss=2.261 bpb=1.340
[2026-03-25 23:11:38] INFO      - batch 870/947 loss=2.261 bpb=1.340
[2026-03-25 23:11:42] INFO      - batch 880/947 loss=2.261 bpb=1.340
[2026-03-25 23:11:45] INFO      - batch 890/947 loss=2.261 bpb=1.340
[2026-03-25 23:11:49] INFO      - batch 900/947 loss=2.260 bpb=1.339
[2026-03-25 23:11:53] INFO      - batch 910/947 loss=2.261 bpb=1.339
[2026-03-25 23:11:57] INFO      - batch 920/947 loss=2.260 bpb=1.339
[2026-03-25 23:12:00] INFO      - batch 930/947 loss=2.260 bpb=1.339
[2026-03-25 23:12:04] INFO      - batch 940/947 loss=2.260 bpb=1.338
[2026-03-25 23:12:06] INFO      - batch 947/947 loss=2.260 bpb=1.338
[2026-03-25 23:12:06] INFO     Full-precision eval complete: val_loss=2.260 val_bpb=1.338 in 351.1s
[2026-03-25 23:12:06] INFO     Report saved to /home/kingsley/projects/golf-research/experiments/baseline/artifacts_2x_rtx_pro_6000_2/eval_report.json
Quantizing: baseline (artifacts_2x_rtx_pro_6000_2, schemes=int6, uncompressed)
[2026-03-25 23:14:41] INFO     Loading checkpoint: /home/kingsley/projects/golf-research/experiments/baseline/artifacts_2x_rtx_pro_6000_2/checkpoint/step_1635_final_model
[2026-03-25 23:14:41] INFO     Loading checkpoint from /home/kingsley/projects/golf-research/experiments/baseline/artifacts_2x_rtx_pro_6000_2/checkpoint/step_1635_final_model
[2026-03-25 23:14:41] INFO     Loaded model from /home/kingsley/projects/golf-research/experiments/baseline/artifacts_2x_rtx_pro_6000_2/checkpoint/step_1635_final_model (17,051,208 parameters)
[2026-03-25 23:14:41] INFO     Quantizing to int6
[2026-03-25 23:14:49] INFO     int6 (zstd): compressed=11,113,054 bytes serialized=17,761,275 bytes payload=17,702,032 bytes
[2026-03-25 23:14:49] INFO     int6 roundtrip verified
[2026-03-25 23:14:49] INFO     Report saved to /home/kingsley/projects/golf-research/experiments/baseline/artifacts_2x_rtx_pro_6000_2/quant_report.json
Running evaluation: baseline (artifacts_2x_rtx_pro_6000_2, 1 GPU(s))
[2026-03-25 23:14:52] INFO     Eval config: checkpoints=full=/home/kingsley/projects/golf-research/experiments/baseline/artifacts_2x_rtx_pro_6000_2/checkpoint, step_1635_final_model_int6 device=cuda:0 sequence_length=1024 batch_size=64 world_size=1
[2026-03-25 23:14:52] INFO     Tokenizer: /home/kingsley/github/parameter-golf/data/tokenizers/fineweb_1024_bpe.model
[2026-03-25 23:14:52] INFO     Validation data: /home/kingsley/github/parameter-golf/data/datasets/fineweb10B_sp1024/fineweb_val_*.bin
[2026-03-25 23:14:52] INFO     Loaded tokens=62.02M sequences=60.6K vocab_size=1024
[2026-03-25 23:14:52] INFO     Loading int6 checkpoint: step_1635_final_model_int6
[2026-03-25 23:14:53] INFO     Running int6 evaluation (device=cuda:0)
[2026-03-25 23:14:57] INFO      - batch 10/947 loss=2.281 bpb=1.372
[2026-03-25 23:15:00] INFO      - batch 20/947 loss=2.301 bpb=1.376
[2026-03-25 23:15:04] INFO      - batch 30/947 loss=2.305 bpb=1.381
[2026-03-25 23:15:08] INFO      - batch 40/947 loss=2.295 bpb=1.378
[2026-03-25 23:15:11] INFO      - batch 50/947 loss=2.297 bpb=1.380
[2026-03-25 23:15:15] INFO      - batch 60/947 loss=2.290 bpb=1.377
[2026-03-25 23:15:19] INFO      - batch 70/947 loss=2.290 bpb=1.374
[2026-03-25 23:15:22] INFO      - batch 80/947 loss=2.293 bpb=1.376
[2026-03-25 23:15:26] INFO      - batch 90/947 loss=2.298 bpb=1.378
[2026-03-25 23:15:30] INFO      - batch 100/947 loss=2.301 bpb=1.381
[2026-03-25 23:15:33] INFO      - batch 110/947 loss=2.301 bpb=1.381
[2026-03-25 23:15:37] INFO      - batch 120/947 loss=2.301 bpb=1.381
[2026-03-25 23:15:41] INFO      - batch 130/947 loss=2.300 bpb=1.381
[2026-03-25 23:15:45] INFO      - batch 140/947 loss=2.300 bpb=1.380
[2026-03-25 23:15:48] INFO      - batch 150/947 loss=2.303 bpb=1.380
[2026-03-25 23:15:52] INFO      - batch 160/947 loss=2.305 bpb=1.380
[2026-03-25 23:15:56] INFO      - batch 170/947 loss=2.306 bpb=1.379
[2026-03-25 23:15:59] INFO      - batch 180/947 loss=2.308 bpb=1.381
[2026-03-25 23:16:03] INFO      - batch 190/947 loss=2.309 bpb=1.381
[2026-03-25 23:16:07] INFO      - batch 200/947 loss=2.310 bpb=1.380
[2026-03-25 23:16:10] INFO      - batch 210/947 loss=2.309 bpb=1.379
[2026-03-25 23:16:14] INFO      - batch 220/947 loss=2.310 bpb=1.378
[2026-03-25 23:16:18] INFO      - batch 230/947 loss=2.311 bpb=1.377
[2026-03-25 23:16:21] INFO      - batch 240/947 loss=2.311 bpb=1.377
[2026-03-25 23:16:25] INFO      - batch 250/947 loss=2.312 bpb=1.376
[2026-03-25 23:16:29] INFO      - batch 260/947 loss=2.311 bpb=1.375
[2026-03-25 23:16:33] INFO      - batch 270/947 loss=2.313 bpb=1.375
[2026-03-25 23:16:36] INFO      - batch 280/947 loss=2.313 bpb=1.374
[2026-03-25 23:16:40] INFO      - batch 290/947 loss=2.311 bpb=1.373
[2026-03-25 23:16:44] INFO      - batch 300/947 loss=2.311 bpb=1.373
[2026-03-25 23:16:47] INFO      - batch 310/947 loss=2.310 bpb=1.372
[2026-03-25 23:16:51] INFO      - batch 320/947 loss=2.309 bpb=1.371
[2026-03-25 23:16:55] INFO      - batch 330/947 loss=2.309 bpb=1.370
[2026-03-25 23:16:59] INFO      - batch 340/947 loss=2.308 bpb=1.369
[2026-03-25 23:17:02] INFO      - batch 350/947 loss=2.308 bpb=1.369
[2026-03-25 23:17:06] INFO      - batch 360/947 loss=2.307 bpb=1.368
[2026-03-25 23:17:10] INFO      - batch 370/947 loss=2.308 bpb=1.369
[2026-03-25 23:17:13] INFO      - batch 380/947 loss=2.307 bpb=1.368
[2026-03-25 23:17:17] INFO      - batch 390/947 loss=2.307 bpb=1.368
[2026-03-25 23:17:21] INFO      - batch 400/947 loss=2.306 bpb=1.368
[2026-03-25 23:17:25] INFO      - batch 410/947 loss=2.306 bpb=1.368
[2026-03-25 23:17:28] INFO      - batch 420/947 loss=2.305 bpb=1.368
[2026-03-25 23:17:32] INFO      - batch 430/947 loss=2.304 bpb=1.368
[2026-03-25 23:17:36] INFO      - batch 440/947 loss=2.305 bpb=1.369
[2026-03-25 23:17:39] INFO      - batch 450/947 loss=2.303 bpb=1.369
[2026-03-25 23:17:43] INFO      - batch 460/947 loss=2.302 bpb=1.369
[2026-03-25 23:17:47] INFO      - batch 470/947 loss=2.302 bpb=1.369
[2026-03-25 23:17:50] INFO      - batch 480/947 loss=2.303 bpb=1.369
[2026-03-25 23:17:54] INFO      - batch 490/947 loss=2.304 bpb=1.370
[2026-03-25 23:17:58] INFO      - batch 500/947 loss=2.305 bpb=1.370
[2026-03-25 23:18:01] INFO      - batch 510/947 loss=2.306 bpb=1.370
[2026-03-25 23:18:05] INFO      - batch 520/947 loss=2.307 bpb=1.371
[2026-03-25 23:18:09] INFO      - batch 530/947 loss=2.308 bpb=1.371
[2026-03-25 23:18:13] INFO      - batch 540/947 loss=2.308 bpb=1.371
[2026-03-25 23:18:16] INFO      - batch 550/947 loss=2.309 bpb=1.371
[2026-03-25 23:18:20] INFO      - batch 560/947 loss=2.309 bpb=1.371
[2026-03-25 23:18:24] INFO      - batch 570/947 loss=2.308 bpb=1.370
[2026-03-25 23:18:27] INFO      - batch 580/947 loss=2.308 bpb=1.370
[2026-03-25 23:18:31] INFO      - batch 590/947 loss=2.308 bpb=1.369
[2026-03-25 23:18:35] INFO      - batch 600/947 loss=2.309 bpb=1.370
[2026-03-25 23:18:38] INFO      - batch 610/947 loss=2.309 bpb=1.370
[2026-03-25 23:18:42] INFO      - batch 620/947 loss=2.309 bpb=1.369
[2026-03-25 23:18:46] INFO      - batch 630/947 loss=2.307 bpb=1.368
[2026-03-25 23:18:50] INFO      - batch 640/947 loss=2.307 bpb=1.368
[2026-03-25 23:18:53] INFO      - batch 650/947 loss=2.307 bpb=1.367
[2026-03-25 23:18:57] INFO      - batch 660/947 loss=2.306 bpb=1.367
[2026-03-25 23:19:01] INFO      - batch 670/947 loss=2.306 bpb=1.366
[2026-03-25 23:19:04] INFO      - batch 680/947 loss=2.306 bpb=1.366
[2026-03-25 23:19:08] INFO      - batch 690/947 loss=2.306 bpb=1.367
[2026-03-25 23:19:12] INFO      - batch 700/947 loss=2.306 bpb=1.366
[2026-03-25 23:19:15] INFO      - batch 710/947 loss=2.306 bpb=1.367
[2026-03-25 23:19:19] INFO      - batch 720/947 loss=2.307 bpb=1.367
[2026-03-25 23:19:23] INFO      - batch 730/947 loss=2.306 bpb=1.367
[2026-03-25 23:19:27] INFO      - batch 740/947 loss=2.307 bpb=1.368
[2026-03-25 23:19:30] INFO      - batch 750/947 loss=2.307 bpb=1.368
[2026-03-25 23:19:34] INFO      - batch 760/947 loss=2.307 bpb=1.369
[2026-03-25 23:19:38] INFO      - batch 770/947 loss=2.307 bpb=1.369
[2026-03-25 23:19:41] INFO      - batch 780/947 loss=2.308 bpb=1.369
[2026-03-25 23:19:45] INFO      - batch 790/947 loss=2.308 bpb=1.370
[2026-03-25 23:19:49] INFO      - batch 800/947 loss=2.309 bpb=1.370
[2026-03-25 23:19:52] INFO      - batch 810/947 loss=2.309 bpb=1.370
[2026-03-25 23:19:56] INFO      - batch 820/947 loss=2.310 bpb=1.370
[2026-03-25 23:20:00] INFO      - batch 830/947 loss=2.310 bpb=1.370
[2026-03-25 23:20:04] INFO      - batch 840/947 loss=2.311 bpb=1.370
[2026-03-25 23:20:07] INFO      - batch 850/947 loss=2.311 bpb=1.370
[2026-03-25 23:20:11] INFO      - batch 860/947 loss=2.311 bpb=1.370
[2026-03-25 23:20:15] INFO      - batch 870/947 loss=2.311 bpb=1.370
[2026-03-25 23:20:18] INFO      - batch 880/947 loss=2.311 bpb=1.370
[2026-03-25 23:20:22] INFO      - batch 890/947 loss=2.311 bpb=1.370
[2026-03-25 23:20:26] INFO      - batch 900/947 loss=2.311 bpb=1.369
[2026-03-25 23:20:29] INFO      - batch 910/947 loss=2.311 bpb=1.369
[2026-03-25 23:20:33] INFO      - batch 920/947 loss=2.311 bpb=1.369
[2026-03-25 23:20:37] INFO      - batch 930/947 loss=2.310 bpb=1.368
[2026-03-25 23:20:41] INFO      - batch 940/947 loss=2.310 bpb=1.368
[2026-03-25 23:20:43] INFO      - batch 947/947 loss=2.310 bpb=1.368
[2026-03-25 23:20:43] INFO     int6 eval complete: val_bpb=1.368 compressed_bytes=11,113,054 in 350.3s
[2026-03-25 23:20:43] INFO     Report saved to /home/kingsley/projects/golf-research/experiments/baseline/artifacts_2x_rtx_pro_6000_2/eval_report.json
Quantizing: baseline (artifacts_2x_rtx_pro_6000_2, schemes=int8, uncompressed)
[2026-03-25 23:20:49] INFO     Loading checkpoint: /home/kingsley/projects/golf-research/experiments/baseline/artifacts_2x_rtx_pro_6000_2/checkpoint/step_1635_final_model
[2026-03-25 23:20:49] INFO     Loading checkpoint from /home/kingsley/projects/golf-research/experiments/baseline/artifacts_2x_rtx_pro_6000_2/checkpoint/step_1635_final_model
[2026-03-25 23:20:50] INFO     Loaded model from /home/kingsley/projects/golf-research/experiments/baseline/artifacts_2x_rtx_pro_6000_2/checkpoint/step_1635_final_model (17,051,208 parameters)
[2026-03-25 23:20:50] INFO     Quantizing to int8
[2026-03-25 23:20:51] INFO     int8 (zstd): compressed=15,302,548 bytes serialized=17,759,611 bytes payload=17,702,032 bytes
[2026-03-25 23:20:51] INFO     int8 roundtrip verified
[2026-03-25 23:20:51] INFO     Report saved to /home/kingsley/projects/golf-research/experiments/baseline/artifacts_2x_rtx_pro_6000_2/quant_report.json
Running evaluation: baseline (artifacts_2x_rtx_pro_6000_2, 1 GPU(s))
[2026-03-25 23:20:54] INFO     Eval config: checkpoints=full=/home/kingsley/projects/golf-research/experiments/baseline/artifacts_2x_rtx_pro_6000_2/checkpoint, step_1635_final_model_int8 device=cuda:0 sequence_length=1024 batch_size=64 world_size=1
[2026-03-25 23:20:54] INFO     Tokenizer: /home/kingsley/github/parameter-golf/data/tokenizers/fineweb_1024_bpe.model
[2026-03-25 23:20:54] INFO     Validation data: /home/kingsley/github/parameter-golf/data/datasets/fineweb10B_sp1024/fineweb_val_*.bin
[2026-03-25 23:20:54] INFO     Loaded tokens=62.02M sequences=60.6K vocab_size=1024
[2026-03-25 23:20:54] INFO     Loading int8 checkpoint: step_1635_final_model_int8
[2026-03-25 23:20:55] INFO     Running int8 evaluation (device=cuda:0)
[2026-03-25 23:20:59] INFO      - batch 10/947 loss=2.234 bpb=1.344
[2026-03-25 23:21:03] INFO      - batch 20/947 loss=2.254 bpb=1.347
[2026-03-25 23:21:06] INFO      - batch 30/947 loss=2.258 bpb=1.352
[2026-03-25 23:21:10] INFO      - batch 40/947 loss=2.248 bpb=1.350
[2026-03-25 23:21:14] INFO      - batch 50/947 loss=2.249 bpb=1.351
[2026-03-25 23:21:17] INFO      - batch 60/947 loss=2.243 bpb=1.348
[2026-03-25 23:21:21] INFO      - batch 70/947 loss=2.242 bpb=1.345
[2026-03-25 23:21:25] INFO      - batch 80/947 loss=2.245 bpb=1.347
[2026-03-25 23:21:28] INFO      - batch 90/947 loss=2.250 bpb=1.350
[2026-03-25 23:21:32] INFO      - batch 100/947 loss=2.253 bpb=1.352
[2026-03-25 23:21:36] INFO      - batch 110/947 loss=2.253 bpb=1.352
[2026-03-25 23:21:40] INFO      - batch 120/947 loss=2.253 bpb=1.353
[2026-03-25 23:21:43] INFO      - batch 130/947 loss=2.252 bpb=1.352
[2026-03-25 23:21:47] INFO      - batch 140/947 loss=2.252 bpb=1.352
[2026-03-25 23:21:51] INFO      - batch 150/947 loss=2.255 bpb=1.351
[2026-03-25 23:21:54] INFO      - batch 160/947 loss=2.257 bpb=1.352
[2026-03-25 23:21:58] INFO      - batch 170/947 loss=2.258 bpb=1.351
[2026-03-25 23:22:02] INFO      - batch 180/947 loss=2.260 bpb=1.353
[2026-03-25 23:22:05] INFO      - batch 190/947 loss=2.261 bpb=1.352
[2026-03-25 23:22:09] INFO      - batch 200/947 loss=2.262 bpb=1.352
[2026-03-25 23:22:13] INFO      - batch 210/947 loss=2.261 bpb=1.350
[2026-03-25 23:22:17] INFO      - batch 220/947 loss=2.262 bpb=1.350
[2026-03-25 23:22:20] INFO      - batch 230/947 loss=2.263 bpb=1.349
[2026-03-25 23:22:24] INFO      - batch 240/947 loss=2.263 bpb=1.348
[2026-03-25 23:22:28] INFO      - batch 250/947 loss=2.264 bpb=1.348
[2026-03-25 23:22:31] INFO      - batch 260/947 loss=2.263 bpb=1.347
[2026-03-25 23:22:35] INFO      - batch 270/947 loss=2.265 bpb=1.347
[2026-03-25 23:22:39] INFO      - batch 280/947 loss=2.265 bpb=1.346
[2026-03-25 23:22:43] INFO      - batch 290/947 loss=2.263 bpb=1.345
[2026-03-25 23:22:46] INFO      - batch 300/947 loss=2.263 bpb=1.344
[2026-03-25 23:22:50] INFO      - batch 310/947 loss=2.262 bpb=1.344
[2026-03-25 23:22:54] INFO      - batch 320/947 loss=2.261 bpb=1.343
[2026-03-25 23:22:57] INFO      - batch 330/947 loss=2.261 bpb=1.342
[2026-03-25 23:23:01] INFO      - batch 340/947 loss=2.260 bpb=1.341
[2026-03-25 23:23:05] INFO      - batch 350/947 loss=2.260 bpb=1.340
[2026-03-25 23:23:09] INFO      - batch 360/947 loss=2.259 bpb=1.340
[2026-03-25 23:23:12] INFO      - batch 370/947 loss=2.260 bpb=1.340
[2026-03-25 23:23:16] INFO      - batch 380/947 loss=2.259 bpb=1.340
[2026-03-25 23:23:20] INFO      - batch 390/947 loss=2.259 bpb=1.340
[2026-03-25 23:23:23] INFO      - batch 400/947 loss=2.258 bpb=1.340
[2026-03-25 23:23:27] INFO      - batch 410/947 loss=2.258 bpb=1.340
[2026-03-25 23:23:31] INFO      - batch 420/947 loss=2.257 bpb=1.340
[2026-03-25 23:23:34] INFO      - batch 430/947 loss=2.257 bpb=1.340
[2026-03-25 23:23:38] INFO      - batch 440/947 loss=2.257 bpb=1.340
[2026-03-25 23:23:42] INFO      - batch 450/947 loss=2.255 bpb=1.340
[2026-03-25 23:23:46] INFO      - batch 460/947 loss=2.255 bpb=1.340
[2026-03-25 23:23:49] INFO      - batch 470/947 loss=2.254 bpb=1.340
[2026-03-25 23:23:53] INFO      - batch 480/947 loss=2.255 bpb=1.341
[2026-03-25 23:23:57] INFO      - batch 490/947 loss=2.257 bpb=1.341
[2026-03-25 23:24:00] INFO      - batch 500/947 loss=2.257 bpb=1.341
[2026-03-25 23:24:04] INFO      - batch 510/947 loss=2.258 bpb=1.342
[2026-03-25 23:24:08] INFO      - batch 520/947 loss=2.260 bpb=1.343
[2026-03-25 23:24:12] INFO      - batch 530/947 loss=2.260 bpb=1.343
[2026-03-25 23:24:15] INFO      - batch 540/947 loss=2.260 bpb=1.343
[2026-03-25 23:24:19] INFO      - batch 550/947 loss=2.261 bpb=1.343
[2026-03-25 23:24:23] INFO      - batch 560/947 loss=2.261 bpb=1.342
[2026-03-25 23:24:26] INFO      - batch 570/947 loss=2.260 bpb=1.342
[2026-03-25 23:24:30] INFO      - batch 580/947 loss=2.261 bpb=1.342
[2026-03-25 23:24:34] INFO      - batch 590/947 loss=2.260 bpb=1.341
[2026-03-25 23:24:37] INFO      - batch 600/947 loss=2.261 bpb=1.341
[2026-03-25 23:24:41] INFO      - batch 610/947 loss=2.261 bpb=1.341
[2026-03-25 23:24:45] INFO      - batch 620/947 loss=2.261 bpb=1.341
[2026-03-25 23:24:49] INFO      - batch 630/947 loss=2.260 bpb=1.340
[2026-03-25 23:24:52] INFO      - batch 640/947 loss=2.259 bpb=1.339
[2026-03-25 23:24:56] INFO      - batch 650/947 loss=2.259 bpb=1.339
[2026-03-25 23:25:00] INFO      - batch 660/947 loss=2.259 bpb=1.338
[2026-03-25 23:25:03] INFO      - batch 670/947 loss=2.258 bpb=1.338
[2026-03-25 23:25:07] INFO      - batch 680/947 loss=2.258 bpb=1.338
[2026-03-25 23:25:11] INFO      - batch 690/947 loss=2.259 bpb=1.338
[2026-03-25 23:25:15] INFO      - batch 700/947 loss=2.258 bpb=1.338
[2026-03-25 23:25:18] INFO      - batch 710/947 loss=2.258 bpb=1.338
[2026-03-25 23:25:22] INFO      - batch 720/947 loss=2.259 bpb=1.339
[2026-03-25 23:25:26] INFO      - batch 730/947 loss=2.258 bpb=1.339
[2026-03-25 23:25:29] INFO      - batch 740/947 loss=2.259 bpb=1.339
[2026-03-25 23:25:33] INFO      - batch 750/947 loss=2.259 bpb=1.340
[2026-03-25 23:25:37] INFO      - batch 760/947 loss=2.259 bpb=1.340
[2026-03-25 23:25:41] INFO      - batch 770/947 loss=2.259 bpb=1.340
[2026-03-25 23:25:44] INFO      - batch 780/947 loss=2.260 bpb=1.341
[2026-03-25 23:25:48] INFO      - batch 790/947 loss=2.260 bpb=1.341
[2026-03-25 23:25:52] INFO      - batch 800/947 loss=2.261 bpb=1.341
[2026-03-25 23:25:55] INFO      - batch 810/947 loss=2.261 bpb=1.341
[2026-03-25 23:25:59] INFO      - batch 820/947 loss=2.262 bpb=1.341
[2026-03-25 23:26:03] INFO      - batch 830/947 loss=2.262 bpb=1.342
[2026-03-25 23:26:06] INFO      - batch 840/947 loss=2.263 bpb=1.342
[2026-03-25 23:26:10] INFO      - batch 850/947 loss=2.263 bpb=1.342
[2026-03-25 23:26:14] INFO      - batch 860/947 loss=2.264 bpb=1.342
[2026-03-25 23:26:18] INFO      - batch 870/947 loss=2.263 bpb=1.342
[2026-03-25 23:26:21] INFO      - batch 880/947 loss=2.263 bpb=1.341
[2026-03-25 23:26:25] INFO      - batch 890/947 loss=2.263 bpb=1.341
[2026-03-25 23:26:29] INFO      - batch 900/947 loss=2.263 bpb=1.341
[2026-03-25 23:26:32] INFO      - batch 910/947 loss=2.263 bpb=1.341
[2026-03-25 23:26:36] INFO      - batch 920/947 loss=2.263 bpb=1.340
[2026-03-25 23:26:40] INFO      - batch 930/947 loss=2.262 bpb=1.340
[2026-03-25 23:26:43] INFO      - batch 940/947 loss=2.262 bpb=1.340
[2026-03-25 23:26:46] INFO      - batch 947/947 loss=2.262 bpb=1.340
[2026-03-25 23:26:46] INFO     int8 eval complete: val_bpb=1.340 compressed_bytes=15,302,548 in 351.2s
[2026-03-25 23:26:46] INFO     Report saved to /home/kingsley/projects/golf-research/experiments/baseline/artifacts_2x_rtx_pro_6000_2/eval_report.json
Quantizing: baseline (artifacts_2x_rtx_pro_6000_2, schemes=mxfp4, uncompressed)
[2026-03-25 23:26:52] INFO     Loading checkpoint: /home/kingsley/projects/golf-research/experiments/baseline/artifacts_2x_rtx_pro_6000_2/checkpoint/step_1635_final_model
[2026-03-25 23:26:52] INFO     Loading checkpoint from /home/kingsley/projects/golf-research/experiments/baseline/artifacts_2x_rtx_pro_6000_2/checkpoint/step_1635_final_model
[2026-03-25 23:26:53] INFO     Loaded model from /home/kingsley/projects/golf-research/experiments/baseline/artifacts_2x_rtx_pro_6000_2/checkpoint/step_1635_final_model (17,051,208 parameters)
[2026-03-25 23:26:53] INFO     Quantizing to mxfp4
[2026-03-25 23:26:54] INFO     mxfp4 (zstd): compressed=8,637,990 bytes serialized=11,113,787 bytes payload=11,056,272 bytes
[2026-03-25 23:26:54] INFO     mxfp4 roundtrip verified
[2026-03-25 23:26:54] INFO     Report saved to /home/kingsley/projects/golf-research/experiments/baseline/artifacts_2x_rtx_pro_6000_2/quant_report.json
Running evaluation: baseline (artifacts_2x_rtx_pro_6000_2, 1 GPU(s))
[2026-03-25 23:26:57] INFO     Eval config: checkpoints=full=/home/kingsley/projects/golf-research/experiments/baseline/artifacts_2x_rtx_pro_6000_2/checkpoint, step_1635_final_model_mxfp4 device=cuda:0 sequence_length=1024 batch_size=64 world_size=1
[2026-03-25 23:26:57] INFO     Tokenizer: /home/kingsley/github/parameter-golf/data/tokenizers/fineweb_1024_bpe.model
[2026-03-25 23:26:57] INFO     Validation data: /home/kingsley/github/parameter-golf/data/datasets/fineweb10B_sp1024/fineweb_val_*.bin
[2026-03-25 23:26:57] INFO     Loaded tokens=62.02M sequences=60.6K vocab_size=1024
[2026-03-25 23:26:57] INFO     Loading mxfp4 checkpoint: step_1635_final_model_mxfp4
[2026-03-25 23:26:57] INFO     Running mxfp4 evaluation (device=cuda:0)
[2026-03-25 23:27:01] INFO      - batch 10/947 loss=2.510 bpb=1.510
[2026-03-25 23:27:05] INFO      - batch 20/947 loss=2.529 bpb=1.512
[2026-03-25 23:27:09] INFO      - batch 30/947 loss=2.535 bpb=1.518
[2026-03-25 23:27:13] INFO      - batch 40/947 loss=2.524 bpb=1.515
[2026-03-25 23:27:16] INFO      - batch 50/947 loss=2.525 bpb=1.517
[2026-03-25 23:27:20] INFO      - batch 60/947 loss=2.519 bpb=1.514
[2026-03-25 23:27:24] INFO      - batch 70/947 loss=2.519 bpb=1.511
[2026-03-25 23:27:27] INFO      - batch 80/947 loss=2.522 bpb=1.513
[2026-03-25 23:27:31] INFO      - batch 90/947 loss=2.527 bpb=1.516
[2026-03-25 23:27:35] INFO      - batch 100/947 loss=2.530 bpb=1.519
[2026-03-25 23:27:38] INFO      - batch 110/947 loss=2.531 bpb=1.519
[2026-03-25 23:27:42] INFO      - batch 120/947 loss=2.532 bpb=1.520
[2026-03-25 23:27:46] INFO      - batch 130/947 loss=2.530 bpb=1.519
[2026-03-25 23:27:50] INFO      - batch 140/947 loss=2.531 bpb=1.519
[2026-03-25 23:27:53] INFO      - batch 150/947 loss=2.533 bpb=1.518
[2026-03-25 23:27:57] INFO      - batch 160/947 loss=2.535 bpb=1.518
[2026-03-25 23:28:01] INFO      - batch 170/947 loss=2.536 bpb=1.517
[2026-03-25 23:28:04] INFO      - batch 180/947 loss=2.539 bpb=1.519
[2026-03-25 23:28:08] INFO      - batch 190/947 loss=2.540 bpb=1.518
[2026-03-25 23:28:12] INFO      - batch 200/947 loss=2.540 bpb=1.518
[2026-03-25 23:28:15] INFO      - batch 210/947 loss=2.539 bpb=1.516
[2026-03-25 23:28:19] INFO      - batch 220/947 loss=2.540 bpb=1.515
[2026-03-25 23:28:23] INFO      - batch 230/947 loss=2.541 bpb=1.514
[2026-03-25 23:28:27] INFO      - batch 240/947 loss=2.541 bpb=1.513
[2026-03-25 23:28:30] INFO      - batch 250/947 loss=2.542 bpb=1.513
[2026-03-25 23:28:34] INFO      - batch 260/947 loss=2.540 bpb=1.512
[2026-03-25 23:28:38] INFO      - batch 270/947 loss=2.542 bpb=1.512
[2026-03-25 23:28:41] INFO      - batch 280/947 loss=2.542 bpb=1.511
[2026-03-25 23:28:45] INFO      - batch 290/947 loss=2.540 bpb=1.510
[2026-03-25 23:28:49] INFO      - batch 300/947 loss=2.540 bpb=1.509
[2026-03-25 23:28:53] INFO      - batch 310/947 loss=2.539 bpb=1.508
[2026-03-25 23:28:56] INFO      - batch 320/947 loss=2.538 bpb=1.507
[2026-03-25 23:29:00] INFO      - batch 330/947 loss=2.537 bpb=1.506
[2026-03-25 23:29:04] INFO      - batch 340/947 loss=2.536 bpb=1.505
[2026-03-25 23:29:07] INFO      - batch 350/947 loss=2.536 bpb=1.504
[2026-03-25 23:29:11] INFO      - batch 360/947 loss=2.535 bpb=1.504
[2026-03-25 23:29:15] INFO      - batch 370/947 loss=2.536 bpb=1.504
[2026-03-25 23:29:18] INFO      - batch 380/947 loss=2.535 bpb=1.504
[2026-03-25 23:29:22] INFO      - batch 390/947 loss=2.535 bpb=1.504
[2026-03-25 23:29:26] INFO      - batch 400/947 loss=2.535 bpb=1.504
[2026-03-25 23:29:30] INFO      - batch 410/947 loss=2.534 bpb=1.504
[2026-03-25 23:29:33] INFO      - batch 420/947 loss=2.533 bpb=1.504
[2026-03-25 23:29:37] INFO      - batch 430/947 loss=2.533 bpb=1.504
[2026-03-25 23:29:41] INFO      - batch 440/947 loss=2.533 bpb=1.504
[2026-03-25 23:29:44] INFO      - batch 450/947 loss=2.532 bpb=1.505
[2026-03-25 23:29:48] INFO      - batch 460/947 loss=2.531 bpb=1.504
[2026-03-25 23:29:52] INFO      - batch 470/947 loss=2.531 bpb=1.505
[2026-03-25 23:29:56] INFO      - batch 480/947 loss=2.532 bpb=1.505
[2026-03-25 23:29:59] INFO      - batch 490/947 loss=2.533 bpb=1.506
[2026-03-25 23:30:03] INFO      - batch 500/947 loss=2.533 bpb=1.506
[2026-03-25 23:30:07] INFO      - batch 510/947 loss=2.534 bpb=1.506
[2026-03-25 23:30:10] INFO      - batch 520/947 loss=2.536 bpb=1.507
[2026-03-25 23:30:14] INFO      - batch 530/947 loss=2.536 bpb=1.507
[2026-03-25 23:30:18] INFO      - batch 540/947 loss=2.537 bpb=1.507
[2026-03-25 23:30:21] INFO      - batch 550/947 loss=2.538 bpb=1.507
[2026-03-25 23:30:25] INFO      - batch 560/947 loss=2.537 bpb=1.507
[2026-03-25 23:30:29] INFO      - batch 570/947 loss=2.537 bpb=1.506
[2026-03-25 23:30:33] INFO      - batch 580/947 loss=2.537 bpb=1.506
[2026-03-25 23:30:36] INFO      - batch 590/947 loss=2.536 bpb=1.505
[2026-03-25 23:30:40] INFO      - batch 600/947 loss=2.537 bpb=1.505
[2026-03-25 23:30:44] INFO      - batch 610/947 loss=2.537 bpb=1.505
[2026-03-25 23:30:47] INFO      - batch 620/947 loss=2.537 bpb=1.504
[2026-03-25 23:30:51] INFO      - batch 630/947 loss=2.536 bpb=1.504
[2026-03-25 23:30:55] INFO      - batch 640/947 loss=2.535 bpb=1.503
[2026-03-25 23:30:58] INFO      - batch 650/947 loss=2.535 bpb=1.503
[2026-03-25 23:31:02] INFO      - batch 660/947 loss=2.534 bpb=1.502
[2026-03-25 23:31:06] INFO      - batch 670/947 loss=2.534 bpb=1.501
[2026-03-25 23:31:10] INFO      - batch 680/947 loss=2.534 bpb=1.501
[2026-03-25 23:31:13] INFO      - batch 690/947 loss=2.534 bpb=1.502
[2026-03-25 23:31:17] INFO      - batch 700/947 loss=2.534 bpb=1.502
[2026-03-25 23:31:21] INFO      - batch 710/947 loss=2.534 bpb=1.502
[2026-03-25 23:31:24] INFO      - batch 720/947 loss=2.535 bpb=1.503
[2026-03-25 23:31:28] INFO      - batch 730/947 loss=2.534 bpb=1.502
[2026-03-25 23:31:32] INFO      - batch 740/947 loss=2.535 bpb=1.503
[2026-03-25 23:31:35] INFO      - batch 750/947 loss=2.535 bpb=1.504
[2026-03-25 23:31:39] INFO      - batch 760/947 loss=2.535 bpb=1.504
[2026-03-25 23:31:43] INFO      - batch 770/947 loss=2.535 bpb=1.504
[2026-03-25 23:31:47] INFO      - batch 780/947 loss=2.536 bpb=1.505
[2026-03-25 23:31:50] INFO      - batch 790/947 loss=2.537 bpb=1.505
[2026-03-25 23:31:54] INFO      - batch 800/947 loss=2.538 bpb=1.505
[2026-03-25 23:31:58] INFO      - batch 810/947 loss=2.538 bpb=1.505
[2026-03-25 23:32:01] INFO      - batch 820/947 loss=2.538 bpb=1.505
[2026-03-25 23:32:05] INFO      - batch 830/947 loss=2.539 bpb=1.505
[2026-03-25 23:32:09] INFO      - batch 840/947 loss=2.539 bpb=1.506
[2026-03-25 23:32:13] INFO      - batch 850/947 loss=2.540 bpb=1.506
[2026-03-25 23:32:16] INFO      - batch 860/947 loss=2.540 bpb=1.506
[2026-03-25 23:32:20] INFO      - batch 870/947 loss=2.540 bpb=1.505
[2026-03-25 23:32:24] INFO      - batch 880/947 loss=2.540 bpb=1.505
[2026-03-25 23:32:27] INFO      - batch 890/947 loss=2.540 bpb=1.505
[2026-03-25 23:32:31] INFO      - batch 900/947 loss=2.539 bpb=1.504
[2026-03-25 23:32:35] INFO      - batch 910/947 loss=2.539 bpb=1.504
[2026-03-25 23:32:38] INFO      - batch 920/947 loss=2.539 bpb=1.504
[2026-03-25 23:32:42] INFO      - batch 930/947 loss=2.539 bpb=1.504
[2026-03-25 23:32:46] INFO      - batch 940/947 loss=2.538 bpb=1.503
[2026-03-25 23:32:48] INFO      - batch 947/947 loss=2.538 bpb=1.503
[2026-03-25 23:32:48] INFO     mxfp4 eval complete: val_bpb=1.503 compressed_bytes=8,637,990 in 350.8s
[2026-03-25 23:32:48] INFO     Report saved to /home/kingsley/projects/golf-research/experiments/baseline/artifacts_2x_rtx_pro_6000_2/eval_report.json
Quantizing: baseline (artifacts_2x_rtx_pro_6000_2, schemes=nvfp4, uncompressed)
[2026-03-25 23:32:55] INFO     Loading checkpoint: /home/kingsley/projects/golf-research/experiments/baseline/artifacts_2x_rtx_pro_6000_2/checkpoint/step_1635_final_model
[2026-03-25 23:32:55] INFO     Loading checkpoint from /home/kingsley/projects/golf-research/experiments/baseline/artifacts_2x_rtx_pro_6000_2/checkpoint/step_1635_final_model
[2026-03-25 23:32:55] INFO     Loaded model from /home/kingsley/projects/golf-research/experiments/baseline/artifacts_2x_rtx_pro_6000_2/checkpoint/step_1635_final_model (17,051,208 parameters)
[2026-03-25 23:32:55] INFO     Quantizing to nvfp4
[2026-03-25 23:32:56] INFO     nvfp4 (zstd): compressed=9,155,798 bytes serialized=10,030,347 bytes payload=9,958,768 bytes
[2026-03-25 23:32:56] INFO     nvfp4 roundtrip verified
[2026-03-25 23:32:56] INFO     Report saved to /home/kingsley/projects/golf-research/experiments/baseline/artifacts_2x_rtx_pro_6000_2/quant_report.json
Running evaluation: baseline (artifacts_2x_rtx_pro_6000_2, 1 GPU(s))
[2026-03-25 23:32:59] INFO     Eval config: checkpoints=full=/home/kingsley/projects/golf-research/experiments/baseline/artifacts_2x_rtx_pro_6000_2/checkpoint, step_1635_final_model_nvfp4 device=cuda:0 sequence_length=1024 batch_size=64 world_size=1
[2026-03-25 23:32:59] INFO     Tokenizer: /home/kingsley/github/parameter-golf/data/tokenizers/fineweb_1024_bpe.model
[2026-03-25 23:32:59] INFO     Validation data: /home/kingsley/github/parameter-golf/data/datasets/fineweb10B_sp1024/fineweb_val_*.bin
[2026-03-25 23:32:59] INFO     Loaded tokens=62.02M sequences=60.6K vocab_size=1024
[2026-03-25 23:32:59] INFO     Loading nvfp4 checkpoint: step_1635_final_model_nvfp4
[2026-03-25 23:32:59] INFO     Running nvfp4 evaluation (device=cuda:0)
[2026-03-25 23:33:03] INFO      - batch 10/947 loss=2.438 bpb=1.467
[2026-03-25 23:33:07] INFO      - batch 20/947 loss=2.460 bpb=1.471
[2026-03-25 23:33:11] INFO      - batch 30/947 loss=2.464 bpb=1.476
[2026-03-25 23:33:14] INFO      - batch 40/947 loss=2.453 bpb=1.473
[2026-03-25 23:33:18] INFO      - batch 50/947 loss=2.455 bpb=1.475
[2026-03-25 23:33:22] INFO      - batch 60/947 loss=2.448 bpb=1.471
[2026-03-25 23:33:26] INFO      - batch 70/947 loss=2.447 bpb=1.468
[2026-03-25 23:33:29] INFO      - batch 80/947 loss=2.450 bpb=1.470
[2026-03-25 23:33:33] INFO      - batch 90/947 loss=2.456 bpb=1.473
[2026-03-25 23:33:37] INFO      - batch 100/947 loss=2.458 bpb=1.476
[2026-03-25 23:33:40] INFO      - batch 110/947 loss=2.459 bpb=1.475
[2026-03-25 23:33:44] INFO      - batch 120/947 loss=2.459 bpb=1.476
[2026-03-25 23:33:48] INFO      - batch 130/947 loss=2.458 bpb=1.476
[2026-03-25 23:33:51] INFO      - batch 140/947 loss=2.458 bpb=1.475
[2026-03-25 23:33:55] INFO      - batch 150/947 loss=2.460 bpb=1.475
[2026-03-25 23:33:59] INFO      - batch 160/947 loss=2.463 bpb=1.475
[2026-03-25 23:34:03] INFO      - batch 170/947 loss=2.464 bpb=1.474
[2026-03-25 23:34:06] INFO      - batch 180/947 loss=2.466 bpb=1.476
[2026-03-25 23:34:10] INFO      - batch 190/947 loss=2.467 bpb=1.475
[2026-03-25 23:34:14] INFO      - batch 200/947 loss=2.468 bpb=1.474
[2026-03-25 23:34:17] INFO      - batch 210/947 loss=2.467 bpb=1.473
[2026-03-25 23:34:21] INFO      - batch 220/947 loss=2.468 bpb=1.472
[2026-03-25 23:34:25] INFO      - batch 230/947 loss=2.469 bpb=1.471
[2026-03-25 23:34:29] INFO      - batch 240/947 loss=2.469 bpb=1.470
[2026-03-25 23:34:32] INFO      - batch 250/947 loss=2.470 bpb=1.470
[2026-03-25 23:34:36] INFO      - batch 260/947 loss=2.468 bpb=1.469
[2026-03-25 23:34:40] INFO      - batch 270/947 loss=2.470 bpb=1.469
[2026-03-25 23:34:43] INFO      - batch 280/947 loss=2.470 bpb=1.468
[2026-03-25 23:34:47] INFO      - batch 290/947 loss=2.469 bpb=1.467
[2026-03-25 23:34:51] INFO      - batch 300/947 loss=2.468 bpb=1.466
[2026-03-25 23:34:54] INFO      - batch 310/947 loss=2.467 bpb=1.466
[2026-03-25 23:34:58] INFO      - batch 320/947 loss=2.466 bpb=1.464
[2026-03-25 23:35:02] INFO      - batch 330/947 loss=2.466 bpb=1.464
[2026-03-25 23:35:06] INFO      - batch 340/947 loss=2.465 bpb=1.463
[2026-03-25 23:35:09] INFO      - batch 350/947 loss=2.465 bpb=1.462
[2026-03-25 23:35:13] INFO      - batch 360/947 loss=2.464 bpb=1.462
[2026-03-25 23:35:17] INFO      - batch 370/947 loss=2.465 bpb=1.462
[2026-03-25 23:35:20] INFO      - batch 380/947 loss=2.464 bpb=1.462
[2026-03-25 23:35:24] INFO      - batch 390/947 loss=2.464 bpb=1.462
[2026-03-25 23:35:28] INFO      - batch 400/947 loss=2.463 bpb=1.461
[2026-03-25 23:35:32] INFO      - batch 410/947 loss=2.463 bpb=1.461
[2026-03-25 23:35:35] INFO      - batch 420/947 loss=2.462 bpb=1.461
[2026-03-25 23:35:39] INFO      - batch 430/947 loss=2.462 bpb=1.462
[2026-03-25 23:35:43] INFO      - batch 440/947 loss=2.462 bpb=1.462
[2026-03-25 23:35:46] INFO      - batch 450/947 loss=2.460 bpb=1.462
[2026-03-25 23:35:50] INFO      - batch 460/947 loss=2.460 bpb=1.462
[2026-03-25 23:35:54] INFO      - batch 470/947 loss=2.459 bpb=1.462
[2026-03-25 23:35:57] INFO      - batch 480/947 loss=2.460 bpb=1.463
[2026-03-25 23:36:01] INFO      - batch 490/947 loss=2.462 bpb=1.463
[2026-03-25 23:36:05] INFO      - batch 500/947 loss=2.462 bpb=1.463
[2026-03-25 23:36:09] INFO      - batch 510/947 loss=2.463 bpb=1.464
[2026-03-25 23:36:12] INFO      - batch 520/947 loss=2.465 bpb=1.464
[2026-03-25 23:36:16] INFO      - batch 530/947 loss=2.465 bpb=1.464
[2026-03-25 23:36:20] INFO      - batch 540/947 loss=2.465 bpb=1.464
[2026-03-25 23:36:23] INFO      - batch 550/947 loss=2.467 bpb=1.465
[2026-03-25 23:36:27] INFO      - batch 560/947 loss=2.466 bpb=1.464
[2026-03-25 23:36:31] INFO      - batch 570/947 loss=2.465 bpb=1.464
[2026-03-25 23:36:35] INFO      - batch 580/947 loss=2.466 bpb=1.463
[2026-03-25 23:36:38] INFO      - batch 590/947 loss=2.465 bpb=1.463
[2026-03-25 23:36:42] INFO      - batch 600/947 loss=2.466 bpb=1.463
[2026-03-25 23:36:46] INFO      - batch 610/947 loss=2.466 bpb=1.463
[2026-03-25 23:36:49] INFO      - batch 620/947 loss=2.466 bpb=1.462
[2026-03-25 23:36:53] INFO      - batch 630/947 loss=2.465 bpb=1.462
[2026-03-25 23:36:57] INFO      - batch 640/947 loss=2.464 bpb=1.461
[2026-03-25 23:37:00] INFO      - batch 650/947 loss=2.464 bpb=1.460
[2026-03-25 23:37:04] INFO      - batch 660/947 loss=2.463 bpb=1.460
[2026-03-25 23:37:08] INFO      - batch 670/947 loss=2.463 bpb=1.459
[2026-03-25 23:37:12] INFO      - batch 680/947 loss=2.463 bpb=1.459
[2026-03-25 23:37:15] INFO      - batch 690/947 loss=2.464 bpb=1.460
[2026-03-25 23:37:19] INFO      - batch 700/947 loss=2.463 bpb=1.460
[2026-03-25 23:37:23] INFO      - batch 710/947 loss=2.463 bpb=1.460
[2026-03-25 23:37:26] INFO      - batch 720/947 loss=2.464 bpb=1.460
[2026-03-25 23:37:30] INFO      - batch 730/947 loss=2.463 bpb=1.460
[2026-03-25 23:37:34] INFO      - batch 740/947 loss=2.464 bpb=1.461
[2026-03-25 23:37:37] INFO      - batch 750/947 loss=2.464 bpb=1.462
[2026-03-25 23:37:41] INFO      - batch 760/947 loss=2.464 bpb=1.462
[2026-03-25 23:37:45] INFO      - batch 770/947 loss=2.464 bpb=1.462
[2026-03-25 23:37:49] INFO      - batch 780/947 loss=2.465 bpb=1.462
[2026-03-25 23:37:52] INFO      - batch 790/947 loss=2.465 bpb=1.463
[2026-03-25 23:37:56] INFO      - batch 800/947 loss=2.466 bpb=1.463
[2026-03-25 23:38:00] INFO      - batch 810/947 loss=2.467 bpb=1.463
[2026-03-25 23:38:03] INFO      - batch 820/947 loss=2.467 bpb=1.463
[2026-03-25 23:38:07] INFO      - batch 830/947 loss=2.467 bpb=1.463
[2026-03-25 23:38:11] INFO      - batch 840/947 loss=2.468 bpb=1.463
[2026-03-25 23:38:15] INFO      - batch 850/947 loss=2.469 bpb=1.464
[2026-03-25 23:38:18] INFO      - batch 860/947 loss=2.469 bpb=1.464
[2026-03-25 23:38:22] INFO      - batch 870/947 loss=2.468 bpb=1.463
[2026-03-25 23:38:26] INFO      - batch 880/947 loss=2.469 bpb=1.463
[2026-03-25 23:38:29] INFO      - batch 890/947 loss=2.468 bpb=1.463
[2026-03-25 23:38:33] INFO      - batch 900/947 loss=2.468 bpb=1.462
[2026-03-25 23:38:37] INFO      - batch 910/947 loss=2.468 bpb=1.462
[2026-03-25 23:38:40] INFO      - batch 920/947 loss=2.468 bpb=1.462
[2026-03-25 23:38:44] INFO      - batch 930/947 loss=2.467 bpb=1.461
[2026-03-25 23:38:48] INFO      - batch 940/947 loss=2.467 bpb=1.461
[2026-03-25 23:38:50] INFO      - batch 947/947 loss=2.467 bpb=1.461
[2026-03-25 23:38:50] INFO     nvfp4 eval complete: val_bpb=1.461 compressed_bytes=9,155,798 in 350.9s
[2026-03-25 23:38:50] INFO     Report saved to /home/kingsley/projects/golf-research/experiments/baseline/artifacts_2x_rtx_pro_6000_2/eval_report.json
