Quantizing: baseline (artifacts_8x_rtx_pro_6000_2, schemes=int6,int8,mxfp4,nvfp4, uncompressed)
[2026-03-23 18:01:31] INFO     Loading checkpoint: /home/kingsley/projects/golf-research/experiments/baseline/artifacts_8x_rtx_pro_6000_2/checkpoint/step_1996_final_model
Traceback (most recent call last):
  File "/home/kingsley/projects/golf-research/scripts/quant.py", line 758, in <module>
    main()
  File "/home/kingsley/projects/golf-research/.venv/lib/python3.12/site-packages/click/core.py", line 1161, in __call__
    return self.main(*args, **kwargs)
           ^^^^^^^^^^^^^^^^^^^^^^^^^^
  File "/home/kingsley/projects/golf-research/.venv/lib/python3.12/site-packages/click/core.py", line 1082, in main
    rv = self.invoke(ctx)
         ^^^^^^^^^^^^^^^^
  File "/home/kingsley/projects/golf-research/.venv/lib/python3.12/site-packages/click/core.py", line 1443, in invoke
    return ctx.invoke(self.callback, **ctx.params)
           ^^^^^^^^^^^^^^^^^^^^^^^^^^^^^^^^^^^^^^^
  File "/home/kingsley/projects/golf-research/.venv/lib/python3.12/site-packages/click/core.py", line 788, in invoke
    return __callback(*args, **kwargs)
           ^^^^^^^^^^^^^^^^^^^^^^^^^^^
  File "/home/kingsley/projects/golf-research/scripts/quant.py", line 729, in main
    model = Model.from_checkpoint(checkpoint_path, device="cpu", step=step)
            ^^^^^^^^^^^^^^^^^^^^^^^^^^^^^^^^^^^^^^^^^^^^^^^^^^^^^^^^^^^^^^^
TypeError: Model.from_checkpoint() got an unexpected keyword argument 'step'
Quantizing: baseline (artifacts_8x_rtx_pro_6000_2, schemes=int6,int8,mxfp4,nvfp4, uncompressed)
[2026-03-23 18:03:26] INFO     Loading checkpoint: /home/kingsley/projects/golf-research/experiments/baseline/artifacts_8x_rtx_pro_6000_2/checkpoint/step_1996_final_model
[2026-03-23 18:03:26] INFO     Loading checkpoint from /home/kingsley/projects/golf-research/experiments/baseline/artifacts_8x_rtx_pro_6000_2/checkpoint/step_1996_final_model
[2026-03-23 18:03:26] INFO     Loaded model from /home/kingsley/projects/golf-research/experiments/baseline/artifacts_8x_rtx_pro_6000_2/checkpoint/step_1996_final_model (17,051,208 parameters)
[2026-03-23 18:03:26] INFO     Quantizing to int6
[2026-03-23 18:03:27] INFO     int6 (zstd): compressed=12,239,856 bytes serialized=13,370,107 bytes payload=13,311,120 bytes
[2026-03-23 18:03:28] INFO     int6 roundtrip verified
[2026-03-23 18:03:28] INFO     Quantizing to int8
[2026-03-23 18:03:35] INFO     int8 (zstd): compressed=11,877,018 bytes serialized=17,759,611 bytes payload=17,702,032 bytes
[2026-03-23 18:03:35] INFO     int8 roundtrip verified
[2026-03-23 18:03:35] INFO     Quantizing to mxfp4
[2026-03-23 18:03:37] INFO     mxfp4 (zstd): compressed=8,449,228 bytes serialized=11,113,787 bytes payload=11,056,272 bytes
[2026-03-23 18:03:37] INFO     mxfp4 roundtrip verified
[2026-03-23 18:03:37] INFO     Quantizing to nvfp4
[2026-03-23 18:03:38] INFO     nvfp4 (zstd): compressed=8,706,819 bytes serialized=10,030,347 bytes payload=9,958,768 bytes
[2026-03-23 18:03:38] INFO     nvfp4 roundtrip verified
[2026-03-23 18:03:38] INFO     Report saved to /home/kingsley/projects/golf-research/experiments/baseline/artifacts_8x_rtx_pro_6000_2/quant_report.json
Running evaluation: baseline (artifacts_8x_rtx_pro_6000_2, 1 GPU(s))
[2026-03-23 18:26:59] INFO     Eval config: checkpoints=full=/home/kingsley/projects/golf-research/experiments/baseline/artifacts_8x_rtx_pro_6000_2/checkpoint, step_1996_final_model_int6 device=cuda:0 sequence_length=1024 batch_size=64 world_size=1
[2026-03-23 18:26:59] INFO     Tokenizer: /home/kingsley/github/parameter-golf/data/tokenizers/fineweb_1024_bpe.model
[2026-03-23 18:26:59] INFO     Validation data: /home/kingsley/github/parameter-golf/data/datasets/fineweb10B_sp1024/fineweb_val_*.bin
[2026-03-23 18:26:59] INFO     Loaded tokens=62.02M sequences=60.6K vocab_size=1024
[2026-03-23 18:26:59] INFO     Loading int6 checkpoint: step_1996_final_model_int6
[2026-03-23 18:27:00] INFO     Running int6 evaluation (device=cuda:0)
[2026-03-23 18:27:04] INFO      - batch 10/947 loss=2.263 bpb=1.362
[2026-03-23 18:27:07] INFO      - batch 20/947 loss=2.283 bpb=1.365
[2026-03-23 18:27:11] INFO      - batch 30/947 loss=2.287 bpb=1.370
[2026-03-23 18:27:14] INFO      - batch 40/947 loss=2.277 bpb=1.367
[2026-03-23 18:27:18] INFO      - batch 50/947 loss=2.277 bpb=1.368
[2026-03-23 18:27:21] INFO      - batch 60/947 loss=2.271 bpb=1.365
[2026-03-23 18:27:25] INFO      - batch 70/947 loss=2.271 bpb=1.363
[2026-03-23 18:27:28] INFO      - batch 80/947 loss=2.274 bpb=1.364
[2026-03-23 18:27:32] INFO      - batch 90/947 loss=2.279 bpb=1.367
[2026-03-23 18:27:35] INFO      - batch 100/947 loss=2.281 bpb=1.370
[2026-03-23 18:27:39] INFO      - batch 110/947 loss=2.282 bpb=1.369
[2026-03-23 18:27:42] INFO      - batch 120/947 loss=2.282 bpb=1.370
[2026-03-23 18:27:46] INFO      - batch 130/947 loss=2.281 bpb=1.369
[2026-03-23 18:27:49] INFO      - batch 140/947 loss=2.281 bpb=1.369
[2026-03-23 18:27:53] INFO      - batch 150/947 loss=2.283 bpb=1.368
[2026-03-23 18:27:57] INFO      - batch 160/947 loss=2.286 bpb=1.369
[2026-03-23 18:28:00] INFO      - batch 170/947 loss=2.287 bpb=1.368
[2026-03-23 18:28:04] INFO      - batch 180/947 loss=2.289 bpb=1.370
[2026-03-23 18:28:07] INFO      - batch 190/947 loss=2.290 bpb=1.369
[2026-03-23 18:28:11] INFO      - batch 200/947 loss=2.290 bpb=1.369
[2026-03-23 18:28:14] INFO      - batch 210/947 loss=2.290 bpb=1.367
[2026-03-23 18:28:18] INFO      - batch 220/947 loss=2.291 bpb=1.367
[2026-03-23 18:28:21] INFO      - batch 230/947 loss=2.292 bpb=1.366
[2026-03-23 18:28:25] INFO      - batch 240/947 loss=2.292 bpb=1.365
[2026-03-23 18:28:28] INFO      - batch 250/947 loss=2.293 bpb=1.365
[2026-03-23 18:28:32] INFO      - batch 260/947 loss=2.291 bpb=1.364
[2026-03-23 18:28:35] INFO      - batch 270/947 loss=2.293 bpb=1.364
[2026-03-23 18:28:39] INFO      - batch 280/947 loss=2.293 bpb=1.363
[2026-03-23 18:28:42] INFO      - batch 290/947 loss=2.292 bpb=1.362
[2026-03-23 18:28:46] INFO      - batch 300/947 loss=2.291 bpb=1.361
[2026-03-23 18:28:50] INFO      - batch 310/947 loss=2.290 bpb=1.361
[2026-03-23 18:28:53] INFO      - batch 320/947 loss=2.290 bpb=1.360
[2026-03-23 18:28:57] INFO      - batch 330/947 loss=2.289 bpb=1.359
[2026-03-23 18:29:00] INFO      - batch 340/947 loss=2.288 bpb=1.358
[2026-03-23 18:29:04] INFO      - batch 350/947 loss=2.288 bpb=1.357
[2026-03-23 18:29:07] INFO      - batch 360/947 loss=2.288 bpb=1.357
[2026-03-23 18:29:11] INFO      - batch 370/947 loss=2.288 bpb=1.357
[2026-03-23 18:29:14] INFO      - batch 380/947 loss=2.288 bpb=1.357
[2026-03-23 18:29:18] INFO      - batch 390/947 loss=2.287 bpb=1.357
[2026-03-23 18:29:21] INFO      - batch 400/947 loss=2.287 bpb=1.357
[2026-03-23 18:29:25] INFO      - batch 410/947 loss=2.286 bpb=1.357
[2026-03-23 18:29:28] INFO      - batch 420/947 loss=2.285 bpb=1.356
[2026-03-23 18:29:32] INFO      - batch 430/947 loss=2.285 bpb=1.357
[2026-03-23 18:29:35] INFO      - batch 440/947 loss=2.285 bpb=1.357
[2026-03-23 18:29:39] INFO      - batch 450/947 loss=2.284 bpb=1.357
[2026-03-23 18:29:43] INFO      - batch 460/947 loss=2.283 bpb=1.357
[2026-03-23 18:29:46] INFO      - batch 470/947 loss=2.283 bpb=1.357
[2026-03-23 18:29:50] INFO      - batch 480/947 loss=2.284 bpb=1.358
[2026-03-23 18:29:53] INFO      - batch 490/947 loss=2.285 bpb=1.358
[2026-03-23 18:29:57] INFO      - batch 500/947 loss=2.285 bpb=1.358
[2026-03-23 18:30:00] INFO      - batch 510/947 loss=2.286 bpb=1.359
[2026-03-23 18:30:04] INFO      - batch 520/947 loss=2.288 bpb=1.359
[2026-03-23 18:30:07] INFO      - batch 530/947 loss=2.288 bpb=1.359
[2026-03-23 18:30:11] INFO      - batch 540/947 loss=2.289 bpb=1.359
[2026-03-23 18:30:14] INFO      - batch 550/947 loss=2.290 bpb=1.360
[2026-03-23 18:30:18] INFO      - batch 560/947 loss=2.289 bpb=1.359
[2026-03-23 18:30:21] INFO      - batch 570/947 loss=2.289 bpb=1.359
[2026-03-23 18:30:25] INFO      - batch 580/947 loss=2.289 bpb=1.359
[2026-03-23 18:30:28] INFO      - batch 590/947 loss=2.289 bpb=1.358
[2026-03-23 18:30:32] INFO      - batch 600/947 loss=2.290 bpb=1.358
[2026-03-23 18:30:35] INFO      - batch 610/947 loss=2.289 bpb=1.358
[2026-03-23 18:30:39] INFO      - batch 620/947 loss=2.289 bpb=1.358
[2026-03-23 18:30:43] INFO      - batch 630/947 loss=2.288 bpb=1.357
[2026-03-23 18:30:46] INFO      - batch 640/947 loss=2.288 bpb=1.356
[2026-03-23 18:30:50] INFO      - batch 650/947 loss=2.288 bpb=1.356
[2026-03-23 18:30:53] INFO      - batch 660/947 loss=2.287 bpb=1.355
[2026-03-23 18:30:57] INFO      - batch 670/947 loss=2.287 bpb=1.355
[2026-03-23 18:31:00] INFO      - batch 680/947 loss=2.287 bpb=1.355
[2026-03-23 18:31:04] INFO      - batch 690/947 loss=2.287 bpb=1.355
[2026-03-23 18:31:07] INFO      - batch 700/947 loss=2.287 bpb=1.355
[2026-03-23 18:31:11] INFO      - batch 710/947 loss=2.287 bpb=1.355
[2026-03-23 18:31:14] INFO      - batch 720/947 loss=2.287 bpb=1.356
[2026-03-23 18:31:18] INFO      - batch 730/947 loss=2.287 bpb=1.356
[2026-03-23 18:31:21] INFO      - batch 740/947 loss=2.287 bpb=1.356
[2026-03-23 18:31:25] INFO      - batch 750/947 loss=2.287 bpb=1.357
[2026-03-23 18:31:28] INFO      - batch 760/947 loss=2.287 bpb=1.357
[2026-03-23 18:31:32] INFO      - batch 770/947 loss=2.288 bpb=1.357
[2026-03-23 18:31:36] INFO      - batch 780/947 loss=2.288 bpb=1.358
[2026-03-23 18:31:39] INFO      - batch 790/947 loss=2.289 bpb=1.358
[2026-03-23 18:31:43] INFO      - batch 800/947 loss=2.290 bpb=1.358
[2026-03-23 18:31:46] INFO      - batch 810/947 loss=2.290 bpb=1.358
[2026-03-23 18:31:50] INFO      - batch 820/947 loss=2.290 bpb=1.358
[2026-03-23 18:31:53] INFO      - batch 830/947 loss=2.291 bpb=1.358
[2026-03-23 18:31:57] INFO      - batch 840/947 loss=2.291 bpb=1.359
[2026-03-23 18:32:00] INFO      - batch 850/947 loss=2.292 bpb=1.359
[2026-03-23 18:32:04] INFO      - batch 860/947 loss=2.292 bpb=1.359
[2026-03-23 18:32:07] INFO      - batch 870/947 loss=2.292 bpb=1.358
[2026-03-23 18:32:11] INFO      - batch 880/947 loss=2.292 bpb=1.358
[2026-03-23 18:32:14] INFO      - batch 890/947 loss=2.292 bpb=1.358
[2026-03-23 18:32:18] INFO      - batch 900/947 loss=2.291 bpb=1.358
[2026-03-23 18:32:21] INFO      - batch 910/947 loss=2.291 bpb=1.357
[2026-03-23 18:32:25] INFO      - batch 920/947 loss=2.291 bpb=1.357
[2026-03-23 18:32:28] INFO      - batch 930/947 loss=2.291 bpb=1.357
[2026-03-23 18:32:32] INFO      - batch 940/947 loss=2.290 bpb=1.357
[2026-03-23 18:32:34] INFO      - batch 947/947 loss=2.290 bpb=1.357
[2026-03-23 18:32:34] INFO     int6 eval complete: val_bpb=1.357 compressed_bytes=12,239,856 in 334.6s
[2026-03-23 18:32:34] INFO     Report saved to /home/kingsley/projects/golf-research/experiments/baseline/artifacts_8x_rtx_pro_6000_2/eval_report.json
Running evaluation: baseline (artifacts_8x_rtx_pro_6000_2, 1 GPU(s))
[2026-03-23 18:32:42] INFO     Eval config: checkpoints=full=/home/kingsley/projects/golf-research/experiments/baseline/artifacts_8x_rtx_pro_6000_2/checkpoint, step_1996_final_model_int8 device=cuda:0 sequence_length=1024 batch_size=64 world_size=1
[2026-03-23 18:32:42] INFO     Tokenizer: /home/kingsley/github/parameter-golf/data/tokenizers/fineweb_1024_bpe.model
[2026-03-23 18:32:42] INFO     Validation data: /home/kingsley/github/parameter-golf/data/datasets/fineweb10B_sp1024/fineweb_val_*.bin
[2026-03-23 18:32:42] INFO     Loaded tokens=62.02M sequences=60.6K vocab_size=1024
[2026-03-23 18:32:42] INFO     Loading int8 checkpoint: step_1996_final_model_int8
[2026-03-23 18:32:42] INFO     Running int8 evaluation (device=cuda:0)
[2026-03-23 18:32:46] INFO      - batch 10/947 loss=2.264 bpb=1.362
[2026-03-23 18:32:50] INFO      - batch 20/947 loss=2.284 bpb=1.365
[2026-03-23 18:32:53] INFO      - batch 30/947 loss=2.288 bpb=1.370
[2026-03-23 18:32:57] INFO      - batch 40/947 loss=2.278 bpb=1.368
[2026-03-23 18:33:00] INFO      - batch 50/947 loss=2.278 bpb=1.369
[2026-03-23 18:33:04] INFO      - batch 60/947 loss=2.272 bpb=1.366
[2026-03-23 18:33:07] INFO      - batch 70/947 loss=2.272 bpb=1.363
[2026-03-23 18:33:11] INFO      - batch 80/947 loss=2.275 bpb=1.365
[2026-03-23 18:33:14] INFO      - batch 90/947 loss=2.280 bpb=1.367
[2026-03-23 18:33:18] INFO      - batch 100/947 loss=2.283 bpb=1.370
[2026-03-23 18:33:22] INFO      - batch 110/947 loss=2.283 bpb=1.370
[2026-03-23 18:33:25] INFO      - batch 120/947 loss=2.283 bpb=1.371
[2026-03-23 18:33:29] INFO      - batch 130/947 loss=2.282 bpb=1.370
[2026-03-23 18:33:32] INFO      - batch 140/947 loss=2.282 bpb=1.369
[2026-03-23 18:33:36] INFO      - batch 150/947 loss=2.284 bpb=1.369
[2026-03-23 18:33:39] INFO      - batch 160/947 loss=2.287 bpb=1.369
[2026-03-23 18:33:43] INFO      - batch 170/947 loss=2.288 bpb=1.368
[2026-03-23 18:33:46] INFO      - batch 180/947 loss=2.290 bpb=1.370
[2026-03-23 18:33:50] INFO      - batch 190/947 loss=2.291 bpb=1.370
[2026-03-23 18:33:53] INFO      - batch 200/947 loss=2.292 bpb=1.369
[2026-03-23 18:33:57] INFO      - batch 210/947 loss=2.291 bpb=1.368
[2026-03-23 18:34:00] INFO      - batch 220/947 loss=2.292 bpb=1.367
[2026-03-23 18:34:04] INFO      - batch 230/947 loss=2.293 bpb=1.367
[2026-03-23 18:34:08] INFO      - batch 240/947 loss=2.293 bpb=1.366
[2026-03-23 18:34:11] INFO      - batch 250/947 loss=2.294 bpb=1.365
[2026-03-23 18:34:15] INFO      - batch 260/947 loss=2.293 bpb=1.364
[2026-03-23 18:34:18] INFO      - batch 270/947 loss=2.294 bpb=1.365
[2026-03-23 18:34:22] INFO      - batch 280/947 loss=2.294 bpb=1.364
[2026-03-23 18:34:25] INFO      - batch 290/947 loss=2.293 bpb=1.363
[2026-03-23 18:34:29] INFO      - batch 300/947 loss=2.292 bpb=1.362
[2026-03-23 18:34:32] INFO      - batch 310/947 loss=2.292 bpb=1.361
[2026-03-23 18:34:36] INFO      - batch 320/947 loss=2.291 bpb=1.360
[2026-03-23 18:34:39] INFO      - batch 330/947 loss=2.290 bpb=1.359
[2026-03-23 18:34:43] INFO      - batch 340/947 loss=2.289 bpb=1.358
[2026-03-23 18:34:46] INFO      - batch 350/947 loss=2.289 bpb=1.358
[2026-03-23 18:34:50] INFO      - batch 360/947 loss=2.289 bpb=1.358
[2026-03-23 18:34:54] INFO      - batch 370/947 loss=2.289 bpb=1.358
[2026-03-23 18:34:57] INFO      - batch 380/947 loss=2.289 bpb=1.357
[2026-03-23 18:35:01] INFO      - batch 390/947 loss=2.288 bpb=1.357
[2026-03-23 18:35:04] INFO      - batch 400/947 loss=2.288 bpb=1.357
[2026-03-23 18:35:08] INFO      - batch 410/947 loss=2.287 bpb=1.357
[2026-03-23 18:35:11] INFO      - batch 420/947 loss=2.286 bpb=1.357
[2026-03-23 18:35:15] INFO      - batch 430/947 loss=2.286 bpb=1.357
[2026-03-23 18:35:18] INFO      - batch 440/947 loss=2.286 bpb=1.358
[2026-03-23 18:35:22] INFO      - batch 450/947 loss=2.285 bpb=1.358
[2026-03-23 18:35:25] INFO      - batch 460/947 loss=2.284 bpb=1.358
[2026-03-23 18:35:29] INFO      - batch 470/947 loss=2.284 bpb=1.358
[2026-03-23 18:35:32] INFO      - batch 480/947 loss=2.285 bpb=1.358
[2026-03-23 18:35:36] INFO      - batch 490/947 loss=2.286 bpb=1.359
[2026-03-23 18:35:40] INFO      - batch 500/947 loss=2.286 bpb=1.359
[2026-03-23 18:35:43] INFO      - batch 510/947 loss=2.287 bpb=1.359
[2026-03-23 18:35:47] INFO      - batch 520/947 loss=2.289 bpb=1.360
[2026-03-23 18:35:50] INFO      - batch 530/947 loss=2.289 bpb=1.360
[2026-03-23 18:35:54] INFO      - batch 540/947 loss=2.290 bpb=1.360
[2026-03-23 18:35:57] INFO      - batch 550/947 loss=2.291 bpb=1.360
[2026-03-23 18:36:01] INFO      - batch 560/947 loss=2.290 bpb=1.360
[2026-03-23 18:36:04] INFO      - batch 570/947 loss=2.290 bpb=1.359
[2026-03-23 18:36:08] INFO      - batch 580/947 loss=2.290 bpb=1.359
[2026-03-23 18:36:11] INFO      - batch 590/947 loss=2.290 bpb=1.359
[2026-03-23 18:36:15] INFO      - batch 600/947 loss=2.291 bpb=1.359
[2026-03-23 18:36:18] INFO      - batch 610/947 loss=2.290 bpb=1.359
[2026-03-23 18:36:22] INFO      - batch 620/947 loss=2.290 bpb=1.358
[2026-03-23 18:36:25] INFO      - batch 630/947 loss=2.289 bpb=1.358
[2026-03-23 18:36:29] INFO      - batch 640/947 loss=2.289 bpb=1.357
[2026-03-23 18:36:33] INFO      - batch 650/947 loss=2.289 bpb=1.356
[2026-03-23 18:36:36] INFO      - batch 660/947 loss=2.288 bpb=1.356
[2026-03-23 18:36:40] INFO      - batch 670/947 loss=2.288 bpb=1.355
[2026-03-23 18:36:43] INFO      - batch 680/947 loss=2.288 bpb=1.355
[2026-03-23 18:36:47] INFO      - batch 690/947 loss=2.288 bpb=1.356
[2026-03-23 18:36:50] INFO      - batch 700/947 loss=2.288 bpb=1.356
[2026-03-23 18:36:54] INFO      - batch 710/947 loss=2.288 bpb=1.356
[2026-03-23 18:36:57] INFO      - batch 720/947 loss=2.288 bpb=1.356
[2026-03-23 18:37:01] INFO      - batch 730/947 loss=2.288 bpb=1.356
[2026-03-23 18:37:04] INFO      - batch 740/947 loss=2.288 bpb=1.357
[2026-03-23 18:37:08] INFO      - batch 750/947 loss=2.288 bpb=1.357
[2026-03-23 18:37:11] INFO      - batch 760/947 loss=2.288 bpb=1.358
[2026-03-23 18:37:15] INFO      - batch 770/947 loss=2.289 bpb=1.358
[2026-03-23 18:37:18] INFO      - batch 780/947 loss=2.289 bpb=1.358
[2026-03-23 18:37:22] INFO      - batch 790/947 loss=2.290 bpb=1.359
[2026-03-23 18:37:26] INFO      - batch 800/947 loss=2.291 bpb=1.359
[2026-03-23 18:37:29] INFO      - batch 810/947 loss=2.291 bpb=1.359
[2026-03-23 18:37:33] INFO      - batch 820/947 loss=2.291 bpb=1.359
[2026-03-23 18:37:36] INFO      - batch 830/947 loss=2.292 bpb=1.359
[2026-03-23 18:37:40] INFO      - batch 840/947 loss=2.292 bpb=1.359
[2026-03-23 18:37:43] INFO      - batch 850/947 loss=2.293 bpb=1.360
[2026-03-23 18:37:47] INFO      - batch 860/947 loss=2.293 bpb=1.359
[2026-03-23 18:37:50] INFO      - batch 870/947 loss=2.293 bpb=1.359
[2026-03-23 18:37:54] INFO      - batch 880/947 loss=2.293 bpb=1.359
[2026-03-23 18:37:57] INFO      - batch 890/947 loss=2.293 bpb=1.359
[2026-03-23 18:38:01] INFO      - batch 900/947 loss=2.292 bpb=1.358
[2026-03-23 18:38:04] INFO      - batch 910/947 loss=2.293 bpb=1.358
[2026-03-23 18:38:08] INFO      - batch 920/947 loss=2.292 bpb=1.358
[2026-03-23 18:38:12] INFO      - batch 930/947 loss=2.292 bpb=1.357
[2026-03-23 18:38:15] INFO      - batch 940/947 loss=2.291 bpb=1.357
[2026-03-23 18:38:17] INFO      - batch 947/947 loss=2.292 bpb=1.357
[2026-03-23 18:38:17] INFO     int8 eval complete: val_bpb=1.357 compressed_bytes=11,877,018 in 335.1s
[2026-03-23 18:38:17] INFO     Report saved to /home/kingsley/projects/golf-research/experiments/baseline/artifacts_8x_rtx_pro_6000_2/eval_report.json
Running evaluation: baseline (artifacts_8x_rtx_pro_6000_2, 1 GPU(s))
[2026-03-23 18:38:25] INFO     Eval config: checkpoints=full=/home/kingsley/projects/golf-research/experiments/baseline/artifacts_8x_rtx_pro_6000_2/checkpoint, step_1996_final_model_mxfp4 device=cuda:0 sequence_length=1024 batch_size=64 world_size=1
[2026-03-23 18:38:25] INFO     Tokenizer: /home/kingsley/github/parameter-golf/data/tokenizers/fineweb_1024_bpe.model
[2026-03-23 18:38:25] INFO     Validation data: /home/kingsley/github/parameter-golf/data/datasets/fineweb10B_sp1024/fineweb_val_*.bin
[2026-03-23 18:38:25] INFO     Loaded tokens=62.02M sequences=60.6K vocab_size=1024
[2026-03-23 18:38:25] INFO     Loading mxfp4 checkpoint: step_1996_final_model_mxfp4
[2026-03-23 18:38:25] INFO     Running mxfp4 evaluation (device=cuda:0)
[2026-03-23 18:38:29] INFO      - batch 10/947 loss=2.614 bpb=1.572
[2026-03-23 18:38:33] INFO      - batch 20/947 loss=2.632 bpb=1.573
[2026-03-23 18:38:36] INFO      - batch 30/947 loss=2.636 bpb=1.579
[2026-03-23 18:38:40] INFO      - batch 40/947 loss=2.627 bpb=1.577
[2026-03-23 18:38:43] INFO      - batch 50/947 loss=2.627 bpb=1.578
[2026-03-23 18:38:47] INFO      - batch 60/947 loss=2.621 bpb=1.576
[2026-03-23 18:38:50] INFO      - batch 70/947 loss=2.621 bpb=1.572
[2026-03-23 18:38:54] INFO      - batch 80/947 loss=2.624 bpb=1.574
[2026-03-23 18:38:57] INFO      - batch 90/947 loss=2.629 bpb=1.577
[2026-03-23 18:39:01] INFO      - batch 100/947 loss=2.632 bpb=1.580
[2026-03-23 18:39:05] INFO      - batch 110/947 loss=2.633 bpb=1.580
[2026-03-23 18:39:08] INFO      - batch 120/947 loss=2.633 bpb=1.581
[2026-03-23 18:39:12] INFO      - batch 130/947 loss=2.632 bpb=1.580
[2026-03-23 18:39:15] INFO      - batch 140/947 loss=2.632 bpb=1.579
[2026-03-23 18:39:19] INFO      - batch 150/947 loss=2.634 bpb=1.579
[2026-03-23 18:39:22] INFO      - batch 160/947 loss=2.636 bpb=1.579
[2026-03-23 18:39:26] INFO      - batch 170/947 loss=2.637 bpb=1.577
[2026-03-23 18:39:29] INFO      - batch 180/947 loss=2.639 bpb=1.579
[2026-03-23 18:39:33] INFO      - batch 190/947 loss=2.640 bpb=1.578
[2026-03-23 18:39:36] INFO      - batch 200/947 loss=2.640 bpb=1.578
[2026-03-23 18:39:40] INFO      - batch 210/947 loss=2.639 bpb=1.576
[2026-03-23 18:39:43] INFO      - batch 220/947 loss=2.640 bpb=1.575
[2026-03-23 18:39:47] INFO      - batch 230/947 loss=2.641 bpb=1.574
[2026-03-23 18:39:51] INFO      - batch 240/947 loss=2.641 bpb=1.573
[2026-03-23 18:39:54] INFO      - batch 250/947 loss=2.642 bpb=1.572
[2026-03-23 18:39:58] INFO      - batch 260/947 loss=2.641 bpb=1.571
[2026-03-23 18:40:01] INFO      - batch 270/947 loss=2.642 bpb=1.571
[2026-03-23 18:40:05] INFO      - batch 280/947 loss=2.642 bpb=1.570
[2026-03-23 18:40:08] INFO      - batch 290/947 loss=2.640 bpb=1.569
[2026-03-23 18:40:12] INFO      - batch 300/947 loss=2.640 bpb=1.568
[2026-03-23 18:40:15] INFO      - batch 310/947 loss=2.639 bpb=1.568
[2026-03-23 18:40:19] INFO      - batch 320/947 loss=2.638 bpb=1.566
[2026-03-23 18:40:22] INFO      - batch 330/947 loss=2.637 bpb=1.565
[2026-03-23 18:40:26] INFO      - batch 340/947 loss=2.636 bpb=1.564
[2026-03-23 18:40:30] INFO      - batch 350/947 loss=2.636 bpb=1.564
[2026-03-23 18:40:33] INFO      - batch 360/947 loss=2.635 bpb=1.563
[2026-03-23 18:40:37] INFO      - batch 370/947 loss=2.636 bpb=1.564
[2026-03-23 18:40:40] INFO      - batch 380/947 loss=2.635 bpb=1.563
[2026-03-23 18:40:44] INFO      - batch 390/947 loss=2.635 bpb=1.563
[2026-03-23 18:40:47] INFO      - batch 400/947 loss=2.635 bpb=1.563
[2026-03-23 18:40:51] INFO      - batch 410/947 loss=2.634 bpb=1.563
[2026-03-23 18:40:54] INFO      - batch 420/947 loss=2.633 bpb=1.563
[2026-03-23 18:40:58] INFO      - batch 430/947 loss=2.633 bpb=1.563
[2026-03-23 18:41:01] INFO      - batch 440/947 loss=2.633 bpb=1.564
[2026-03-23 18:41:05] INFO      - batch 450/947 loss=2.632 bpb=1.564
[2026-03-23 18:41:08] INFO      - batch 460/947 loss=2.631 bpb=1.564
[2026-03-23 18:41:12] INFO      - batch 470/947 loss=2.631 bpb=1.564
[2026-03-23 18:41:16] INFO      - batch 480/947 loss=2.632 bpb=1.565
[2026-03-23 18:41:19] INFO      - batch 490/947 loss=2.633 bpb=1.565
[2026-03-23 18:41:23] INFO      - batch 500/947 loss=2.634 bpb=1.565
[2026-03-23 18:41:26] INFO      - batch 510/947 loss=2.634 bpb=1.566
[2026-03-23 18:41:30] INFO      - batch 520/947 loss=2.636 bpb=1.566
[2026-03-23 18:41:33] INFO      - batch 530/947 loss=2.636 bpb=1.566
[2026-03-23 18:41:37] INFO      - batch 540/947 loss=2.637 bpb=1.566
[2026-03-23 18:41:40] INFO      - batch 550/947 loss=2.638 bpb=1.567
[2026-03-23 18:41:44] INFO      - batch 560/947 loss=2.637 bpb=1.566
[2026-03-23 18:41:47] INFO      - batch 570/947 loss=2.637 bpb=1.565
[2026-03-23 18:41:51] INFO      - batch 580/947 loss=2.637 bpb=1.565
[2026-03-23 18:41:54] INFO      - batch 590/947 loss=2.636 bpb=1.564
[2026-03-23 18:41:58] INFO      - batch 600/947 loss=2.637 bpb=1.564
[2026-03-23 18:42:02] INFO      - batch 610/947 loss=2.637 bpb=1.564
[2026-03-23 18:42:05] INFO      - batch 620/947 loss=2.637 bpb=1.564
[2026-03-23 18:42:09] INFO      - batch 630/947 loss=2.636 bpb=1.563
[2026-03-23 18:42:12] INFO      - batch 640/947 loss=2.635 bpb=1.562
[2026-03-23 18:42:16] INFO      - batch 650/947 loss=2.635 bpb=1.562
[2026-03-23 18:42:19] INFO      - batch 660/947 loss=2.634 bpb=1.561
[2026-03-23 18:42:23] INFO      - batch 670/947 loss=2.634 bpb=1.560
[2026-03-23 18:42:26] INFO      - batch 680/947 loss=2.634 bpb=1.560
[2026-03-23 18:42:30] INFO      - batch 690/947 loss=2.634 bpb=1.561
[2026-03-23 18:42:33] INFO      - batch 700/947 loss=2.634 bpb=1.561
[2026-03-23 18:42:37] INFO      - batch 710/947 loss=2.634 bpb=1.561
[2026-03-23 18:42:40] INFO      - batch 720/947 loss=2.635 bpb=1.562
[2026-03-23 18:42:44] INFO      - batch 730/947 loss=2.634 bpb=1.562
[2026-03-23 18:42:48] INFO      - batch 740/947 loss=2.635 bpb=1.562
[2026-03-23 18:42:51] INFO      - batch 750/947 loss=2.635 bpb=1.563
[2026-03-23 18:42:55] INFO      - batch 760/947 loss=2.635 bpb=1.563
[2026-03-23 18:42:58] INFO      - batch 770/947 loss=2.635 bpb=1.564
[2026-03-23 18:43:02] INFO      - batch 780/947 loss=2.636 bpb=1.564
[2026-03-23 18:43:05] INFO      - batch 790/947 loss=2.637 bpb=1.565
[2026-03-23 18:43:09] INFO      - batch 800/947 loss=2.637 bpb=1.565
[2026-03-23 18:43:12] INFO      - batch 810/947 loss=2.638 bpb=1.565
[2026-03-23 18:43:16] INFO      - batch 820/947 loss=2.638 bpb=1.565
[2026-03-23 18:43:19] INFO      - batch 830/947 loss=2.638 bpb=1.565
[2026-03-23 18:43:23] INFO      - batch 840/947 loss=2.639 bpb=1.565
[2026-03-23 18:43:26] INFO      - batch 850/947 loss=2.640 bpb=1.565
[2026-03-23 18:43:30] INFO      - batch 860/947 loss=2.640 bpb=1.565
[2026-03-23 18:43:34] INFO      - batch 870/947 loss=2.640 bpb=1.565
[2026-03-23 18:43:37] INFO      - batch 880/947 loss=2.640 bpb=1.564
[2026-03-23 18:43:41] INFO      - batch 890/947 loss=2.639 bpb=1.564
[2026-03-23 18:43:44] INFO      - batch 900/947 loss=2.639 bpb=1.564
[2026-03-23 18:43:48] INFO      - batch 910/947 loss=2.639 bpb=1.563
[2026-03-23 18:43:51] INFO      - batch 920/947 loss=2.639 bpb=1.563
[2026-03-23 18:43:55] INFO      - batch 930/947 loss=2.638 bpb=1.563
[2026-03-23 18:43:58] INFO      - batch 940/947 loss=2.638 bpb=1.562
[2026-03-23 18:44:01] INFO      - batch 947/947 loss=2.638 bpb=1.562
[2026-03-23 18:44:01] INFO     mxfp4 eval complete: val_bpb=1.562 compressed_bytes=8,449,228 in 335.4s
[2026-03-23 18:44:01] INFO     Report saved to /home/kingsley/projects/golf-research/experiments/baseline/artifacts_8x_rtx_pro_6000_2/eval_report.json
Running evaluation: baseline (artifacts_8x_rtx_pro_6000_2, 1 GPU(s))
[2026-03-23 18:44:08] INFO     Eval config: checkpoints=full=/home/kingsley/projects/golf-research/experiments/baseline/artifacts_8x_rtx_pro_6000_2/checkpoint, step_1996_final_model_nvfp4 device=cuda:0 sequence_length=1024 batch_size=64 world_size=1
[2026-03-23 18:44:08] INFO     Tokenizer: /home/kingsley/github/parameter-golf/data/tokenizers/fineweb_1024_bpe.model
[2026-03-23 18:44:08] INFO     Validation data: /home/kingsley/github/parameter-golf/data/datasets/fineweb10B_sp1024/fineweb_val_*.bin
[2026-03-23 18:44:08] INFO     Loaded tokens=62.02M sequences=60.6K vocab_size=1024
[2026-03-23 18:44:08] INFO     Loading nvfp4 checkpoint: step_1996_final_model_nvfp4
[2026-03-23 18:44:08] INFO     Running nvfp4 evaluation (device=cuda:0)
[2026-03-23 18:44:23] INFO      - batch 10/947 loss=2.734 bpb=1.645
[2026-03-23 18:44:36] INFO      - batch 20/947 loss=2.753 bpb=1.646
[2026-03-23 18:44:50] INFO      - batch 30/947 loss=2.757 bpb=1.652
[2026-03-23 18:45:03] INFO      - batch 40/947 loss=2.747 bpb=1.649
[2026-03-23 18:45:16] INFO      - batch 50/947 loss=2.748 bpb=1.651
[2026-03-23 18:45:30] INFO      - batch 60/947 loss=2.742 bpb=1.648
[2026-03-23 18:45:43] INFO      - batch 70/947 loss=2.741 bpb=1.645
[2026-03-23 18:45:57] INFO      - batch 80/947 loss=2.745 bpb=1.647
[2026-03-23 18:46:10] INFO      - batch 90/947 loss=2.750 bpb=1.649
[2026-03-23 18:46:24] INFO      - batch 100/947 loss=2.753 bpb=1.653
[2026-03-23 18:46:37] INFO      - batch 110/947 loss=2.754 bpb=1.653
[2026-03-23 18:46:51] INFO      - batch 120/947 loss=2.755 bpb=1.654
[2026-03-23 18:47:05] INFO      - batch 130/947 loss=2.753 bpb=1.653
[2026-03-23 18:47:18] INFO      - batch 140/947 loss=2.753 bpb=1.652
[2026-03-23 18:47:32] INFO      - batch 150/947 loss=2.755 bpb=1.651
[2026-03-23 18:47:45] INFO      - batch 160/947 loss=2.757 bpb=1.651
[2026-03-23 18:47:59] INFO      - batch 170/947 loss=2.758 bpb=1.649
[2026-03-23 18:48:13] INFO      - batch 180/947 loss=2.759 bpb=1.651
[2026-03-23 18:48:26] INFO      - batch 190/947 loss=2.760 bpb=1.650
[2026-03-23 18:48:40] INFO      - batch 200/947 loss=2.761 bpb=1.650
[2026-03-23 18:48:53] INFO      - batch 210/947 loss=2.760 bpb=1.648
[2026-03-23 18:49:07] INFO      - batch 220/947 loss=2.761 bpb=1.647
[2026-03-23 18:49:21] INFO      - batch 230/947 loss=2.761 bpb=1.646
[2026-03-23 18:49:34] INFO      - batch 240/947 loss=2.761 bpb=1.644
[2026-03-23 18:49:48] INFO      - batch 250/947 loss=2.762 bpb=1.644
[2026-03-23 18:50:01] INFO      - batch 260/947 loss=2.760 bpb=1.643
[2026-03-23 18:50:15] INFO      - batch 270/947 loss=2.762 bpb=1.643
[2026-03-23 18:50:28] INFO      - batch 280/947 loss=2.762 bpb=1.641
[2026-03-23 18:50:42] INFO      - batch 290/947 loss=2.760 bpb=1.640
[2026-03-23 18:50:56] INFO      - batch 300/947 loss=2.759 bpb=1.639
[2026-03-23 18:51:09] INFO      - batch 310/947 loss=2.758 bpb=1.639
[2026-03-23 18:51:23] INFO      - batch 320/947 loss=2.757 bpb=1.637
[2026-03-23 18:51:36] INFO      - batch 330/947 loss=2.756 bpb=1.636
[2026-03-23 18:51:50] INFO      - batch 340/947 loss=2.755 bpb=1.635
[2026-03-23 18:52:04] INFO      - batch 350/947 loss=2.755 bpb=1.634
[2026-03-23 18:52:18] INFO      - batch 360/947 loss=2.754 bpb=1.634
[2026-03-23 18:52:31] INFO      - batch 370/947 loss=2.755 bpb=1.634
[2026-03-23 18:52:45] INFO      - batch 380/947 loss=2.755 bpb=1.634
[2026-03-23 18:52:58] INFO      - batch 390/947 loss=2.754 bpb=1.634
[2026-03-23 18:53:12] INFO      - batch 400/947 loss=2.754 bpb=1.634
[2026-03-23 18:53:26] INFO      - batch 410/947 loss=2.753 bpb=1.634
[2026-03-23 18:53:39] INFO      - batch 420/947 loss=2.753 bpb=1.634
[2026-03-23 18:53:53] INFO      - batch 430/947 loss=2.752 bpb=1.634
[2026-03-23 18:54:07] INFO      - batch 440/947 loss=2.753 bpb=1.635
[2026-03-23 18:54:20] INFO      - batch 450/947 loss=2.751 bpb=1.635
[2026-03-23 18:54:34] INFO      - batch 460/947 loss=2.751 bpb=1.635
[2026-03-23 18:54:47] INFO      - batch 470/947 loss=2.750 bpb=1.635
[2026-03-23 18:55:01] INFO      - batch 480/947 loss=2.751 bpb=1.636
[2026-03-23 18:55:15] INFO      - batch 490/947 loss=2.753 bpb=1.636
[2026-03-23 18:55:29] INFO      - batch 500/947 loss=2.753 bpb=1.636
[2026-03-23 18:55:42] INFO      - batch 510/947 loss=2.754 bpb=1.637
[2026-03-23 18:55:56] INFO      - batch 520/947 loss=2.756 bpb=1.637
[2026-03-23 18:56:10] INFO      - batch 530/947 loss=2.756 bpb=1.637
[2026-03-23 18:56:24] INFO      - batch 540/947 loss=2.756 bpb=1.637
[2026-03-23 18:56:38] INFO      - batch 550/947 loss=2.758 bpb=1.638
[2026-03-23 18:56:51] INFO      - batch 560/947 loss=2.757 bpb=1.637
[2026-03-23 18:57:05] INFO      - batch 570/947 loss=2.756 bpb=1.636
[2026-03-23 18:57:18] INFO      - batch 580/947 loss=2.756 bpb=1.636
[2026-03-23 18:57:32] INFO      - batch 590/947 loss=2.756 bpb=1.635
[2026-03-23 18:57:45] INFO      - batch 600/947 loss=2.756 bpb=1.635
[2026-03-23 18:57:59] INFO      - batch 610/947 loss=2.756 bpb=1.635
[2026-03-23 18:58:13] INFO      - batch 620/947 loss=2.756 bpb=1.634
[2026-03-23 18:58:27] INFO      - batch 630/947 loss=2.755 bpb=1.634
[2026-03-23 18:58:41] INFO      - batch 640/947 loss=2.754 bpb=1.633
[2026-03-23 18:58:55] INFO      - batch 650/947 loss=2.754 bpb=1.632
[2026-03-23 18:59:08] INFO      - batch 660/947 loss=2.753 bpb=1.631
[2026-03-23 18:59:22] INFO      - batch 670/947 loss=2.753 bpb=1.631
[2026-03-23 18:59:35] INFO      - batch 680/947 loss=2.753 bpb=1.631
[2026-03-23 18:59:49] INFO      - batch 690/947 loss=2.753 bpb=1.631
[2026-03-23 19:00:03] INFO      - batch 700/947 loss=2.753 bpb=1.631
[2026-03-23 19:00:16] INFO      - batch 710/947 loss=2.753 bpb=1.632
[2026-03-23 19:00:30] INFO      - batch 720/947 loss=2.754 bpb=1.632
[2026-03-23 19:00:44] INFO      - batch 730/947 loss=2.753 bpb=1.632
[2026-03-23 19:00:59] INFO      - batch 740/947 loss=2.754 bpb=1.633
[2026-03-23 19:01:12] INFO      - batch 750/947 loss=2.754 bpb=1.634
[2026-03-23 19:01:26] INFO      - batch 760/947 loss=2.754 bpb=1.634
[2026-03-23 19:01:39] INFO      - batch 770/947 loss=2.755 bpb=1.635
[2026-03-23 19:01:53] INFO      - batch 780/947 loss=2.756 bpb=1.635
[2026-03-23 19:02:06] INFO      - batch 790/947 loss=2.756 bpb=1.636
[2026-03-23 19:02:19] INFO      - batch 800/947 loss=2.757 bpb=1.636
[2026-03-23 19:02:33] INFO      - batch 810/947 loss=2.757 bpb=1.635
[2026-03-23 19:02:46] INFO      - batch 820/947 loss=2.757 bpb=1.635
[2026-03-23 19:03:00] INFO      - batch 830/947 loss=2.758 bpb=1.636
[2026-03-23 19:03:13] INFO      - batch 840/947 loss=2.758 bpb=1.636
[2026-03-23 19:03:27] INFO      - batch 850/947 loss=2.759 bpb=1.636
[2026-03-23 19:03:40] INFO      - batch 860/947 loss=2.759 bpb=1.636
[2026-03-23 19:03:53] INFO      - batch 870/947 loss=2.759 bpb=1.635
[2026-03-23 19:04:07] INFO      - batch 880/947 loss=2.759 bpb=1.635
[2026-03-23 19:04:20] INFO      - batch 890/947 loss=2.759 bpb=1.635
[2026-03-23 19:04:34] INFO      - batch 900/947 loss=2.758 bpb=1.634
[2026-03-23 19:04:47] INFO      - batch 910/947 loss=2.758 bpb=1.634
[2026-03-23 19:05:01] INFO      - batch 920/947 loss=2.758 bpb=1.634
[2026-03-23 19:05:14] INFO      - batch 930/947 loss=2.758 bpb=1.633
[2026-03-23 19:05:28] INFO      - batch 940/947 loss=2.757 bpb=1.633
[2026-03-23 19:05:37] INFO      - batch 947/947 loss=2.757 bpb=1.633
[2026-03-23 19:05:37] INFO     nvfp4 eval complete: val_bpb=1.633 compressed_bytes=8,706,819 in 1288.4s
[2026-03-23 19:05:37] INFO     Report saved to /home/kingsley/projects/golf-research/experiments/baseline/artifacts_8x_rtx_pro_6000_2/eval_report.json
Quantizing: baseline (artifacts_8x_rtx_pro_6000_2, schemes=int6,int8,mxfp4,nvfp4, uncompressed)
[2026-03-24 07:29:11] INFO     Loading checkpoint: /home/kingsley/projects/golf-research/experiments/baseline/artifacts_8x_rtx_pro_6000_2/checkpoint/step_1996_final_model
[2026-03-24 07:29:11] INFO     Loading checkpoint from /home/kingsley/projects/golf-research/experiments/baseline/artifacts_8x_rtx_pro_6000_2/checkpoint/step_1996_final_model
[2026-03-24 07:29:11] INFO     Loaded model from /home/kingsley/projects/golf-research/experiments/baseline/artifacts_8x_rtx_pro_6000_2/checkpoint/step_1996_final_model (17,051,208 parameters)
[2026-03-24 07:29:11] INFO     Quantizing to int6
[2026-03-24 07:29:13] INFO     int6 (zstd): compressed=12,239,856 bytes serialized=13,370,107 bytes payload=13,311,120 bytes
[2026-03-24 07:29:13] INFO     int6 roundtrip verified
[2026-03-24 07:29:13] INFO     Quantizing to int8
[2026-03-24 07:29:22] INFO     int8 (zstd): compressed=11,877,018 bytes serialized=17,759,611 bytes payload=17,702,032 bytes
[2026-03-24 07:29:22] INFO     int8 roundtrip verified
[2026-03-24 07:29:22] INFO     Quantizing to mxfp4
[2026-03-24 07:29:24] INFO     mxfp4 (zstd): compressed=8,449,228 bytes serialized=11,113,787 bytes payload=11,056,272 bytes
[2026-03-24 07:29:24] INFO     mxfp4 roundtrip verified
[2026-03-24 07:29:24] INFO     Quantizing to nvfp4
[2026-03-24 07:29:25] INFO     nvfp4 (zstd): compressed=8,706,819 bytes serialized=10,030,347 bytes payload=9,958,768 bytes
[2026-03-24 07:29:26] INFO     nvfp4 roundtrip verified
[2026-03-24 07:29:26] INFO     Report saved to /home/kingsley/projects/golf-research/experiments/baseline/artifacts_8x_rtx_pro_6000_2/quant_report.json
