Overrides saved to artifacts/overrides.yaml
Running experiment: 032-layers-21 (1 GPU(s))
[2026-03-28 20:30:39] INFO     Training stages: ['pre_training']
[2026-03-28 20:30:39] INFO     Starting stage: pre_training
[2026-03-28 20:30:39] WARNING  Could not build tokenizer for '032-layers-21': Not found: "/workspace/parameter-golf/data/tokenizers/fineweb_1024_bpe.model": No such file or directory Error #2
[2026-03-28 20:30:39] INFO     Seed: 578579811
[2026-03-28 20:30:39] INFO     GradientAccumulation auto-computed gradient_accumulation_steps=8 (micro_batch_size=16, full_batch_size=128)
[2026-03-28 20:30:39] INFO     Loaded 80 shards from /home/kingsley/github/parameter-golf/data/datasets/fineweb10B_sp1024/fineweb_train_*.bin (8.00B tokens)
[2026-03-28 20:30:39] INFO     DecoderTransformer params=39.09M non_emb_params=38.56M
[2026-03-28 20:30:39] INFO     DecoderTransformerTrainer grad_accum=8 compile(dynamic=False, fullgraph=True)
[2026-03-28 20:30:39] INFO     LayerWiseOptimiser groups=3 params=39,086,760
[2026-03-28 20:30:39] INFO      - embedding: Adam lr=0.0500 betas=(0.9000, 0.9500) layers=1 params=524,288
[2026-03-28 20:30:39] INFO      - block_scalars: Adam lr=0.0400 betas=(0.9000, 0.9500) layers=74 params=27,304
[2026-03-28 20:30:39] INFO      - default: Muon lr=0.0400 momentum=0.9500 layers=126 params=38,535,168 features=[HyperparameterSchedule(parameter=momentum, initial=0.8500, final=0.9500, scheduler=LinearLR(start_factor=1.00E-10, end_factor=1.0000, total_iters=500))]
[2026-03-28 20:30:39] INFO     WallclockWarmdownScheduler decay_type=linear base_lrs=[0.0500, 0.0400, 0.0400]
[2026-03-28 20:30:39] INFO     Model trainer features: CompileDiagnostics, Autocast(dtype=bfloat16), CUDABackend(tf32=True, sdp=flash)
[2026-03-28 20:30:39] INFO     torch.compile diagnostics enabled - stats will be reported after the first training step
[2026-03-28 20:30:39] INFO     Training features: SystemDiagnostics(console, artifacts/system.json), ConfigSnapshot(artifacts/experiment.yaml), GradientAccumulation(grad_accum=8, micro_batch=16, full_batch=128), SpeedMonitor, MemoryProfiler, Checkpointer, MetricsLogger(artifacts/metrics.jsonl), ConsoleLogger
[2026-03-28 20:30:39] INFO     Host: spark-2004 cpus=20 ram=119.7GB
[2026-03-28 20:30:39] INFO     Software: python=3.12.12 pytorch=2.10.0+cu130 cuda=13.0
[2026-03-28 20:30:39] INFO      - GPU 0: NVIDIA GB10 memory=119.7GB SMs=48 compute=12.1
[2026-03-28 20:30:39] INFO     Saved resolved config to artifacts/experiment.yaml
[2026-03-28 20:30:39] INFO     Running 10 warmup steps
[2026-03-28 20:30:43] INFO     Compiled model active
[2026-03-28 20:30:43] INFO     torch.compile diagnostics | graphs=5 | graph breaks=0
[2026-03-28 20:30:43] INFO     No graph breaks detected
[2026-03-28 20:30:43] INFO      - warmup step 1/10 4215ms
[2026-03-28 20:30:45] INFO     torch.compile step timing | first=660ms (incl. compilation) | second=365ms (compiled)
[2026-03-28 20:30:45] INFO      - warmup step 2/10 1639ms
[2026-03-28 20:30:47] INFO      - warmup step 3/10 1647ms
[2026-03-28 20:30:48] INFO      - warmup step 4/10 1643ms
[2026-03-28 20:30:50] INFO      - warmup step 5/10 1644ms
[2026-03-28 20:30:52] INFO      - warmup step 6/10 1651ms
[2026-03-28 20:30:53] INFO      - warmup step 7/10 1653ms
[2026-03-28 20:30:55] INFO      - warmup step 8/10 1643ms
[2026-03-28 20:30:57] INFO      - warmup step 9/10 1641ms
[2026-03-28 20:30:58] INFO      - warmup step 10/10 1651ms
[2026-03-28 20:30:58] INFO     Warmup complete in 19090ms
[2026-03-28 20:30:58] INFO     Starting training total_batch_tokens=131,072 params=39.09M
[2026-03-28 20:30:58] INFO     Starting epoch 1
[2026-03-28 20:31:15] INFO     step=10 | epoch=1 | ce_loss=6.556 | gpu_peak_allocated_gb=6.333 | gpu_peak_reserved_gb=6.560 | gpu_reserved_gb=6.560 | loss=6.556 | lr=0.0327 | ms_per_step=1651.7 | tokens_per_sec=79,354 | tokens_seen=1.31M
[2026-03-28 20:31:31] INFO     step=20 | epoch=1 | ce_loss=5.315 | gpu_peak_allocated_gb=6.333 | gpu_peak_reserved_gb=6.560 | gpu_reserved_gb=6.560 | loss=5.315 | lr=0.0225 | ms_per_step=1654.4 | tokens_per_sec=79,224 | tokens_seen=2.62M
[2026-03-28 20:31:48] INFO     step=30 | epoch=1 | ce_loss=4.673 | gpu_peak_allocated_gb=6.333 | gpu_peak_reserved_gb=6.560 | gpu_reserved_gb=6.560 | loss=4.673 | lr=0.0191 | ms_per_step=1656.0 | tokens_per_sec=79,147 | tokens_seen=3.93M
[2026-03-28 20:32:05] INFO     step=40 | epoch=1 | ce_loss=4.497 | gpu_peak_allocated_gb=6.333 | gpu_peak_reserved_gb=6.560 | gpu_reserved_gb=6.560 | loss=4.497 | lr=0.0172 | ms_per_step=1657.7 | tokens_per_sec=79,067 | tokens_seen=5.24M
[2026-03-28 20:32:21] INFO     step=50 | epoch=1 | ce_loss=4.286 | gpu_peak_allocated_gb=6.333 | gpu_peak_reserved_gb=6.560 | gpu_reserved_gb=6.560 | loss=4.286 | lr=0.0159 | ms_per_step=1659.4 | tokens_per_sec=78,988 | tokens_seen=6.55M
[2026-03-28 20:32:38] INFO     step=60 | epoch=1 | ce_loss=3.998 | gpu_peak_allocated_gb=6.333 | gpu_peak_reserved_gb=6.560 | gpu_reserved_gb=6.560 | loss=3.998 | lr=0.0149 | ms_per_step=1660.9 | tokens_per_sec=78,913 | tokens_seen=7.86M
[2026-03-28 20:32:55] INFO     step=70 | epoch=1 | ce_loss=3.885 | gpu_peak_allocated_gb=6.333 | gpu_peak_reserved_gb=6.560 | gpu_reserved_gb=6.560 | loss=3.885 | lr=0.0141 | ms_per_step=1661.6 | tokens_per_sec=78,884 | tokens_seen=9.18M
[2026-03-28 20:33:11] INFO     step=80 | epoch=1 | ce_loss=3.666 | gpu_peak_allocated_gb=6.333 | gpu_peak_reserved_gb=6.560 | gpu_reserved_gb=6.560 | loss=3.666 | lr=0.0133 | ms_per_step=1662.3 | tokens_per_sec=78,847 | tokens_seen=10.49M
[2026-03-28 20:33:28] INFO     step=90 | epoch=1 | ce_loss=3.660 | gpu_peak_allocated_gb=6.333 | gpu_peak_reserved_gb=6.560 | gpu_reserved_gb=6.560 | loss=3.660 | lr=0.0127 | ms_per_step=1662.5 | tokens_per_sec=78,838 | tokens_seen=11.80M
[2026-03-28 20:33:45] INFO     step=100 | epoch=1 | ce_loss=3.762 | gpu_peak_allocated_gb=6.333 | gpu_peak_reserved_gb=6.560 | gpu_reserved_gb=6.560 | loss=3.762 | lr=0.0121 | ms_per_step=1662.6 | tokens_per_sec=78,835 | tokens_seen=13.11M
[2026-03-28 20:34:01] INFO     step=110 | epoch=1 | ce_loss=3.522 | gpu_peak_allocated_gb=6.333 | gpu_peak_reserved_gb=6.560 | gpu_reserved_gb=6.560 | loss=3.522 | lr=0.0115 | ms_per_step=1662.9 | tokens_per_sec=78,822 | tokens_seen=14.42M
[2026-03-28 20:34:18] INFO     step=120 | epoch=1 | ce_loss=3.475 | gpu_peak_allocated_gb=6.333 | gpu_peak_reserved_gb=6.560 | gpu_reserved_gb=6.560 | loss=3.475 | lr=0.0110 | ms_per_step=1662.9 | tokens_per_sec=78,820 | tokens_seen=15.73M
[2026-03-28 20:34:35] INFO     step=130 | epoch=1 | ce_loss=3.441 | gpu_peak_allocated_gb=6.333 | gpu_peak_reserved_gb=6.560 | gpu_reserved_gb=6.560 | loss=3.441 | lr=0.0105 | ms_per_step=1662.9 | tokens_per_sec=78,820 | tokens_seen=17.04M
[2026-03-28 20:34:52] INFO     step=140 | epoch=1 | ce_loss=3.351 | gpu_peak_allocated_gb=6.333 | gpu_peak_reserved_gb=6.560 | gpu_reserved_gb=6.560 | loss=3.351 | lr=0.0099 | ms_per_step=1663.6 | tokens_per_sec=78,789 | tokens_seen=18.35M
[2026-03-28 20:35:08] INFO     step=150 | epoch=1 | ce_loss=3.383 | gpu_peak_allocated_gb=6.333 | gpu_peak_reserved_gb=6.560 | gpu_reserved_gb=6.560 | loss=3.383 | lr=0.0094 | ms_per_step=1663.7 | tokens_per_sec=78,784 | tokens_seen=19.66M
[2026-03-28 20:35:25] INFO     step=160 | epoch=1 | ce_loss=3.325 | gpu_peak_allocated_gb=6.333 | gpu_peak_reserved_gb=6.560 | gpu_reserved_gb=6.560 | loss=3.325 | lr=0.0090 | ms_per_step=1663.5 | tokens_per_sec=78,792 | tokens_seen=20.97M
[2026-03-28 20:35:42] INFO     step=170 | epoch=1 | ce_loss=3.359 | gpu_peak_allocated_gb=6.333 | gpu_peak_reserved_gb=6.560 | gpu_reserved_gb=6.560 | loss=3.359 | lr=0.0085 | ms_per_step=1663.5 | tokens_per_sec=78,793 | tokens_seen=22.28M
[2026-03-28 20:35:58] INFO     step=180 | epoch=1 | ce_loss=3.311 | gpu_peak_allocated_gb=6.333 | gpu_peak_reserved_gb=6.560 | gpu_reserved_gb=6.560 | loss=3.311 | lr=0.0080 | ms_per_step=1663.6 | tokens_per_sec=78,790 | tokens_seen=23.59M
[2026-03-28 20:36:15] INFO     step=190 | epoch=1 | ce_loss=3.280 | gpu_peak_allocated_gb=6.333 | gpu_peak_reserved_gb=6.560 | gpu_reserved_gb=6.560 | loss=3.280 | lr=0.0075 | ms_per_step=1663.6 | tokens_per_sec=78,789 | tokens_seen=24.90M
[2026-03-28 20:36:32] INFO     step=200 | epoch=1 | ce_loss=3.212 | gpu_peak_allocated_gb=6.333 | gpu_peak_reserved_gb=6.560 | gpu_reserved_gb=6.560 | loss=3.212 | lr=0.0071 | ms_per_step=1663.7 | tokens_per_sec=78,785 | tokens_seen=26.21M
[2026-03-28 20:36:48] INFO     step=210 | epoch=1 | ce_loss=3.098 | gpu_peak_allocated_gb=6.333 | gpu_peak_reserved_gb=6.560 | gpu_reserved_gb=6.560 | loss=3.098 | lr=0.0066 | ms_per_step=1663.6 | tokens_per_sec=78,785 | tokens_seen=27.53M
[2026-03-28 20:37:05] INFO     step=220 | epoch=1 | ce_loss=3.111 | gpu_peak_allocated_gb=6.333 | gpu_peak_reserved_gb=6.560 | gpu_reserved_gb=6.560 | loss=3.111 | lr=0.0062 | ms_per_step=1663.7 | tokens_per_sec=78,783 | tokens_seen=28.84M
[2026-03-28 20:37:22] INFO     step=230 | epoch=1 | ce_loss=3.016 | gpu_peak_allocated_gb=6.333 | gpu_peak_reserved_gb=6.560 | gpu_reserved_gb=6.560 | loss=3.016 | lr=0.0057 | ms_per_step=1663.7 | tokens_per_sec=78,782 | tokens_seen=30.15M
[2026-03-28 20:37:38] INFO     step=240 | epoch=1 | ce_loss=3.004 | gpu_peak_allocated_gb=6.333 | gpu_peak_reserved_gb=6.560 | gpu_reserved_gb=6.560 | loss=3.004 | lr=0.0053 | ms_per_step=1663.7 | tokens_per_sec=78,784 | tokens_seen=31.46M
[2026-03-28 20:37:55] INFO     step=250 | epoch=1 | ce_loss=2.975 | gpu_peak_allocated_gb=6.333 | gpu_peak_reserved_gb=6.560 | gpu_reserved_gb=6.560 | loss=2.975 | lr=0.0048 | ms_per_step=1663.7 | tokens_per_sec=78,782 | tokens_seen=32.77M
[2026-03-28 20:38:12] INFO     step=260 | epoch=1 | ce_loss=2.912 | gpu_peak_allocated_gb=6.333 | gpu_peak_reserved_gb=6.560 | gpu_reserved_gb=6.560 | loss=2.912 | lr=0.0044 | ms_per_step=1663.8 | tokens_per_sec=78,778 | tokens_seen=34.08M
[2026-03-28 20:38:28] INFO     step=270 | epoch=1 | ce_loss=3.037 | gpu_peak_allocated_gb=6.333 | gpu_peak_reserved_gb=6.560 | gpu_reserved_gb=6.560 | loss=3.037 | lr=0.0039 | ms_per_step=1663.8 | tokens_per_sec=78,776 | tokens_seen=35.39M
[2026-03-28 20:38:45] INFO     step=280 | epoch=1 | ce_loss=2.984 | gpu_peak_allocated_gb=6.333 | gpu_peak_reserved_gb=6.560 | gpu_reserved_gb=6.560 | loss=2.984 | lr=0.0035 | ms_per_step=1663.8 | tokens_per_sec=78,776 | tokens_seen=36.70M
[2026-03-28 20:39:02] INFO     step=290 | epoch=1 | ce_loss=2.942 | gpu_peak_allocated_gb=6.333 | gpu_peak_reserved_gb=6.560 | gpu_reserved_gb=6.560 | loss=2.942 | lr=0.0031 | ms_per_step=1663.8 | tokens_per_sec=78,777 | tokens_seen=38.01M
[2026-03-28 20:39:18] INFO     step=300 | epoch=1 | ce_loss=2.922 | gpu_peak_allocated_gb=6.333 | gpu_peak_reserved_gb=6.560 | gpu_reserved_gb=6.560 | loss=2.922 | lr=0.0026 | ms_per_step=1663.8 | tokens_per_sec=78,776 | tokens_seen=39.32M
[2026-03-28 20:39:35] INFO     step=310 | epoch=1 | ce_loss=2.919 | gpu_peak_allocated_gb=6.333 | gpu_peak_reserved_gb=6.560 | gpu_reserved_gb=6.560 | loss=2.919 | lr=0.0022 | ms_per_step=1663.9 | tokens_per_sec=78,774 | tokens_seen=40.63M
[2026-03-28 20:39:52] INFO     step=320 | epoch=1 | ce_loss=2.904 | gpu_peak_allocated_gb=6.333 | gpu_peak_reserved_gb=6.560 | gpu_reserved_gb=6.560 | loss=2.904 | lr=0.0018 | ms_per_step=1663.9 | tokens_per_sec=78,774 | tokens_seen=41.94M
[2026-03-28 20:40:08] INFO     step=330 | epoch=1 | ce_loss=2.834 | gpu_peak_allocated_gb=6.333 | gpu_peak_reserved_gb=6.560 | gpu_reserved_gb=6.560 | loss=2.834 | lr=0.0013 | ms_per_step=1663.9 | tokens_per_sec=78,773 | tokens_seen=43.25M
[2026-03-28 20:40:25] INFO     step=340 | epoch=1 | ce_loss=2.762 | gpu_peak_allocated_gb=6.333 | gpu_peak_reserved_gb=6.560 | gpu_reserved_gb=6.560 | loss=2.762 | lr=0.0009 | ms_per_step=1663.9 | tokens_per_sec=78,772 | tokens_seen=44.56M
[2026-03-28 20:40:42] INFO     step=350 | epoch=1 | ce_loss=2.762 | gpu_peak_allocated_gb=6.333 | gpu_peak_reserved_gb=6.560 | gpu_reserved_gb=6.560 | loss=2.762 | lr=0.0005 | ms_per_step=1663.9 | tokens_per_sec=78,773 | tokens_seen=45.88M
[2026-03-28 20:40:58] INFO     step=360 | epoch=1 | ce_loss=2.840 | gpu_peak_allocated_gb=6.333 | gpu_peak_reserved_gb=6.560 | gpu_reserved_gb=6.560 | loss=2.840 | lr=4.05E-05 | ms_per_step=1664.0 | tokens_per_sec=78,771 | tokens_seen=47.19M
[2026-03-28 20:40:58] INFO     Reached training limit during epoch 1
[2026-03-28 20:40:58] INFO     Saved model checkpoint to artifacts/checkpoint/step_360_final_model
[2026-03-28 20:40:58] INFO     step=360 | epoch=1 | ce_loss=2.840 | gpu_peak_allocated_gb=6.333 | gpu_peak_reserved_gb=6.560 | gpu_reserved_gb=6.560 | loss=2.840 | lr=4.05E-05 | ms_per_step=1664.0 | tokens_per_sec=78,771 | tokens_seen=47.19M
[2026-03-28 20:40:58] INFO     Training complete: 360 steps, 47.19M tokens in 10m0.1s
[2026-03-28 20:40:58] INFO     Stage complete: pre_training at step 360
[2026-03-28 20:40:58] INFO     Training complete
Checkpoint found - training succeeded
Running evaluation: 032-layers-21 (1 GPU(s))
[2026-03-28 20:41:02] INFO     Eval config: checkpoints=full=artifacts/checkpoint device=cuda:0 sequence_length=1024 batch_size=64 world_size=1
[2026-03-28 20:41:02] INFO     Tokenizer: /home/kingsley/github/parameter-golf/data/tokenizers/fineweb_1024_bpe.model
[2026-03-28 20:41:02] INFO     Validation data: /home/kingsley/github/parameter-golf/data/datasets/fineweb10B_sp1024/fineweb_val_*.bin
[2026-03-28 20:41:02] INFO     Loaded tokens=62.02M sequences=60.6K vocab_size=1024
[2026-03-28 20:41:02] INFO     Loading full-precision checkpoint
[2026-03-28 20:41:02] INFO     Loading checkpoint from artifacts/checkpoint/step_360_final_model
[2026-03-28 20:41:02] INFO     Loaded model from artifacts/checkpoint/step_360_final_model (39,086,760 parameters)
[2026-03-28 20:41:02] INFO     Running full-precision evaluation
W0328 20:41:06.107000 736035 torch/_inductor/utils.py:1679] [0/0] Not enough SMs to use max_autotune_gemm mode
[2026-03-28 20:41:13] INFO      - batch 10/947 loss=2.808 bpb=1.689
[2026-03-28 20:41:15] INFO      - batch 20/947 loss=2.827 bpb=1.690
[2026-03-28 20:41:18] INFO      - batch 30/947 loss=2.830 bpb=1.695
[2026-03-28 20:41:20] INFO      - batch 40/947 loss=2.820 bpb=1.693
[2026-03-28 20:41:22] INFO      - batch 50/947 loss=2.823 bpb=1.696
[2026-03-28 20:41:25] INFO      - batch 60/947 loss=2.819 bpb=1.694
[2026-03-28 20:41:27] INFO      - batch 70/947 loss=2.820 bpb=1.692
[2026-03-28 20:41:29] INFO      - batch 80/947 loss=2.823 bpb=1.694
[2026-03-28 20:41:32] INFO      - batch 90/947 loss=2.828 bpb=1.696
[2026-03-28 20:41:34] INFO      - batch 100/947 loss=2.830 bpb=1.699
[2026-03-28 20:41:36] INFO      - batch 110/947 loss=2.832 bpb=1.699
[2026-03-28 20:41:38] INFO      - batch 120/947 loss=2.832 bpb=1.700
[2026-03-28 20:41:41] INFO      - batch 130/947 loss=2.830 bpb=1.699
[2026-03-28 20:41:43] INFO      - batch 140/947 loss=2.830 bpb=1.698
[2026-03-28 20:41:45] INFO      - batch 150/947 loss=2.832 bpb=1.697
[2026-03-28 20:41:48] INFO      - batch 160/947 loss=2.833 bpb=1.696
[2026-03-28 20:41:50] INFO      - batch 170/947 loss=2.833 bpb=1.694
[2026-03-28 20:41:52] INFO      - batch 180/947 loss=2.835 bpb=1.696
[2026-03-28 20:41:55] INFO      - batch 190/947 loss=2.835 bpb=1.695
[2026-03-28 20:41:57] INFO      - batch 200/947 loss=2.835 bpb=1.694
[2026-03-28 20:41:59] INFO      - batch 210/947 loss=2.833 bpb=1.692
[2026-03-28 20:42:02] INFO      - batch 220/947 loss=2.834 bpb=1.691
[2026-03-28 20:42:04] INFO      - batch 230/947 loss=2.834 bpb=1.689
[2026-03-28 20:42:06] INFO      - batch 240/947 loss=2.834 bpb=1.688
[2026-03-28 20:42:09] INFO      - batch 250/947 loss=2.834 bpb=1.687
[2026-03-28 20:42:11] INFO      - batch 260/947 loss=2.832 bpb=1.685
[2026-03-28 20:42:13] INFO      - batch 270/947 loss=2.833 bpb=1.685
[2026-03-28 20:42:16] INFO      - batch 280/947 loss=2.833 bpb=1.684
[2026-03-28 20:42:18] INFO      - batch 290/947 loss=2.831 bpb=1.682
[2026-03-28 20:42:20] INFO      - batch 300/947 loss=2.830 bpb=1.682
[2026-03-28 20:42:23] INFO      - batch 310/947 loss=2.830 bpb=1.681
[2026-03-28 20:42:25] INFO      - batch 320/947 loss=2.828 bpb=1.679
[2026-03-28 20:42:27] INFO      - batch 330/947 loss=2.827 bpb=1.678
[2026-03-28 20:42:30] INFO      - batch 340/947 loss=2.826 bpb=1.677
[2026-03-28 20:42:32] INFO      - batch 350/947 loss=2.826 bpb=1.676
[2026-03-28 20:42:34] INFO      - batch 360/947 loss=2.825 bpb=1.676
[Running evaluation: 032-layers-21 (1 GPU(s))
[2026-03-28 20:41:02] INFO     Eval config: checkpoints=full=artifacts/checkpoint device=cuda:0 sequence_length=1024 batch_size=64 world_size=1
[2026-03-28 20:41:02] INFO     Tokenizer: /home/kingsley/github/parameter-golf/data/tokenizers/fineweb_1024_bpe.model
[2026-03-28 20:41:02] INFO     Validation data: /home/kingsley/github/parameter-golf/data/datasets/fineweb10B_sp1024/fineweb_val_*.bin
[2026-03-28 20:41:02] INFO     Loaded tokens=62.02M sequences=60.6K vocab_size=1024
[2026-03-28 20:41:02] INFO     Loading full-precision checkpoint
[2026-03-28 20:41:02] INFO     Loading checkpoint from artifacts/checkpoint/step_360_final_model
[2026-03-28 20:41:02] INFO     Loaded model from artifacts/checkpoint/step_360_final_model (39,086,760 parameters)
[2026-03-28 20:41:02] INFO     Running full-precision evaluation
W0328 20:41:06.107000 736035 torch/_inductor/utils.py:1679] [0/0] Not enough SMs to use max_autotune_gemm mode
[2026-03-28 20:41:13] INFO      - batch 10/947 loss=2.808 bpb=1.689
[2026-03-28 20:41:15] INFO      - batch 20/947 loss=2.827 bpb=1.690
[2026-03-28 20:41:18] INFO      - batch 30/947 loss=2.830 bpb=1.695
[2026-03-28 20:41:20] INFO      - batch 40/947 loss=2.820 bpb=1.693
[2026-03-28 20:41:22] INFO      - batch 50/947 loss=2.823 bpb=1.696
[2026-03-28 20:41:25] INFO      - batch 60/947 loss=2.819 bpb=1.694
[2026-03-28 20:41:27] INFO      - batch 70/947 loss=2.820 bpb=1.692
[2026-03-28 20:41:29] INFO      - batch 80/947 loss=2.823 bpb=1.694
[2026-03-28 20:41:32] INFO      - batch 90/947 loss=2.828 bpb=1.696
[2026-03-28 20:41:34] INFO      - batch 100/947 loss=2.830 bpb=1.699
[2026-03-28 20:41:36] INFO      - batch 110/947 loss=2.832 bpb=1.699
[2026-03-28 20:41:38] INFO      - batch 120/947 loss=2.832 bpb=1.700
[2026-03-28 20:41:41] INFO      - batch 130/947 loss=2.830 bpb=1.699
[2026-03-28 20:41:43] INFO      - batch 140/947 loss=2.830 bpb=1.698
[2026-03-28 20:41:45] INFO      - batch 150/947 loss=2.832 bpb=1.697
[2026-03-28 20:41:48] INFO      - batch 160/947 loss=2.833 bpb=1.696
[2026-03-28 20:41:50] INFO      - batch 170/947 loss=2.833 bpb=1.694
[2026-03-28 20:41:52] INFO      - batch 180/947 loss=2.835 bpb=1.696
[2026-03-28 20:41:55] INFO      - batch 190/947 loss=2.835 bpb=1.695
[2026-03-28 20:41:57] INFO      - batch 200/947 loss=2.835 bpb=1.694
[2026-03-28 20:41:59] INFO      - batch 210/947 loss=2.833 bpb=1.692
[2026-03-28 20:42:02] INFO      - batch 220/947 loss=2.834 bpb=1.691
[2026-03-28 20:42:04] INFO      - batch 230/947 loss=2.834 bpb=1.689
[2026-03-28 20:42:06] INFO      - batch 240/947 loss=2.834 bpb=1.688
[2026-03-28 20:42:09] INFO      - batch 250/947 loss=2.834 bpb=1.687
[2026-03-28 20:42:11] INFO      - batch 260/947 loss=2.832 bpb=1.685
[2026-03-28 20:42:13] INFO      - batch 270/947 loss=2.833 bpb=1.685
[2026-03-28 20:42:16] INFO      - batch 280/947 loss=2.833 bpb=1.684
[2026-03-28 20:42:18] INFO      - batch 290/947 loss=2.831 bpb=1.682
[2026-03-28 20:42:20] INFO      - batch 300/947 loss=2.830 bpb=1.682
[2026-03-28 20:42:23] INFO      - batch 310/947 loss=2.830 bpb=1.681
[2026-03-28 20:42:25] INFO      - batch 320/947 loss=2.828 bpb=1.679
[2026-03-28 20:42:27] INFO      - batch 330/947 loss=2.827 bpb=1.678
[2026-03-28 20:42:30] INFO      - batch 340/947 loss=2.826 bpb=1.677
[2026-03-28 20:42:32] INFO      - batch 350/947 loss=2.826 bpb=1.676
[2026-03-28 20:42:34] INFO      - batch 360/947 loss=2.825 bpb=1.676
[2026-03-28 20:42:36] INFO      - batch 370/947 loss=2.826 bpb=1.676
[2026-03-28 20:42:39] INFO      - batch 380/947 loss=2.825 bpb=1.676
[2026-03-28 20:42:41] INFO      - batch 390/947 loss=2.825 bpb=1.676
[2026-03-28 20:42:43] INFO      - batch 400/947 loss=2.825 bpb=1.676
[2026-03-28 20:42:46] INFO      - batch 410/947 loss=2.825 bpb=1.676
[2026-03-28 20:42:48] INFO      - batch 420/947 loss=2.824 bpb=1.676
[2026-03-28 20:42:50] INFO      - batch 430/947 loss=2.824 bpb=1.677
[2026-03-28 20:42:53] INFO      - batch 440/947 loss=2.825 bpb=1.678
[2026-03-28 20:42:55] INFO      - batch 450/947 loss=2.824 bpb=1.678
[2026-03-28 20:42:57]2026-03-28 20:42:36] INFO      - batch 370/947 loss=2.826 bpb=1.676
[2026-03-28 20:42:39] INFO      - batch 380/947 loss=2.825 bpb=1.676
[2026-03-28 20:42:41] INFO      - batch 390/947 loss=2.825 bpb=1.676
[2026-03-28 20:42:43] INFO      - batch 400/947 loss=2.825 bpb=1.676
[2026-03-28 20:42:46] INFO      - batch 410/947 loss=2.825 bpb=1.676
[2026-03-28 20:42:48] INFO      - batch 420/947 loss=2.824 bpb=1.676
[2026-03-28 20:42:50] INFO      - batch 430/947 loss=2.824 bpb=1.677
[2026-03-28 20:42:53] INFO      - batch 440/947 loss=2.825 bpb=1.678
[2026-03-28 20:42:55] INFO      - batch 450/947 loss=2.824 bpb=1.678
[2026-03-28 20:42:57] INFO      - batch 460/947 loss=2.823 bpb=1.678
[2026-03-28 20:43:00] INFO      - batch 470/947 loss=2.824 bpb=1.679
[2026-03-28 20:43:02] INFO      - batch 480/947 loss=2.824 bpb=1.679
[2026-03-28 20:43:04] INFO      - batch 490/947 loss=2.825 bpb=1.680
[2026-03-28 20:43:07] INFO      - batch 500/947 loss=2.826 bpb=1.680
[2026-03-28 20:43:09] INFO      - batch 510/947 loss=2.827 bpb=1.680
[2026-03-28 20:43:11] INFO      - batch 520/947 loss=2.828 bpb=1.680
[2026-03-28 20:43:14] INFO      - batch 530/947 loss=2.828 bpb=1.680
[2026-03-28 20:43:16] INFO      - batch 540/947 loss=2.829 bpb=1.680
[2026-03-28 20:43:18] INFO      - batch 550/947 loss=2.830 bpb=1.680
[2026-03-28 20:43:21] INFO      - batch 560/947 loss=2.829 bpb=1.680
[2026-03-28 20:43:23] INFO      - batch 570/947 loss=2.828 bpb=1.679
[2026-03-28 20:43:25] INFO      - batch 580/947 loss=2.828 bpb=1.679
[2026-03-28 20:43:27] INFO      - batch 590/947 loss=2.828 bpb=1.678
[2026-03-28 20:43:30] INFO      - batch 600/947 loss=2.828 bpb=1.678
[2026-03-28 20:43:32] INFO      - batch 610/947 loss=2.828 bpb=1.678
[2026-03-28 20:43:34] INFO      - batch 620/947 loss=2.827 bpb=1.677
[2026-03-28 20:43:37] INFO      - batch 630/947 loss=2.826 bpb=1.676
[2026-03-28 20:43:39] INFO      - batch 640/947 loss=2.826 bpb=1.675
[2026-03-28 20:43:41] INFO      - batch 650/947 loss=2.825 bpb=1.675
[2026-03-28 20:43:44] INFO      - batch 660/947 loss=2.825 bpb=1.674
[2026-03-28 20:43:46] INFO      - batch 670/947 loss=2.824 bpb=1.673
[2026-03-28 20:43:48] INFO      - batch 680/947 loss=2.824 bpb=1.673
[2026-03-28 20:43:51] INFO      - batch 690/947 loss=2.825 bpb=1.674
[2026-03-28 20:43:53] INFO      - batch 700/947 loss=2.825 bpb=1.674
[2026-03-28 20:43:55] INFO      - batch 710/947 loss=2.825 bpb=1.674
[2026-03-28 20:43:58] INFO      - batch 720/947 loss=2.825 bpb=1.675
[2026-03-28 20:44:00] INFO      - batch 730/947 loss=2.825 bpb=1.675
[2026-03-28 20:44:02] INFO      - batch 740/947 loss=2.826 bpb=1.675
[2026-03-28 20:44:05] INFO      - batch 750/947 loss=2.826 bpb=1.676
[2026-03-28 20:44:07] INFO      - batch 760/947 loss=2.826 bpb=1.677
[2026-03-28 20:44:09] INFO      - batch 770/947 loss=2.826 bpb=1.677
[2026-03-28 20:44:12] INFO      - batch 780/947 loss=2.827 bpb=1.677
[2026-03-28 20:44:14] INFO      - batch 790/947 loss=2.828 bpb=1.678
[2026-03-28 20:44:16] INFO      - batch 800/947 loss=2.828 bpb=1.678
[2026-03-28 20:44:18] INFO      - batch 810/947 loss=2.828 bpb=1.678
[2026-03-28 20:44:21] INFO      - batch 820/947 loss=2.829 bpb=1.678
[2026-03-28 20:44:23] INFO      - batch 830/947 loss=2.829 bpb=1.678
[2026-03-28 20:44:25] INFO      - batch 840/947 loss=2.829 bpb=1.678
[2026-03-28 20:44:28] INFO      - batch 850/947 loss=2.830 bpb=1.678
[2026-03-28 20:44:30] INFO      - batch 860/947 loss=2.830 bpb=1.678
[2026-03-28 20:44:32] INFO      - batch 870/947 loss=2.829 bpb=1.677
[2026-03-28 20:44:35] INFO      - batch 880/947 loss=2.829 bpb=1.677
[2026-03-28 20:44:37] INFO      - batch 890/947 loss=2.829 bpb=1.677
[2026-03-28 20:44:39] INFO      - batch 900/947 loss=2.829 bpb=1.676
[2026-03-28 20:44:42] INFO      - batch 910/947 loss=2.829 bpb=1.676
[2026-03-28 20:44:44] INFO      - batch 920/947 loss=2.828 bpb=1.675
[2026-03-28 20:44:46] INFO      - batch 930/947 loss=2.828 bpb=1.675
[2026-03-28 20:44:49] INFO      - batch 940/947 loss=2.827 bpb=1.675
[2026-03-28 20:44:58] INFO      - batch 947/947 loss=2.827 bpb=1.675
[2026-03-28 20:44:58] INFO INFO      - batch 460/947 loss=2.823 bpb=1.678
[2026-03-28 20:43:00] INFO      - batch 470/947 loss=2.824 bpb=1.679
[2026-03-28 20:43:02] INFO      - batch 480/947 loss=2.824 bpb=1.679
[2026-03-28 20:43:04] INFO      - batch 490/947 loss=2.825 bpb=1.680
[2026-03-28 20:43:07] INFO      - batch 500/947 loss=2.826 bpb=1.680
[2026-03-28 20:43:09] INFO      - batch 510/947 loss=2.827 bpb=1.680
[2026-03-28 20:43:11] INFO      - batch 520/947 loss=2.828 bpb=1.680
[2026-03-28 20:43:14] INFO      - batch 530/947 loss=2.828 bpb=1.680
[2026-03-28 20:43:16] INFO      - batch 540/947 loss=2.829 bpb=1.680
[2026-03-28 20:43:18] INFO      - batch 550/947 loss=2.830 bpb=1.680
[2026-03-28 20:43:21] INFO      - batch 560/947 loss=2.829 bpb=1.680
[2026-03-28 20:43:23] INFO      - batch 570/947 loss=2.828 bpb=1.679
[2026-03-28 20:43:25] INFO      - batch 580/947 loss=2.828 bpb=1.679
[2026-03-28 20:43:27] INFO      - batch 590/947 loss=2.828 bpb=1.678
[2026-03-28 20:43:30] INFO      - batch 600/947 loss=2.828 bpb=1.678
[2026-03-28 20:43:32] INFO      - batch 610/947 loss=2.828 bpb=1.678
[2026-03-28 20:43:34] INFO      - batch 620/947 loss=2.827 bpb=1.677
[2026-03-28 20:43:37] INFO      - batch 630/947 loss=2.826 bpb=1.676
[2026-03-28 20:43:39] INFO      - batch 640/947 loss=2.826 bpb=1.675
[2026-03-28 20:43:41] INFO      - batch 650/947 loss=2.825 bpb=1.675
[2026-03-28 20:43:44] INFO      - batch 660/947 loss=2.825 bpb=1.674
[2026-03-28 20:43:46] INFO      - batch 670/947 loss=2.824 bpb=1.673
[2026-03-28 20:43:48] INFO      - batch 680/947 loss=2.824 bpb=1.673
[2026-03-28 20:43:51] INFO      - batch 690/947 loss=2.825 bpb=1.674
[2026-03-28 20:43:53] INFO      - batch 700/947 loss=2.825 bpb=1.674
[2026-03-28 20:43:55] INFO      - batch 710/947 loss=2.825 bpb=1.674
[2026-03-28 20:43:58] INFO      - batch 720/947 loss=2.825 bpb=1.675
[2026-03-28 20:44:00] INFO      - batch 730/947 loss=2.825 bpb=1.675
[2026-03-28 20:44:02] INFO      - batch 740/947 loss=2.826 bpb=1.675
[2026-03-28 20:44:05] INFO      - batch 750/947 loss=2.826 bpb=1.676
[2026-03-28 20:44:07] INFO      - batch 760/947 loss=2.826 bpb=1.677
[2026-03-28 20:44:09] INFO      - batch 770/947 loss=2.826 bpb=1.677
[2026-03-28 20:44:12] INFO      - batch 780/947 loss=2.827 bpb=1.677
[2026-03-28 20:44:14] INFO      - batch 790/947 loss=2.828 bpb=1.678
[2026-03-28 20:44:16] INFO      - batch 800/947 loss=2.828 bpb=1.678
[2026-03-28 20:44:18] INFO      - batch 810/947 loss=2.828 bpb=1.678
[2026-03-28 20:44:21] INFO      - batch 820/947 loss=2.829 bpb=1.678
[2026-03-28 20:44:23] INFO      - batch 830/947 loss=2.829 bpb=1.678
[2026-03-28 20:44:25] INFO      - batch 840/947 loss=2.829 bpb=1.678
[2026-03-28 20:44:28] INFO      - batch 850/947 loss=2.830 bpb=1.678
[2026-03-28 20:44:30] INFO      - batch 860/947 loss=2.830 bpb=1.678
[2026-03-28 20:44:32] INFO      - batch 870/947 loss=2.829 bpb=1.677
[2026-03-28 20:44:35] INFO      - batch 880/947 loss=2.829 bpb=1.677
[2026-03-28 20:44:37] INFO      - batch 890/947 loss=2.829 bpb=1.677
[2026-03-28 20:44:39] INFO      - batch 900/947 loss=2.829 bpb=1.676
[2026-03-28 20:44:42] INFO      - batch 910/947 loss=2.829 bpb=1.676
[2026-03-28 20:44:44] INFO      - batch 920/947 loss=2.828 bpb=1.675
[2026-03-28 20:44:46] INFO      - batch 930/947 loss=2.828 bpb=1.675
[2026-03-28 20:44:49] INFO      - batch 940/947 loss=2.827 bpb=1.675
[2026-03-28 20:44:58] INFO      - batch 947/947 loss=2.827 bpb=1.675
[2026-03-28 20:44:58] INFO     Full-precision eval complete: val_loss=2.827 val_bpb=1.675 in 236.0s
[2026-03-28 20:44:58] INFO     Report saved to artifacts/eval_report.json
     Full-precision eval complete: val_loss=2.827 val_bpb=1.675 in 236.0s
[2026-03-28 20:44:58] INFO     Report saved to artifacts/eval_report.json
Hardware: 1x_gb10
Archiving artifacts to: artifacts_1x_gb10
Compressing checkpoint...
Checkpoint compressed to checkpoint.tar.gz
Artifacts moved to artifacts_1x_gb10
Skipping git push (--no-push)
Done - results committed and pushed
