Quantizing: baseline (artifacts_2x_rtx_pro_6000, schemes=int6,int8,mxfp4,nvfp4, compressed)
[2026-03-23 14:36:18] INFO     Extracting compressed checkpoint: /home/kingsley/projects/golf-research/experiments/baseline/artifacts_2x_rtx_pro_6000/checkpoint.tar.gz
/home/kingsley/projects/golf-research/scripts/quant.py:701: DeprecationWarning: Python 3.14 will, by default, filter extracted tar archives and reject files or modify their metadata. Use the filter argument to control this behavior.
  tar.extractall(tmp_dir)
[2026-03-23 14:36:18] INFO     Loading checkpoint: /tmp/quant_checkpoint_w0bi99hh/checkpoint/step_610_final_model
[2026-03-23 14:36:18] INFO     Loading checkpoint from /tmp/quant_checkpoint_w0bi99hh/checkpoint/step_610_final_model
[2026-03-23 14:36:19] INFO     Loaded model from /tmp/quant_checkpoint_w0bi99hh/checkpoint/step_610_final_model (17,051,208 parameters)
[2026-03-23 14:36:19] INFO     Quantizing to int6
[2026-03-23 14:36:21] INFO     int6 (zstd): compressed=11,071,755 bytes serialized=13,370,171 bytes payload=13,311,120 bytes
[2026-03-23 14:36:21] INFO     int6 roundtrip verified
[2026-03-23 14:36:21] INFO     Quantizing to int8
[2026-03-23 14:36:31] INFO     int8 (zstd): compressed=9,577,429 bytes serialized=17,759,611 bytes payload=17,702,032 bytes
[2026-03-23 14:36:31] INFO     int8 roundtrip verified
[2026-03-23 14:36:31] INFO     Quantizing to mxfp4
[2026-03-23 14:36:33] INFO     mxfp4 (zstd): compressed=8,341,477 bytes serialized=11,113,787 bytes payload=11,056,272 bytes
[2026-03-23 14:36:33] INFO     mxfp4 roundtrip verified
[2026-03-23 14:36:33] INFO     Quantizing to nvfp4
[2026-03-23 14:36:34] INFO     nvfp4 (zstd): compressed=8,575,048 bytes serialized=10,030,411 bytes payload=9,958,768 bytes
[2026-03-23 14:36:34] INFO     nvfp4 roundtrip verified
[2026-03-23 14:36:34] INFO     Report saved to /home/kingsley/projects/golf-research/experiments/baseline/artifacts_2x_rtx_pro_6000/quant_report.json
Quantizing: baseline (artifacts_2x_rtx_pro_6000, schemes=int6,int8,mxfp4,nvfp4, uncompressed)
[2026-03-23 15:47:15] INFO     Loading checkpoint: /home/kingsley/projects/golf-research/experiments/baseline/artifacts_2x_rtx_pro_6000/checkpoint/step_610_final_model
[2026-03-23 15:47:15] INFO     Loading checkpoint from /home/kingsley/projects/golf-research/experiments/baseline/artifacts_2x_rtx_pro_6000/checkpoint/step_610_final_model
[2026-03-23 15:47:15] INFO     Loaded model from /home/kingsley/projects/golf-research/experiments/baseline/artifacts_2x_rtx_pro_6000/checkpoint/step_610_final_model (17,051,208 parameters)
[2026-03-23 15:47:15] INFO     Quantizing to int6
[2026-03-23 15:47:23] INFO     int6 (zstd): compressed=11,071,755 bytes serialized=13,370,171 bytes payload=13,311,120 bytes
[2026-03-23 15:47:24] INFO     int6 roundtrip verified
[2026-03-23 15:47:24] INFO     Quantizing to int8
[2026-03-23 15:47:53] INFO     int8 (zstd): compressed=9,577,429 bytes serialized=17,759,611 bytes payload=17,702,032 bytes
[2026-03-23 15:47:53] INFO     int8 roundtrip verified
[2026-03-23 15:47:53] INFO     Quantizing to mxfp4
[2026-03-23 15:47:57] INFO     mxfp4 (zstd): compressed=8,341,477 bytes serialized=11,113,787 bytes payload=11,056,272 bytes
[2026-03-23 15:47:57] INFO     mxfp4 roundtrip verified
[2026-03-23 15:47:57] INFO     Quantizing to nvfp4
[2026-03-23 15:48:00] INFO     nvfp4 (zstd): compressed=8,575,048 bytes serialized=10,030,411 bytes payload=9,958,768 bytes
[2026-03-23 15:48:00] INFO     nvfp4 roundtrip verified
[2026-03-23 15:48:00] INFO     Report saved to /home/kingsley/projects/golf-research/experiments/baseline/artifacts_2x_rtx_pro_6000/quant_report.json
Running evaluation: baseline (artifacts_2x_rtx_pro_6000, 1 GPU(s))
[2026-03-23 16:07:06] INFO     Eval config: checkpoints=full=/home/kingsley/projects/golf-research/experiments/baseline/artifacts_2x_rtx_pro_6000/checkpoint, step_610_final_model_int6 device=cuda:0 sequence_length=1024 batch_size=64 world_size=1
[2026-03-23 16:07:06] INFO     Tokenizer: /home/kingsley/github/parameter-golf/data/tokenizers/fineweb_1024_bpe.model
[2026-03-23 16:07:06] INFO     Validation data: /home/kingsley/github/parameter-golf/data/datasets/fineweb10B_sp1024/fineweb_val_*.bin
[2026-03-23 16:07:06] INFO     Loaded tokens=62.02M sequences=60.6K vocab_size=1024
[2026-03-23 16:07:06] INFO     Loading int6 checkpoint: step_610_final_model_int6
[2026-03-23 16:07:06] INFO     Running int6 evaluation (device=cuda:0)
[2026-03-23 16:07:10] INFO      - batch 10/947 loss=2.435 bpb=1.465
[2026-03-23 16:07:14] INFO      - batch 20/947 loss=2.458 bpb=1.469
[2026-03-23 16:07:17] INFO      - batch 30/947 loss=2.461 bpb=1.474
[2026-03-23 16:07:21] INFO      - batch 40/947 loss=2.451 bpb=1.472
[2026-03-23 16:07:24] INFO      - batch 50/947 loss=2.453 bpb=1.474
[2026-03-23 16:07:28] INFO      - batch 60/947 loss=2.448 bpb=1.471
[2026-03-23 16:07:31] INFO      - batch 70/947 loss=2.447 bpb=1.468
[2026-03-23 16:07:35] INFO      - batch 80/947 loss=2.450 bpb=1.470
[2026-03-23 16:07:38] INFO      - batch 90/947 loss=2.455 bpb=1.473
[2026-03-23 16:07:42] INFO      - batch 100/947 loss=2.458 bpb=1.476
[2026-03-23 16:07:45] INFO      - batch 110/947 loss=2.459 bpb=1.475
[2026-03-23 16:07:49] INFO      - batch 120/947 loss=2.459 bpb=1.476
[2026-03-23 16:07:52] INFO      - batch 130/947 loss=2.458 bpb=1.475
[2026-03-23 16:07:56] INFO      - batch 140/947 loss=2.458 bpb=1.475
[2026-03-23 16:08:00] INFO      - batch 150/947 loss=2.460 bpb=1.474
[2026-03-23 16:08:03] INFO      - batch 160/947 loss=2.462 bpb=1.474
[2026-03-23 16:08:07] INFO      - batch 170/947 loss=2.463 bpb=1.473
[2026-03-23 16:08:10] INFO      - batch 180/947 loss=2.465 bpb=1.475
[2026-03-23 16:08:14] INFO      - batch 190/947 loss=2.466 bpb=1.474
[2026-03-23 16:08:17] INFO      - batch 200/947 loss=2.466 bpb=1.474
[2026-03-23 16:08:21] INFO      - batch 210/947 loss=2.466 bpb=1.472
[2026-03-23 16:08:24] INFO      - batch 220/947 loss=2.467 bpb=1.472
[2026-03-23 16:08:28] INFO      - batch 230/947 loss=2.468 bpb=1.471
[2026-03-23 16:08:31] INFO      - batch 240/947 loss=2.468 bpb=1.470
[2026-03-23 16:08:35] INFO      - batch 250/947 loss=2.468 bpb=1.469
[2026-03-23 16:08:38] INFO      - batch 260/947 loss=2.467 bpb=1.468
[2026-03-23 16:08:42] INFO      - batch 270/947 loss=2.468 bpb=1.468
[2026-03-23 16:08:46] INFO      - batch 280/947 loss=2.468 bpb=1.467
[2026-03-23 16:08:49] INFO      - batch 290/947 loss=2.467 bpb=1.466
[2026-03-23 16:08:53] INFO      - batch 300/947 loss=2.466 bpb=1.465
[2026-03-23 16:08:56] INFO      - batch 310/947 loss=2.465 bpb=1.465
[2026-03-23 16:09:00] INFO      - batch 320/947 loss=2.464 bpb=1.463
[2026-03-23 16:09:03] INFO      - batch 330/947 loss=2.464 bpb=1.463
[2026-03-23 16:09:07] INFO      - batch 340/947 loss=2.463 bpb=1.461
[2026-03-23 16:09:10] INFO      - batch 350/947 loss=2.463 bpb=1.461
[2026-03-23 16:09:14] INFO      - batch 360/947 loss=2.462 bpb=1.460
[2026-03-23 16:09:17] INFO      - batch 370/947 loss=2.463 bpb=1.461
[2026-03-23 16:09:21] INFO      - batch 380/947 loss=2.462 bpb=1.460
[2026-03-23 16:09:24] INFO      - batch 390/947 loss=2.462 bpb=1.460
[2026-03-23 16:09:28] INFO      - batch 400/947 loss=2.461 bpb=1.460
[2026-03-23 16:09:32] INFO      - batch 410/947 loss=2.461 bpb=1.460
[2026-03-23 16:09:35] INFO      - batch 420/947 loss=2.460 bpb=1.460
[2026-03-23 16:09:39] INFO      - batch 430/947 loss=2.460 bpb=1.460
[2026-03-23 16:09:42] INFO      - batch 440/947 loss=2.460 bpb=1.461
[2026-03-23 16:09:46] INFO      - batch 450/947 loss=2.459 bpb=1.461
[2026-03-23 16:09:49] INFO      - batch 460/947 loss=2.458 bpb=1.461
[2026-03-23 16:09:53] INFO      - batch 470/947 loss=2.458 bpb=1.461
[2026-03-23 16:09:56] INFO      - batch 480/947 loss=2.459 bpb=1.462
[2026-03-23 16:10:00] INFO      - batch 490/947 loss=2.460 bpb=1.462
[2026-03-23 16:10:04] INFO      - batch 500/947 loss=2.460 bpb=1.462
[2026-03-23 16:10:07] INFO      - batch 510/947 loss=2.461 bpb=1.463
[2026-03-23 16:10:11] INFO      - batch 520/947 loss=2.463 bpb=1.463
[2026-03-23 16:10:14] INFO      - batch 530/947 loss=2.463 bpb=1.463
[2026-03-23 16:10:18] INFO      - batch 540/947 loss=2.464 bpb=1.463
[2026-03-23 16:10:21] INFO      - batch 550/947 loss=2.465 bpb=1.464
[2026-03-23 16:10:25] INFO      - batch 560/947 loss=2.464 bpb=1.463
[2026-03-23 16:10:28] INFO      - batch 570/947 loss=2.463 bpb=1.463
[2026-03-23 16:10:32] INFO      - batch 580/947 loss=2.464 bpb=1.462
[2026-03-23 16:10:36] INFO      - batch 590/947 loss=2.463 bpb=1.462
[2026-03-23 16:10:39] INFO      - batch 600/947 loss=2.464 bpb=1.462
[2026-03-23 16:10:43] INFO      - batch 610/947 loss=2.464 bpb=1.462
[2026-03-23 16:10:46] INFO      - batch 620/947 loss=2.464 bpb=1.461
[2026-03-23 16:10:50] INFO      - batch 630/947 loss=2.463 bpb=1.460
[2026-03-23 16:10:53] INFO      - batch 640/947 loss=2.462 bpb=1.460
[2026-03-23 16:10:57] INFO      - batch 650/947 loss=2.462 bpb=1.459
[2026-03-23 16:11:00] INFO      - batch 660/947 loss=2.461 bpb=1.458
[2026-03-23 16:11:04] INFO      - batch 670/947 loss=2.461 bpb=1.458
[2026-03-23 16:11:07] INFO      - batch 680/947 loss=2.461 bpb=1.458
[2026-03-23 16:11:11] INFO      - batch 690/947 loss=2.462 bpb=1.459
[2026-03-23 16:11:14] INFO      - batch 700/947 loss=2.461 bpb=1.458
[2026-03-23 16:11:18] INFO      - batch 710/947 loss=2.461 bpb=1.459
[2026-03-23 16:11:22] INFO      - batch 720/947 loss=2.462 bpb=1.459
[2026-03-23 16:11:25] INFO      - batch 730/947 loss=2.461 bpb=1.459
[2026-03-23 16:11:29] INFO      - batch 740/947 loss=2.462 bpb=1.460
[2026-03-23 16:11:32] INFO      - batch 750/947 loss=2.462 bpb=1.460
[2026-03-23 16:11:36] INFO      - batch 760/947 loss=2.462 bpb=1.461
[2026-03-23 16:11:39] INFO      - batch 770/947 loss=2.462 bpb=1.461
[2026-03-23 16:11:43] INFO      - batch 780/947 loss=2.463 bpb=1.461
[2026-03-23 16:11:46] INFO      - batch 790/947 loss=2.464 bpb=1.462
[2026-03-23 16:11:50] INFO      - batch 800/947 loss=2.464 bpb=1.462
[2026-03-23 16:11:53] INFO      - batch 810/947 loss=2.465 bpb=1.462
[2026-03-23 16:11:57] INFO      - batch 820/947 loss=2.465 bpb=1.462
[2026-03-23 16:12:00] INFO      - batch 830/947 loss=2.465 bpb=1.462
[2026-03-23 16:12:04] INFO      - batch 840/947 loss=2.466 bpb=1.462
[2026-03-23 16:12:07] INFO      - batch 850/947 loss=2.466 bpb=1.462
[2026-03-23 16:12:11] INFO      - batch 860/947 loss=2.466 bpb=1.462
[2026-03-23 16:12:15] INFO      - batch 870/947 loss=2.466 bpb=1.462
[2026-03-23 16:12:18] INFO      - batch 880/947 loss=2.466 bpb=1.462
[2026-03-23 16:12:22] INFO      - batch 890/947 loss=2.466 bpb=1.461
[2026-03-23 16:12:25] INFO      - batch 900/947 loss=2.466 bpb=1.461
[2026-03-23 16:12:29] INFO      - batch 910/947 loss=2.466 bpb=1.461
[2026-03-23 16:12:32] INFO      - batch 920/947 loss=2.466 bpb=1.460
[2026-03-23 16:12:36] INFO      - batch 930/947 loss=2.465 bpb=1.460
[2026-03-23 16:12:39] INFO      - batch 940/947 loss=2.465 bpb=1.460
[2026-03-23 16:12:41] INFO      - batch 947/947 loss=2.465 bpb=1.460
[2026-03-23 16:12:41] INFO     int6 eval complete: val_bpb=1.460 compressed_bytes=11,071,755 in 335.3s
[2026-03-23 16:12:41] INFO     Report saved to /home/kingsley/projects/golf-research/experiments/baseline/artifacts_2x_rtx_pro_6000/eval_report.json
Running evaluation: baseline (artifacts_2x_rtx_pro_6000, 1 GPU(s))
[2026-03-23 16:12:49] INFO     Eval config: checkpoints=full=/home/kingsley/projects/golf-research/experiments/baseline/artifacts_2x_rtx_pro_6000/checkpoint, step_610_final_model_int8 device=cuda:0 sequence_length=1024 batch_size=64 world_size=1
[2026-03-23 16:12:49] INFO     Tokenizer: /home/kingsley/github/parameter-golf/data/tokenizers/fineweb_1024_bpe.model
[2026-03-23 16:12:49] INFO     Validation data: /home/kingsley/github/parameter-golf/data/datasets/fineweb10B_sp1024/fineweb_val_*.bin
[2026-03-23 16:12:49] INFO     Loaded tokens=62.02M sequences=60.6K vocab_size=1024
[2026-03-23 16:12:49] INFO     Loading int8 checkpoint: step_610_final_model_int8
[2026-03-23 16:12:49] INFO     Running int8 evaluation (device=cuda:0)
[2026-03-23 16:12:53] INFO      - batch 10/947 loss=2.437 bpb=1.466
[2026-03-23 16:12:57] INFO      - batch 20/947 loss=2.459 bpb=1.470
[2026-03-23 16:13:00] INFO      - batch 30/947 loss=2.463 bpb=1.475
[2026-03-23 16:13:04] INFO      - batch 40/947 loss=2.452 bpb=1.472
[2026-03-23 16:13:07] INFO      - batch 50/947 loss=2.454 bpb=1.474
[2026-03-23 16:13:11] INFO      - batch 60/947 loss=2.449 bpb=1.472
[2026-03-23 16:13:14] INFO      - batch 70/947 loss=2.449 bpb=1.469
[2026-03-23 16:13:18] INFO      - batch 80/947 loss=2.452 bpb=1.471
[2026-03-23 16:13:21] INFO      - batch 90/947 loss=2.457 bpb=1.473
[2026-03-23 16:13:25] INFO      - batch 100/947 loss=2.459 bpb=1.476
[2026-03-23 16:13:29] INFO      - batch 110/947 loss=2.460 bpb=1.476
[2026-03-23 16:13:32] INFO      - batch 120/947 loss=2.460 bpb=1.477
[2026-03-23 16:13:36] INFO      - batch 130/947 loss=2.459 bpb=1.476
[2026-03-23 16:13:39] INFO      - batch 140/947 loss=2.459 bpb=1.476
[2026-03-23 16:13:43] INFO      - batch 150/947 loss=2.462 bpb=1.475
[2026-03-23 16:13:46] INFO      - batch 160/947 loss=2.464 bpb=1.475
[2026-03-23 16:13:50] INFO      - batch 170/947 loss=2.465 bpb=1.474
[2026-03-23 16:13:53] INFO      - batch 180/947 loss=2.467 bpb=1.476
[2026-03-23 16:13:57] INFO      - batch 190/947 loss=2.468 bpb=1.475
[2026-03-23 16:14:00] INFO      - batch 200/947 loss=2.468 bpb=1.475
[2026-03-23 16:14:04] INFO      - batch 210/947 loss=2.467 bpb=1.473
[2026-03-23 16:14:07] INFO      - batch 220/947 loss=2.468 bpb=1.473
[2026-03-23 16:14:11] INFO      - batch 230/947 loss=2.469 bpb=1.471
[2026-03-23 16:14:15] INFO      - batch 240/947 loss=2.469 bpb=1.470
[2026-03-23 16:14:18] INFO      - batch 250/947 loss=2.470 bpb=1.470
[2026-03-23 16:14:22] INFO      - batch 260/947 loss=2.468 bpb=1.469
[2026-03-23 16:14:25] INFO      - batch 270/947 loss=2.470 bpb=1.469
[2026-03-23 16:14:29] INFO      - batch 280/947 loss=2.470 bpb=1.468
[2026-03-23 16:14:32] INFO      - batch 290/947 loss=2.468 bpb=1.467
[2026-03-23 16:14:36] INFO      - batch 300/947 loss=2.468 bpb=1.466
[2026-03-23 16:14:39] INFO      - batch 310/947 loss=2.467 bpb=1.466
[2026-03-23 16:14:43] INFO      - batch 320/947 loss=2.466 bpb=1.464
[2026-03-23 16:14:46] INFO      - batch 330/947 loss=2.465 bpb=1.464
[2026-03-23 16:14:50] INFO      - batch 340/947 loss=2.464 bpb=1.462
[2026-03-23 16:14:53] INFO      - batch 350/947 loss=2.464 bpb=1.462
[2026-03-23 16:14:57] INFO      - batch 360/947 loss=2.464 bpb=1.461
[2026-03-23 16:15:00] INFO      - batch 370/947 loss=2.464 bpb=1.462
[2026-03-23 16:15:04] INFO      - batch 380/947 loss=2.464 bpb=1.461
[2026-03-23 16:15:08] INFO      - batch 390/947 loss=2.463 bpb=1.461
[2026-03-23 16:15:11] INFO      - batch 400/947 loss=2.463 bpb=1.461
[2026-03-23 16:15:15] INFO      - batch 410/947 loss=2.463 bpb=1.461
[2026-03-23 16:15:18] INFO      - batch 420/947 loss=2.462 bpb=1.461
[2026-03-23 16:15:22] INFO      - batch 430/947 loss=2.461 bpb=1.461
[2026-03-23 16:15:25] INFO      - batch 440/947 loss=2.462 bpb=1.462
[2026-03-23 16:15:29] INFO      - batch 450/947 loss=2.460 bpb=1.462
[2026-03-23 16:15:32] INFO      - batch 460/947 loss=2.460 bpb=1.462
[2026-03-23 16:15:36] INFO      - batch 470/947 loss=2.460 bpb=1.462
[2026-03-23 16:15:39] INFO      - batch 480/947 loss=2.460 bpb=1.463
[2026-03-23 16:15:43] INFO      - batch 490/947 loss=2.462 bpb=1.463
[2026-03-23 16:15:46] INFO      - batch 500/947 loss=2.462 bpb=1.463
[2026-03-23 16:15:50] INFO      - batch 510/947 loss=2.463 bpb=1.464
[2026-03-23 16:15:53] INFO      - batch 520/947 loss=2.464 bpb=1.464
[2026-03-23 16:15:57] INFO      - batch 530/947 loss=2.465 bpb=1.464
[2026-03-23 16:16:01] INFO      - batch 540/947 loss=2.465 bpb=1.464
[2026-03-23 16:16:04] INFO      - batch 550/947 loss=2.466 bpb=1.465
[2026-03-23 16:16:08] INFO      - batch 560/947 loss=2.466 bpb=1.464
[2026-03-23 16:16:11] INFO      - batch 570/947 loss=2.465 bpb=1.463
[2026-03-23 16:16:15] INFO      - batch 580/947 loss=2.465 bpb=1.463
[2026-03-23 16:16:18] INFO      - batch 590/947 loss=2.465 bpb=1.462
[2026-03-23 16:16:22] INFO      - batch 600/947 loss=2.466 bpb=1.463
[2026-03-23 16:16:25] INFO      - batch 610/947 loss=2.465 bpb=1.463
[2026-03-23 16:16:29] INFO      - batch 620/947 loss=2.465 bpb=1.462
[2026-03-23 16:16:32] INFO      - batch 630/947 loss=2.464 bpb=1.461
[2026-03-23 16:16:36] INFO      - batch 640/947 loss=2.464 bpb=1.461
[2026-03-23 16:16:39] INFO      - batch 650/947 loss=2.464 bpb=1.460
[2026-03-23 16:16:43] INFO      - batch 660/947 loss=2.463 bpb=1.459
[2026-03-23 16:16:46] INFO      - batch 670/947 loss=2.463 bpb=1.459
[2026-03-23 16:16:50] INFO      - batch 680/947 loss=2.463 bpb=1.459
[2026-03-23 16:16:54] INFO      - batch 690/947 loss=2.463 bpb=1.459
[2026-03-23 16:16:57] INFO      - batch 700/947 loss=2.463 bpb=1.459
[2026-03-23 16:17:01] INFO      - batch 710/947 loss=2.463 bpb=1.459
[2026-03-23 16:17:04] INFO      - batch 720/947 loss=2.463 bpb=1.460
[2026-03-23 16:17:08] INFO      - batch 730/947 loss=2.463 bpb=1.460
[2026-03-23 16:17:11] INFO      - batch 740/947 loss=2.463 bpb=1.461
[2026-03-23 16:17:15] INFO      - batch 750/947 loss=2.463 bpb=1.461
[2026-03-23 16:17:18] INFO      - batch 760/947 loss=2.464 bpb=1.462
[2026-03-23 16:17:22] INFO      - batch 770/947 loss=2.464 bpb=1.462
[2026-03-23 16:17:25] INFO      - batch 780/947 loss=2.464 bpb=1.462
[2026-03-23 16:17:29] INFO      - batch 790/947 loss=2.465 bpb=1.463
[2026-03-23 16:17:32] INFO      - batch 800/947 loss=2.466 bpb=1.463
[2026-03-23 16:17:36] INFO      - batch 810/947 loss=2.466 bpb=1.463
[2026-03-23 16:17:39] INFO      - batch 820/947 loss=2.466 bpb=1.463
[2026-03-23 16:17:43] INFO      - batch 830/947 loss=2.467 bpb=1.463
[2026-03-23 16:17:47] INFO      - batch 840/947 loss=2.467 bpb=1.463
[2026-03-23 16:17:50] INFO      - batch 850/947 loss=2.468 bpb=1.463
[2026-03-23 16:17:54] INFO      - batch 860/947 loss=2.468 bpb=1.463
[2026-03-23 16:17:57] INFO      - batch 870/947 loss=2.468 bpb=1.463
[2026-03-23 16:18:01] INFO      - batch 880/947 loss=2.468 bpb=1.462
[2026-03-23 16:18:04] INFO      - batch 890/947 loss=2.468 bpb=1.462
[2026-03-23 16:18:08] INFO      - batch 900/947 loss=2.467 bpb=1.462
[2026-03-23 16:18:11] INFO      - batch 910/947 loss=2.467 bpb=1.462
[2026-03-23 16:18:15] INFO      - batch 920/947 loss=2.467 bpb=1.461
[2026-03-23 16:18:18] INFO      - batch 930/947 loss=2.467 bpb=1.461
[2026-03-23 16:18:22] INFO      - batch 940/947 loss=2.466 bpb=1.461
[2026-03-23 16:18:24] INFO      - batch 947/947 loss=2.466 bpb=1.461
[2026-03-23 16:18:24] INFO     int8 eval complete: val_bpb=1.461 compressed_bytes=9,577,429 in 334.7s
[2026-03-23 16:18:24] INFO     Report saved to /home/kingsley/projects/golf-research/experiments/baseline/artifacts_2x_rtx_pro_6000/eval_report.json
Running evaluation: baseline (artifacts_2x_rtx_pro_6000, 1 GPU(s))
[2026-03-23 16:18:32] INFO     Eval config: checkpoints=full=/home/kingsley/projects/golf-research/experiments/baseline/artifacts_2x_rtx_pro_6000/checkpoint, step_610_final_model_mxfp4 device=cuda:0 sequence_length=1024 batch_size=64 world_size=1
[2026-03-23 16:18:32] INFO     Tokenizer: /home/kingsley/github/parameter-golf/data/tokenizers/fineweb_1024_bpe.model
[2026-03-23 16:18:32] INFO     Validation data: /home/kingsley/github/parameter-golf/data/datasets/fineweb10B_sp1024/fineweb_val_*.bin
[2026-03-23 16:18:32] INFO     Loaded tokens=62.02M sequences=60.6K vocab_size=1024
[2026-03-23 16:18:32] INFO     Loading mxfp4 checkpoint: step_610_final_model_mxfp4
[2026-03-23 16:18:32] INFO     Running mxfp4 evaluation (device=cuda:0)
[2026-03-23 16:18:36] INFO      - batch 10/947 loss=2.563 bpb=1.542
[2026-03-23 16:18:39] INFO      - batch 20/947 loss=2.587 bpb=1.546
[2026-03-23 16:18:43] INFO      - batch 30/947 loss=2.590 bpb=1.551
[2026-03-23 16:18:46] INFO      - batch 40/947 loss=2.579 bpb=1.549
[2026-03-23 16:18:50] INFO      - batch 50/947 loss=2.582 bpb=1.551
[2026-03-23 16:18:54] INFO      - batch 60/947 loss=2.576 bpb=1.548
[2026-03-23 16:18:57] INFO      - batch 70/947 loss=2.576 bpb=1.545
[2026-03-23 16:19:01] INFO      - batch 80/947 loss=2.579 bpb=1.547
[2026-03-23 16:19:04] INFO      - batch 90/947 loss=2.584 bpb=1.550
[2026-03-23 16:19:08] INFO      - batch 100/947 loss=2.586 bpb=1.553
[2026-03-23 16:19:11] INFO      - batch 110/947 loss=2.587 bpb=1.552
[2026-03-23 16:19:15] INFO      - batch 120/947 loss=2.588 bpb=1.553
[2026-03-23 16:19:18] INFO      - batch 130/947 loss=2.586 bpb=1.553
[2026-03-23 16:19:22] INFO      - batch 140/947 loss=2.586 bpb=1.552
[2026-03-23 16:19:25] INFO      - batch 150/947 loss=2.588 bpb=1.551
[2026-03-23 16:19:29] INFO      - batch 160/947 loss=2.591 bpb=1.551
[2026-03-23 16:19:32] INFO      - batch 170/947 loss=2.591 bpb=1.550
[2026-03-23 16:19:36] INFO      - batch 180/947 loss=2.593 bpb=1.552
[2026-03-23 16:19:39] INFO      - batch 190/947 loss=2.594 bpb=1.551
[2026-03-23 16:19:43] INFO      - batch 200/947 loss=2.594 bpb=1.550
[2026-03-23 16:19:47] INFO      - batch 210/947 loss=2.594 bpb=1.549
[2026-03-23 16:19:50] INFO      - batch 220/947 loss=2.595 bpb=1.548
[2026-03-23 16:19:54] INFO      - batch 230/947 loss=2.595 bpb=1.547
[2026-03-23 16:19:57] INFO      - batch 240/947 loss=2.595 bpb=1.546
[2026-03-23 16:20:01] INFO      - batch 250/947 loss=2.596 bpb=1.545
[2026-03-23 16:20:04] INFO      - batch 260/947 loss=2.595 bpb=1.544
[2026-03-23 16:20:08] INFO      - batch 270/947 loss=2.596 bpb=1.544
[2026-03-23 16:20:11] INFO      - batch 280/947 loss=2.596 bpb=1.543
[2026-03-23 16:20:15] INFO      - batch 290/947 loss=2.594 bpb=1.542
[2026-03-23 16:20:18] INFO      - batch 300/947 loss=2.594 bpb=1.541
[2026-03-23 16:20:22] INFO      - batch 310/947 loss=2.593 bpb=1.541
[2026-03-23 16:20:25] INFO      - batch 320/947 loss=2.592 bpb=1.539
[2026-03-23 16:20:29] INFO      - batch 330/947 loss=2.591 bpb=1.538
[2026-03-23 16:20:33] INFO      - batch 340/947 loss=2.590 bpb=1.537
[2026-03-23 16:20:36] INFO      - batch 350/947 loss=2.590 bpb=1.536
[2026-03-23 16:20:40] INFO      - batch 360/947 loss=2.589 bpb=1.536
[2026-03-23 16:20:43] INFO      - batch 370/947 loss=2.590 bpb=1.536
[2026-03-23 16:20:47] INFO      - batch 380/947 loss=2.589 bpb=1.536
[2026-03-23 16:20:50] INFO      - batch 390/947 loss=2.589 bpb=1.536
[2026-03-23 16:20:54] INFO      - batch 400/947 loss=2.589 bpb=1.536
[2026-03-23 16:20:57] INFO      - batch 410/947 loss=2.588 bpb=1.536
[2026-03-23 16:21:01] INFO      - batch 420/947 loss=2.588 bpb=1.536
[2026-03-23 16:21:04] INFO      - batch 430/947 loss=2.587 bpb=1.536
[2026-03-23 16:21:08] INFO      - batch 440/947 loss=2.588 bpb=1.537
[2026-03-23 16:21:11] INFO      - batch 450/947 loss=2.586 bpb=1.537
[2026-03-23 16:21:15] INFO      - batch 460/947 loss=2.585 bpb=1.537
[2026-03-23 16:21:18] INFO      - batch 470/947 loss=2.585 bpb=1.537
[2026-03-23 16:21:22] INFO      - batch 480/947 loss=2.586 bpb=1.538
[2026-03-23 16:21:25] INFO      - batch 490/947 loss=2.587 bpb=1.538
[2026-03-23 16:21:29] INFO      - batch 500/947 loss=2.588 bpb=1.538
[2026-03-23 16:21:33] INFO      - batch 510/947 loss=2.588 bpb=1.538
[2026-03-23 16:21:36] INFO      - batch 520/947 loss=2.590 bpb=1.539
[2026-03-23 16:21:40] INFO      - batch 530/947 loss=2.591 bpb=1.539
[2026-03-23 16:21:43] INFO      - batch 540/947 loss=2.591 bpb=1.539
[2026-03-23 16:21:47] INFO      - batch 550/947 loss=2.592 bpb=1.539
[2026-03-23 16:21:50] INFO      - batch 560/947 loss=2.592 bpb=1.539
[2026-03-23 16:21:54] INFO      - batch 570/947 loss=2.591 bpb=1.538
[2026-03-23 16:21:57] INFO      - batch 580/947 loss=2.591 bpb=1.538
[2026-03-23 16:22:01] INFO      - batch 590/947 loss=2.591 bpb=1.537
[2026-03-23 16:22:04] INFO      - batch 600/947 loss=2.591 bpb=1.537
[2026-03-23 16:22:08] INFO      - batch 610/947 loss=2.591 bpb=1.537
[2026-03-23 16:22:11] INFO      - batch 620/947 loss=2.591 bpb=1.537
[2026-03-23 16:22:15] INFO      - batch 630/947 loss=2.590 bpb=1.536
[2026-03-23 16:22:18] INFO      - batch 640/947 loss=2.590 bpb=1.535
[2026-03-23 16:22:22] INFO      - batch 650/947 loss=2.589 bpb=1.535
[2026-03-23 16:22:26] INFO      - batch 660/947 loss=2.589 bpb=1.534
[2026-03-23 16:22:29] INFO      - batch 670/947 loss=2.588 bpb=1.533
[2026-03-23 16:22:33] INFO      - batch 680/947 loss=2.588 bpb=1.533
[2026-03-23 16:22:36] INFO      - batch 690/947 loss=2.589 bpb=1.534
[2026-03-23 16:22:40] INFO      - batch 700/947 loss=2.589 bpb=1.534
[2026-03-23 16:22:43] INFO      - batch 710/947 loss=2.589 bpb=1.534
[2026-03-23 16:22:47] INFO      - batch 720/947 loss=2.589 bpb=1.535
[2026-03-23 16:22:50] INFO      - batch 730/947 loss=2.588 bpb=1.535
[2026-03-23 16:22:54] INFO      - batch 740/947 loss=2.589 bpb=1.535
[2026-03-23 16:22:57] INFO      - batch 750/947 loss=2.589 bpb=1.536
[2026-03-23 16:23:01] INFO      - batch 760/947 loss=2.589 bpb=1.536
[2026-03-23 16:23:04] INFO      - batch 770/947 loss=2.590 bpb=1.537
[2026-03-23 16:23:08] INFO      - batch 780/947 loss=2.590 bpb=1.537
[2026-03-23 16:23:11] INFO      - batch 790/947 loss=2.591 bpb=1.537
[2026-03-23 16:23:15] INFO      - batch 800/947 loss=2.592 bpb=1.537
[2026-03-23 16:23:19] INFO      - batch 810/947 loss=2.592 bpb=1.537
[2026-03-23 16:23:22] INFO      - batch 820/947 loss=2.592 bpb=1.537
[2026-03-23 16:23:26] INFO      - batch 830/947 loss=2.593 bpb=1.537
[2026-03-23 16:23:29] INFO      - batch 840/947 loss=2.593 bpb=1.538
[2026-03-23 16:23:33] INFO      - batch 850/947 loss=2.594 bpb=1.538
[2026-03-23 16:23:36] INFO      - batch 860/947 loss=2.594 bpb=1.538
[2026-03-23 16:23:40] INFO      - batch 870/947 loss=2.594 bpb=1.537
[2026-03-23 16:23:43] INFO      - batch 880/947 loss=2.594 bpb=1.537
[2026-03-23 16:23:47] INFO      - batch 890/947 loss=2.593 bpb=1.537
[2026-03-23 16:23:50] INFO      - batch 900/947 loss=2.593 bpb=1.536
[2026-03-23 16:23:54] INFO      - batch 910/947 loss=2.593 bpb=1.536
[2026-03-23 16:23:57] INFO      - batch 920/947 loss=2.593 bpb=1.536
[2026-03-23 16:24:01] INFO      - batch 930/947 loss=2.592 bpb=1.535
[2026-03-23 16:24:04] INFO      - batch 940/947 loss=2.592 bpb=1.535
[2026-03-23 16:24:07] INFO      - batch 947/947 loss=2.592 bpb=1.535
[2026-03-23 16:24:07] INFO     mxfp4 eval complete: val_bpb=1.535 compressed_bytes=8,341,477 in 334.8s
[2026-03-23 16:24:07] INFO     Report saved to /home/kingsley/projects/golf-research/experiments/baseline/artifacts_2x_rtx_pro_6000/eval_report.json
Running evaluation: baseline (artifacts_2x_rtx_pro_6000, 1 GPU(s))
[2026-03-23 16:24:14] INFO     Eval config: checkpoints=full=/home/kingsley/projects/golf-research/experiments/baseline/artifacts_2x_rtx_pro_6000/checkpoint, step_610_final_model_nvfp4 device=cuda:0 sequence_length=1024 batch_size=64 world_size=1
[2026-03-23 16:24:14] INFO     Tokenizer: /home/kingsley/github/parameter-golf/data/tokenizers/fineweb_1024_bpe.model
[2026-03-23 16:24:14] INFO     Validation data: /home/kingsley/github/parameter-golf/data/datasets/fineweb10B_sp1024/fineweb_val_*.bin
[2026-03-23 16:24:14] INFO     Loaded tokens=62.02M sequences=60.6K vocab_size=1024
[2026-03-23 16:24:14] INFO     Loading nvfp4 checkpoint: step_610_final_model_nvfp4
[2026-03-23 16:24:14] INFO     Running nvfp4 evaluation (device=cuda:0)
[2026-03-23 16:24:18] INFO      - batch 10/947 loss=2.590 bpb=1.558
[2026-03-23 16:24:22] INFO      - batch 20/947 loss=2.613 bpb=1.562
[2026-03-23 16:24:25] INFO      - batch 30/947 loss=2.616 bpb=1.567
[2026-03-23 16:24:29] INFO      - batch 40/947 loss=2.606 bpb=1.564
[2026-03-23 16:24:33] INFO      - batch 50/947 loss=2.608 bpb=1.567
[2026-03-23 16:24:36] INFO      - batch 60/947 loss=2.602 bpb=1.564
[2026-03-23 16:24:40] INFO      - batch 70/947 loss=2.602 bpb=1.561
[2026-03-23 16:24:43] INFO      - batch 80/947 loss=2.605 bpb=1.563
[2026-03-23 16:24:47] INFO      - batch 90/947 loss=2.610 bpb=1.565
[2026-03-23 16:24:50] INFO      - batch 100/947 loss=2.613 bpb=1.568
[2026-03-23 16:24:54] INFO      - batch 110/947 loss=2.614 bpb=1.568
[2026-03-23 16:24:57] INFO      - batch 120/947 loss=2.614 bpb=1.569
[2026-03-23 16:25:01] INFO      - batch 130/947 loss=2.613 bpb=1.568
[2026-03-23 16:25:04] INFO      - batch 140/947 loss=2.613 bpb=1.568
[2026-03-23 16:25:08] INFO      - batch 150/947 loss=2.615 bpb=1.567
[2026-03-23 16:25:11] INFO      - batch 160/947 loss=2.617 bpb=1.567
[2026-03-23 16:25:15] INFO      - batch 170/947 loss=2.617 bpb=1.565
[2026-03-23 16:25:18] INFO      - batch 180/947 loss=2.619 bpb=1.567
[2026-03-23 16:25:22] INFO      - batch 190/947 loss=2.620 bpb=1.567
[2026-03-23 16:25:26] INFO      - batch 200/947 loss=2.621 bpb=1.566
[2026-03-23 16:25:29] INFO      - batch 210/947 loss=2.620 bpb=1.564
[2026-03-23 16:25:33] INFO      - batch 220/947 loss=2.621 bpb=1.564
[2026-03-23 16:25:36] INFO      - batch 230/947 loss=2.621 bpb=1.562
[2026-03-23 16:25:40] INFO      - batch 240/947 loss=2.621 bpb=1.561
[2026-03-23 16:25:43] INFO      - batch 250/947 loss=2.622 bpb=1.561
[2026-03-23 16:25:47] INFO      - batch 260/947 loss=2.621 bpb=1.560
[2026-03-23 16:25:50] INFO      - batch 270/947 loss=2.622 bpb=1.559
[2026-03-23 16:25:54] INFO      - batch 280/947 loss=2.622 bpb=1.558
[2026-03-23 16:25:57] INFO      - batch 290/947 loss=2.620 bpb=1.557
[2026-03-23 16:26:01] INFO      - batch 300/947 loss=2.620 bpb=1.557
[2026-03-23 16:26:04] INFO      - batch 310/947 loss=2.619 bpb=1.556
[2026-03-23 16:26:08] INFO      - batch 320/947 loss=2.618 bpb=1.554
[2026-03-23 16:26:11] INFO      - batch 330/947 loss=2.617 bpb=1.554
[2026-03-23 16:26:15] INFO      - batch 340/947 loss=2.616 bpb=1.552
[2026-03-23 16:26:18] INFO      - batch 350/947 loss=2.616 bpb=1.552
[2026-03-23 16:26:22] INFO      - batch 360/947 loss=2.615 bpb=1.551
[2026-03-23 16:26:26] INFO      - batch 370/947 loss=2.616 bpb=1.552
[2026-03-23 16:26:29] INFO      - batch 380/947 loss=2.615 bpb=1.551
[2026-03-23 16:26:33] INFO      - batch 390/947 loss=2.615 bpb=1.551
[2026-03-23 16:26:36] INFO      - batch 400/947 loss=2.614 bpb=1.551
[2026-03-23 16:26:40] INFO      - batch 410/947 loss=2.614 bpb=1.551
[2026-03-23 16:26:43] INFO      - batch 420/947 loss=2.613 bpb=1.551
[2026-03-23 16:26:47] INFO      - batch 430/947 loss=2.613 bpb=1.551
[2026-03-23 16:26:50] INFO      - batch 440/947 loss=2.613 bpb=1.552
[2026-03-23 16:26:54] INFO      - batch 450/947 loss=2.612 bpb=1.552
[2026-03-23 16:26:57] INFO      - batch 460/947 loss=2.611 bpb=1.552
[2026-03-23 16:27:01] INFO      - batch 470/947 loss=2.611 bpb=1.553
[2026-03-23 16:27:04] INFO      - batch 480/947 loss=2.612 bpb=1.553
[2026-03-23 16:27:08] INFO      - batch 490/947 loss=2.613 bpb=1.553
[2026-03-23 16:27:12] INFO      - batch 500/947 loss=2.614 bpb=1.553
[2026-03-23 16:27:15] INFO      - batch 510/947 loss=2.614 bpb=1.554
[2026-03-23 16:27:19] INFO      - batch 520/947 loss=2.616 bpb=1.554
[2026-03-23 16:27:22] INFO      - batch 530/947 loss=2.616 bpb=1.554
[2026-03-23 16:27:26] INFO      - batch 540/947 loss=2.617 bpb=1.554
[2026-03-23 16:27:29] INFO      - batch 550/947 loss=2.618 bpb=1.555
[2026-03-23 16:27:33] INFO      - batch 560/947 loss=2.617 bpb=1.554
[2026-03-23 16:27:36] INFO      - batch 570/947 loss=2.617 bpb=1.553
[2026-03-23 16:27:40] INFO      - batch 580/947 loss=2.617 bpb=1.553
[2026-03-23 16:27:43] INFO      - batch 590/947 loss=2.616 bpb=1.552
[2026-03-23 16:27:47] INFO      - batch 600/947 loss=2.617 bpb=1.553
[2026-03-23 16:27:50] INFO      - batch 610/947 loss=2.617 bpb=1.553
[2026-03-23 16:27:54] INFO      - batch 620/947 loss=2.617 bpb=1.552
[2026-03-23 16:27:57] INFO      - batch 630/947 loss=2.616 bpb=1.551
[2026-03-23 16:28:01] INFO      - batch 640/947 loss=2.615 bpb=1.550
[2026-03-23 16:28:05] INFO      - batch 650/947 loss=2.615 bpb=1.550
[2026-03-23 16:28:08] INFO      - batch 660/947 loss=2.614 bpb=1.549
[2026-03-23 16:28:12] INFO      - batch 670/947 loss=2.614 bpb=1.548
[2026-03-23 16:28:15] INFO      - batch 680/947 loss=2.614 bpb=1.549
[2026-03-23 16:28:19] INFO      - batch 690/947 loss=2.614 bpb=1.549
[2026-03-23 16:28:22] INFO      - batch 700/947 loss=2.614 bpb=1.549
[2026-03-23 16:28:26] INFO      - batch 710/947 loss=2.614 bpb=1.549
[2026-03-23 16:28:29] INFO      - batch 720/947 loss=2.615 bpb=1.550
[2026-03-23 16:28:33] INFO      - batch 730/947 loss=2.614 bpb=1.550
[2026-03-23 16:28:36] INFO      - batch 740/947 loss=2.615 bpb=1.551
[2026-03-23 16:28:40] INFO      - batch 750/947 loss=2.615 bpb=1.551
[2026-03-23 16:28:43] INFO      - batch 760/947 loss=2.615 bpb=1.552
[2026-03-23 16:28:47] INFO      - batch 770/947 loss=2.616 bpb=1.552
[2026-03-23 16:28:50] INFO      - batch 780/947 loss=2.616 bpb=1.552
[2026-03-23 16:28:54] INFO      - batch 790/947 loss=2.617 bpb=1.553
[2026-03-23 16:28:58] INFO      - batch 800/947 loss=2.617 bpb=1.553
[2026-03-23 16:29:01] INFO      - batch 810/947 loss=2.618 bpb=1.553
[2026-03-23 16:29:05] INFO      - batch 820/947 loss=2.618 bpb=1.553
[2026-03-23 16:29:08] INFO      - batch 830/947 loss=2.618 bpb=1.553
[2026-03-23 16:29:12] INFO      - batch 840/947 loss=2.619 bpb=1.553
[2026-03-23 16:29:15] INFO      - batch 850/947 loss=2.620 bpb=1.553
[2026-03-23 16:29:19] INFO      - batch 860/947 loss=2.620 bpb=1.553
[2026-03-23 16:29:22] INFO      - batch 870/947 loss=2.619 bpb=1.553
[2026-03-23 16:29:26] INFO      - batch 880/947 loss=2.619 bpb=1.552
[2026-03-23 16:29:29] INFO      - batch 890/947 loss=2.619 bpb=1.552
[2026-03-23 16:29:33] INFO      - batch 900/947 loss=2.619 bpb=1.552
[2026-03-23 16:29:36] INFO      - batch 910/947 loss=2.619 bpb=1.551
[2026-03-23 16:29:40] INFO      - batch 920/947 loss=2.619 bpb=1.551
[2026-03-23 16:29:44] INFO      - batch 930/947 loss=2.618 bpb=1.551
[2026-03-23 16:29:47] INFO      - batch 940/947 loss=2.618 bpb=1.550
[2026-03-23 16:29:49] INFO      - batch 947/947 loss=2.618 bpb=1.550
[2026-03-23 16:29:49] INFO     nvfp4 eval complete: val_bpb=1.550 compressed_bytes=8,575,048 in 334.8s
[2026-03-23 16:29:49] INFO     Report saved to /home/kingsley/projects/golf-research/experiments/baseline/artifacts_2x_rtx_pro_6000/eval_report.json
Quantizing: baseline (artifacts_2x_rtx_pro_6000, schemes=int6,int8,mxfp4,nvfp4, uncompressed)
[2026-03-24 07:28:00] INFO     Loading checkpoint: /home/kingsley/projects/golf-research/experiments/baseline/artifacts_2x_rtx_pro_6000/checkpoint/step_610_final_model
[2026-03-24 07:28:00] INFO     Loading checkpoint from /home/kingsley/projects/golf-research/experiments/baseline/artifacts_2x_rtx_pro_6000/checkpoint/step_610_final_model
[2026-03-24 07:28:00] INFO     Loaded model from /home/kingsley/projects/golf-research/experiments/baseline/artifacts_2x_rtx_pro_6000/checkpoint/step_610_final_model (17,051,208 parameters)
[2026-03-24 07:28:00] INFO     Quantizing to int6
[2026-03-24 07:28:03] INFO     int6 (zstd): compressed=11,074,737 bytes serialized=13,370,107 bytes payload=13,311,120 bytes
[2026-03-24 07:28:03] INFO     int6 roundtrip verified
[2026-03-24 07:28:03] INFO     Quantizing to int8
[2026-03-24 07:28:14] INFO     int8 (zstd): compressed=9,478,574 bytes serialized=17,759,611 bytes payload=17,702,032 bytes
[2026-03-24 07:28:14] INFO     int8 roundtrip verified
[2026-03-24 07:28:14] INFO     Quantizing to mxfp4
[2026-03-24 07:28:15] INFO     mxfp4 (zstd): compressed=8,341,451 bytes serialized=11,113,787 bytes payload=11,056,272 bytes
[2026-03-24 07:28:16] INFO     mxfp4 roundtrip verified
[2026-03-24 07:28:16] INFO     Quantizing to nvfp4
[2026-03-24 07:28:17] INFO     nvfp4 (zstd): compressed=8,577,541 bytes serialized=10,030,347 bytes payload=9,958,768 bytes
[2026-03-24 07:28:17] INFO     nvfp4 roundtrip verified
[2026-03-24 07:28:17] INFO     Report saved to /home/kingsley/projects/golf-research/experiments/baseline/artifacts_2x_rtx_pro_6000/quant_report.json
Running evaluation: baseline (artifacts_2x_rtx_pro_6000, 1 GPU(s))
[2026-03-24 09:28:11] INFO     Eval config: checkpoints=full=/home/kingsley/projects/golf-research/experiments/baseline/artifacts_2x_rtx_pro_6000/checkpoint, step_610_final_model_int6, step_610_final_model_int8, step_610_final_model_mxfp4, step_610_final_model_nvfp4 device=cuda:0 sequence_length=1024 batch_size=64 world_size=1
[2026-03-24 09:28:11] INFO     Tokenizer: /home/kingsley/github/parameter-golf/data/tokenizers/fineweb_1024_bpe.model
[2026-03-24 09:28:11] INFO     Validation data: /home/kingsley/github/parameter-golf/data/datasets/fineweb10B_sp1024/fineweb_val_*.bin
[2026-03-24 09:28:11] INFO     Loaded tokens=62.02M sequences=60.6K vocab_size=1024
[2026-03-24 09:28:11] INFO     Loading full-precision checkpoint
[2026-03-24 09:28:11] INFO     Loading checkpoint from /home/kingsley/projects/golf-research/experiments/baseline/artifacts_2x_rtx_pro_6000/checkpoint/step_610_final_model
[2026-03-24 09:28:11] INFO     Loaded model from /home/kingsley/projects/golf-research/experiments/baseline/artifacts_2x_rtx_pro_6000/checkpoint/step_610_final_model (17,051,208 parameters)
[2026-03-24 09:28:11] INFO     Running full-precision evaluation
Quantizing: baseline (artifacts_2x_rtx_pro_6000, schemes=int6, compressed)
[2026-03-24 20:23:55] INFO     Extracting compressed checkpoint: /home/kingsley/projects/golf-research/experiments/baseline/artifacts_2x_rtx_pro_6000/checkpoint.tar.gz
/home/kingsley/projects/golf-research/scripts/quant.py:702: DeprecationWarning: Python 3.14 will, by default, filter extracted tar archives and reject files or modify their metadata. Use the filter argument to control this behavior.
  tar.extractall(tmp_dir)
[2026-03-24 20:23:55] INFO     Loading checkpoint: /tmp/quant_checkpoint_h45oh0zt/checkpoint/step_610_final_model
[2026-03-24 20:23:55] INFO     Loading checkpoint from /tmp/quant_checkpoint_h45oh0zt/checkpoint/step_610_final_model
[2026-03-24 20:23:55] INFO     Loaded model from /tmp/quant_checkpoint_h45oh0zt/checkpoint/step_610_final_model (17,051,208 parameters)
[2026-03-24 20:23:55] INFO     Quantizing to int6
[2026-03-24 20:24:05] INFO     int6 (zstd): compressed=9,617,015 bytes serialized=17,761,275 bytes payload=17,702,032 bytes
[2026-03-24 20:24:05] INFO     int6 roundtrip verified
[2026-03-24 20:24:05] INFO     Report saved to /home/kingsley/projects/golf-research/experiments/baseline/artifacts_2x_rtx_pro_6000/quant_report.json
Running evaluation: baseline (artifacts_2x_rtx_pro_6000, 1 GPU(s))
[2026-03-24 20:24:08] INFO     Eval config: checkpoints=step_610_final_model_int6 device=cuda:0 sequence_length=1024 batch_size=64 world_size=1
[2026-03-24 20:24:08] INFO     Tokenizer: /home/kingsley/github/parameter-golf/data/tokenizers/fineweb_1024_bpe.model
[2026-03-24 20:24:08] INFO     Validation data: /home/kingsley/github/parameter-golf/data/datasets/fineweb10B_sp1024/fineweb_val_*.bin
[2026-03-24 20:24:08] INFO     Loaded tokens=62.02M sequences=60.6K vocab_size=1024
[2026-03-24 20:24:08] INFO     Loading int6 checkpoint: step_610_final_model_int6
[2026-03-24 20:24:08] INFO     Running int6 evaluation (device=cuda:0)
[2026-03-24 20:24:23] INFO      - batch 10/947 loss=2.435 bpb=1.465
[2026-03-24 20:24:37] INFO      - batch 20/947 loss=2.458 bpb=1.469
[2026-03-24 20:24:51] INFO      - batch 30/947 loss=2.461 bpb=1.474
[2026-03-24 20:25:05] INFO      - batch 40/947 loss=2.451 bpb=1.471
[2026-03-24 20:25:19] INFO      - batch 50/947 loss=2.453 bpb=1.474
[2026-03-24 20:25:33] INFO      - batch 60/947 loss=2.447 bpb=1.471
[2026-03-24 20:25:47] INFO      - batch 70/947 loss=2.447 bpb=1.468
[2026-03-24 20:26:01] INFO      - batch 80/947 loss=2.450 bpb=1.470
[2026-03-24 20:26:15] INFO      - batch 90/947 loss=2.455 bpb=1.473
[2026-03-24 20:26:29] INFO      - batch 100/947 loss=2.458 bpb=1.476
[2026-03-24 20:26:43] INFO      - batch 110/947 loss=2.459 bpb=1.475
[2026-03-24 20:26:57] INFO      - batch 120/947 loss=2.459 bpb=1.476
[2026-03-24 20:27:11] INFO      - batch 130/947 loss=2.458 bpb=1.475
[2026-03-24 20:27:25] INFO      - batch 140/947 loss=2.458 bpb=1.475
[2026-03-24 20:27:39] INFO      - batch 150/947 loss=2.460 bpb=1.474
[2026-03-24 20:27:53] INFO      - batch 160/947 loss=2.462 bpb=1.474
[2026-03-24 20:28:07] INFO      - batch 170/947 loss=2.463 bpb=1.473
[2026-03-24 20:28:21] INFO      - batch 180/947 loss=2.465 bpb=1.475
[2026-03-24 20:28:35] INFO      - batch 190/947 loss=2.466 bpb=1.474
[2026-03-24 20:28:49] INFO      - batch 200/947 loss=2.466 bpb=1.474
[2026-03-24 20:29:03] INFO      - batch 210/947 loss=2.466 bpb=1.472
[2026-03-24 20:29:17] INFO      - batch 220/947 loss=2.467 bpb=1.472
[2026-03-24 20:29:31] INFO      - batch 230/947 loss=2.468 bpb=1.471
[2026-03-24 20:29:45] INFO      - batch 240/947 loss=2.468 bpb=1.470
[2026-03-24 20:29:59] INFO      - batch 250/947 loss=2.468 bpb=1.469
[2026-03-24 20:30:13] INFO      - batch 260/947 loss=2.467 bpb=1.468
[2026-03-24 20:30:27] INFO      - batch 270/947 loss=2.468 bpb=1.468
[2026-03-24 20:30:41] INFO      - batch 280/947 loss=2.468 bpb=1.467
[2026-03-24 20:30:55] INFO      - batch 290/947 loss=2.467 bpb=1.466
[2026-03-24 20:31:09] INFO      - batch 300/947 loss=2.466 bpb=1.465
[2026-03-24 20:31:23] INFO      - batch 310/947 loss=2.465 bpb=1.465
[2026-03-24 20:31:37] INFO      - batch 320/947 loss=2.464 bpb=1.463
[2026-03-24 20:31:51] INFO      - batch 330/947 loss=2.464 bpb=1.463
[2026-03-24 20:32:05] INFO      - batch 340/947 loss=2.463 bpb=1.461
[2026-03-24 20:32:19] INFO      - batch 350/947 loss=2.463 bpb=1.461
[2026-03-24 20:32:33] INFO      - batch 360/947 loss=2.462 bpb=1.460
[2026-03-24 20:32:47] INFO      - batch 370/947 loss=2.463 bpb=1.461
[2026-03-24 20:33:01] INFO      - batch 380/947 loss=2.462 bpb=1.460
[2026-03-24 20:33:15] INFO      - batch 390/947 loss=2.462 bpb=1.460
[2026-03-24 20:33:29] INFO      - batch 400/947 loss=2.461 bpb=1.460
[2026-03-24 20:33:43] INFO      - batch 410/947 loss=2.461 bpb=1.460
[2026-03-24 20:33:57] INFO      - batch 420/947 loss=2.460 bpb=1.460
[2026-03-24 20:34:11] INFO      - batch 430/947 loss=2.460 bpb=1.460
[2026-03-24 20:34:25] INFO      - batch 440/947 loss=2.460 bpb=1.461
[2026-03-24 20:34:39] INFO      - batch 450/947 loss=2.459 bpb=1.461
[2026-03-24 20:34:53] INFO      - batch 460/947 loss=2.458 bpb=1.461
[2026-03-24 20:35:07] INFO      - batch 470/947 loss=2.458 bpb=1.461
[2026-03-24 20:35:21] INFO      - batch 480/947 loss=2.459 bpb=1.462
[2026-03-24 20:35:35] INFO      - batch 490/947 loss=2.460 bpb=1.462
[2026-03-24 20:35:49] INFO      - batch 500/947 loss=2.460 bpb=1.462
[2026-03-24 20:36:03] INFO      - batch 510/947 loss=2.461 bpb=1.463
[2026-03-24 20:36:18] INFO      - batch 520/947 loss=2.463 bpb=1.463
[2026-03-24 20:36:32] INFO      - batch 530/947 loss=2.463 bpb=1.463
[2026-03-24 20:36:46] INFO      - batch 540/947 loss=2.464 bpb=1.463
[2026-03-24 20:37:00] INFO      - batch 550/947 loss=2.465 bpb=1.464
[2026-03-24 20:37:14] INFO      - batch 560/947 loss=2.464 bpb=1.463
[2026-03-24 20:37:28] INFO      - batch 570/947 loss=2.463 bpb=1.463
[2026-03-24 20:37:42] INFO      - batch 580/947 loss=2.464 bpb=1.462
[2026-03-24 20:37:56] INFO      - batch 590/947 loss=2.463 bpb=1.462
[2026-03-24 20:38:10] INFO      - batch 600/947 loss=2.464 bpb=1.462
[2026-03-24 20:38:24] INFO      - batch 610/947 loss=2.464 bpb=1.462
[2026-03-24 20:38:38] INFO      - batch 620/947 loss=2.464 bpb=1.461
[2026-03-24 20:38:52] INFO      - batch 630/947 loss=2.463 bpb=1.460
[2026-03-24 20:39:06] INFO      - batch 640/947 loss=2.462 bpb=1.460
[2026-03-24 20:39:20] INFO      - batch 650/947 loss=2.462 bpb=1.459
[2026-03-24 20:39:34] INFO      - batch 660/947 loss=2.461 bpb=1.458
[2026-03-24 20:39:48] INFO      - batch 670/947 loss=2.461 bpb=1.458
[2026-03-24 20:40:02] INFO      - batch 680/947 loss=2.461 bpb=1.458
[2026-03-24 20:40:16] INFO      - batch 690/947 loss=2.462 bpb=1.459
[2026-03-24 20:40:30] INFO      - batch 700/947 loss=2.461 bpb=1.458
[2026-03-24 20:40:44] INFO      - batch 710/947 loss=2.461 bpb=1.459
[2026-03-24 20:40:58] INFO      - batch 720/947 loss=2.462 bpb=1.459
[2026-03-24 20:41:12] INFO      - batch 730/947 loss=2.461 bpb=1.459
[2026-03-24 20:41:26] INFO      - batch 740/947 loss=2.462 bpb=1.460
[2026-03-24 20:41:40] INFO      - batch 750/947 loss=2.462 bpb=1.460
[2026-03-24 20:41:54] INFO      - batch 760/947 loss=2.462 bpb=1.461
[2026-03-24 20:42:08] INFO      - batch 770/947 loss=2.462 bpb=1.461
[2026-03-24 20:42:22] INFO      - batch 780/947 loss=2.463 bpb=1.461
[2026-03-24 20:42:36] INFO      - batch 790/947 loss=2.464 bpb=1.462
[2026-03-24 20:42:50] INFO      - batch 800/947 loss=2.464 bpb=1.462
[2026-03-24 20:43:04] INFO      - batch 810/947 loss=2.465 bpb=1.462
[2026-03-24 20:43:18] INFO      - batch 820/947 loss=2.465 bpb=1.462
[2026-03-24 20:43:32] INFO      - batch 830/947 loss=2.465 bpb=1.462
[2026-03-24 20:43:46] INFO      - batch 840/947 loss=2.466 bpb=1.462
[2026-03-24 20:44:00] INFO      - batch 850/947 loss=2.466 bpb=1.462
[2026-03-24 20:44:14] INFO      - batch 860/947 loss=2.466 bpb=1.462
[2026-03-24 20:44:28] INFO      - batch 870/947 loss=2.466 bpb=1.462
[2026-03-24 20:44:42] INFO      - batch 880/947 loss=2.466 bpb=1.462
[2026-03-24 20:44:56] INFO      - batch 890/947 loss=2.466 bpb=1.461
[2026-03-24 20:45:10] INFO      - batch 900/947 loss=2.466 bpb=1.461
[2026-03-24 20:45:24] INFO      - batch 910/947 loss=2.466 bpb=1.461
[2026-03-24 20:45:38] INFO      - batch 920/947 loss=2.466 bpb=1.460
[2026-03-24 20:45:52] INFO      - batch 930/947 loss=2.465 bpb=1.460
[2026-03-24 20:46:06] INFO      - batch 940/947 loss=2.465 bpb=1.460
[2026-03-24 20:46:15] INFO      - batch 947/947 loss=2.465 bpb=1.460
[2026-03-24 20:46:15] INFO     int6 eval complete: val_bpb=1.460 compressed_bytes=9,617,015 in 1326.5s
[2026-03-24 20:46:15] INFO     Report saved to /home/kingsley/projects/golf-research/experiments/baseline/artifacts_2x_rtx_pro_6000/eval_report.json
Quantizing: baseline (artifacts_2x_rtx_pro_6000, schemes=int8, uncompressed)
[2026-03-24 20:46:21] INFO     Extracting compressed checkpoint: /home/kingsley/projects/golf-research/experiments/baseline/artifacts_2x_rtx_pro_6000/checkpoint.tar.gz
/home/kingsley/projects/golf-research/scripts/quant.py:702: DeprecationWarning: Python 3.14 will, by default, filter extracted tar archives and reject files or modify their metadata. Use the filter argument to control this behavior.
  tar.extractall(tmp_dir)
[2026-03-24 20:46:21] INFO     Loading checkpoint: /tmp/quant_checkpoint_5vu08cda/checkpoint/step_610_final_model
[2026-03-24 20:46:21] INFO     Loading checkpoint from /tmp/quant_checkpoint_5vu08cda/checkpoint/step_610_final_model
[2026-03-24 20:46:21] INFO     Loaded model from /tmp/quant_checkpoint_5vu08cda/checkpoint/step_610_final_model (17,051,208 parameters)
[2026-03-24 20:46:21] INFO     Quantizing to int8
[2026-03-24 20:46:24] INFO     int8 (zstd): compressed=13,719,387 bytes serialized=17,759,611 bytes payload=17,702,032 bytes
[2026-03-24 20:46:24] INFO     int8 roundtrip verified
[2026-03-24 20:46:24] INFO     Report saved to /home/kingsley/projects/golf-research/experiments/baseline/artifacts_2x_rtx_pro_6000/quant_report.json
Running evaluation: baseline (artifacts_2x_rtx_pro_6000, 1 GPU(s))
[2026-03-24 20:46:27] INFO     Eval config: checkpoints=step_610_final_model_int8 device=cuda:0 sequence_length=1024 batch_size=64 world_size=1
[2026-03-24 20:46:27] INFO     Tokenizer: /home/kingsley/github/parameter-golf/data/tokenizers/fineweb_1024_bpe.model
[2026-03-24 20:46:27] INFO     Validation data: /home/kingsley/github/parameter-golf/data/datasets/fineweb10B_sp1024/fineweb_val_*.bin
[2026-03-24 20:46:27] INFO     Loaded tokens=62.02M sequences=60.6K vocab_size=1024
[2026-03-24 20:46:27] INFO     Loading int8 checkpoint: step_610_final_model_int8
[2026-03-24 20:46:27] INFO     Running int8 evaluation (device=cuda:0)
[2026-03-24 20:46:42] INFO      - batch 10/947 loss=2.414 bpb=1.453
[2026-03-24 20:46:56] INFO      - batch 20/947 loss=2.436 bpb=1.456
[2026-03-24 20:47:10] INFO      - batch 30/947 loss=2.439 bpb=1.461
[2026-03-24 20:47:24] INFO      - batch 40/947 loss=2.429 bpb=1.458
[2026-03-24 20:47:38] INFO      - batch 50/947 loss=2.431 bpb=1.460
[2026-03-24 20:47:52] INFO      - batch 60/947 loss=2.425 bpb=1.458
[2026-03-24 20:48:06] INFO      - batch 70/947 loss=2.425 bpb=1.455
[2026-03-24 20:48:20] INFO      - batch 80/947 loss=2.428 bpb=1.457
[2026-03-24 20:48:34] INFO      - batch 90/947 loss=2.433 bpb=1.459
[2026-03-24 20:48:48] INFO      - batch 100/947 loss=2.436 bpb=1.462
[2026-03-24 20:49:02] INFO      - batch 110/947 loss=2.437 bpb=1.462
[2026-03-24 20:49:16] INFO      - batch 120/947 loss=2.437 bpb=1.463
[2026-03-24 20:49:30] INFO      - batch 130/947 loss=2.436 bpb=1.462
[2026-03-24 20:49:44] INFO      - batch 140/947 loss=2.436 bpb=1.462
[2026-03-24 20:49:58] INFO      - batch 150/947 loss=2.438 bpb=1.461
[2026-03-24 20:50:12] INFO      - batch 160/947 loss=2.440 bpb=1.461
[2026-03-24 20:50:26] INFO      - batch 170/947 loss=2.441 bpb=1.460
[2026-03-24 20:50:40] INFO      - batch 180/947 loss=2.443 bpb=1.462
[2026-03-24 20:50:54] INFO      - batch 190/947 loss=2.444 bpb=1.461
[2026-03-24 20:51:08] INFO      - batch 200/947 loss=2.444 bpb=1.460
[2026-03-24 20:51:22] INFO      - batch 210/947 loss=2.444 bpb=1.459
[2026-03-24 20:51:36] INFO      - batch 220/947 loss=2.444 bpb=1.458
[2026-03-24 20:51:50] INFO      - batch 230/947 loss=2.445 bpb=1.457
[2026-03-24 20:52:04] INFO      - batch 240/947 loss=2.445 bpb=1.456
[2026-03-24 20:52:18] INFO      - batch 250/947 loss=2.446 bpb=1.456
[2026-03-24 20:52:32] INFO      - batch 260/947 loss=2.445 bpb=1.455
[2026-03-24 20:52:46] INFO      - batch 270/947 loss=2.446 bpb=1.455
[2026-03-24 20:53:00] INFO      - batch 280/947 loss=2.446 bpb=1.454
[2026-03-24 20:53:14] INFO      - batch 290/947 loss=2.444 bpb=1.453
[2026-03-24 20:53:28] INFO      - batch 300/947 loss=2.444 bpb=1.452
[2026-03-24 20:53:42] INFO      - batch 310/947 loss=2.443 bpb=1.451
[2026-03-24 20:53:56] INFO      - batch 320/947 loss=2.442 bpb=1.450
[2026-03-24 20:54:10] INFO      - batch 330/947 loss=2.442 bpb=1.449
[2026-03-24 20:54:24] INFO      - batch 340/947 loss=2.441 bpb=1.448
[2026-03-24 20:54:38] INFO      - batch 350/947 loss=2.441 bpb=1.448
[2026-03-24 20:54:52] INFO      - batch 360/947 loss=2.440 bpb=1.447
[2026-03-24 20:55:06] INFO      - batch 370/947 loss=2.440 bpb=1.447
[2026-03-24 20:55:20] INFO      - batch 380/947 loss=2.440 bpb=1.447
[2026-03-24 20:55:34] INFO      - batch 390/947 loss=2.439 bpb=1.447
[2026-03-24 20:55:48] INFO      - batch 400/947 loss=2.439 bpb=1.447
[2026-03-24 20:56:02] INFO      - batch 410/947 loss=2.439 bpb=1.447
[2026-03-24 20:56:16] INFO      - batch 420/947 loss=2.438 bpb=1.447
[2026-03-24 20:56:30] INFO      - batch 430/947 loss=2.438 bpb=1.447
[2026-03-24 20:56:44] INFO      - batch 440/947 loss=2.438 bpb=1.448
[2026-03-24 20:56:58] INFO      - batch 450/947 loss=2.437 bpb=1.448
[2026-03-24 20:57:12] INFO      - batch 460/947 loss=2.436 bpb=1.448
[2026-03-24 20:57:26] INFO      - batch 470/947 loss=2.436 bpb=1.448
[2026-03-24 20:57:40] INFO      - batch 480/947 loss=2.436 bpb=1.449
[2026-03-24 20:57:54] INFO      - batch 490/947 loss=2.438 bpb=1.449
[2026-03-24 20:58:08] INFO      - batch 500/947 loss=2.438 bpb=1.449
[2026-03-24 20:58:22] INFO      - batch 510/947 loss=2.439 bpb=1.450
[2026-03-24 20:58:36] INFO      - batch 520/947 loss=2.441 bpb=1.450
[2026-03-24 20:58:50] INFO      - batch 530/947 loss=2.441 bpb=1.450
[2026-03-24 20:59:04] INFO      - batch 540/947 loss=2.441 bpb=1.450
[2026-03-24 20:59:18] INFO      - batch 550/947 loss=2.442 bpb=1.450
[2026-03-24 20:59:32] INFO      - batch 560/947 loss=2.442 bpb=1.450
[2026-03-24 20:59:46] INFO      - batch 570/947 loss=2.441 bpb=1.449
[2026-03-24 21:00:00] INFO      - batch 580/947 loss=2.441 bpb=1.449
[2026-03-24 21:00:14] INFO      - batch 590/947 loss=2.441 bpb=1.448
[2026-03-24 21:00:28] INFO      - batch 600/947 loss=2.442 bpb=1.448
[2026-03-24 21:00:42] INFO      - batch 610/947 loss=2.442 bpb=1.448
[2026-03-24 21:00:56] INFO      - batch 620/947 loss=2.441 bpb=1.448
[2026-03-24 21:01:10] INFO      - batch 630/947 loss=2.440 bpb=1.447
[2026-03-24 21:01:24] INFO      - batch 640/947 loss=2.440 bpb=1.446
[2026-03-24 21:01:38] INFO      - batch 650/947 loss=2.440 bpb=1.446
[2026-03-24 21:01:52] INFO      - batch 660/947 loss=2.439 bpb=1.445
[2026-03-24 21:02:06] INFO      - batch 670/947 loss=2.439 bpb=1.445
[2026-03-24 21:02:20] INFO      - batch 680/947 loss=2.439 bpb=1.445
[2026-03-24 21:02:34] INFO      - batch 690/947 loss=2.439 bpb=1.445
[2026-03-24 21:02:48] INFO      - batch 700/947 loss=2.439 bpb=1.445
[2026-03-24 21:03:02] INFO      - batch 710/947 loss=2.439 bpb=1.445
[2026-03-24 21:03:16] INFO      - batch 720/947 loss=2.439 bpb=1.446
[2026-03-24 21:03:30] INFO      - batch 730/947 loss=2.439 bpb=1.446
[2026-03-24 21:03:44] INFO      - batch 740/947 loss=2.440 bpb=1.447
[2026-03-24 21:03:58] INFO      - batch 750/947 loss=2.440 bpb=1.447
[2026-03-24 21:04:12] INFO      - batch 760/947 loss=2.440 bpb=1.447
[2026-03-24 21:04:26] INFO      - batch 770/947 loss=2.440 bpb=1.448
[2026-03-24 21:04:40] INFO      - batch 780/947 loss=2.441 bpb=1.448
[2026-03-24 21:04:54] INFO      - batch 790/947 loss=2.441 bpb=1.449
[2026-03-24 21:05:08] INFO      - batch 800/947 loss=2.442 bpb=1.449
[2026-03-24 21:05:22] INFO      - batch 810/947 loss=2.442 bpb=1.449
[2026-03-24 21:05:36] INFO      - batch 820/947 loss=2.443 bpb=1.449
[2026-03-24 21:05:50] INFO      - batch 830/947 loss=2.443 bpb=1.449
[2026-03-24 21:06:04] INFO      - batch 840/947 loss=2.443 bpb=1.449
[2026-03-24 21:06:18] INFO      - batch 850/947 loss=2.444 bpb=1.449
[2026-03-24 21:06:32] INFO      - batch 860/947 loss=2.444 bpb=1.449
[2026-03-24 21:06:46] INFO      - batch 870/947 loss=2.444 bpb=1.449
[2026-03-24 21:07:00] INFO      - batch 880/947 loss=2.444 bpb=1.448
[2026-03-24 21:07:14] INFO      - batch 890/947 loss=2.444 bpb=1.448
[2026-03-24 21:07:28] INFO      - batch 900/947 loss=2.443 bpb=1.448
[2026-03-24 21:07:42] INFO      - batch 910/947 loss=2.444 bpb=1.448
[2026-03-24 21:07:56] INFO      - batch 920/947 loss=2.443 bpb=1.447
[2026-03-24 21:08:10] INFO      - batch 930/947 loss=2.443 bpb=1.447
[2026-03-24 21:08:24] INFO      - batch 940/947 loss=2.442 bpb=1.447
[2026-03-24 21:08:32] INFO      - batch 947/947 loss=2.442 bpb=1.447
[2026-03-24 21:08:32] INFO     int8 eval complete: val_bpb=1.447 compressed_bytes=13,719,387 in 1325.3s
[2026-03-24 21:08:32] INFO     Report saved to /home/kingsley/projects/golf-research/experiments/baseline/artifacts_2x_rtx_pro_6000/eval_report.json
Quantizing: baseline (artifacts_2x_rtx_pro_6000, schemes=mxfp4, uncompressed)
[2026-03-24 21:08:38] INFO     Extracting compressed checkpoint: /home/kingsley/projects/golf-research/experiments/baseline/artifacts_2x_rtx_pro_6000/checkpoint.tar.gz
/home/kingsley/projects/golf-research/scripts/quant.py:702: DeprecationWarning: Python 3.14 will, by default, filter extracted tar archives and reject files or modify their metadata. Use the filter argument to control this behavior.
  tar.extractall(tmp_dir)
[2026-03-24 21:08:38] INFO     Loading checkpoint: /tmp/quant_checkpoint_yi9gh6ya/checkpoint/step_610_final_model
[2026-03-24 21:08:38] INFO     Loading checkpoint from /tmp/quant_checkpoint_yi9gh6ya/checkpoint/step_610_final_model
[2026-03-24 21:08:38] INFO     Loaded model from /tmp/quant_checkpoint_yi9gh6ya/checkpoint/step_610_final_model (17,051,208 parameters)
[2026-03-24 21:08:38] INFO     Quantizing to mxfp4
[2026-03-24 21:08:40] INFO     mxfp4 (zstd): compressed=8,611,173 bytes serialized=11,113,787 bytes payload=11,056,272 bytes
[2026-03-24 21:08:40] INFO     mxfp4 roundtrip verified
[2026-03-24 21:08:40] INFO     Report saved to /home/kingsley/projects/golf-research/experiments/baseline/artifacts_2x_rtx_pro_6000/quant_report.json
Running evaluation: baseline (artifacts_2x_rtx_pro_6000, 1 GPU(s))
[2026-03-24 21:08:43] INFO     Eval config: checkpoints=step_610_final_model_mxfp4 device=cuda:0 sequence_length=1024 batch_size=64 world_size=1
[2026-03-24 21:08:43] INFO     Tokenizer: /home/kingsley/github/parameter-golf/data/tokenizers/fineweb_1024_bpe.model
[2026-03-24 21:08:43] INFO     Validation data: /home/kingsley/github/parameter-golf/data/datasets/fineweb10B_sp1024/fineweb_val_*.bin
[2026-03-24 21:08:43] INFO     Loaded tokens=62.02M sequences=60.6K vocab_size=1024
[2026-03-24 21:08:43] INFO     Loading mxfp4 checkpoint: step_610_final_model_mxfp4
[2026-03-24 21:08:43] INFO     Running mxfp4 evaluation (device=cuda:0)
[2026-03-24 21:08:58] INFO      - batch 10/947 loss=2.531 bpb=1.523
[2026-03-24 21:09:12] INFO      - batch 20/947 loss=2.554 bpb=1.527
[2026-03-24 21:09:26] INFO      - batch 30/947 loss=2.557 bpb=1.532
[2026-03-24 21:09:40] INFO      - batch 40/947 loss=2.547 bpb=1.529
[2026-03-24 21:09:54] INFO      - batch 50/947 loss=2.549 bpb=1.531
[2026-03-24 21:10:08] INFO      - batch 60/947 loss=2.543 bpb=1.529
[2026-03-24 21:10:22] INFO      - batch 70/947 loss=2.543 bpb=1.526
[2026-03-24 21:10:36] INFO      - batch 80/947 loss=2.546 bpb=1.528
[2026-03-24 21:10:50] INFO      - batch 90/947 loss=2.551 bpb=1.530
[2026-03-24 21:11:04] INFO      - batch 100/947 loss=2.554 bpb=1.533
[2026-03-24 21:11:18] INFO      - batch 110/947 loss=2.555 bpb=1.533
[2026-03-24 21:11:32] INFO      - batch 120/947 loss=2.555 bpb=1.534
[2026-03-24 21:11:46] INFO      - batch 130/947 loss=2.554 bpb=1.533
[2026-03-24 21:12:00] INFO      - batch 140/947 loss=2.554 bpb=1.532
[2026-03-24 21:12:14] INFO      - batch 150/947 loss=2.556 bpb=1.532
[2026-03-24 21:12:28] INFO      - batch 160/947 loss=2.558 bpb=1.532
[2026-03-24 21:12:42] INFO      - batch 170/947 loss=2.558 bpb=1.530
[2026-03-24 21:12:56] INFO      - batch 180/947 loss=2.560 bpb=1.532
[2026-03-24 21:13:10] INFO      - batch 190/947 loss=2.561 bpb=1.531
[2026-03-24 21:13:24] INFO      - batch 200/947 loss=2.562 bpb=1.531
[2026-03-24 21:13:38] INFO      - batch 210/947 loss=2.561 bpb=1.529
[2026-03-24 21:13:52] INFO      - batch 220/947 loss=2.562 bpb=1.528
[2026-03-24 21:14:06] INFO      - batch 230/947 loss=2.562 bpb=1.527
[2026-03-24 21:14:20] INFO      - batch 240/947 loss=2.562 bpb=1.526
[2026-03-24 21:14:34] INFO      - batch 250/947 loss=2.563 bpb=1.526
[2026-03-24 21:14:48] INFO      - batch 260/947 loss=2.562 bpb=1.525
[2026-03-24 21:15:02] INFO      - batch 270/947 loss=2.563 bpb=1.524
[2026-03-24 21:15:16] INFO      - batch 280/947 loss=2.563 bpb=1.523
[2026-03-24 21:15:30] INFO      - batch 290/947 loss=2.562 bpb=1.522
[2026-03-24 21:15:44] INFO      - batch 300/947 loss=2.561 bpb=1.522
[2026-03-24 21:15:58] INFO      - batch 310/947 loss=2.560 bpb=1.521
[2026-03-24 21:16:12] INFO      - batch 320/947 loss=2.559 bpb=1.520
[2026-03-24 21:16:26] INFO      - batch 330/947 loss=2.559 bpb=1.519
[2026-03-24 21:16:40] INFO      - batch 340/947 loss=2.558 bpb=1.518
[2026-03-24 21:16:54] INFO      - batch 350/947 loss=2.558 bpb=1.517
[2026-03-24 21:17:08] INFO      - batch 360/947 loss=2.557 bpb=1.516
[2026-03-24 21:17:22] INFO      - batch 370/947 loss=2.557 bpb=1.517
[2026-03-24 21:17:36] INFO      - batch 380/947 loss=2.557 bpb=1.516
[2026-03-24 21:17:50] INFO      - batch 390/947 loss=2.556 bpb=1.516
[2026-03-24 21:18:04] INFO      - batch 400/947 loss=2.556 bpb=1.516
[2026-03-24 21:18:18] INFO      - batch 410/947 loss=2.556 bpb=1.516
[2026-03-24 21:18:32] INFO      - batch 420/947 loss=2.555 bpb=1.516
[2026-03-24 21:18:46] INFO      - batch 430/947 loss=2.555 bpb=1.517
[2026-03-24 21:19:00] INFO      - batch 440/947 loss=2.555 bpb=1.517
[2026-03-24 21:19:14] INFO      - batch 450/947 loss=2.554 bpb=1.517
[2026-03-24 21:19:28] INFO      - batch 460/947 loss=2.553 bpb=1.517
[2026-03-24 21:19:42] INFO      - batch 470/947 loss=2.553 bpb=1.518
[2026-03-24 21:19:56] INFO      - batch 480/947 loss=2.554 bpb=1.518
[2026-03-24 21:20:10] INFO      - batch 490/947 loss=2.555 bpb=1.519
[2026-03-24 21:20:24] INFO      - batch 500/947 loss=2.555 bpb=1.519
[2026-03-24 21:20:38] INFO      - batch 510/947 loss=2.556 bpb=1.519
[2026-03-24 21:20:52] INFO      - batch 520/947 loss=2.558 bpb=1.520
[2026-03-24 21:21:06] INFO      - batch 530/947 loss=2.558 bpb=1.520
[2026-03-24 21:21:20] INFO      - batch 540/947 loss=2.558 bpb=1.520
[2026-03-24 21:21:34] INFO      - batch 550/947 loss=2.559 bpb=1.520
[2026-03-24 21:21:48] INFO      - batch 560/947 loss=2.559 bpb=1.519
[2026-03-24 21:22:02] INFO      - batch 570/947 loss=2.558 bpb=1.519
[2026-03-24 21:22:16] INFO      - batch 580/947 loss=2.558 bpb=1.519
[2026-03-24 21:22:30] INFO      - batch 590/947 loss=2.558 bpb=1.518
[2026-03-24 21:22:44] INFO      - batch 600/947 loss=2.559 bpb=1.518
[2026-03-24 21:22:58] INFO      - batch 610/947 loss=2.559 bpb=1.518
[2026-03-24 21:23:12] INFO      - batch 620/947 loss=2.558 bpb=1.517
[2026-03-24 21:23:26] INFO      - batch 630/947 loss=2.557 bpb=1.517
[2026-03-24 21:23:40] INFO      - batch 640/947 loss=2.557 bpb=1.516
[2026-03-24 21:23:54] INFO      - batch 650/947 loss=2.557 bpb=1.515
[2026-03-24 21:24:09] INFO      - batch 660/947 loss=2.556 bpb=1.514
[2026-03-24 21:24:23] INFO      - batch 670/947 loss=2.556 bpb=1.514
[2026-03-24 21:24:37] INFO      - batch 680/947 loss=2.556 bpb=1.514
[2026-03-24 21:24:51] INFO      - batch 690/947 loss=2.556 bpb=1.515
[2026-03-24 21:25:05] INFO      - batch 700/947 loss=2.556 bpb=1.514
[2026-03-24 21:25:19] INFO      - batch 710/947 loss=2.556 bpb=1.515
[2026-03-24 21:25:33] INFO      - batch 720/947 loss=2.556 bpb=1.515
[2026-03-24 21:25:47] INFO      - batch 730/947 loss=2.556 bpb=1.515
[2026-03-24 21:26:01] INFO      - batch 740/947 loss=2.557 bpb=1.516
[2026-03-24 21:26:15] INFO      - batch 750/947 loss=2.557 bpb=1.517
[2026-03-24 21:26:29] INFO      - batch 760/947 loss=2.557 bpb=1.517
[2026-03-24 21:26:43] INFO      - batch 770/947 loss=2.557 bpb=1.517
[2026-03-24 21:26:57] INFO      - batch 780/947 loss=2.558 bpb=1.518
[2026-03-24 21:27:11] INFO      - batch 790/947 loss=2.558 bpb=1.518
[2026-03-24 21:27:25] INFO      - batch 800/947 loss=2.559 bpb=1.518
[2026-03-24 21:27:39] INFO      - batch 810/947 loss=2.559 bpb=1.518
[2026-03-24 21:27:53] INFO      - batch 820/947 loss=2.560 bpb=1.518
[2026-03-24 21:28:07] INFO      - batch 830/947 loss=2.560 bpb=1.518
[2026-03-24 21:28:21] INFO      - batch 840/947 loss=2.560 bpb=1.518
[2026-03-24 21:28:35] INFO      - batch 850/947 loss=2.561 bpb=1.519
[2026-03-24 21:28:49] INFO      - batch 860/947 loss=2.561 bpb=1.518
[2026-03-24 21:29:03] INFO      - batch 870/947 loss=2.561 bpb=1.518
[2026-03-24 21:29:17] INFO      - batch 880/947 loss=2.561 bpb=1.518
[2026-03-24 21:29:31] INFO      - batch 890/947 loss=2.561 bpb=1.517
[2026-03-24 21:29:45] INFO      - batch 900/947 loss=2.560 bpb=1.517
[2026-03-24 21:29:59] INFO      - batch 910/947 loss=2.561 bpb=1.517
[2026-03-24 21:30:13] INFO      - batch 920/947 loss=2.560 bpb=1.517
[2026-03-24 21:30:27] INFO      - batch 930/947 loss=2.560 bpb=1.516
[2026-03-24 21:30:41] INFO      - batch 940/947 loss=2.559 bpb=1.516
[2026-03-24 21:30:50] INFO      - batch 947/947 loss=2.559 bpb=1.516
[2026-03-24 21:30:50] INFO     mxfp4 eval complete: val_bpb=1.516 compressed_bytes=8,611,173 in 1326.6s
[2026-03-24 21:30:50] INFO     Report saved to /home/kingsley/projects/golf-research/experiments/baseline/artifacts_2x_rtx_pro_6000/eval_report.json
Quantizing: baseline (artifacts_2x_rtx_pro_6000, schemes=nvfp4, uncompressed)
[2026-03-24 21:30:55] INFO     Extracting compressed checkpoint: /home/kingsley/projects/golf-research/experiments/baseline/artifacts_2x_rtx_pro_6000/checkpoint.tar.gz
/home/kingsley/projects/golf-research/scripts/quant.py:702: DeprecationWarning: Python 3.14 will, by default, filter extracted tar archives and reject files or modify their metadata. Use the filter argument to control this behavior.
  tar.extractall(tmp_dir)
[2026-03-24 21:30:55] INFO     Loading checkpoint: /tmp/quant_checkpoint__wowqktg/checkpoint/step_610_final_model
[2026-03-24 21:30:55] INFO     Loading checkpoint from /tmp/quant_checkpoint__wowqktg/checkpoint/step_610_final_model
[2026-03-24 21:30:56] INFO     Loaded model from /tmp/quant_checkpoint__wowqktg/checkpoint/step_610_final_model (17,051,208 parameters)
[2026-03-24 21:30:56] INFO     Quantizing to nvfp4
[2026-03-24 21:30:57] INFO     nvfp4 (zstd): compressed=9,166,830 bytes serialized=10,030,347 bytes payload=9,958,768 bytes
[2026-03-24 21:30:57] INFO     nvfp4 roundtrip verified
[2026-03-24 21:30:57] INFO     Report saved to /home/kingsley/projects/golf-research/experiments/baseline/artifacts_2x_rtx_pro_6000/quant_report.json
Running evaluation: baseline (artifacts_2x_rtx_pro_6000, 1 GPU(s))
[2026-03-24 21:31:00] INFO     Eval config: checkpoints=step_610_final_model_nvfp4 device=cuda:0 sequence_length=1024 batch_size=64 world_size=1
[2026-03-24 21:31:00] INFO     Tokenizer: /home/kingsley/github/parameter-golf/data/tokenizers/fineweb_1024_bpe.model
[2026-03-24 21:31:00] INFO     Validation data: /home/kingsley/github/parameter-golf/data/datasets/fineweb10B_sp1024/fineweb_val_*.bin
[2026-03-24 21:31:00] INFO     Loaded tokens=62.02M sequences=60.6K vocab_size=1024
[2026-03-24 21:31:00] INFO     Loading nvfp4 checkpoint: step_610_final_model_nvfp4
[2026-03-24 21:31:00] INFO     Running nvfp4 evaluation (device=cuda:0)
[2026-03-24 21:31:15] INFO      - batch 10/947 loss=2.497 bpb=1.502
[2026-03-24 21:31:29] INFO      - batch 20/947 loss=2.520 bpb=1.507
[2026-03-24 21:31:43] INFO      - batch 30/947 loss=2.524 bpb=1.512
[2026-03-24 21:31:57] INFO      - batch 40/947 loss=2.514 bpb=1.509
[2026-03-24 21:32:11] INFO      - batch 50/947 loss=2.516 bpb=1.511
[2026-03-24 21:32:25] INFO      - batch 60/947 loss=2.510 bpb=1.509
[2026-03-24 21:32:39] INFO      - batch 70/947 loss=2.510 bpb=1.506
[2026-03-24 21:32:53] INFO      - batch 80/947 loss=2.513 bpb=1.508
[2026-03-24 21:33:07] INFO      - batch 90/947 loss=2.518 bpb=1.510
[2026-03-24 21:33:21] INFO      - batch 100/947 loss=2.521 bpb=1.513
[2026-03-24 21:33:35] INFO      - batch 110/947 loss=2.522 bpb=1.513
[2026-03-24 21:33:49] INFO      - batch 120/947 loss=2.522 bpb=1.514
[2026-03-24 21:34:03] INFO      - batch 130/947 loss=2.521 bpb=1.513
[2026-03-24 21:34:17] INFO      - batch 140/947 loss=2.521 bpb=1.513
[2026-03-24 21:34:31] INFO      - batch 150/947 loss=2.523 bpb=1.512
[2026-03-24 21:34:45] INFO      - batch 160/947 loss=2.525 bpb=1.512
[2026-03-24 21:34:59] INFO      - batch 170/947 loss=2.526 bpb=1.511
[2026-03-24 21:35:13] INFO      - batch 180/947 loss=2.528 bpb=1.513
[2026-03-24 21:35:27] INFO      - batch 190/947 loss=2.529 bpb=1.512
[2026-03-24 21:35:41] INFO      - batch 200/947 loss=2.529 bpb=1.511
[2026-03-24 21:35:55] INFO      - batch 210/947 loss=2.528 bpb=1.510
[2026-03-24 21:36:09] INFO      - batch 220/947 loss=2.529 bpb=1.509
[2026-03-24 21:36:23] INFO      - batch 230/947 loss=2.530 bpb=1.508
[2026-03-24 21:36:37] INFO      - batch 240/947 loss=2.530 bpb=1.507
[2026-03-24 21:36:51] INFO      - batch 250/947 loss=2.530 bpb=1.506
[2026-03-24 21:37:05] INFO      - batch 260/947 loss=2.529 bpb=1.505
[2026-03-24 21:37:19] INFO      - batch 270/947 loss=2.531 bpb=1.505
[2026-03-24 21:37:33] INFO      - batch 280/947 loss=2.530 bpb=1.504
[2026-03-24 21:37:47] INFO      - batch 290/947 loss=2.529 bpb=1.503
[2026-03-24 21:38:01] INFO      - batch 300/947 loss=2.528 bpb=1.502
[2026-03-24 21:38:15] INFO      - batch 310/947 loss=2.527 bpb=1.502
[2026-03-24 21:38:29] INFO      - batch 320/947 loss=2.526 bpb=1.500
[2026-03-24 21:38:43] INFO      - batch 330/947 loss=2.526 bpb=1.499
[2026-03-24 21:38:57] INFO      - batch 340/947 loss=2.525 bpb=1.498
[2026-03-24 21:39:11] INFO      - batch 350/947 loss=2.525 bpb=1.497
[2026-03-24 21:39:25] INFO      - batch 360/947 loss=2.524 bpb=1.497
[2026-03-24 21:39:39] INFO      - batch 370/947 loss=2.525 bpb=1.497
[2026-03-24 21:39:53] INFO      - batch 380/947 loss=2.524 bpb=1.497
[2026-03-24 21:40:07] INFO      - batch 390/947 loss=2.523 bpb=1.497
[2026-03-24 21:40:21] INFO      - batch 400/947 loss=2.523 bpb=1.497
[2026-03-24 21:40:35] INFO      - batch 410/947 loss=2.523 bpb=1.497
[2026-03-24 21:40:49] INFO      - batch 420/947 loss=2.522 bpb=1.497
[2026-03-24 21:41:03] INFO      - batch 430/947 loss=2.522 bpb=1.497
[2026-03-24 21:41:17] INFO      - batch 440/947 loss=2.522 bpb=1.498
[2026-03-24 21:41:31] INFO      - batch 450/947 loss=2.521 bpb=1.498
[2026-03-24 21:41:45] INFO      - batch 460/947 loss=2.520 bpb=1.498
[2026-03-24 21:41:59] INFO      - batch 470/947 loss=2.520 bpb=1.498
[2026-03-24 21:42:13] INFO      - batch 480/947 loss=2.521 bpb=1.499
[2026-03-24 21:42:27] INFO      - batch 490/947 loss=2.522 bpb=1.499
[2026-03-24 21:42:41] INFO      - batch 500/947 loss=2.522 bpb=1.499
[2026-03-24 21:42:55] INFO      - batch 510/947 loss=2.523 bpb=1.500
[2026-03-24 21:43:09] INFO      - batch 520/947 loss=2.525 bpb=1.500
[2026-03-24 21:43:23] INFO      - batch 530/947 loss=2.525 bpb=1.500
[2026-03-24 21:43:37] INFO      - batch 540/947 loss=2.525 bpb=1.500
[2026-03-24 21:43:51] INFO      - batch 550/947 loss=2.527 bpb=1.500
[2026-03-24 21:44:05] INFO      - batch 560/947 loss=2.526 bpb=1.500
[2026-03-24 21:44:19] INFO      - batch 570/947 loss=2.525 bpb=1.499
[2026-03-24 21:44:33] INFO      - batch 580/947 loss=2.526 bpb=1.499
[2026-03-24 21:44:47] INFO      - batch 590/947 loss=2.525 bpb=1.498
[2026-03-24 21:45:01] INFO      - batch 600/947 loss=2.526 bpb=1.498
[2026-03-24 21:45:15] INFO      - batch 610/947 loss=2.526 bpb=1.498
[2026-03-24 21:45:29] INFO      - batch 620/947 loss=2.525 bpb=1.498
[2026-03-24 21:45:43] INFO      - batch 630/947 loss=2.524 bpb=1.497
[2026-03-24 21:45:57] INFO      - batch 640/947 loss=2.524 bpb=1.496
[2026-03-24 21:46:11] INFO      - batch 650/947 loss=2.524 bpb=1.496
[2026-03-24 21:46:25] INFO      - batch 660/947 loss=2.523 bpb=1.495
[2026-03-24 21:46:39] INFO      - batch 670/947 loss=2.523 bpb=1.494
[2026-03-24 21:46:53] INFO      - batch 680/947 loss=2.523 bpb=1.494
[2026-03-24 21:47:07] INFO      - batch 690/947 loss=2.523 bpb=1.495
[2026-03-24 21:47:21] INFO      - batch 700/947 loss=2.523 bpb=1.495
[2026-03-24 21:47:35] INFO      - batch 710/947 loss=2.523 bpb=1.495
[2026-03-24 21:47:49] INFO      - batch 720/947 loss=2.524 bpb=1.496
[2026-03-24 21:48:03] INFO      - batch 730/947 loss=2.523 bpb=1.496
[2026-03-24 21:48:17] INFO      - batch 740/947 loss=2.524 bpb=1.497
[2026-03-24 21:48:31] INFO      - batch 750/947 loss=2.524 bpb=1.497
[2026-03-24 21:48:45] INFO      - batch 760/947 loss=2.524 bpb=1.497
[2026-03-24 21:48:59] INFO      - batch 770/947 loss=2.524 bpb=1.498
[2026-03-24 21:49:13] INFO      - batch 780/947 loss=2.525 bpb=1.498
[2026-03-24 21:49:27] INFO      - batch 790/947 loss=2.526 bpb=1.499
[2026-03-24 21:49:41] INFO      - batch 800/947 loss=2.526 bpb=1.499
[2026-03-24 21:49:55] INFO      - batch 810/947 loss=2.526 bpb=1.499
[2026-03-24 21:50:09] INFO      - batch 820/947 loss=2.527 bpb=1.499
[2026-03-24 21:50:23] INFO      - batch 830/947 loss=2.527 bpb=1.499
[2026-03-24 21:50:37] INFO      - batch 840/947 loss=2.528 bpb=1.499
[2026-03-24 21:50:51] INFO      - batch 850/947 loss=2.528 bpb=1.499
[2026-03-24 21:51:05] INFO      - batch 860/947 loss=2.528 bpb=1.499
[2026-03-24 21:51:19] INFO      - batch 870/947 loss=2.528 bpb=1.499
[2026-03-24 21:51:33] INFO      - batch 880/947 loss=2.528 bpb=1.498
[2026-03-24 21:51:47] INFO      - batch 890/947 loss=2.528 bpb=1.498
[2026-03-24 21:52:01] INFO      - batch 900/947 loss=2.528 bpb=1.498
[2026-03-24 21:52:15] INFO      - batch 910/947 loss=2.528 bpb=1.497
[2026-03-24 21:52:29] INFO      - batch 920/947 loss=2.528 bpb=1.497
[2026-03-24 21:52:43] INFO      - batch 930/947 loss=2.527 bpb=1.497
[2026-03-24 21:52:57] INFO      - batch 940/947 loss=2.527 bpb=1.496
[2026-03-24 21:53:06] INFO      - batch 947/947 loss=2.527 bpb=1.496
[2026-03-24 21:53:06] INFO     nvfp4 eval complete: val_bpb=1.496 compressed_bytes=9,166,830 in 1325.4s
[2026-03-24 21:53:06] INFO     Report saved to /home/kingsley/projects/golf-research/experiments/baseline/artifacts_2x_rtx_pro_6000/eval_report.json
