Quantizing: baseline (artifacts_8x_h100, schemes=int6,int8,mxfp4,nvfp4, compressed)
[2026-03-23 14:36:39] INFO     Extracting compressed checkpoint: /home/kingsley/projects/golf-research/experiments/baseline/artifacts_8x_h100/checkpoint.tar.gz
/home/kingsley/projects/golf-research/scripts/quant.py:701: DeprecationWarning: Python 3.14 will, by default, filter extracted tar archives and reject files or modify their metadata. Use the filter argument to control this behavior.
  tar.extractall(tmp_dir)
[2026-03-23 14:36:39] INFO     Loading checkpoint: /tmp/quant_checkpoint_iafa4cax/checkpoint/step_2823_final_model
[2026-03-23 14:36:39] INFO     Loading checkpoint from /tmp/quant_checkpoint_iafa4cax/checkpoint/step_2823_final_model
[2026-03-23 14:36:39] INFO     Loaded model from /tmp/quant_checkpoint_iafa4cax/checkpoint/step_2823_final_model (17,051,208 parameters)
[2026-03-23 14:36:39] INFO     Quantizing to int6
[2026-03-23 14:36:41] INFO     int6 (zstd): compressed=12,328,813 bytes serialized=13,370,171 bytes payload=13,311,120 bytes
[2026-03-23 14:36:41] INFO     int6 roundtrip verified
[2026-03-23 14:36:41] INFO     Quantizing to int8
[2026-03-23 14:36:48] INFO     int8 (zstd): compressed=11,339,889 bytes serialized=17,759,611 bytes payload=17,702,032 bytes
[2026-03-23 14:36:48] INFO     int8 roundtrip verified
[2026-03-23 14:36:48] INFO     Quantizing to mxfp4
[2026-03-23 14:36:49] INFO     mxfp4 (zstd): compressed=8,479,426 bytes serialized=11,113,787 bytes payload=11,056,272 bytes
[2026-03-23 14:36:50] INFO     mxfp4 roundtrip verified
[2026-03-23 14:36:50] INFO     Quantizing to nvfp4
[2026-03-23 14:36:51] INFO     nvfp4 (zstd): compressed=8,701,394 bytes serialized=10,030,411 bytes payload=9,958,768 bytes
[2026-03-23 14:36:51] INFO     nvfp4 roundtrip verified
[2026-03-23 14:36:51] INFO     Report saved to /home/kingsley/projects/golf-research/experiments/baseline/artifacts_8x_h100/quant_report.json
Quantizing: baseline (artifacts_8x_h100, schemes=int6,int8,mxfp4,nvfp4, uncompressed)
[2026-03-23 15:48:08] INFO     Loading checkpoint: /home/kingsley/projects/golf-research/experiments/baseline/artifacts_8x_h100/checkpoint/step_2823_final_model
[2026-03-23 15:48:08] INFO     Loading checkpoint from /home/kingsley/projects/golf-research/experiments/baseline/artifacts_8x_h100/checkpoint/step_2823_final_model
[2026-03-23 15:48:08] INFO     Loaded model from /home/kingsley/projects/golf-research/experiments/baseline/artifacts_8x_h100/checkpoint/step_2823_final_model (17,051,208 parameters)
[2026-03-23 15:48:08] INFO     Quantizing to int6
[2026-03-23 15:48:13] INFO     int6 (zstd): compressed=12,328,813 bytes serialized=13,370,171 bytes payload=13,311,120 bytes
[2026-03-23 15:48:13] INFO     int6 roundtrip verified
[2026-03-23 15:48:13] INFO     Quantizing to int8
[2026-03-23 15:48:35] INFO     int8 (zstd): compressed=11,339,889 bytes serialized=17,759,611 bytes payload=17,702,032 bytes
[2026-03-23 15:48:35] INFO     int8 roundtrip verified
[2026-03-23 15:48:35] INFO     Quantizing to mxfp4
[2026-03-23 15:48:39] INFO     mxfp4 (zstd): compressed=8,479,426 bytes serialized=11,113,787 bytes payload=11,056,272 bytes
[2026-03-23 15:48:39] INFO     mxfp4 roundtrip verified
[2026-03-23 15:48:39] INFO     Quantizing to nvfp4
[2026-03-23 15:48:42] INFO     nvfp4 (zstd): compressed=8,701,394 bytes serialized=10,030,411 bytes payload=9,958,768 bytes
[2026-03-23 15:48:42] INFO     nvfp4 roundtrip verified
[2026-03-23 15:48:42] INFO     Report saved to /home/kingsley/projects/golf-research/experiments/baseline/artifacts_8x_h100/quant_report.json
Running evaluation: baseline (artifacts_8x_h100, 1 GPU(s))
[2026-03-23 16:29:57] INFO     Eval config: checkpoints=full=/home/kingsley/projects/golf-research/experiments/baseline/artifacts_8x_h100/checkpoint, step_2823_final_model_int6 device=cuda:0 sequence_length=1024 batch_size=64 world_size=1
[2026-03-23 16:29:57] INFO     Tokenizer: /home/kingsley/github/parameter-golf/data/tokenizers/fineweb_1024_bpe.model
[2026-03-23 16:29:57] INFO     Validation data: /home/kingsley/github/parameter-golf/data/datasets/fineweb10B_sp1024/fineweb_val_*.bin
[2026-03-23 16:29:57] INFO     Loaded tokens=62.02M sequences=60.6K vocab_size=1024
[2026-03-23 16:29:57] INFO     Loading int6 checkpoint: step_2823_final_model_int6
[2026-03-23 16:29:57] INFO     Running int6 evaluation (device=cuda:0)
[2026-03-23 16:30:01] INFO      - batch 10/947 loss=2.267 bpb=1.364
[2026-03-23 16:30:05] INFO      - batch 20/947 loss=2.287 bpb=1.367
[2026-03-23 16:30:08] INFO      - batch 30/947 loss=2.292 bpb=1.373
[2026-03-23 16:30:12] INFO      - batch 40/947 loss=2.283 bpb=1.371
[2026-03-23 16:30:15] INFO      - batch 50/947 loss=2.284 bpb=1.372
[2026-03-23 16:30:19] INFO      - batch 60/947 loss=2.277 bpb=1.369
[2026-03-23 16:30:22] INFO      - batch 70/947 loss=2.277 bpb=1.366
[2026-03-23 16:30:26] INFO      - batch 80/947 loss=2.280 bpb=1.368
[2026-03-23 16:30:29] INFO      - batch 90/947 loss=2.285 bpb=1.371
[2026-03-23 16:30:33] INFO      - batch 100/947 loss=2.288 bpb=1.374
[2026-03-23 16:30:36] INFO      - batch 110/947 loss=2.289 bpb=1.373
[2026-03-23 16:30:40] INFO      - batch 120/947 loss=2.289 bpb=1.374
[2026-03-23 16:30:44] INFO      - batch 130/947 loss=2.288 bpb=1.373
[2026-03-23 16:30:47] INFO      - batch 140/947 loss=2.288 bpb=1.373
[2026-03-23 16:30:51] INFO      - batch 150/947 loss=2.290 bpb=1.373
[2026-03-23 16:30:54] INFO      - batch 160/947 loss=2.293 bpb=1.373
[2026-03-23 16:30:58] INFO      - batch 170/947 loss=2.293 bpb=1.372
[2026-03-23 16:31:01] INFO      - batch 180/947 loss=2.296 bpb=1.374
[2026-03-23 16:31:05] INFO      - batch 190/947 loss=2.297 bpb=1.373
[2026-03-23 16:31:08] INFO      - batch 200/947 loss=2.297 bpb=1.373
[2026-03-23 16:31:12] INFO      - batch 210/947 loss=2.297 bpb=1.371
[2026-03-23 16:31:15] INFO      - batch 220/947 loss=2.297 bpb=1.371
[2026-03-23 16:31:19] INFO      - batch 230/947 loss=2.299 bpb=1.370
[2026-03-23 16:31:22] INFO      - batch 240/947 loss=2.299 bpb=1.369
[2026-03-23 16:31:26] INFO      - batch 250/947 loss=2.299 bpb=1.369
[2026-03-23 16:31:29] INFO      - batch 260/947 loss=2.298 bpb=1.368
[2026-03-23 16:31:33] INFO      - batch 270/947 loss=2.300 bpb=1.368
[2026-03-23 16:31:36] INFO      - batch 280/947 loss=2.300 bpb=1.367
[2026-03-23 16:31:40] INFO      - batch 290/947 loss=2.299 bpb=1.366
[2026-03-23 16:31:44] INFO      - batch 300/947 loss=2.298 bpb=1.365
[2026-03-23 16:31:47] INFO      - batch 310/947 loss=2.297 bpb=1.365
[2026-03-23 16:31:51] INFO      - batch 320/947 loss=2.296 bpb=1.364
[2026-03-23 16:31:54] INFO      - batch 330/947 loss=2.296 bpb=1.363
[2026-03-23 16:31:58] INFO      - batch 340/947 loss=2.295 bpb=1.362
[2026-03-23 16:32:01] INFO      - batch 350/947 loss=2.295 bpb=1.361
[2026-03-23 16:32:05] INFO      - batch 360/947 loss=2.294 bpb=1.361
[2026-03-23 16:32:08] INFO      - batch 370/947 loss=2.295 bpb=1.361
[2026-03-23 16:32:12] INFO      - batch 380/947 loss=2.295 bpb=1.361
[2026-03-23 16:32:15] INFO      - batch 390/947 loss=2.294 bpb=1.361
[2026-03-23 16:32:19] INFO      - batch 400/947 loss=2.294 bpb=1.361
[2026-03-23 16:32:22] INFO      - batch 410/947 loss=2.293 bpb=1.361
[2026-03-23 16:32:26] INFO      - batch 420/947 loss=2.292 bpb=1.361
[2026-03-23 16:32:29] INFO      - batch 430/947 loss=2.292 bpb=1.361
[2026-03-23 16:32:33] INFO      - batch 440/947 loss=2.292 bpb=1.361
[2026-03-23 16:32:37] INFO      - batch 450/947 loss=2.291 bpb=1.361
[2026-03-23 16:32:40] INFO      - batch 460/947 loss=2.290 bpb=1.361
[2026-03-23 16:32:44] INFO      - batch 470/947 loss=2.290 bpb=1.361
[2026-03-23 16:32:47] INFO      - batch 480/947 loss=2.291 bpb=1.362
[2026-03-23 16:32:51] INFO      - batch 490/947 loss=2.292 bpb=1.362
[2026-03-23 16:32:54] INFO      - batch 500/947 loss=2.292 bpb=1.362
[2026-03-23 16:32:58] INFO      - batch 510/947 loss=2.293 bpb=1.363
[2026-03-23 16:33:01] INFO      - batch 520/947 loss=2.295 bpb=1.364
[2026-03-23 16:33:05] INFO      - batch 530/947 loss=2.295 bpb=1.364
[2026-03-23 16:33:08] INFO      - batch 540/947 loss=2.296 bpb=1.364
[2026-03-23 16:33:12] INFO      - batch 550/947 loss=2.297 bpb=1.364
[2026-03-23 16:33:15] INFO      - batch 560/947 loss=2.296 bpb=1.363
[2026-03-23 16:33:19] INFO      - batch 570/947 loss=2.296 bpb=1.363
[2026-03-23 16:33:22] INFO      - batch 580/947 loss=2.296 bpb=1.363
[2026-03-23 16:33:26] INFO      - batch 590/947 loss=2.296 bpb=1.362
[2026-03-23 16:33:29] INFO      - batch 600/947 loss=2.296 bpb=1.362
[2026-03-23 16:33:33] INFO      - batch 610/947 loss=2.296 bpb=1.362
[2026-03-23 16:33:37] INFO      - batch 620/947 loss=2.296 bpb=1.362
[2026-03-23 16:33:40] INFO      - batch 630/947 loss=2.295 bpb=1.361
[2026-03-23 16:33:44] INFO      - batch 640/947 loss=2.295 bpb=1.360
[2026-03-23 16:33:47] INFO      - batch 650/947 loss=2.295 bpb=1.360
[2026-03-23 16:33:51] INFO      - batch 660/947 loss=2.294 bpb=1.359
[2026-03-23 16:33:54] INFO      - batch 670/947 loss=2.294 bpb=1.359
[2026-03-23 16:33:58] INFO      - batch 680/947 loss=2.294 bpb=1.359
[2026-03-23 16:34:01] INFO      - batch 690/947 loss=2.294 bpb=1.359
[2026-03-23 16:34:05] INFO      - batch 700/947 loss=2.294 bpb=1.359
[2026-03-23 16:34:08] INFO      - batch 710/947 loss=2.294 bpb=1.359
[2026-03-23 16:34:12] INFO      - batch 720/947 loss=2.294 bpb=1.360
[2026-03-23 16:34:15] INFO      - batch 730/947 loss=2.293 bpb=1.360
[2026-03-23 16:34:19] INFO      - batch 740/947 loss=2.294 bpb=1.360
[2026-03-23 16:34:22] INFO      - batch 750/947 loss=2.294 bpb=1.361
[2026-03-23 16:34:26] INFO      - batch 760/947 loss=2.294 bpb=1.361
[2026-03-23 16:34:29] INFO      - batch 770/947 loss=2.295 bpb=1.361
[2026-03-23 16:34:33] INFO      - batch 780/947 loss=2.295 bpb=1.362
[2026-03-23 16:34:37] INFO      - batch 790/947 loss=2.296 bpb=1.362
[2026-03-23 16:34:40] INFO      - batch 800/947 loss=2.297 bpb=1.362
[2026-03-23 16:34:44] INFO      - batch 810/947 loss=2.297 bpb=1.362
[2026-03-23 16:34:47] INFO      - batch 820/947 loss=2.297 bpb=1.362
[2026-03-23 16:34:51] INFO      - batch 830/947 loss=2.298 bpb=1.363
[2026-03-23 16:34:54] INFO      - batch 840/947 loss=2.298 bpb=1.363
[2026-03-23 16:34:58] INFO      - batch 850/947 loss=2.299 bpb=1.363
[2026-03-23 16:35:01] INFO      - batch 860/947 loss=2.299 bpb=1.363
[2026-03-23 16:35:05] INFO      - batch 870/947 loss=2.299 bpb=1.363
[2026-03-23 16:35:08] INFO      - batch 880/947 loss=2.299 bpb=1.362
[2026-03-23 16:35:12] INFO      - batch 890/947 loss=2.299 bpb=1.362
[2026-03-23 16:35:15] INFO      - batch 900/947 loss=2.298 bpb=1.362
[2026-03-23 16:35:19] INFO      - batch 910/947 loss=2.298 bpb=1.362
[2026-03-23 16:35:22] INFO      - batch 920/947 loss=2.298 bpb=1.361
[2026-03-23 16:35:26] INFO      - batch 930/947 loss=2.298 bpb=1.361
[2026-03-23 16:35:30] INFO      - batch 940/947 loss=2.297 bpb=1.361
[2026-03-23 16:35:32] INFO      - batch 947/947 loss=2.297 bpb=1.361
[2026-03-23 16:35:32] INFO     int6 eval complete: val_bpb=1.361 compressed_bytes=12,328,813 in 334.6s
[2026-03-23 16:35:32] INFO     Report saved to /home/kingsley/projects/golf-research/experiments/baseline/artifacts_8x_h100/eval_report.json
Running evaluation: baseline (artifacts_8x_h100, 1 GPU(s))
[2026-03-23 16:35:39] INFO     Eval config: checkpoints=full=/home/kingsley/projects/golf-research/experiments/baseline/artifacts_8x_h100/checkpoint, step_2823_final_model_int8 device=cuda:0 sequence_length=1024 batch_size=64 world_size=1
[2026-03-23 16:35:39] INFO     Tokenizer: /home/kingsley/github/parameter-golf/data/tokenizers/fineweb_1024_bpe.model
[2026-03-23 16:35:39] INFO     Validation data: /home/kingsley/github/parameter-golf/data/datasets/fineweb10B_sp1024/fineweb_val_*.bin
[2026-03-23 16:35:39] INFO     Loaded tokens=62.02M sequences=60.6K vocab_size=1024
[2026-03-23 16:35:39] INFO     Loading int8 checkpoint: step_2823_final_model_int8
[2026-03-23 16:35:40] INFO     Running int8 evaluation (device=cuda:0)
[2026-03-23 16:35:43] INFO      - batch 10/947 loss=2.269 bpb=1.365
[2026-03-23 16:35:47] INFO      - batch 20/947 loss=2.289 bpb=1.368
[2026-03-23 16:35:51] INFO      - batch 30/947 loss=2.294 bpb=1.374
[2026-03-23 16:35:54] INFO      - batch 40/947 loss=2.285 bpb=1.372
[2026-03-23 16:35:58] INFO      - batch 50/947 loss=2.286 bpb=1.373
[2026-03-23 16:36:01] INFO      - batch 60/947 loss=2.280 bpb=1.370
[2026-03-23 16:36:05] INFO      - batch 70/947 loss=2.280 bpb=1.368
[2026-03-23 16:36:08] INFO      - batch 80/947 loss=2.282 bpb=1.369
[2026-03-23 16:36:12] INFO      - batch 90/947 loss=2.288 bpb=1.372
[2026-03-23 16:36:15] INFO      - batch 100/947 loss=2.290 bpb=1.375
[2026-03-23 16:36:19] INFO      - batch 110/947 loss=2.291 bpb=1.374
[2026-03-23 16:36:22] INFO      - batch 120/947 loss=2.291 bpb=1.375
[2026-03-23 16:36:26] INFO      - batch 130/947 loss=2.290 bpb=1.375
[2026-03-23 16:36:29] INFO      - batch 140/947 loss=2.290 bpb=1.374
[2026-03-23 16:36:33] INFO      - batch 150/947 loss=2.292 bpb=1.374
[2026-03-23 16:36:36] INFO      - batch 160/947 loss=2.295 bpb=1.374
[2026-03-23 16:36:40] INFO      - batch 170/947 loss=2.295 bpb=1.373
[2026-03-23 16:36:43] INFO      - batch 180/947 loss=2.298 bpb=1.375
[2026-03-23 16:36:47] INFO      - batch 190/947 loss=2.299 bpb=1.374
[2026-03-23 16:36:51] INFO      - batch 200/947 loss=2.299 bpb=1.374
[2026-03-23 16:36:54] INFO      - batch 210/947 loss=2.299 bpb=1.373
[2026-03-23 16:36:58] INFO      - batch 220/947 loss=2.300 bpb=1.372
[2026-03-23 16:37:01] INFO      - batch 230/947 loss=2.301 bpb=1.371
[2026-03-23 16:37:05] INFO      - batch 240/947 loss=2.301 bpb=1.370
[2026-03-23 16:37:08] INFO      - batch 250/947 loss=2.302 bpb=1.370
[2026-03-23 16:37:12] INFO      - batch 260/947 loss=2.300 bpb=1.369
[2026-03-23 16:37:15] INFO      - batch 270/947 loss=2.302 bpb=1.369
[2026-03-23 16:37:19] INFO      - batch 280/947 loss=2.302 bpb=1.368
[2026-03-23 16:37:22] INFO      - batch 290/947 loss=2.301 bpb=1.367
[2026-03-23 16:37:26] INFO      - batch 300/947 loss=2.300 bpb=1.367
[2026-03-23 16:37:29] INFO      - batch 310/947 loss=2.299 bpb=1.366
[2026-03-23 16:37:33] INFO      - batch 320/947 loss=2.299 bpb=1.365
[2026-03-23 16:37:36] INFO      - batch 330/947 loss=2.298 bpb=1.364
[2026-03-23 16:37:40] INFO      - batch 340/947 loss=2.297 bpb=1.363
[2026-03-23 16:37:44] INFO      - batch 350/947 loss=2.297 bpb=1.363
[2026-03-23 16:37:47] INFO      - batch 360/947 loss=2.297 bpb=1.362
[2026-03-23 16:37:51] INFO      - batch 370/947 loss=2.298 bpb=1.363
[2026-03-23 16:37:54] INFO      - batch 380/947 loss=2.297 bpb=1.362
[2026-03-23 16:37:58] INFO      - batch 390/947 loss=2.296 bpb=1.362
[2026-03-23 16:38:01] INFO      - batch 400/947 loss=2.296 bpb=1.362
[2026-03-23 16:38:05] INFO      - batch 410/947 loss=2.296 bpb=1.362
[2026-03-23 16:38:08] INFO      - batch 420/947 loss=2.295 bpb=1.362
[2026-03-23 16:38:12] INFO      - batch 430/947 loss=2.294 bpb=1.362
[2026-03-23 16:38:15] INFO      - batch 440/947 loss=2.294 bpb=1.363
[2026-03-23 16:38:19] INFO      - batch 450/947 loss=2.293 bpb=1.363
[2026-03-23 16:38:22] INFO      - batch 460/947 loss=2.292 bpb=1.362
[2026-03-23 16:38:26] INFO      - batch 470/947 loss=2.292 bpb=1.363
[2026-03-23 16:38:29] INFO      - batch 480/947 loss=2.293 bpb=1.363
[2026-03-23 16:38:33] INFO      - batch 490/947 loss=2.294 bpb=1.364
[2026-03-23 16:38:36] INFO      - batch 500/947 loss=2.295 bpb=1.364
[2026-03-23 16:38:40] INFO      - batch 510/947 loss=2.295 bpb=1.364
[2026-03-23 16:38:44] INFO      - batch 520/947 loss=2.297 bpb=1.365
[2026-03-23 16:38:47] INFO      - batch 530/947 loss=2.298 bpb=1.365
[2026-03-23 16:38:51] INFO      - batch 540/947 loss=2.298 bpb=1.365
[2026-03-23 16:38:54] INFO      - batch 550/947 loss=2.299 bpb=1.365
[2026-03-23 16:38:58] INFO      - batch 560/947 loss=2.298 bpb=1.365
[2026-03-23 16:39:01] INFO      - batch 570/947 loss=2.298 bpb=1.364
[2026-03-23 16:39:05] INFO      - batch 580/947 loss=2.298 bpb=1.364
[2026-03-23 16:39:08] INFO      - batch 590/947 loss=2.298 bpb=1.363
[2026-03-23 16:39:12] INFO      - batch 600/947 loss=2.299 bpb=1.364
[2026-03-23 16:39:15] INFO      - batch 610/947 loss=2.299 bpb=1.364
[2026-03-23 16:39:19] INFO      - batch 620/947 loss=2.298 bpb=1.363
[2026-03-23 16:39:22] INFO      - batch 630/947 loss=2.297 bpb=1.362
[2026-03-23 16:39:26] INFO      - batch 640/947 loss=2.297 bpb=1.362
[2026-03-23 16:39:29] INFO      - batch 650/947 loss=2.297 bpb=1.361
[2026-03-23 16:39:33] INFO      - batch 660/947 loss=2.296 bpb=1.360
[2026-03-23 16:39:37] INFO      - batch 670/947 loss=2.296 bpb=1.360
[2026-03-23 16:39:40] INFO      - batch 680/947 loss=2.296 bpb=1.360
[2026-03-23 16:39:44] INFO      - batch 690/947 loss=2.296 bpb=1.361
[2026-03-23 16:39:47] INFO      - batch 700/947 loss=2.296 bpb=1.360
[2026-03-23 16:39:51] INFO      - batch 710/947 loss=2.296 bpb=1.361
[2026-03-23 16:39:54] INFO      - batch 720/947 loss=2.296 bpb=1.361
[2026-03-23 16:39:58] INFO      - batch 730/947 loss=2.296 bpb=1.361
[2026-03-23 16:40:01] INFO      - batch 740/947 loss=2.296 bpb=1.362
[2026-03-23 16:40:05] INFO      - batch 750/947 loss=2.296 bpb=1.362
[2026-03-23 16:40:08] INFO      - batch 760/947 loss=2.296 bpb=1.362
[2026-03-23 16:40:12] INFO      - batch 770/947 loss=2.297 bpb=1.363
[2026-03-23 16:40:15] INFO      - batch 780/947 loss=2.297 bpb=1.363
[2026-03-23 16:40:19] INFO      - batch 790/947 loss=2.298 bpb=1.364
[2026-03-23 16:40:22] INFO      - batch 800/947 loss=2.299 bpb=1.364
[2026-03-23 16:40:26] INFO      - batch 810/947 loss=2.299 bpb=1.364
[2026-03-23 16:40:29] INFO      - batch 820/947 loss=2.299 bpb=1.364
[2026-03-23 16:40:33] INFO      - batch 830/947 loss=2.300 bpb=1.364
[2026-03-23 16:40:37] INFO      - batch 840/947 loss=2.301 bpb=1.364
[2026-03-23 16:40:40] INFO      - batch 850/947 loss=2.301 bpb=1.364
[2026-03-23 16:40:44] INFO      - batch 860/947 loss=2.301 bpb=1.364
[2026-03-23 16:40:47] INFO      - batch 870/947 loss=2.301 bpb=1.364
[2026-03-23 16:40:51] INFO      - batch 880/947 loss=2.301 bpb=1.364
[2026-03-23 16:40:54] INFO      - batch 890/947 loss=2.301 bpb=1.364
[2026-03-23 16:40:58] INFO      - batch 900/947 loss=2.301 bpb=1.363
[2026-03-23 16:41:01] INFO      - batch 910/947 loss=2.301 bpb=1.363
[2026-03-23 16:41:05] INFO      - batch 920/947 loss=2.300 bpb=1.363
[2026-03-23 16:41:08] INFO      - batch 930/947 loss=2.300 bpb=1.362
[2026-03-23 16:41:12] INFO      - batch 940/947 loss=2.300 bpb=1.362
[2026-03-23 16:41:14] INFO      - batch 947/947 loss=2.300 bpb=1.362
[2026-03-23 16:41:14] INFO     int8 eval complete: val_bpb=1.362 compressed_bytes=11,339,889 in 334.6s
[2026-03-23 16:41:14] INFO     Report saved to /home/kingsley/projects/golf-research/experiments/baseline/artifacts_8x_h100/eval_report.json
Running evaluation: baseline (artifacts_8x_h100, 1 GPU(s))
[2026-03-23 16:41:22] INFO     Eval config: checkpoints=full=/home/kingsley/projects/golf-research/experiments/baseline/artifacts_8x_h100/checkpoint, step_2823_final_model_mxfp4 device=cuda:0 sequence_length=1024 batch_size=64 world_size=1
[2026-03-23 16:41:22] INFO     Tokenizer: /home/kingsley/github/parameter-golf/data/tokenizers/fineweb_1024_bpe.model
[2026-03-23 16:41:22] INFO     Validation data: /home/kingsley/github/parameter-golf/data/datasets/fineweb10B_sp1024/fineweb_val_*.bin
[2026-03-23 16:41:22] INFO     Loaded tokens=62.02M sequences=60.6K vocab_size=1024
[2026-03-23 16:41:22] INFO     Loading mxfp4 checkpoint: step_2823_final_model_mxfp4
[2026-03-23 16:41:22] INFO     Running mxfp4 evaluation (device=cuda:0)
[2026-03-23 16:41:26] INFO      - batch 10/947 loss=2.785 bpb=1.676
[2026-03-23 16:41:29] INFO      - batch 20/947 loss=2.803 bpb=1.676
[2026-03-23 16:41:33] INFO      - batch 30/947 loss=2.808 bpb=1.682
[2026-03-23 16:41:37] INFO      - batch 40/947 loss=2.798 bpb=1.680
[2026-03-23 16:41:40] INFO      - batch 50/947 loss=2.800 bpb=1.682
[2026-03-23 16:41:44] INFO      - batch 60/947 loss=2.793 bpb=1.679
[2026-03-23 16:41:47] INFO      - batch 70/947 loss=2.791 bpb=1.674
[2026-03-23 16:41:51] INFO      - batch 80/947 loss=2.794 bpb=1.676
[2026-03-23 16:41:54] INFO      - batch 90/947 loss=2.799 bpb=1.679
[2026-03-23 16:41:58] INFO      - batch 100/947 loss=2.803 bpb=1.682
[2026-03-23 16:42:01] INFO      - batch 110/947 loss=2.803 bpb=1.682
[2026-03-23 16:42:05] INFO      - batch 120/947 loss=2.804 bpb=1.683
[2026-03-23 16:42:08] INFO      - batch 130/947 loss=2.802 bpb=1.682
[2026-03-23 16:42:12] INFO      - batch 140/947 loss=2.802 bpb=1.681
[2026-03-23 16:42:15] INFO      - batch 150/947 loss=2.804 bpb=1.680
[2026-03-23 16:42:19] INFO      - batch 160/947 loss=2.806 bpb=1.680
[2026-03-23 16:42:22] INFO      - batch 170/947 loss=2.807 bpb=1.679
[2026-03-23 16:42:26] INFO      - batch 180/947 loss=2.809 bpb=1.681
[2026-03-23 16:42:30] INFO      - batch 190/947 loss=2.810 bpb=1.680
[2026-03-23 16:42:33] INFO      - batch 200/947 loss=2.810 bpb=1.679
[2026-03-23 16:42:37] INFO      - batch 210/947 loss=2.809 bpb=1.677
[2026-03-23 16:42:40] INFO      - batch 220/947 loss=2.810 bpb=1.676
[2026-03-23 16:42:44] INFO      - batch 230/947 loss=2.811 bpb=1.675
[2026-03-23 16:42:47] INFO      - batch 240/947 loss=2.811 bpb=1.674
[2026-03-23 16:42:51] INFO      - batch 250/947 loss=2.811 bpb=1.673
[2026-03-23 16:42:54] INFO      - batch 260/947 loss=2.810 bpb=1.672
[2026-03-23 16:42:58] INFO      - batch 270/947 loss=2.811 bpb=1.672
[2026-03-23 16:43:01] INFO      - batch 280/947 loss=2.811 bpb=1.671
[2026-03-23 16:43:05] INFO      - batch 290/947 loss=2.809 bpb=1.669
[2026-03-23 16:43:08] INFO      - batch 300/947 loss=2.809 bpb=1.669
[2026-03-23 16:43:12] INFO      - batch 310/947 loss=2.808 bpb=1.668
[2026-03-23 16:43:15] INFO      - batch 320/947 loss=2.807 bpb=1.666
[2026-03-23 16:43:19] INFO      - batch 330/947 loss=2.806 bpb=1.666
[2026-03-23 16:43:22] INFO      - batch 340/947 loss=2.805 bpb=1.664
[2026-03-23 16:43:26] INFO      - batch 350/947 loss=2.805 bpb=1.664
[2026-03-23 16:43:30] INFO      - batch 360/947 loss=2.804 bpb=1.663
[2026-03-23 16:43:33] INFO      - batch 370/947 loss=2.805 bpb=1.664
[2026-03-23 16:43:37] INFO      - batch 380/947 loss=2.804 bpb=1.663
[2026-03-23 16:43:40] INFO      - batch 390/947 loss=2.804 bpb=1.663
[2026-03-23 16:43:44] INFO      - batch 400/947 loss=2.804 bpb=1.663
[2026-03-23 16:43:47] INFO      - batch 410/947 loss=2.803 bpb=1.663
[2026-03-23 16:43:51] INFO      - batch 420/947 loss=2.803 bpb=1.663
[2026-03-23 16:43:54] INFO      - batch 430/947 loss=2.802 bpb=1.664
[2026-03-23 16:43:58] INFO      - batch 440/947 loss=2.803 bpb=1.664
[2026-03-23 16:44:01] INFO      - batch 450/947 loss=2.801 bpb=1.665
[2026-03-23 16:44:05] INFO      - batch 460/947 loss=2.800 bpb=1.665
[2026-03-23 16:44:08] INFO      - batch 470/947 loss=2.800 bpb=1.665
[2026-03-23 16:44:12] INFO      - batch 480/947 loss=2.801 bpb=1.665
[2026-03-23 16:44:15] INFO      - batch 490/947 loss=2.802 bpb=1.666
[2026-03-23 16:44:19] INFO      - batch 500/947 loss=2.803 bpb=1.666
[2026-03-23 16:44:23] INFO      - batch 510/947 loss=2.804 bpb=1.666
[2026-03-23 16:44:26] INFO      - batch 520/947 loss=2.805 bpb=1.667
[2026-03-23 16:44:30] INFO      - batch 530/947 loss=2.806 bpb=1.667
[2026-03-23 16:44:33] INFO      - batch 540/947 loss=2.806 bpb=1.667
[2026-03-23 16:44:37] INFO      - batch 550/947 loss=2.807 bpb=1.667
[2026-03-23 16:44:40] INFO      - batch 560/947 loss=2.807 bpb=1.667
[2026-03-23 16:44:44] INFO      - batch 570/947 loss=2.806 bpb=1.666
[2026-03-23 16:44:47] INFO      - batch 580/947 loss=2.806 bpb=1.666
[2026-03-23 16:44:51] INFO      - batch 590/947 loss=2.806 bpb=1.665
[2026-03-23 16:44:54] INFO      - batch 600/947 loss=2.806 bpb=1.665
[2026-03-23 16:44:58] INFO      - batch 610/947 loss=2.806 bpb=1.665
[2026-03-23 16:45:01] INFO      - batch 620/947 loss=2.806 bpb=1.664
[2026-03-23 16:45:05] INFO      - batch 630/947 loss=2.805 bpb=1.663
[2026-03-23 16:45:08] INFO      - batch 640/947 loss=2.804 bpb=1.663
[2026-03-23 16:45:12] INFO      - batch 650/947 loss=2.804 bpb=1.662
[2026-03-23 16:45:16] INFO      - batch 660/947 loss=2.803 bpb=1.661
[2026-03-23 16:45:19] INFO      - batch 670/947 loss=2.803 bpb=1.660
[2026-03-23 16:45:23] INFO      - batch 680/947 loss=2.803 bpb=1.660
[2026-03-23 16:45:26] INFO      - batch 690/947 loss=2.804 bpb=1.661
[2026-03-23 16:45:30] INFO      - batch 700/947 loss=2.803 bpb=1.661
[2026-03-23 16:45:33] INFO      - batch 710/947 loss=2.803 bpb=1.661
[2026-03-23 16:45:37] INFO      - batch 720/947 loss=2.804 bpb=1.662
[2026-03-23 16:45:40] INFO      - batch 730/947 loss=2.803 bpb=1.662
[2026-03-23 16:45:44] INFO      - batch 740/947 loss=2.804 bpb=1.663
[2026-03-23 16:45:47] INFO      - batch 750/947 loss=2.804 bpb=1.663
[2026-03-23 16:45:51] INFO      - batch 760/947 loss=2.804 bpb=1.664
[2026-03-23 16:45:54] INFO      - batch 770/947 loss=2.804 bpb=1.664
[2026-03-23 16:45:58] INFO      - batch 780/947 loss=2.805 bpb=1.664
[2026-03-23 16:46:01] INFO      - batch 790/947 loss=2.806 bpb=1.665
[2026-03-23 16:46:05] INFO      - batch 800/947 loss=2.806 bpb=1.665
[2026-03-23 16:46:08] INFO      - batch 810/947 loss=2.807 bpb=1.665
[2026-03-23 16:46:12] INFO      - batch 820/947 loss=2.807 bpb=1.665
[2026-03-23 16:46:16] INFO      - batch 830/947 loss=2.807 bpb=1.665
[2026-03-23 16:46:19] INFO      - batch 840/947 loss=2.808 bpb=1.665
[2026-03-23 16:46:23] INFO      - batch 850/947 loss=2.809 bpb=1.665
[2026-03-23 16:46:26] INFO      - batch 860/947 loss=2.809 bpb=1.665
[2026-03-23 16:46:30] INFO      - batch 870/947 loss=2.808 bpb=1.665
[2026-03-23 16:46:33] INFO      - batch 880/947 loss=2.808 bpb=1.664
[2026-03-23 16:46:37] INFO      - batch 890/947 loss=2.808 bpb=1.664
[2026-03-23 16:46:40] INFO      - batch 900/947 loss=2.808 bpb=1.664
[2026-03-23 16:46:44] INFO      - batch 910/947 loss=2.808 bpb=1.663
[2026-03-23 16:46:47] INFO      - batch 920/947 loss=2.808 bpb=1.663
[2026-03-23 16:46:51] INFO      - batch 930/947 loss=2.807 bpb=1.663
[2026-03-23 16:46:54] INFO      - batch 940/947 loss=2.807 bpb=1.662
[2026-03-23 16:46:57] INFO      - batch 947/947 loss=2.807 bpb=1.662
[2026-03-23 16:46:57] INFO     mxfp4 eval complete: val_bpb=1.662 compressed_bytes=8,479,426 in 334.6s
[2026-03-23 16:46:57] INFO     Report saved to /home/kingsley/projects/golf-research/experiments/baseline/artifacts_8x_h100/eval_report.json
Running evaluation: baseline (artifacts_8x_h100, 1 GPU(s))
[2026-03-23 16:47:04] INFO     Eval config: checkpoints=full=/home/kingsley/projects/golf-research/experiments/baseline/artifacts_8x_h100/checkpoint, step_2823_final_model_nvfp4 device=cuda:0 sequence_length=1024 batch_size=64 world_size=1
[2026-03-23 16:47:04] INFO     Tokenizer: /home/kingsley/github/parameter-golf/data/tokenizers/fineweb_1024_bpe.model
[2026-03-23 16:47:04] INFO     Validation data: /home/kingsley/github/parameter-golf/data/datasets/fineweb10B_sp1024/fineweb_val_*.bin
[2026-03-23 16:47:04] INFO     Loaded tokens=62.02M sequences=60.6K vocab_size=1024
[2026-03-23 16:47:04] INFO     Loading nvfp4 checkpoint: step_2823_final_model_nvfp4
[2026-03-23 16:47:05] INFO     Running nvfp4 evaluation (device=cuda:0)
[2026-03-23 16:47:08] INFO      - batch 10/947 loss=3.244 bpb=1.952
[2026-03-23 16:47:12] INFO      - batch 20/947 loss=3.256 bpb=1.947
[2026-03-23 16:47:16] INFO      - batch 30/947 loss=3.263 bpb=1.954
[2026-03-23 16:47:19] INFO      - batch 40/947 loss=3.252 bpb=1.952
[2026-03-23 16:47:23] INFO      - batch 50/947 loss=3.254 bpb=1.955
[2026-03-23 16:47:26] INFO      - batch 60/947 loss=3.246 bpb=1.951
[2026-03-23 16:47:30] INFO      - batch 70/947 loss=3.244 bpb=1.946
[2026-03-23 16:47:33] INFO      - batch 80/947 loss=3.247 bpb=1.949
[2026-03-23 16:47:37] INFO      - batch 90/947 loss=3.253 bpb=1.951
[2026-03-23 16:47:40] INFO      - batch 100/947 loss=3.257 bpb=1.955
[2026-03-23 16:47:44] INFO      - batch 110/947 loss=3.258 bpb=1.955
[2026-03-23 16:47:47] INFO      - batch 120/947 loss=3.259 bpb=1.956
[2026-03-23 16:47:51] INFO      - batch 130/947 loss=3.258 bpb=1.956
[2026-03-23 16:47:54] INFO      - batch 140/947 loss=3.257 bpb=1.954
[2026-03-23 16:47:58] INFO      - batch 150/947 loss=3.258 bpb=1.953
[2026-03-23 16:48:01] INFO      - batch 160/947 loss=3.261 bpb=1.952
[2026-03-23 16:48:05] INFO      - batch 170/947 loss=3.261 bpb=1.950
[2026-03-23 16:48:09] INFO      - batch 180/947 loss=3.263 bpb=1.952
[2026-03-23 16:48:12] INFO      - batch 190/947 loss=3.264 bpb=1.951
[2026-03-23 16:48:16] INFO      - batch 200/947 loss=3.265 bpb=1.951
[2026-03-23 16:48:19] INFO      - batch 210/947 loss=3.264 bpb=1.949
[2026-03-23 16:48:23] INFO      - batch 220/947 loss=3.265 bpb=1.948
[2026-03-23 16:48:26] INFO      - batch 230/947 loss=3.265 bpb=1.946
[2026-03-23 16:48:30] INFO      - batch 240/947 loss=3.265 bpb=1.944
[2026-03-23 16:48:33] INFO      - batch 250/947 loss=3.266 bpb=1.944
[2026-03-23 16:48:37] INFO      - batch 260/947 loss=3.264 bpb=1.942
[2026-03-23 16:48:40] INFO      - batch 270/947 loss=3.266 bpb=1.942
[2026-03-23 16:48:44] INFO      - batch 280/947 loss=3.265 bpb=1.941
[2026-03-23 16:48:47] INFO      - batch 290/947 loss=3.263 bpb=1.939
[2026-03-23 16:48:51] INFO      - batch 300/947 loss=3.263 bpb=1.939
[2026-03-23 16:48:54] INFO      - batch 310/947 loss=3.262 bpb=1.938
[2026-03-23 16:48:58] INFO      - batch 320/947 loss=3.260 bpb=1.936
[2026-03-23 16:49:01] INFO      - batch 330/947 loss=3.260 bpb=1.935
[2026-03-23 16:49:05] INFO      - batch 340/947 loss=3.258 bpb=1.933
[2026-03-23 16:49:09] INFO      - batch 350/947 loss=3.258 bpb=1.933
[2026-03-23 16:49:12] INFO      - batch 360/947 loss=3.258 bpb=1.932
[2026-03-23 16:49:16] INFO      - batch 370/947 loss=3.259 bpb=1.933
[2026-03-23 16:49:19] INFO      - batch 380/947 loss=3.258 bpb=1.932
[2026-03-23 16:49:23] INFO      - batch 390/947 loss=3.257 bpb=1.932
[2026-03-23 16:49:26] INFO      - batch 400/947 loss=3.257 bpb=1.932
[2026-03-23 16:49:30] INFO      - batch 410/947 loss=3.257 bpb=1.932
[2026-03-23 16:49:33] INFO      - batch 420/947 loss=3.256 bpb=1.932
[2026-03-23 16:49:37] INFO      - batch 430/947 loss=3.256 bpb=1.933
[2026-03-23 16:49:40] INFO      - batch 440/947 loss=3.256 bpb=1.934
[2026-03-23 16:49:44] INFO      - batch 450/947 loss=3.255 bpb=1.934
[2026-03-23 16:49:47] INFO      - batch 460/947 loss=3.254 bpb=1.934
[2026-03-23 16:49:51] INFO      - batch 470/947 loss=3.254 bpb=1.935
[2026-03-23 16:49:54] INFO      - batch 480/947 loss=3.255 bpb=1.935
[2026-03-23 16:49:58] INFO      - batch 490/947 loss=3.256 bpb=1.935
[2026-03-23 16:50:02] INFO      - batch 500/947 loss=3.257 bpb=1.936
[2026-03-23 16:50:05] INFO      - batch 510/947 loss=3.257 bpb=1.936
[2026-03-23 16:50:09] INFO      - batch 520/947 loss=3.259 bpb=1.937
[2026-03-23 16:50:12] INFO      - batch 530/947 loss=3.260 bpb=1.936
[2026-03-23 16:50:16] INFO      - batch 540/947 loss=3.260 bpb=1.936
[2026-03-23 16:50:19] INFO      - batch 550/947 loss=3.261 bpb=1.937
[2026-03-23 16:50:23] INFO      - batch 560/947 loss=3.261 bpb=1.936
[2026-03-23 16:50:26] INFO      - batch 570/947 loss=3.260 bpb=1.935
[2026-03-23 16:50:30] INFO      - batch 580/947 loss=3.260 bpb=1.935
[2026-03-23 16:50:34] INFO      - batch 590/947 loss=3.259 bpb=1.934
[2026-03-23 16:50:37] INFO      - batch 600/947 loss=3.260 bpb=1.934
[2026-03-23 16:50:41] INFO      - batch 610/947 loss=3.260 bpb=1.934
[2026-03-23 16:50:44] INFO      - batch 620/947 loss=3.259 bpb=1.933
[2026-03-23 16:50:48] INFO      - batch 630/947 loss=3.258 bpb=1.932
[2026-03-23 16:50:51] INFO      - batch 640/947 loss=3.258 bpb=1.931
[2026-03-23 16:50:55] INFO      - batch 650/947 loss=3.257 bpb=1.931
[2026-03-23 16:50:58] INFO      - batch 660/947 loss=3.257 bpb=1.930
[2026-03-23 16:51:02] INFO      - batch 670/947 loss=3.256 bpb=1.929
[2026-03-23 16:51:05] INFO      - batch 680/947 loss=3.256 bpb=1.929
[2026-03-23 16:51:09] INFO      - batch 690/947 loss=3.257 bpb=1.930
[2026-03-23 16:51:13] INFO      - batch 700/947 loss=3.256 bpb=1.929
[2026-03-23 16:51:16] INFO      - batch 710/947 loss=3.257 bpb=1.930
[2026-03-23 16:51:20] INFO      - batch 720/947 loss=3.257 bpb=1.931
[2026-03-23 16:51:23] INFO      - batch 730/947 loss=3.256 bpb=1.931
[2026-03-23 16:51:27] INFO      - batch 740/947 loss=3.257 bpb=1.932
[2026-03-23 16:51:30] INFO      - batch 750/947 loss=3.258 bpb=1.932
[2026-03-23 16:51:34] INFO      - batch 760/947 loss=3.258 bpb=1.933
[2026-03-23 16:51:37] INFO      - batch 770/947 loss=3.258 bpb=1.933
[2026-03-23 16:51:41] INFO      - batch 780/947 loss=3.259 bpb=1.933
[2026-03-23 16:51:44] INFO      - batch 790/947 loss=3.259 bpb=1.934
[2026-03-23 16:51:48] INFO      - batch 800/947 loss=3.260 bpb=1.934
[2026-03-23 16:51:52] INFO      - batch 810/947 loss=3.260 bpb=1.934
[2026-03-23 16:51:55] INFO      - batch 820/947 loss=3.260 bpb=1.934
[2026-03-23 16:51:59] INFO      - batch 830/947 loss=3.261 bpb=1.934
[2026-03-23 16:52:02] INFO      - batch 840/947 loss=3.261 bpb=1.934
[2026-03-23 16:52:06] INFO      - batch 850/947 loss=3.262 bpb=1.934
[2026-03-23 16:52:09] INFO      - batch 860/947 loss=3.262 bpb=1.934
[2026-03-23 16:52:13] INFO      - batch 870/947 loss=3.262 bpb=1.933
[2026-03-23 16:52:16] INFO      - batch 880/947 loss=3.262 bpb=1.933
[2026-03-23 16:52:20] INFO      - batch 890/947 loss=3.262 bpb=1.933
[2026-03-23 16:52:23] INFO      - batch 900/947 loss=3.261 bpb=1.932
[2026-03-23 16:52:27] INFO      - batch 910/947 loss=3.261 bpb=1.932
[2026-03-23 16:52:30] INFO      - batch 920/947 loss=3.261 bpb=1.932
[2026-03-23 16:52:34] INFO      - batch 930/947 loss=3.260 bpb=1.931
[2026-03-23 16:52:38] INFO      - batch 940/947 loss=3.260 bpb=1.931
[2026-03-23 16:52:40] INFO      - batch 947/947 loss=3.260 bpb=1.931
[2026-03-23 16:52:40] INFO     nvfp4 eval complete: val_bpb=1.931 compressed_bytes=8,701,394 in 335.2s
[2026-03-23 16:52:40] INFO     Report saved to /home/kingsley/projects/golf-research/experiments/baseline/artifacts_8x_h100/eval_report.json
Quantizing: baseline (artifacts_8x_h100, schemes=int6,int8,mxfp4,nvfp4, uncompressed)
[2026-03-24 07:28:20] INFO     Loading checkpoint: /home/kingsley/projects/golf-research/experiments/baseline/artifacts_8x_h100/checkpoint/step_2823_final_model
[2026-03-24 07:28:20] INFO     Loading checkpoint from /home/kingsley/projects/golf-research/experiments/baseline/artifacts_8x_h100/checkpoint/step_2823_final_model
[2026-03-24 07:28:20] INFO     Loaded model from /home/kingsley/projects/golf-research/experiments/baseline/artifacts_8x_h100/checkpoint/step_2823_final_model (17,051,208 parameters)
[2026-03-24 07:28:20] INFO     Quantizing to int6
[2026-03-24 07:28:22] INFO     int6 (zstd): compressed=12,329,262 bytes serialized=13,370,107 bytes payload=13,311,120 bytes
[2026-03-24 07:28:22] INFO     int6 roundtrip verified
[2026-03-24 07:28:22] INFO     Quantizing to int8
[2026-03-24 07:28:30] INFO     int8 (zstd): compressed=11,335,595 bytes serialized=17,759,611 bytes payload=17,702,032 bytes
[2026-03-24 07:28:30] INFO     int8 roundtrip verified
[2026-03-24 07:28:30] INFO     Quantizing to mxfp4
[2026-03-24 07:28:32] INFO     mxfp4 (zstd): compressed=8,479,527 bytes serialized=11,113,787 bytes payload=11,056,272 bytes
[2026-03-24 07:28:32] INFO     mxfp4 roundtrip verified
[2026-03-24 07:28:32] INFO     Quantizing to nvfp4
[2026-03-24 07:28:33] INFO     nvfp4 (zstd): compressed=8,700,508 bytes serialized=10,030,347 bytes payload=9,958,768 bytes
[2026-03-24 07:28:33] INFO     nvfp4 roundtrip verified
[2026-03-24 07:28:33] INFO     Report saved to /home/kingsley/projects/golf-research/experiments/baseline/artifacts_8x_h100/quant_report.json
Running evaluation: baseline (artifacts_8x_h100, 1 GPU(s))
[2026-03-24 09:28:23] INFO     Eval config: checkpoints=full=/home/kingsley/projects/golf-research/experiments/baseline/artifacts_8x_h100/checkpoint, step_2823_final_model_int6, step_2823_final_model_int8, step_2823_final_model_mxfp4, step_2823_final_model_nvfp4 device=cuda:0 sequence_length=1024 batch_size=64 world_size=1
[2026-03-24 09:28:23] INFO     Tokenizer: /home/kingsley/github/parameter-golf/data/tokenizers/fineweb_1024_bpe.model
[2026-03-24 09:28:23] INFO     Validation data: /home/kingsley/github/parameter-golf/data/datasets/fineweb10B_sp1024/fineweb_val_*.bin
[2026-03-24 09:28:23] INFO     Loaded tokens=62.02M sequences=60.6K vocab_size=1024
[2026-03-24 09:28:23] INFO     Loading full-precision checkpoint
[2026-03-24 09:28:23] INFO     Loading checkpoint from /home/kingsley/projects/golf-research/experiments/baseline/artifacts_8x_h100/checkpoint/step_2823_final_model
[2026-03-24 09:28:23] INFO     Loaded model from /home/kingsley/projects/golf-research/experiments/baseline/artifacts_8x_h100/checkpoint/step_2823_final_model (17,051,208 parameters)
[2026-03-24 09:28:23] INFO     Running full-precision evaluation
[2026-03-24 09:28:38] INFO      - batch 10/947 loss=2.173 bpb=1.307
[2026-03-24 09:28:52] INFO      - batch 20/947 loss=2.193 bpb=1.311
[2026-03-24 09:29:06] INFO      - batch 30/947 loss=2.197 bpb=1.316
[2026-03-24 09:29:20] INFO      - batch 40/947 loss=2.188 bpb=1.314
[2026-03-24 09:29:34] INFO      - batch 50/947 loss=2.189 bpb=1.315
[2026-03-24 09:29:48] INFO      - batch 60/947 loss=2.182 bpb=1.312
./scripts/run_eval.sh: line 119: 2656315 Killed                  python3 "$SCRIPT_DIR/eval.py" "${EVAL_ARGS[@]}"
